sigma=1e-05
[0.08436768 0.00347895 0.84807613]
sigma=1.0781106013205947e-05
[0.08850318 0.00359384 0.84697672]
sigma=1.1623224686798518e-05
[0.09765798 0.00366059 0.84614392]
sigma=1.2531121756368731e-05
[0.10622444 0.00384399 0.84442897]
sigma=1.3509935211980278e-05
[0.1093416  0.00403282 0.84301985]
sigma=1.4565204375190305e-05
[0.12397164 0.0042108  0.84139271]
sigma=1.5702901247293774e-05
[0.14156927 0.00441611 0.84005073]
sigma=1.692946430619781e-05
[0.14397497 0.00474155 0.83797718]
sigma=1.8251834943190425e-05
[0.16250119 0.005065   0.83565405]
sigma=1.967749674580727e-05
[0.17289667 0.00529602 0.83393055]
sigma=2.121451784910632e-05
[0.19408195 0.00583712 0.83145784]
sigma=2.2871596595026458e-05
[0.20960699 0.00625999 0.82883244]
sigma=2.465811075822604e-05
[0.22738531 0.00668349 0.8264774 ]
sigma=2.6584170616980845e-05
[0.25018864 0.00726889 0.82385419]
sigma=2.8660676169482503e-05
[0.26330349 0.0081449  0.82032206]
sigma=3.089937881933562e-05
[0.30168186 0.00905937 0.81735009]
sigma=3.33129478793467e-05
[0.34141744 0.00954194 0.81474248]
sigma=3.59150422699641e-05
[0.35622231 0.01046943 0.81146961]
sigma=3.872038781812557e-05
[0.37709688 0.01236367 0.80687552]
sigma=4.17448605939659e-05
[0.41855529 0.01372946 0.80301766]
sigma=4.5005576757004976e-05
[0.43000986 0.0145892  0.80001996]
sigma=4.852098942027481e-05
[0.47324817 0.01625195 0.79593744]
sigma=5.231099308056258e-05
[0.4882287  0.01899073 0.790691  ]
sigma=5.639703620576279e-05
[0.48920407 0.02008523 0.78821033]
sigma=6.080224261649427e-05
[0.53773279 0.02078565 0.78519955]
sigma=6.555154234890919e-05
[0.53792436 0.0253875  0.77884731]
sigma=7.067181273927492e-05
[0.5402122  0.02853724 0.77395127]
sigma=7.619203052875614e-05
[0.53752217 0.02892469 0.77085523]
sigma=8.214343584919422e-05
[0.53587742 0.03308452 0.76652162]
sigma=8.855970901791447e-05
[0.51379945 0.03576634 0.76225637]
sigma=9.547716114208066e-05
[0.523849   0.03807166 0.75840294]
sigma=0.00010293493961127168
[0.52770148 0.04492821 0.75123635]
sigma=0.00011097524964120722
[0.49331291 0.04746575 0.74735783]
sigma=0.00011964359312238502
[0.48514487 0.05111032 0.74377279]
sigma=0.0001289890261253308
[0.48360555 0.05857866 0.73600037]
sigma=0.0001390644365197383
[0.46586039 0.06293481 0.73278052]
sigma=0.00014992684327860457
[0.45144594 0.06596442 0.72823435]
sigma=0.00016163771916119475
[0.44561935 0.07025602 0.72541614]
sigma=0.00017426333860096508
[0.45368923 0.07453233 0.72023344]
sigma=0.00018787515276722067
[0.43139139 0.08647324 0.71183458]
sigma=0.00020255019392306664
[0.43500858 0.09172909 0.70785216]
sigma=0.00021837151136800043
[0.42743661 0.0930394  0.7072001 ]
sigma=0.00023542864143224178
[0.41525094 0.09925203 0.70093957]
sigma=0.0002538181141826046
[0.41824363 0.10740922 0.6957889 ]
sigma=0.0002736439997074672
[0.39465052 0.11573119 0.69062233]
sigma=0.0002950184970723898
[0.39594194 0.12106465 0.68568208]
sigma=0.0003180625692794119
[0.40698172 0.13057386 0.68074115]
sigma=0.00034290662782340007
[0.38681381 0.13816125 0.67621592]
sigma=0.0003696912707195028
[0.38667201 0.14442551 0.67080763]
sigma=0.00039856807817837753
[0.41317319 0.15024606 0.66681067]
sigma=0.0004297004704320844
[0.39323375 0.15622144 0.66344175]
sigma=0.00046326463256527643
[0.39064958 0.16542509 0.65948971]
sigma=0.000499450511585514
[0.4078542  0.17211221 0.65483238]
sigma=0.0005384628913753371
[0.38744252 0.1794093  0.65092446]
sigma=0.0005805225516094902
[0.37098843 0.18216983 0.64933458]
sigma=0.0006258675171958727
[0.37730329 0.19676007 0.64141044]
sigma=0.0006747544053110699
[0.39420481 0.19566555 0.64038333]
sigma=0.0007274598776536371
[0.39977879 0.19791527 0.63970493]
sigma=0.0007842822061337681
[0.39329686 0.2058496  0.63469131]
sigma=0.0008455429608599194
[0.39169177 0.21756812 0.62962439]
sigma=0.0009115888299750828
[0.39713638 0.21922749 0.62746002]
sigma=0.0009827935816415728
[0.40028572 0.22042019 0.62472684]
sigma=0.001059560179277616
[0.39561738 0.22983106 0.62167597]
sigma=0.0011423230620163476
[0.4058993  0.23367311 0.61868983]
sigma=0.0012315506032928262
[0.39101018 0.23508394 0.61703632]
sigma=0.0013277477614727685
[0.39834954 0.2441621  0.61301576]
sigma=0.0014314589375234801
[0.3810836  0.2451865  0.61079581]
sigma=0.001543271055899177
[0.38577791 0.24790876 0.60875285]
sigma=0.001663816886076129
[0.37840144 0.25128209 0.60756283]
sigma=0.001793778623534895
[0.39557058 0.25810783 0.60309975]
sigma=0.0019338917504552321
[0.39215773 0.25773976 0.60215748]
sigma=0.0020849491979722254
[0.37640804 0.26162844 0.60140354]
sigma=0.002247805833548725
[0.3913132  0.27015914 0.59836989]
sigma=0.002423383298859157
[0.38740511 0.26974203 0.59687962]
sigma=0.002612675225563329
[0.39501942 0.27366037 0.59463924]
sigma=0.002816752858487498
[0.38377202 0.28154332 0.59092346]
sigma=0.0030367711180354605
[0.39205911 0.27446794 0.5923702 ]
sigma=0.0032739751361382215
[0.38650429 0.28498498 0.58914474]
sigma=0.00352970730273065
[0.38604376 0.28664421 0.58746344]
sigma=0.0038054148626326355
[0.39189263 0.28746521 0.58558382]
sigma=0.004102658105827195
[0.38323795 0.28972386 0.58477092]
sigma=0.004423119197486164
[0.38414605 0.29652157 0.58229253]
sigma=0.004768611697714475
[0.38591799 0.29754948 0.58168417]
sigma=0.0051410908248873686
[0.38196779 0.29778127 0.58074233]
sigma=0.005542664520663107
[0.39516252 0.29654003 0.58030025]
sigma=0.005975605379290428
[0.3890309  0.30543484 0.57737009]
sigma=0.006442363508721377
[0.39237541 0.30660447 0.57704306]
sigma=0.006945580396313452
[0.3820585  0.30596867 0.57597771]
sigma=0.0074881038575900305
[0.39752621 0.30603915 0.57527607]
sigma=0.008073004152657444
[0.39889171 0.31003069 0.57424261]
sigma=0.008703591361485167
[0.38448957 0.31254221 0.5725687 ]
sigma=0.009383434116379496
[0.38368924 0.31521191 0.57186039]
sigma=0.01011637979766208
[0.39149863 0.31625578 0.57093046]
sigma=0.01090657630684497
[0.37806823 0.31828341 0.56977768]
sigma=0.01175849554052157
[0.40133719 0.31967358 0.56914756]
sigma=0.01267695869781724
[0.3958402  0.31974319 0.56858923]
sigma=0.013667163564620072
[0.39483039 0.3227869  0.56760272]
sigma=0.014734713928999454
[0.38677915 0.32593427 0.56657876]
sigma=0.015885651294280545
[0.39636537 0.326919   0.5661532 ]
sigma=0.017126489069246062
[0.3930488  0.32457325 0.56644314]
sigma=0.018464249428955443
[0.39639214 0.32886653 0.56495346]
sigma=0.0199065030547846
[0.38447259 0.32818054 0.56410503]
sigma=0.021461411978584057
[0.37869595 0.32920022 0.56358247]
sigma=0.023137775773420247
[0.37955003 0.33744467 0.56142462]
sigma=0.024945081352303167
[0.39108833 0.32998892 0.56270734]
sigma=0.026893556656722717
[0.3801244  0.33025806 0.56271339]
sigma=0.02899422853882878
[0.40475921 0.33504691 0.56094171]
sigma=0.031258985164823415
[0.39251217 0.34112833 0.55990909]
sigma=0.033700643292719316
[0.40333485 0.33415466 0.56049034]
sigma=0.03633302080520445
[0.40206317 0.33731332 0.56010083]
sigma=0.039171014908092605
[0.39587206 0.34557549 0.55833045]
sigma=0.0422306864369017
[0.39256047 0.34295174 0.55824422]
sigma=0.045529350748669525
[0.40906309 0.33819269 0.55861049]
sigma=0.04908567571338432
[0.39320081 0.34037065 0.55797285]
sigma=0.052919787359584476
[0.39227812 0.34088227 0.55778646]
sigma=0.05705338377199956
[0.38877144 0.34378889 0.55626806]
sigma=0.06150985788580504
[0.39242519 0.33799054 0.55823369]
sigma=0.0663144298724096
[0.38871225 0.34496825 0.55671986]
sigma=0.07149428986597584
[0.39023581 0.35037435 0.55467136]
sigma=0.07707875183839603
[0.41040877 0.3443851  0.55560013]
sigma=0.08309941949353404
[0.38364047 0.34880871 0.55475303]
sigma=0.08959036511956624
[0.41075395 0.34462732 0.55501878]
sigma=0.09658832241158709
[0.39254824 0.3450587  0.55518807]
sigma=0.10413289435570362
[0.39484287 0.34836948 0.55317615]
sigma=0.11226677735108136
[0.39140236 0.34885322 0.55281914]
sigma=0.12103600283829964
[0.38557063 0.3463295  0.55255164]
sigma=0.13049019780144042
[0.38972712 0.3468543  0.55209205]
sigma=0.140682865618154
[0.40467802 0.34969357 0.55152051]
sigma=0.1516716888470924
[0.40376118 0.34013891 0.55259486]
sigma=0.16351885566624894
[0.39315929 0.33919081 0.55230622]
sigma=0.1762914118095948
[0.39826519 0.3451064  0.55053373]
sigma=0.19006163999369882
[0.40451823 0.34334547 0.54975201]
sigma=0.20490746898158502
[0.40104761 0.34239857 0.54943321]
sigma=0.2209129145988173
[0.38533712 0.34377975 0.54833512]
sigma=0.23816855519761607
[0.39289642 0.34610051 0.54650539]
sigma=0.2567720442597591
[0.40802254 0.3436106  0.545662  ]
sigma=0.27682866303920667
[0.40633535 0.33680175 0.54567305]
sigma=0.2984519163719754
[0.40950854 0.34107436 0.5445237 ]
sigma=0.3217641750250742
[0.41025429 0.34414218 0.54195073]
sigma=0.34689736821970707
[0.39998194 0.33417051 0.54553984]
sigma=0.3739937302478802
[0.40633661 0.34809435 0.5407959 ]
sigma=0.40320660540767433
[0.42280648 0.35224288 0.53940867]
sigma=0.43470131581250265
[0.40414738 0.35890572 0.53682993]
sigma=0.46865609698547095
[0.41072801 0.36480745 0.53630561]
sigma=0.505263106533568
[0.40323963 0.37993999 0.53159126]
sigma=0.5447295116100166
[0.40646602 0.39208682 0.52955882]
sigma=0.5872786613189489
[0.40718862 0.39149024 0.52985896]
sigma=0.6331513506973245
[0.40813756 0.41388022 0.52365327]
sigma=0.6826071834272393
[0.39853314 0.42404664 0.52222675]
sigma=0.7359260409904984
[0.41086442 0.42139493 0.52202553]
sigma=0.7934096665797492
[0.40890967 0.44477702 0.51541257]
sigma=0.8553833727298659
[0.41430907 0.46539684 0.51215885]
sigma=0.9221978823334341
[0.41583335 0.46591475 0.5115831 ]
sigma=0.9942313134590756
[0.40972738 0.47675867 0.50814448]
sigma=1.0718913192051287
[0.41319398 0.50090821 0.50345331]
sigma=1.1556173946985666
[0.41472715 0.50450521 0.50251574]
sigma=1.2458833642950082
[0.43562496 0.52170949 0.49830378]
sigma=1.3432000630554168
[0.41390904 0.53031781 0.49625085]
sigma=1.448118227674536
[0.41799133 0.55070899 0.49081119]
sigma=1.5612316132215045
[0.42978982 0.55560338 0.48809106]
sigma=1.6831803533309584
[0.42094503 0.5786649  0.48332533]
sigma=1.8146545828606506
[0.4189601  0.59358066 0.48020028]
sigma=1.9563983435170649
[0.43995097 0.59183225 0.4784804 ]
sigma=2.109213794551798
[0.43829423 0.60364899 0.47604838]
sigma=2.273965752357932
[0.41543832 0.61760576 0.47191732]
sigma=2.4515865846570435
[0.42526631 0.6435736  0.46385483]
sigma=2.643081486974108
[0.41859601 0.63558408 0.4649468 ]
sigma=2.8495341712609874
[0.4386603  0.65541957 0.4614881 ]
sigma=3.0721129988617593
[0.43308718 0.676348   0.45395439]
sigma=3.3120775925276664
[0.42735155 0.67845856 0.45145859]
sigma=3.57078596490047
[0.44991529 0.68532686 0.44867841]
sigma=3.8497022038059776
[0.43999207 0.71379462 0.44334463]
sigma=4.150404757850481
[0.45569167 0.71668316 0.44196145]
sigma=4.474595369210039
[0.45730942 0.73268122 0.43548746]
sigma=4.824108704165374
[0.44470074 0.73116163 0.43162742]
sigma=5.200922735883646
[0.44114301 0.74554511 0.43127593]
sigma=5.60716993820547
[0.46581897 0.75870934 0.4261044 ]
sigma=6.045149353785448
[0.44573653 0.7687539  0.42190956]
sigma=6.517339604882434
[0.46940209 0.78462142 0.41601576]
sigma=7.026412920430313
[0.45927156 0.79535037 0.41364862]
sigma=7.57525025877192
[0.45761565 0.79553614 0.41100668]
sigma=8.166957611638585
[0.43689726 0.81665879 0.40491645]
sigma=8.804883581643464
[0.45702473 0.82696201 0.40512205]
sigma=9.492638332763466
[0.45048203 0.83621245 0.39736072]
sigma=10.234114021054548
[0.45258223 0.83787733 0.39655758]
sigma=11.033506821222625
[0.43745604 0.84157863 0.38987945]
sigma=11.895340673703208
[0.44626537 0.85056472 0.38877778]
sigma=12.824492886639492
[0.46161058 0.86171308 0.3874755 ]
sigma=13.826221737646565
[0.440866   0.86358659 0.38402828]
sigma=14.906196231566014
[0.41384782 0.87994771 0.37102191]
sigma=16.070528182616417
[0.4232367  0.87883632 0.3711939 ]
sigma=17.325806802500114
[0.42684305 0.88363419 0.37245825]
sigma=18.679135990207847
[0.43094457 0.88922977 0.3655491 ]
sigma=20.138174534552142
[0.40945602 0.8921064  0.36706697]
sigma=21.711179456945054
[0.40855982 0.89961554 0.35298597]
sigma=23.407052739706373
[0.39855673 0.90662619 0.35531239]
sigma=25.23539170434771
[0.3856224  0.91151893 0.34404922]
sigma=27.206543324935
[0.36661358 0.91624206 0.33993256]
sigma=29.331662783900484
[0.40088074 0.92421668 0.33829978]
sigma=31.622776601683793
[0.37835005 0.92152499 0.33276671]
