sigma=1e-05
[0.10935924 0.00375542 0.84604937]
sigma=1.0781106013205947e-05
[0.11984456 0.00391649 0.84487522]
sigma=1.1623224686798518e-05
[0.12568787 0.00410281 0.84349758]
sigma=1.2531121756368731e-05
[0.14360031 0.00428265 0.84176648]
sigma=1.3509935211980278e-05
[0.16181547 0.00455382 0.8395626 ]
sigma=1.4565204375190305e-05
[0.16951198 0.00493855 0.83731201]
sigma=1.5702901247293774e-05
[0.19092558 0.00513689 0.8358927 ]
sigma=1.692946430619781e-05
[0.19404162 0.00556712 0.83338804]
sigma=1.8251834943190425e-05
[0.22158769 0.00588787 0.83089954]
sigma=1.967749674580727e-05
[0.23446276 0.00662455 0.8280177 ]
sigma=2.121451784910632e-05
[0.25575148 0.00702578 0.82581272]
sigma=2.2871596595026458e-05
[0.28805346 0.00781778 0.82204023]
sigma=2.465811075822604e-05
[0.30585767 0.0083893  0.81958553]
sigma=2.6584170616980845e-05
[0.32700151 0.00955786 0.8159784 ]
sigma=2.8660676169482503e-05
[0.36989317 0.01033302 0.81259451]
sigma=3.089937881933562e-05
[0.38055077 0.01108386 0.80982771]
sigma=3.33129478793467e-05
[0.42169615 0.01233725 0.80595079]
sigma=3.59150422699641e-05
[0.44362133 0.01296198 0.80265061]
sigma=3.872038781812557e-05
[0.47219655 0.01464995 0.79925862]
sigma=4.17448605939659e-05
[0.50347942 0.01756924 0.7937724 ]
sigma=4.5005576757004976e-05
[0.509804   0.01828393 0.79076347]
sigma=4.852098942027481e-05
[0.52762496 0.02156863 0.78537848]
sigma=5.231099308056258e-05
[0.53731977 0.02375229 0.78036256]
sigma=5.639703620576279e-05
[0.55188777 0.02583793 0.77658305]
sigma=6.080224261649427e-05
[0.54706602 0.02725305 0.77417727]
sigma=6.555154234890919e-05
[0.54200179 0.03079409 0.76881925]
sigma=7.067181273927492e-05
[0.51668202 0.03376908 0.76279609]
sigma=7.619203052875614e-05
[0.52273646 0.03819705 0.75806698]
sigma=8.214343584919422e-05
[0.51163164 0.04087147 0.75438592]
sigma=8.855970901791447e-05
[0.49845208 0.04642332 0.74860235]
sigma=9.547716114208066e-05
[0.49566556 0.0469642  0.74566034]
sigma=0.00010293493961127168
[0.47254436 0.05233787 0.74069672]
sigma=0.00011097524964120722
[0.45666776 0.05758023 0.73487334]
sigma=0.00011964359312238502
[0.46026208 0.06115416 0.73095498]
sigma=0.0001289890261253308
[0.43707448 0.06766837 0.72584731]
sigma=0.0001390644365197383
[0.4402505  0.0765268  0.71807064]
sigma=0.00014992684327860457
[0.43130538 0.07918823 0.71466844]
sigma=0.00016163771916119475
[0.4277574  0.08587831 0.7092849 ]
sigma=0.00017426333860096508
[0.40958744 0.09846953 0.70190045]
sigma=0.00018787515276722067
[0.41678332 0.10135899 0.69910832]
sigma=0.00020255019392306664
[0.40314268 0.10985175 0.69202342]
sigma=0.00021837151136800043
[0.40335394 0.11477843 0.68844225]
sigma=0.00023542864143224178
[0.39590604 0.11966959 0.6845398 ]
sigma=0.0002538181141826046
[0.3732214  0.1277714  0.67951001]
sigma=0.0002736439997074672
[0.40299812 0.13952321 0.67244661]
sigma=0.0002950184970723898
[0.38369397 0.15053258 0.6661774 ]
sigma=0.0003180625692794119
[0.38591036 0.1508582  0.66461688]
sigma=0.00034290662782340007
[0.39269237 0.16211288 0.65784004]
sigma=0.0003696912707195028
[0.39468424 0.16798411 0.65551565]
sigma=0.00039856807817837753
[0.36888729 0.18007969 0.648902  ]
sigma=0.0004297004704320844
[0.38056512 0.18268876 0.64586453]
sigma=0.00046326463256527643
[0.39057407 0.1894885  0.64196364]
sigma=0.000499450511585514
[0.39366851 0.1977877  0.63752234]
sigma=0.0005384628913753371
[0.39572289 0.20825795 0.63151441]
sigma=0.0005805225516094902
[0.39510236 0.2123363  0.62860337]
sigma=0.0006258675171958727
[0.39009971 0.21738137 0.62472509]
sigma=0.0006747544053110699
[0.39857385 0.22831829 0.61994549]
sigma=0.0007274598776536371
[0.38150442 0.23089344 0.61650613]
sigma=0.0007842822061337681
[0.38301335 0.23576944 0.61369344]
sigma=0.0008455429608599194
[0.3799515  0.2459994  0.60775703]
sigma=0.0009115888299750828
[0.38639732 0.25028192 0.6064939 ]
sigma=0.0009827935816415728
[0.40181777 0.2567126  0.6024351 ]
sigma=0.001059560179277616
[0.3855651  0.26982278 0.59729977]
sigma=0.0011423230620163476
[0.37285789 0.26965936 0.59485022]
sigma=0.0012315506032928262
[0.3935528  0.26947457 0.59294331]
sigma=0.0013277477614727685
[0.40189028 0.27815351 0.58869193]
sigma=0.0014314589375234801
[0.39787283 0.27889457 0.58753094]
sigma=0.001543271055899177
[0.39819256 0.29252659 0.58204482]
sigma=0.001663816886076129
[0.3924288  0.29994093 0.57759417]
sigma=0.001793778623534895
[0.39765865 0.2999306  0.57552096]
sigma=0.0019338917504552321
[0.393214   0.30820114 0.571954  ]
sigma=0.0020849491979722254
[0.38029921 0.31533336 0.56836248]
sigma=0.002247805833548725
[0.38772823 0.31720006 0.56548155]
sigma=0.002423383298859157
[0.38764213 0.32629371 0.560634  ]
sigma=0.002612675225563329
[0.39703862 0.33624106 0.55680569]
sigma=0.002816752858487498
[0.38212568 0.34719586 0.55358158]
sigma=0.0030367711180354605
[0.3769541  0.35233777 0.54926007]
sigma=0.0032739751361382215
[0.38769337 0.35239221 0.54761358]
sigma=0.00352970730273065
[0.40465568 0.36863965 0.54246633]
sigma=0.0038054148626326355
[0.39042889 0.36939887 0.54072061]
sigma=0.004102658105827195
[0.38435115 0.37571788 0.53858501]
sigma=0.004423119197486164
[0.39214295 0.38688039 0.53489401]
sigma=0.004768611697714475
[0.39398444 0.40674485 0.52991125]
sigma=0.0051410908248873686
[0.38732832 0.41218675 0.52801543]
sigma=0.005542664520663107
[0.39517119 0.42179377 0.52433935]
sigma=0.005975605379290428
[0.3769471  0.44955797 0.519521  ]
sigma=0.006442363508721377
[0.38889255 0.45790688 0.51642011]
sigma=0.006945580396313452
[0.3913298  0.4630759  0.51522364]
sigma=0.0074881038575900305
[0.38625418 0.48640576 0.51043401]
sigma=0.008073004152657444
[0.40847727 0.49682063 0.50771193]
sigma=0.008703591361485167
[0.38119033 0.5216287  0.5036206 ]
sigma=0.009383434116379496
[0.37910187 0.53172775 0.50149543]
sigma=0.01011637979766208
[0.38911334 0.53732499 0.49994895]
sigma=0.01090657630684497
[0.3894152  0.57709143 0.49258315]
sigma=0.01175849554052157
[0.3839873  0.56246756 0.49415247]
sigma=0.01267695869781724
[0.39922573 0.59587762 0.48875496]
sigma=0.013667163564620072
[0.38717543 0.61466108 0.48517497]
sigma=0.014734713928999454
[0.392009   0.62773681 0.48319032]
sigma=0.015885651294280545
[0.39587658 0.65084442 0.4797764 ]
sigma=0.017126489069246062
[0.37365449 0.66735625 0.47683949]
sigma=0.018464249428955443
[0.382603   0.67868158 0.47433326]
sigma=0.0199065030547846
[0.38916046 0.69770519 0.47156581]
sigma=0.021461411978584057
[0.3878798  0.71114677 0.46914569]
sigma=0.023137775773420247
[0.38738897 0.72838845 0.46683014]
sigma=0.024945081352303167
[0.38466349 0.75617365 0.46245716]
sigma=0.026893556656722717
[0.37443702 0.76160918 0.46128968]
sigma=0.02899422853882878
[0.40255254 0.77339855 0.45963645]
sigma=0.031258985164823415
[0.39364761 0.78774412 0.45730512]
sigma=0.033700643292719316
[0.39945357 0.80176022 0.4546337 ]
sigma=0.03633302080520445
[0.40061159 0.80426223 0.45433659]
sigma=0.039171014908092605
[0.38762191 0.81718126 0.45235792]
sigma=0.0422306864369017
[0.40368699 0.82960852 0.45073089]
sigma=0.045529350748669525
[0.38738029 0.84055923 0.44866737]
sigma=0.04908567571338432
[0.39712873 0.85048679 0.44741015]
sigma=0.052919787359584476
[0.39614373 0.87105186 0.44456457]
sigma=0.05705338377199956
[0.37462817 0.87111241 0.44426153]
sigma=0.06150985788580504
[0.39325362 0.88455721 0.44237536]
sigma=0.0663144298724096
[0.37462369 0.89861492 0.44070699]
sigma=0.07149428986597584
[0.38466322 0.89355024 0.4408332 ]
sigma=0.07707875183839603
[0.3956129  0.8977596  0.44023285]
sigma=0.08309941949353404
[0.40103578 0.91265204 0.43830798]
sigma=0.08959036511956624
[0.37862441 0.91024294 0.43835015]
sigma=0.09658832241158709
[0.38533084 0.92430302 0.43658384]
sigma=0.10413289435570362
[0.40106237 0.92730865 0.43611989]
sigma=0.11226677735108136
[0.38778594 0.9273135  0.43579831]
sigma=0.12103600283829964
[0.38471753 0.93694428 0.43471192]
sigma=0.13049019780144042
[0.38869368 0.93848533 0.43443848]
sigma=0.140682865618154
[0.38456668 0.93977117 0.43403289]
sigma=0.1516716888470924
[0.38750933 0.94760534 0.43302207]
sigma=0.16351885566624894
[0.39003484 0.9472827  0.43297634]
sigma=0.1762914118095948
[0.38414435 0.95508408 0.43216276]
sigma=0.19006163999369882
[0.39038608 0.96066672 0.43124765]
sigma=0.20490746898158502
[0.39221179 0.95481275 0.43177424]
sigma=0.2209129145988173
[0.39274026 0.96825477 0.43005011]
sigma=0.23816855519761607
[0.39271438 0.96949126 0.43005571]
sigma=0.2567720442597591
[0.39836975 0.96771478 0.43023189]
sigma=0.27682866303920667
[0.37821854 0.97087923 0.42963285]
sigma=0.2984519163719754
[0.37710273 0.97496962 0.42925479]
sigma=0.3217641750250742
[0.38256651 0.97374331 0.42927111]
sigma=0.34689736821970707
[0.37769069 0.97737409 0.42845217]
sigma=0.3739937302478802
[0.37867996 0.97973779 0.42847729]
sigma=0.40320660540767433
[0.38337017 0.98201791 0.42795276]
sigma=0.43470131581250265
[0.37778125 0.98459937 0.42771689]
sigma=0.46865609698547095
[0.37787774 0.98048237 0.4281515 ]
sigma=0.505263106533568
[0.36954312 0.9852226  0.42761087]
sigma=0.5447295116100166
[0.38750967 0.98435438 0.42765027]
sigma=0.5872786613189489
[0.39128339 0.98698561 0.42738851]
sigma=0.6331513506973245
[0.37911052 0.98797959 0.42725865]
sigma=0.6826071834272393
[0.39761962 0.98974616 0.42726941]
sigma=0.7359260409904984
[0.40756077 0.9901089  0.42689788]
sigma=0.7934096665797492
[0.39764985 0.99058713 0.42688513]
sigma=0.8553833727298659
[0.39525678 0.98930812 0.42688205]
sigma=0.9221978823334341
[0.38333568 0.99216489 0.42705437]
sigma=0.9942313134590756
[0.38219815 0.99342536 0.42659738]
sigma=1.0718913192051287
[0.38935309 0.99210582 0.42662087]
sigma=1.1556173946985666
[0.38603746 0.99074873 0.42660316]
sigma=1.2458833642950082
[0.40633883 0.99140168 0.42648102]
sigma=1.3432000630554168
[0.39710257 0.99022    0.42702366]
sigma=1.448118227674536
[0.39858797 0.99646357 0.42607381]
sigma=1.5612316132215045
[0.37574402 0.99451026 0.42594048]
sigma=1.6831803533309584
[0.39008826 0.99227401 0.42642157]
sigma=1.8146545828606506
[0.39148676 0.99461607 0.42586937]
sigma=1.9563983435170649
[0.39401177 0.99649147 0.42644078]
sigma=2.109213794551798
[0.38267204 0.99472138 0.4268458 ]
sigma=2.273965752357932
[0.37694693 0.99589062 0.42615795]
sigma=2.4515865846570435
[0.39413941 0.99721392 0.42554599]
sigma=2.643081486974108
[0.39222095 0.99683772 0.42572013]
sigma=2.8495341712609874
[0.38437941 0.9973522  0.42475544]
sigma=3.0721129988617593
[0.41073471 0.99683239 0.4259134 ]
sigma=3.3120775925276664
[0.39334944 0.99817249 0.42573364]
sigma=3.57078596490047
[0.38944259 0.99733387 0.42597991]
sigma=3.8497022038059776
[0.3868357  0.99603797 0.42526481]
sigma=4.150404757850481
[0.38382763 0.99735665 0.42444044]
sigma=4.474595369210039
[0.38388033 0.99896444 0.42598687]
sigma=4.824108704165374
[0.38428181 0.99818832 0.42430078]
sigma=5.200922735883646
[0.38888834 0.99778745 0.42416007]
sigma=5.60716993820547
[0.3895085  0.99699162 0.42532703]
sigma=6.045149353785448
[0.39179164 0.99852104 0.42179587]
sigma=6.517339604882434
[0.39121974 0.99859169 0.41528497]
sigma=7.026412920430313
[0.39603109 0.99717334 0.41424329]
sigma=7.57525025877192
[0.38068624 0.99879885 0.40977761]
sigma=8.166957611638585
[0.3892506  0.99426785 0.40932238]
sigma=8.804883581643464
[0.38704753 0.99199785 0.4123486 ]
sigma=9.492638332763466
[0.37541171 0.993666   0.4028824 ]
sigma=10.234114021054548
[0.39427095 0.99095742 0.39653502]
sigma=11.033506821222625
[0.39544494 0.98795136 0.39556366]
sigma=11.895340673703208
[0.39250762 0.98393068 0.38735424]
sigma=12.824492886639492
[0.39821428 0.98396438 0.3863267 ]
sigma=13.826221737646565
[0.37624252 0.97905107 0.38331006]
sigma=14.906196231566014
[0.38572697 0.97743821 0.3758185 ]
sigma=16.070528182616417
[0.39480065 0.97274523 0.38350208]
sigma=17.325806802500114
[0.4090117  0.97283133 0.37137584]
sigma=18.679135990207847
[0.38079439 0.96634845 0.37294893]
sigma=20.138174534552142
[0.38457588 0.96249282 0.36193809]
sigma=21.711179456945054
[0.38690291 0.95881483 0.36825103]
sigma=23.407052739706373
[0.37421763 0.96405704 0.34919603]
sigma=25.23539170434771
[0.39017913 0.95277181 0.36449433]
sigma=27.206543324935
[0.39068543 0.9553187  0.34676446]
sigma=29.331662783900484
[0.38428794 0.95307599 0.35397697]
sigma=31.622776601683793
[0.3909936  0.95778951 0.33880108]
