sigma=1e-05
[0.07930519 0.00674277 1.49602955]
sigma=1.0781106013205947e-05
[0.0856738  0.00676749 1.49544819]
sigma=1.1623224686798518e-05
[0.09093782 0.00689125 1.49401894]
sigma=1.2531121756368731e-05
[0.0995725  0.0070747  1.49185554]
sigma=1.3509935211980278e-05
[0.10928718 0.00741327 1.48883682]
sigma=1.4565204375190305e-05
[0.11477134 0.0075413  1.48712295]
sigma=1.5702901247293774e-05
[0.13239012 0.00783355 1.48480452]
sigma=1.692946430619781e-05
[0.13751442 0.00819303 1.48166582]
sigma=1.8251834943190425e-05
[0.15718087 0.00863093 1.47812779]
sigma=1.967749674580727e-05
[0.16817454 0.00909695 1.47533884]
sigma=2.121451784910632e-05
[0.18472572 0.00935834 1.47226437]
sigma=2.2871596595026458e-05
[0.20031693 0.01019187 1.46699032]
sigma=2.465811075822604e-05
[0.21574112 0.01130703 1.46168378]
sigma=2.6584170616980845e-05
[0.2276701  0.0118083  1.45772969]
sigma=2.8660676169482503e-05
[0.25518545 0.01215016 1.45510953]
sigma=3.089937881933562e-05
[0.28036304 0.01400535 1.44629355]
sigma=3.33129478793467e-05
[0.30087308 0.01460975 1.44228087]
sigma=3.59150422699641e-05
[0.32652883 0.01676479 1.4340887 ]
sigma=3.872038781812557e-05
[0.33521986 0.01796414 1.42846178]
sigma=4.17448605939659e-05
[0.36842708 0.01924906 1.42433316]
sigma=4.5005576757004976e-05
[0.38987597 0.02109765 1.41641744]
sigma=4.852098942027481e-05
[0.41921229 0.02213799 1.41206857]
sigma=5.231099308056258e-05
[0.43105769 0.02523546 1.40275826]
sigma=5.639703620576279e-05
[0.46644773 0.02743809 1.39598763]
sigma=6.080224261649427e-05
[0.45282953 0.02949133 1.39085885]
sigma=6.555154234890919e-05
[0.49266091 0.0341677  1.37912073]
sigma=7.067181273927492e-05
[0.50266316 0.03698556 1.37076163]
sigma=7.619203052875614e-05
[0.51080633 0.03880976 1.36709546]
sigma=8.214343584919422e-05
[0.51254551 0.04239862 1.35801785]
sigma=8.855970901791447e-05
[0.50505922 0.04804892 1.34705512]
sigma=9.547716114208066e-05
[0.52325325 0.05349938 1.33602958]
sigma=0.00010293493961127168
[0.52719628 0.05418137 1.33379006]
sigma=0.00011097524964120722
[0.51343333 0.0613982  1.32059288]
sigma=0.00011964359312238502
[0.49052148 0.06671173 1.31109579]
sigma=0.0001289890261253308
[0.49123164 0.07022688 1.30462282]
sigma=0.0001390644365197383
[0.4799848  0.0771137  1.29446976]
sigma=0.00014992684327860457
[0.47489788 0.07945173 1.28894267]
sigma=0.00016163771916119475
[0.46248668 0.08990283 1.27687079]
sigma=0.00017426333860096508
[0.44160532 0.091992   1.27388098]
sigma=0.00018787515276722067
[0.45893711 0.10223084 1.25967413]
sigma=0.00020255019392306664
[0.44554296 0.10502188 1.25571322]
sigma=0.00021837151136800043
[0.43442852 0.11428383 1.24331594]
sigma=0.00023542864143224178
[0.42294511 0.12547022 1.23149655]
sigma=0.0002538181141826046
[0.41406712 0.1315351  1.22351513]
sigma=0.0002736439997074672
[0.4097137  0.14125883 1.21124379]
sigma=0.0002950184970723898
[0.43582971 0.14563005 1.20662783]
sigma=0.0003180625692794119
[0.40047841 0.15340176 1.19794892]
sigma=0.00034290662782340007
[0.40679876 0.16474495 1.18741706]
sigma=0.0003696912707195028
[0.40630393 0.16868833 1.1780502 ]
sigma=0.00039856807817837753
[0.3958868  0.18339467 1.16732922]
sigma=0.0004297004704320844
[0.39435951 0.18874535 1.159991  ]
sigma=0.00046326463256527643
[0.3966872  0.19318418 1.15628939]
sigma=0.000499450511585514
[0.40321679 0.19988482 1.1465802 ]
sigma=0.0005384628913753371
[0.39695599 0.20426876 1.14296094]
sigma=0.0005805225516094902
[0.38146195 0.2083103  1.1355216 ]
sigma=0.0006258675171958727
[0.38636    0.21746017 1.1295201 ]
sigma=0.0006747544053110699
[0.39625337 0.22631269 1.12119165]
sigma=0.0007274598776536371
[0.38553359 0.23524775 1.11315269]
sigma=0.0007842822061337681
[0.38440549 0.23590987 1.10986905]
sigma=0.0008455429608599194
[0.37273666 0.24669742 1.10265467]
sigma=0.0009115888299750828
[0.39751851 0.25071218 1.09520855]
sigma=0.0009827935816415728
[0.38484645 0.25792259 1.08738339]
sigma=0.001059560179277616
[0.3782354  0.27040181 1.07914198]
sigma=0.0011423230620163476
[0.38899447 0.27040746 1.07741022]
sigma=0.0012315506032928262
[0.3883385  0.2724114  1.07127447]
sigma=0.0013277477614727685
[0.38868372 0.28343604 1.06471043]
sigma=0.0014314589375234801
[0.40475753 0.27883936 1.06325258]
sigma=0.001543271055899177
[0.39066171 0.2935238  1.05284259]
sigma=0.001663816886076129
[0.38106751 0.29653998 1.04890075]
sigma=0.001793778623534895
[0.38828306 0.30228533 1.04433015]
sigma=0.0019338917504552321
[0.39548094 0.3117183  1.03607444]
sigma=0.0020849491979722254
[0.38777748 0.32162158 1.02743268]
sigma=0.002247805833548725
[0.38818592 0.32342742 1.02557754]
sigma=0.002423383298859157
[0.38442167 0.32546133 1.01881827]
sigma=0.002612675225563329
[0.39979925 0.33968944 1.01066664]
sigma=0.002816752858487498
[0.40296143 0.34433551 1.00531975]
sigma=0.0030367711180354605
[0.39503688 0.34586615 1.00037372]
sigma=0.0032739751361382215
[0.38631094 0.3571439  0.99098846]
sigma=0.00352970730273065
[0.39463735 0.3602265  0.98696308]
sigma=0.0038054148626326355
[0.39181559 0.36537329 0.98243168]
sigma=0.004102658105827195
[0.39255021 0.37949773 0.97277746]
sigma=0.004423119197486164
[0.38827577 0.39061544 0.96542217]
sigma=0.004768611697714475
[0.39719608 0.39521855 0.96374295]
sigma=0.0051410908248873686
[0.37725264 0.40938916 0.95616812]
sigma=0.005542664520663107
[0.38905936 0.42530724 0.94801333]
sigma=0.005975605379290428
[0.38875499 0.43459157 0.94209073]
sigma=0.006442363508721377
[0.39722705 0.45075093 0.93444056]
sigma=0.006945580396313452
[0.38816984 0.46467334 0.92864853]
sigma=0.0074881038575900305
[0.38510179 0.48009106 0.92196625]
sigma=0.008073004152657444
[0.37614585 0.4994627  0.91312457]
sigma=0.008703591361485167
[0.39715333 0.51103364 0.90784448]
sigma=0.009383434116379496
[0.39062167 0.52298478 0.90486639]
sigma=0.01011637979766208
[0.39382911 0.5436306  0.89598034]
sigma=0.01090657630684497
[0.38697718 0.54613199 0.89504923]
sigma=0.01175849554052157
[0.38552129 0.57578163 0.88503896]
sigma=0.01267695869781724
[0.38468798 0.59304145 0.87741727]
sigma=0.013667163564620072
[0.39540937 0.62210966 0.86851419]
sigma=0.014734713928999454
[0.41129281 0.62367007 0.8656409 ]
sigma=0.015885651294280545
[0.37672855 0.64814911 0.85856224]
sigma=0.017126489069246062
[0.38097732 0.66025894 0.85316927]
sigma=0.018464249428955443
[0.39480139 0.67969785 0.84858547]
sigma=0.0199065030547846
[0.37634568 0.68881144 0.84507234]
sigma=0.021461411978584057
[0.39675162 0.72067065 0.83419003]
sigma=0.023137775773420247
[0.39872252 0.7291321  0.83265859]
sigma=0.024945081352303167
[0.38730642 0.7466114  0.82581884]
sigma=0.026893556656722717
[0.37753306 0.76504626 0.81986291]
sigma=0.02899422853882878
[0.39203401 0.77167052 0.81796344]
sigma=0.031258985164823415
[0.39056642 0.7775814  0.81617367]
sigma=0.033700643292719316
[0.40615788 0.79760133 0.80972403]
sigma=0.03633302080520445
[0.39116339 0.80517992 0.80757421]
sigma=0.039171014908092605
[0.3915848  0.82790262 0.80086973]
sigma=0.0422306864369017
[0.39501243 0.83255259 0.79915958]
sigma=0.045529350748669525
[0.37204995 0.83916473 0.79702973]
sigma=0.04908567571338432
[0.38197624 0.85203192 0.79320391]
sigma=0.052919787359584476
[0.40197888 0.85945389 0.79094605]
sigma=0.05705338377199956
[0.39459138 0.86992386 0.78812316]
sigma=0.06150985788580504
[0.39146353 0.86493519 0.78864358]
sigma=0.0663144298724096
[0.38624574 0.88039925 0.78424987]
sigma=0.07149428986597584
[0.38158753 0.89317768 0.78149472]
sigma=0.07707875183839603
[0.41097526 0.8986708  0.77955941]
sigma=0.08309941949353404
[0.38397056 0.9048943  0.77773182]
sigma=0.08959036511956624
[0.37540728 0.9138231  0.77496482]
sigma=0.09658832241158709
[0.39580318 0.92106959 0.7732433 ]
sigma=0.10413289435570362
[0.4046534  0.93330234 0.76996904]
sigma=0.11226677735108136
[0.37922501 0.92550348 0.77167437]
sigma=0.12103600283829964
[0.38484445 0.93227069 0.76972628]
sigma=0.13049019780144042
[0.40270061 0.93517315 0.76868673]
sigma=0.140682865618154
[0.40118275 0.94091129 0.76699673]
sigma=0.1516716888470924
[0.39499962 0.94823083 0.76516321]
sigma=0.16351885566624894
[0.39631484 0.95383467 0.76326419]
sigma=0.1762914118095948
[0.3887835  0.94932371 0.76414696]
sigma=0.19006163999369882
[0.40072463 0.9616316  0.76137576]
sigma=0.20490746898158502
[0.38562769 0.95613745 0.76249492]
sigma=0.2209129145988173
[0.38974892 0.96310528 0.76048613]
sigma=0.23816855519761607
[0.37688932 0.96215866 0.7607444 ]
sigma=0.2567720442597591
[0.38519531 0.97380443 0.75767393]
sigma=0.27682866303920667
[0.4010861  0.97260242 0.75805954]
sigma=0.2984519163719754
[0.39192125 0.97098692 0.75842922]
sigma=0.3217641750250742
[0.38916437 0.98139598 0.75553771]
sigma=0.34689736821970707
[0.38400022 0.9734071  0.75736548]
sigma=0.3739937302478802
[0.39142858 0.98090138 0.75597126]
sigma=0.40320660540767433
[0.40855953 0.98121096 0.75585905]
sigma=0.43470131581250265
[0.39496759 0.97993117 0.755765  ]
sigma=0.46865609698547095
[0.38985855 0.98701023 0.75399554]
sigma=0.505263106533568
[0.39004374 0.98491466 0.75445103]
sigma=0.5447295116100166
[0.40132543 0.98315054 0.75448661]
sigma=0.5872786613189489
[0.39720637 0.98302669 0.75477358]
sigma=0.6331513506973245
[0.39765515 0.9852814  0.75447924]
sigma=0.6826071834272393
[0.37930683 0.98736402 0.75340812]
sigma=0.7359260409904984
[0.38270189 0.98947977 0.75314813]
sigma=0.7934096665797492
[0.38477879 0.99018916 0.75303563]
sigma=0.8553833727298659
[0.39525117 0.98837622 0.75337917]
sigma=0.9221978823334341
[0.39119884 0.98754045 0.75220161]
sigma=0.9942313134590756
[0.38436146 0.99097634 0.75219542]
sigma=1.0718913192051287
[0.38964553 0.99384918 0.75156135]
sigma=1.1556173946985666
[0.39944825 0.9929979  0.75113006]
sigma=1.2458833642950082
[0.37332476 0.99309867 0.75231607]
sigma=1.3432000630554168
[0.39040752 0.99330117 0.75185792]
sigma=1.448118227674536
[0.3836596  0.99565096 0.75184477]
sigma=1.5612316132215045
[0.37555829 0.99474438 0.75177216]
sigma=1.6831803533309584
[0.37498072 0.99482381 0.75063508]
sigma=1.8146545828606506
[0.39821547 0.99352743 0.75135435]
sigma=1.9563983435170649
[0.38904931 0.9946741  0.75072659]
sigma=2.109213794551798
[0.38859675 0.99520878 0.7515835 ]
sigma=2.273965752357932
[0.38006692 0.99655864 0.75027014]
sigma=2.4515865846570435
[0.38541497 0.9969387  0.75021593]
sigma=2.643081486974108
[0.38001366 0.99705842 0.75167712]
sigma=2.8495341712609874
[0.39718067 0.995384   0.75100597]
sigma=3.0721129988617593
[0.38477923 0.99454273 0.75087238]
sigma=3.3120775925276664
[0.40035931 0.99839671 0.7497717 ]
sigma=3.57078596490047
[0.39247745 0.99765914 0.75074379]
sigma=3.8497022038059776
[0.38352685 0.99804369 0.75036705]
sigma=4.150404757850481
[0.38865505 0.99863922 0.750103  ]
sigma=4.474595369210039
[0.38697029 0.99864597 0.74763352]
sigma=4.824108704165374
[0.38533948 0.99692169 0.74806671]
sigma=5.200922735883646
[0.37785476 0.99888152 0.74573019]
sigma=5.60716993820547
[0.36651791 0.99814367 0.7465313 ]
sigma=6.045149353785448
[0.38070932 0.99809662 0.73912648]
sigma=6.517339604882434
[0.38901587 0.99934847 0.73787487]
sigma=7.026412920430313
[0.40056315 0.99788846 0.73303972]
sigma=7.57525025877192
[0.38197534 0.99636057 0.72961844]
sigma=8.166957611638585
[0.38862998 0.99740591 0.72600178]
sigma=8.804883581643464
[0.3730392 0.9968132 0.7179867]
sigma=9.492638332763466
[0.37380872 0.99453295 0.70874996]
sigma=10.234114021054548
[0.37302525 0.99296052 0.70803067]
sigma=11.033506821222625
[0.39605391 0.99397867 0.69618832]
sigma=11.895340673703208
[0.37939681 0.98905903 0.6969265 ]
sigma=12.824492886639492
[0.38892002 0.98860073 0.68549573]
sigma=13.826221737646565
[0.39582281 0.98435105 0.68627321]
sigma=14.906196231566014
[0.38223633 0.98350108 0.67904563]
sigma=16.070528182616417
[0.37170912 0.98213015 0.66680362]
sigma=17.325806802500114
[0.3854367  0.97678188 0.66246653]
sigma=18.679135990207847
[0.39048011 0.97372995 0.66385042]
sigma=20.138174534552142
[0.38761465 0.97531249 0.65956075]
sigma=21.711179456945054
[0.40791861 0.97613456 0.64623048]
sigma=23.407052739706373
[0.3866101  0.97134769 0.65519157]
sigma=25.23539170434771
[0.40566294 0.970871   0.62660731]
sigma=27.206543324935
[0.38842615 0.97014368 0.64047899]
sigma=29.331662783900484
[0.38407405 0.97051768 0.61964271]
sigma=31.622776601683793
[0.39350974 0.96895346 0.613303  ]
