sigma=1e-05
[0.04366436 0.00630527 1.49909008]
sigma=1.0781106013205947e-05
[0.05002944 0.0063557  1.49852955]
sigma=1.1623224686798518e-05
[0.05386532 0.0064169  1.49728469]
sigma=1.2531121756368731e-05
[0.05726949 0.0064656  1.49674552]
sigma=1.3509935211980278e-05
[0.06439584 0.00655254 1.49563639]
sigma=1.4565204375190305e-05
[0.06893976 0.00671871 1.49427382]
sigma=1.5702901247293774e-05
[0.07290453 0.00682136 1.49240651]
sigma=1.692946430619781e-05
[0.08110627 0.00699243 1.49068255]
sigma=1.8251834943190425e-05
[0.08536553 0.00722307 1.48864678]
sigma=1.967749674580727e-05
[0.09275537 0.00747009 1.4863606 ]
sigma=2.121451784910632e-05
[0.10374888 0.00770835 1.48441068]
sigma=2.2871596595026458e-05
[0.1105351  0.00816942 1.48144392]
sigma=2.465811075822604e-05
[0.12380179 0.00845429 1.47822619]
sigma=2.6584170616980845e-05
[0.13053007 0.00857585 1.47709497]
sigma=2.8660676169482503e-05
[0.14430663 0.00930951 1.47266914]
sigma=3.089937881933562e-05
[0.15962472 0.00988193 1.46850646]
sigma=3.33129478793467e-05
[0.16528548 0.01032654 1.46502355]
sigma=3.59150422699641e-05
[0.19066835 0.01101629 1.46174564]
sigma=3.872038781812557e-05
[0.20853067 0.01178458 1.45712838]
sigma=4.17448605939659e-05
[0.21933171 0.01286976 1.45214313]
sigma=4.5005576757004976e-05
[0.23540116 0.01443874 1.44475197]
sigma=4.852098942027481e-05
[0.2682609  0.01493227 1.44160342]
sigma=5.231099308056258e-05
[0.28564267 0.01718955 1.43370081]
sigma=5.639703620576279e-05
[0.31021008 0.0183891  1.42802766]
sigma=6.080224261649427e-05
[0.33440647 0.01938965 1.4234977 ]
sigma=6.555154234890919e-05
[0.36223326 0.02113035 1.41735491]
sigma=7.067181273927492e-05
[0.37184455 0.02396435 1.40871207]
sigma=7.619203052875614e-05
[0.39450354 0.02595534 1.40299276]
sigma=8.214343584919422e-05
[0.41633363 0.02913243 1.3938765 ]
sigma=8.855970901791447e-05
[0.43954151 0.03154321 1.38688492]
sigma=9.547716114208066e-05
[0.44397621 0.03285745 1.38222231]
sigma=0.00010293493961127168
[0.45837874 0.03648494 1.37366302]
sigma=0.00011097524964120722
[0.47214016 0.03949326 1.36652286]
sigma=0.00011964359312238502
[0.49740467 0.04462787 1.35624727]
sigma=0.0001289890261253308
[0.49020254 0.0468749  1.35113465]
sigma=0.0001390644365197383
[0.49727618 0.05073627 1.34213072]
sigma=0.00014992684327860457
[0.50404004 0.05421551 1.33664442]
sigma=0.00016163771916119475
[0.50478487 0.05936417 1.32851312]
sigma=0.00017426333860096508
[0.50779909 0.06460332 1.31946315]
sigma=0.00018787515276722067
[0.48784905 0.06899322 1.3102634 ]
sigma=0.00020255019392306664
[0.4884176  0.07397951 1.30190564]
sigma=0.00021837151136800043
[0.47801719 0.0795804  1.29575587]
sigma=0.00023542864143224178
[0.47395221 0.08490344 1.2868907 ]
sigma=0.0002538181141826046
[0.47612884 0.09351016 1.27589273]
sigma=0.0002736439997074672
[0.46307944 0.10042579 1.26526032]
sigma=0.0002950184970723898
[0.46849714 0.10483483 1.26052915]
sigma=0.0003180625692794119
[0.43862173 0.1095599  1.25263162]
sigma=0.00034290662782340007
[0.44282193 0.11849391 1.24148366]
sigma=0.0003696912707195028
[0.42324849 0.12493625 1.23513752]
sigma=0.00039856807817837753
[0.43382039 0.12929068 1.22753927]
sigma=0.0004297004704320844
[0.42015382 0.14247614 1.21414819]
sigma=0.00046326463256527643
[0.41691562 0.14172066 1.21233878]
sigma=0.000499450511585514
[0.42654183 0.15161074 1.20248249]
sigma=0.0005384628913753371
[0.39642622 0.15092456 1.20406419]
sigma=0.0005805225516094902
[0.40443897 0.15969649 1.19419664]
sigma=0.0006258675171958727
[0.40019804 0.16432642 1.18659964]
sigma=0.0006747544053110699
[0.41028007 0.17509125 1.17764573]
sigma=0.0007274598776536371
[0.39569424 0.1745633  1.17399776]
sigma=0.0007842822061337681
[0.39249375 0.17928954 1.16923915]
sigma=0.0008455429608599194
[0.38859515 0.18848014 1.16011099]
sigma=0.0009115888299750828
[0.41182265 0.19069425 1.15654295]
sigma=0.0009827935816415728
[0.38894065 0.19326915 1.1532508 ]
sigma=0.001059560179277616
[0.39481675 0.19995796 1.14717101]
sigma=0.0011423230620163476
[0.40116774 0.20174919 1.14428936]
sigma=0.0012315506032928262
[0.39286949 0.21157949 1.13586674]
sigma=0.0013277477614727685
[0.40521142 0.21197459 1.13101893]
sigma=0.0014314589375234801
[0.39791053 0.21473309 1.12712945]
sigma=0.001543271055899177
[0.39846949 0.21755442 1.12325618]
sigma=0.001663816886076129
[0.38687186 0.21842521 1.1220898 ]
sigma=0.001793778623534895
[0.39928119 0.22057179 1.11836905]
sigma=0.0019338917504552321
[0.39905145 0.2248274  1.11486641]
sigma=0.0020849491979722254
[0.39736304 0.22629961 1.1113537 ]
sigma=0.002247805833548725
[0.38460775 0.22487693 1.10864904]
sigma=0.002423383298859157
[0.40476708 0.22452232 1.1073377 ]
sigma=0.002612675225563329
[0.39918664 0.23365144 1.10120517]
sigma=0.002816752858487498
[0.37926914 0.22927146 1.10179717]
sigma=0.0030367711180354605
[0.4137128  0.2342311  1.09768584]
sigma=0.0032739751361382215
[0.40319138 0.23096651 1.09620769]
sigma=0.00352970730273065
[0.40483855 0.23432209 1.09260452]
sigma=0.0038054148626326355
[0.40728105 0.23847798 1.08751626]
sigma=0.004102658105827195
[0.38176843 0.23321632 1.08907078]
sigma=0.004423119197486164
[0.40464506 0.23176428 1.08812925]
sigma=0.004768611697714475
[0.40275747 0.23273125 1.08557046]
sigma=0.0051410908248873686
[0.39309239 0.2316942  1.0839135 ]
sigma=0.005542664520663107
[0.39303595 0.22582631 1.08408329]
sigma=0.005975605379290428
[0.3983786  0.22690527 1.08303257]
sigma=0.006442363508721377
[0.40748653 0.22558383 1.08240782]
sigma=0.006945580396313452
[0.37588698 0.22565496 1.0795424 ]
sigma=0.0074881038575900305
[0.4040668  0.22517929 1.07868316]
sigma=0.008073004152657444
[0.38047005 0.22404933 1.07753863]
sigma=0.008703591361485167
[0.39885597 0.2268442  1.07523281]
sigma=0.009383434116379496
[0.38066055 0.22070774 1.07711927]
sigma=0.01011637979766208
[0.40706844 0.21569683 1.07693863]
sigma=0.01090657630684497
[0.39724892 0.21952996 1.07586218]
sigma=0.01175849554052157
[0.40447091 0.2156594  1.07870978]
sigma=0.01267695869781724
[0.39865801 0.21396382 1.07784128]
sigma=0.013667163564620072
[0.38420241 0.21319374 1.07753225]
sigma=0.014734713928999454
[0.38982592 0.21477121 1.0778672 ]
sigma=0.015885651294280545
[0.39837877 0.21405759 1.07728507]
sigma=0.017126489069246062
[0.40830519 0.21316742 1.07673974]
sigma=0.018464249428955443
[0.40017318 0.21472324 1.07808868]
sigma=0.0199065030547846
[0.40370477 0.21188506 1.07722699]
sigma=0.021461411978584057
[0.40053181 0.2186955  1.07532355]
sigma=0.023137775773420247
[0.40535378 0.2131972  1.07717573]
sigma=0.024945081352303167
[0.41092845 0.21745246 1.07421719]
sigma=0.026893556656722717
[0.40303362 0.22072244 1.07426708]
sigma=0.02899422853882878
[0.41777109 0.2164131  1.0766727 ]
sigma=0.031258985164823415
[0.39554984 0.21922928 1.07572812]
sigma=0.033700643292719316
[0.41208034 0.22250269 1.07424857]
sigma=0.03633302080520445
[0.41509359 0.22399956 1.07273975]
sigma=0.039171014908092605
[0.42532798 0.22232246 1.07397446]
sigma=0.0422306864369017
[0.42230236 0.22343398 1.07311389]
sigma=0.045529350748669525
[0.41353513 0.22505789 1.07347737]
sigma=0.04908567571338432
[0.41243984 0.22495567 1.07293111]
sigma=0.052919787359584476
[0.44354048 0.22817398 1.07089734]
sigma=0.05705338377199956
[0.43074427 0.22661179 1.07064409]
sigma=0.06150985788580504
[0.43421778 0.23028671 1.06889092]
sigma=0.0663144298724096
[0.4453192  0.23464727 1.06773799]
sigma=0.07149428986597584
[0.44343947 0.23223529 1.06911301]
sigma=0.07707875183839603
[0.43584635 0.2449486  1.06173241]
sigma=0.08309941949353404
[0.44981448 0.24518468 1.06046202]
sigma=0.08959036511956624
[0.44958861 0.25279335 1.05688255]
sigma=0.09658832241158709
[0.46186945 0.25213885 1.05544576]
sigma=0.10413289435570362
[0.46617534 0.26924613 1.04792865]
sigma=0.11226677735108136
[0.47740594 0.26621052 1.04725089]
sigma=0.12103600283829964
[0.47045682 0.27791046 1.03929063]
sigma=0.13049019780144042
[0.47473163 0.28671305 1.03599784]
sigma=0.140682865618154
[0.48618135 0.2833371  1.03542792]
sigma=0.1516716888470924
[0.49512956 0.29483538 1.0280124 ]
sigma=0.16351885566624894
[0.49673587 0.29344353 1.0280712 ]
sigma=0.1762914118095948
[0.49035574 0.29700386 1.02462818]
sigma=0.19006163999369882
[0.49542942 0.29963139 1.02155484]
sigma=0.20490746898158502
[0.52098225 0.3068241  1.01677894]
sigma=0.2209129145988173
[0.4972487  0.300977   1.01732907]
sigma=0.23816855519761607
[0.50978681 0.29012974 1.01968117]
sigma=0.2567720442597591
[0.51177975 0.30160733 1.01301936]
sigma=0.27682866303920667
[0.5101492  0.30174628 1.01247575]
sigma=0.2984519163719754
[0.51221205 0.30651038 1.01055689]
sigma=0.3217641750250742
[0.52994664 0.31502543 1.00519692]
sigma=0.34689736821970707
[0.51388924 0.32110469 1.00198901]
sigma=0.3739937302478802
[0.52865986 0.31664254 1.00219749]
sigma=0.40320660540767433
[0.53038492 0.33346495 0.99472354]
sigma=0.43470131581250265
[0.52359803 0.34892445 0.98691645]
sigma=0.46865609698547095
[0.52882922 0.36020997 0.98164659]
sigma=0.505263106533568
[0.53723153 0.38183468 0.97177335]
sigma=0.5447295116100166
[0.53835148 0.3891685  0.96703292]
sigma=0.5872786613189489
[0.52429557 0.41917699 0.95431267]
sigma=0.6331513506973245
[0.5400209  0.43223668 0.94768803]
sigma=0.6826071834272393
[0.53763994 0.45398939 0.93921159]
sigma=0.7359260409904984
[0.52394077 0.47761053 0.92801433]
sigma=0.7934096665797492
[0.52966175 0.49846233 0.91692827]
sigma=0.8553833727298659
[0.53422417 0.52671293 0.90486461]
sigma=0.9221978823334341
[0.53306655 0.55611887 0.89247702]
sigma=0.9942313134590756
[0.52073395 0.56302001 0.88719804]
sigma=1.0718913192051287
[0.52430028 0.58735655 0.87514391]
sigma=1.1556173946985666
[0.53148755 0.59878037 0.87033796]
sigma=1.2458833642950082
[0.51972727 0.61821874 0.86204978]
sigma=1.3432000630554168
[0.51058264 0.64063996 0.85228928]
sigma=1.448118227674536
[0.49387947 0.6509431  0.84760065]
sigma=1.5612316132215045
[0.4915675  0.66447682 0.84020151]
sigma=1.6831803533309584
[0.48966762 0.66614441 0.83793457]
sigma=1.8146545828606506
[0.49119716 0.68566046 0.82997095]
sigma=1.9563983435170649
[0.46874854 0.70700642 0.82155914]
sigma=2.109213794551798
[0.48282887 0.71442619 0.81619204]
sigma=2.273965752357932
[0.44427244 0.72819939 0.80905638]
sigma=2.4515865846570435
[0.4575028  0.72799599 0.80500614]
sigma=2.643081486974108
[0.44680724 0.75680309 0.7944527 ]
sigma=2.8495341712609874
[0.43907209 0.75178793 0.7922516 ]
sigma=3.0721129988617593
[0.44143555 0.77055136 0.78427336]
sigma=3.3120775925276664
[0.44347695 0.77557178 0.77845673]
sigma=3.57078596490047
[0.45380289 0.77409277 0.77614643]
sigma=3.8497022038059776
[0.43024464 0.79319334 0.76547752]
sigma=4.150404757850481
[0.42917068 0.79388194 0.76293562]
sigma=4.474595369210039
[0.42501179 0.81198837 0.75058547]
sigma=4.824108704165374
[0.43025509 0.81804408 0.74527335]
sigma=5.200922735883646
[0.43727911 0.82149117 0.73639945]
sigma=5.60716993820547
[0.41093243 0.83244541 0.72493946]
sigma=6.045149353785448
[0.42530356 0.83011275 0.72290716]
sigma=6.517339604882434
[0.41602058 0.84318624 0.71145993]
sigma=7.026412920430313
[0.41172507 0.84458087 0.70304374]
sigma=7.57525025877192
[0.40791549 0.84636893 0.69413901]
sigma=8.166957611638585
[0.40893884 0.85102044 0.68754947]
sigma=8.804883581643464
[0.41427496 0.86736191 0.67938434]
sigma=9.492638332763466
[0.41859239 0.86838905 0.67162742]
sigma=10.234114021054548
[0.40300179 0.86809267 0.67572568]
sigma=11.033506821222625
[0.40998769 0.88075305 0.66415934]
sigma=11.895340673703208
[0.41425369 0.86650356 0.66130757]
sigma=12.824492886639492
[0.39653264 0.8746783  0.65411716]
sigma=13.826221737646565
[0.39066546 0.88852754 0.6414694 ]
sigma=14.906196231566014
[0.39053879 0.88479462 0.63860942]
sigma=16.070528182616417
[0.39583805 0.89385945 0.63607312]
sigma=17.325806802500114
[0.38469273 0.89108082 0.6299483 ]
sigma=18.679135990207847
[0.37670243 0.90246814 0.61771008]
sigma=20.138174534552142
[0.38184395 0.9069996  0.61793362]
sigma=21.711179456945054
[0.37971204 0.91011989 0.61085877]
sigma=23.407052739706373
[0.35920098 0.91796716 0.60424656]
sigma=25.23539170434771
[0.3712261  0.92497547 0.5887069 ]
sigma=27.206543324935
[0.34052404 0.92690186 0.59001582]
sigma=29.331662783900484
[0.33721568 0.9266861  0.5881046 ]
sigma=31.622776601683793
[0.35393383 0.93231755 0.582878  ]
