sigma=1e-05
[0.13749307 0.00120151 0.2601386 ]
sigma=1.0781106013205947e-05
[0.14225749 0.00129848 0.25960758]
sigma=1.1623224686798518e-05
[0.16055579 0.00138903 0.25901106]
sigma=1.2531121756368731e-05
[0.17084218 0.00149143 0.25850887]
sigma=1.3509935211980278e-05
[0.18663349 0.00163329 0.25779144]
sigma=1.4565204375190305e-05
[0.20363674 0.00180015 0.25707864]
sigma=1.5702901247293774e-05
[0.21887883 0.00202788 0.25619538]
sigma=1.692946430619781e-05
[0.23570064 0.00224504 0.2554709 ]
sigma=1.8251834943190425e-05
[0.26437464 0.00239599 0.25469557]
sigma=1.967749674580727e-05
[0.28321351 0.00278528 0.25380309]
sigma=2.121451784910632e-05
[0.3261105  0.00301092 0.25301895]
sigma=2.2871596595026458e-05
[0.33150716 0.00345458 0.25203296]
sigma=2.465811075822604e-05
[0.37041615 0.00383892 0.25111776]
sigma=2.6584170616980845e-05
[0.38763211 0.00431365 0.25005071]
sigma=2.8660676169482503e-05
[0.43043965 0.00479791 0.24913677]
sigma=3.089937881933562e-05
[0.46030358 0.00565274 0.24787411]
sigma=3.33129478793467e-05
[0.49230514 0.00639928 0.24687199]
sigma=3.59150422699641e-05
[0.51891093 0.00754045 0.24544897]
sigma=3.872038781812557e-05
[0.53566536 0.00807909 0.24451631]
sigma=4.17448605939659e-05
[0.54826554 0.00945996 0.24322403]
sigma=4.5005576757004976e-05
[0.55140233 0.01058769 0.24201707]
sigma=4.852098942027481e-05
[0.55448395 0.01122735 0.24112137]
sigma=5.231099308056258e-05
[0.55428342 0.01301728 0.23979273]
sigma=5.639703620576279e-05
[0.52122666 0.01418575 0.23850899]
sigma=6.080224261649427e-05
[0.53407113 0.01599123 0.23717835]
sigma=6.555154234890919e-05
[0.53095415 0.01869016 0.23571412]
sigma=7.067181273927492e-05
[0.51935592 0.02077538 0.23435218]
sigma=7.619203052875614e-05
[0.48103429 0.02232922 0.23335712]
sigma=8.214343584919422e-05
[0.48627134 0.02353541 0.23243059]
sigma=8.855970901791447e-05
[0.48251485 0.0262026  0.23101252]
sigma=9.547716114208066e-05
[0.46999027 0.03018438 0.22944967]
sigma=0.00010293493961127168
[0.43421174 0.03273637 0.22815762]
sigma=0.00011097524964120722
[0.43425752 0.03487739 0.22718153]
sigma=0.00011964359312238502
[0.44190553 0.03784886 0.22538963]
sigma=0.0001289890261253308
[0.43668866 0.04362082 0.22386332]
sigma=0.0001390644365197383
[0.40928207 0.04832236 0.22250786]
sigma=0.00014992684327860457
[0.40135517 0.05344584 0.22073333]
sigma=0.00016163771916119475
[0.40899458 0.0586567  0.21943388]
sigma=0.00017426333860096508
[0.40355667 0.06187867 0.2181573 ]
sigma=0.00018787515276722067
[0.3995033  0.06990915 0.2162312 ]
sigma=0.00020255019392306664
[0.37755716 0.07293029 0.21546893]
sigma=0.00021837151136800043
[0.4059448  0.07644241 0.21459222]
sigma=0.00023542864143224178
[0.39088218 0.08222201 0.2129008 ]
sigma=0.0002538181141826046
[0.37871312 0.08679625 0.21167631]
sigma=0.0002736439997074672
[0.38780772 0.09531526 0.21017093]
sigma=0.0002950184970723898
[0.39950993 0.10081991 0.20898444]
sigma=0.0003180625692794119
[0.39347435 0.11019243 0.20721441]
sigma=0.00034290662782340007
[0.3813713  0.11783528 0.2053552 ]
sigma=0.0003696912707195028
[0.39792628 0.1222694  0.2047539 ]
sigma=0.00039856807817837753
[0.38712635 0.12948877 0.20342536]
sigma=0.0004297004704320844
[0.39775508 0.13421781 0.20208903]
sigma=0.00046326463256527643
[0.37314999 0.14025149 0.20098751]
sigma=0.000499450511585514
[0.39207024 0.14800583 0.19974386]
sigma=0.0005384628913753371
[0.3773411  0.15504941 0.19866241]
sigma=0.0005805225516094902
[0.38093972 0.16168223 0.1972829 ]
sigma=0.0006258675171958727
[0.38239385 0.16310403 0.19673681]
sigma=0.0006747544053110699
[0.37127764 0.17366019 0.19523321]
sigma=0.0007274598776536371
[0.41104135 0.18188279 0.19392476]
sigma=0.0007842822061337681
[0.39187106 0.17992845 0.19333576]
sigma=0.0008455429608599194
[0.38092501 0.1815961  0.19282989]
sigma=0.0009115888299750828
[0.3876722  0.19289197 0.19126042]
sigma=0.0009827935816415728
[0.39058463 0.19411764 0.19072221]
sigma=0.001059560179277616
[0.38873801 0.19807139 0.18992803]
sigma=0.0011423230620163476
[0.40127463 0.20542392 0.18876861]
sigma=0.0012315506032928262
[0.37354138 0.20703404 0.18810174]
sigma=0.0013277477614727685
[0.38797857 0.20788525 0.18748289]
sigma=0.0014314589375234801
[0.39219169 0.21328343 0.18665009]
sigma=0.001543271055899177
[0.39119486 0.21448744 0.18620967]
sigma=0.001663816886076129
[0.38912207 0.21919634 0.18529853]
sigma=0.001793778623534895
[0.38377879 0.22335432 0.18427402]
sigma=0.0019338917504552321
[0.39449286 0.22531434 0.18371465]
sigma=0.0020849491979722254
[0.39288326 0.22304438 0.18341994]
sigma=0.002247805833548725
[0.37115799 0.22657139 0.18260315]
sigma=0.002423383298859157
[0.38661914 0.22781617 0.18219711]
sigma=0.002612675225563329
[0.38928989 0.23198392 0.18144025]
sigma=0.002816752858487498
[0.38747685 0.23153285 0.18092033]
sigma=0.0030367711180354605
[0.38636572 0.23074253 0.18051555]
sigma=0.0032739751361382215
[0.38390275 0.22969916 0.18008419]
sigma=0.00352970730273065
[0.38350894 0.23601713 0.17923338]
sigma=0.0038054148626326355
[0.39803118 0.23107186 0.17913664]
sigma=0.004102658105827195
[0.37724367 0.22938044 0.17897882]
sigma=0.004423119197486164
[0.39215286 0.23325117 0.17824529]
sigma=0.004768611697714475
[0.40016452 0.23215069 0.17772951]
sigma=0.0051410908248873686
[0.38966153 0.22723036 0.17765647]
sigma=0.005542664520663107
[0.39144774 0.22728941 0.17731008]
sigma=0.005975605379290428
[0.39394176 0.22801429 0.17682322]
sigma=0.006442363508721377
[0.3874903  0.22584132 0.17677025]
sigma=0.006945580396313452
[0.3978157  0.22328803 0.17628888]
sigma=0.0074881038575900305
[0.38731794 0.22207691 0.17587753]
sigma=0.008073004152657444
[0.39039817 0.22050839 0.17591002]
sigma=0.008703591361485167
[0.38180244 0.2185126  0.17573734]
sigma=0.009383434116379496
[0.37748377 0.21596378 0.17567523]
sigma=0.01011637979766208
[0.37131088 0.21989568 0.17510609]
sigma=0.01090657630684497
[0.38983723 0.213437   0.17532048]
sigma=0.01175849554052157
[0.37893422 0.21545954 0.17486898]
sigma=0.01267695869781724
[0.37339209 0.2154068  0.17471796]
sigma=0.013667163564620072
[0.39696457 0.21433312 0.17456948]
sigma=0.014734713928999454
[0.39524348 0.21254383 0.1745248 ]
sigma=0.015885651294280545
[0.39294583 0.2124647  0.17460852]
sigma=0.017126489069246062
[0.39753514 0.20824386 0.17476042]
sigma=0.018464249428955443
[0.38063454 0.20831712 0.1746608 ]
sigma=0.0199065030547846
[0.40024524 0.21330103 0.17415286]
sigma=0.021461411978584057
[0.40291961 0.21299194 0.17429381]
sigma=0.023137775773420247
[0.39701507 0.20960515 0.17444385]
sigma=0.024945081352303167
[0.36844593 0.21496214 0.17400258]
sigma=0.026893556656722717
[0.38598795 0.20937004 0.17430858]
sigma=0.02899422853882878
[0.39137621 0.21157908 0.17432209]
sigma=0.031258985164823415
[0.37666942 0.21308406 0.17400073]
sigma=0.033700643292719316
[0.38315907 0.21565037 0.17387047]
sigma=0.03633302080520445
[0.38690918 0.20917636 0.17435825]
sigma=0.039171014908092605
[0.3940626  0.21304038 0.17403601]
sigma=0.0422306864369017
[0.40093346 0.21289013 0.17404677]
sigma=0.045529350748669525
[0.39050767 0.21338815 0.17388648]
sigma=0.04908567571338432
[0.39390295 0.21264254 0.17398992]
sigma=0.052919787359584476
[0.40398428 0.21534504 0.17389819]
sigma=0.05705338377199956
[0.3938112  0.21942869 0.1736543 ]
sigma=0.06150985788580504
[0.3949106  0.21631216 0.17382595]
sigma=0.0663144298724096
[0.40147326 0.21354744 0.173901  ]
sigma=0.07149428986597584
[0.38391228 0.22077753 0.17359141]
sigma=0.07707875183839603
[0.39084201 0.21605613 0.17373536]
sigma=0.08309941949353404
[0.40244455 0.21567675 0.1738388 ]
sigma=0.08959036511956624
[0.40480903 0.21736702 0.17377402]
sigma=0.09658832241158709
[0.40364656 0.21605653 0.17375438]
sigma=0.10413289435570362
[0.39902158 0.21812723 0.17358478]
sigma=0.11226677735108136
[0.38832461 0.21611088 0.1736548 ]
sigma=0.12103600283829964
[0.39322514 0.21830552 0.17366782]
sigma=0.13049019780144042
[0.39134051 0.22102742 0.17350051]
sigma=0.140682865618154
[0.40517957 0.22470985 0.1731532 ]
sigma=0.1516716888470924
[0.40887225 0.21226471 0.17390461]
sigma=0.16351885566624894
[0.40703681 0.22122984 0.17337163]
sigma=0.1762914118095948
[0.39712319 0.22062114 0.17342376]
sigma=0.19006163999369882
[0.40654597 0.22355226 0.17315731]
sigma=0.20490746898158502
[0.40290427 0.2200671  0.17334706]
sigma=0.2209129145988173
[0.4156821  0.22141759 0.17316359]
sigma=0.23816855519761607
[0.41236836 0.22979508 0.17254858]
sigma=0.2567720442597591
[0.4142975  0.22502304 0.17279936]
sigma=0.27682866303920667
[0.40014931 0.22356055 0.17282613]
sigma=0.2984519163719754
[0.40841089 0.22582377 0.17267771]
sigma=0.3217641750250742
[0.40525072 0.22969018 0.17227676]
sigma=0.34689736821970707
[0.40868129 0.23106321 0.17215122]
sigma=0.3739937302478802
[0.42496957 0.22785539 0.17227921]
sigma=0.40320660540767433
[0.41193073 0.230073   0.17204653]
sigma=0.43470131581250265
[0.43172635 0.23100564 0.17194542]
sigma=0.46865609698547095
[0.43366228 0.23710008 0.171296  ]
sigma=0.505263106533568
[0.43274604 0.23110392 0.17134189]
sigma=0.5447295116100166
[0.43383427 0.23868985 0.17074586]
sigma=0.5872786613189489
[0.43789637 0.23815224 0.17062546]
sigma=0.6331513506973245
[0.43083133 0.24082082 0.17021236]
sigma=0.6826071834272393
[0.44348741 0.24326144 0.16990601]
sigma=0.7359260409904984
[0.45728369 0.25248977 0.16911719]
sigma=0.7934096665797492
[0.454011   0.25046166 0.16890954]
sigma=0.8553833727298659
[0.45112845 0.25230036 0.16840805]
sigma=0.9221978823334341
[0.45823766 0.25881502 0.16776358]
sigma=0.9942313134590756
[0.45533872 0.26286573 0.16715717]
sigma=1.0718913192051287
[0.4722567  0.27275323 0.1663426 ]
sigma=1.1556173946985666
[0.49442563 0.27881268 0.16563381]
sigma=1.2458833642950082
[0.49110815 0.27697354 0.16509043]
sigma=1.3432000630554168
[0.49201215 0.2838702  0.1643777 ]
sigma=1.448118227674536
[0.49344326 0.29059127 0.16349653]
sigma=1.5612316132215045
[0.50314195 0.29274683 0.16276927]
sigma=1.6831803533309584
[0.49015099 0.30627214 0.16166283]
sigma=1.8146545828606506
[0.49544885 0.31032594 0.16063578]
sigma=1.9563983435170649
[0.50008838 0.32581764 0.15960276]
sigma=2.109213794551798
[0.51511395 0.331122   0.15852836]
sigma=2.273965752357932
[0.52329508 0.34401375 0.15719844]
sigma=2.4515865846570435
[0.52055173 0.35709094 0.15599714]
sigma=2.643081486974108
[0.5475925  0.36227359 0.15496884]
sigma=2.8495341712609874
[0.5390712  0.37453167 0.15335359]
sigma=3.0721129988617593
[0.53754139 0.38430437 0.15219712]
sigma=3.3120775925276664
[0.53123398 0.38989397 0.15100721]
sigma=3.57078596490047
[0.52863953 0.40527222 0.14958556]
sigma=3.8497022038059776
[0.52703784 0.42666161 0.14765704]
sigma=4.150404757850481
[0.53153697 0.4218592  0.14597869]
sigma=4.474595369210039
[0.53329991 0.43740932 0.14472049]
sigma=4.824108704165374
[0.52241815 0.45553574 0.14246794]
sigma=5.200922735883646
[0.53302761 0.4665372  0.14085195]
sigma=5.60716993820547
[0.52027337 0.4818464  0.13828742]
sigma=6.045149353785448
[0.52399844 0.49792793 0.13624363]
sigma=6.517339604882434
[0.51688156 0.5095072  0.13316209]
sigma=7.026412920430313
[0.51376144 0.52093775 0.13228483]
sigma=7.57525025877192
[0.52371514 0.53090011 0.13001076]
sigma=8.166957611638585
[0.51024038 0.54253411 0.12918368]
sigma=8.804883581643464
[0.50836639 0.55985765 0.12738171]
sigma=9.492638332763466
[0.48666369 0.56338165 0.1263735 ]
sigma=10.234114021054548
[0.51016285 0.57127763 0.12505409]
sigma=11.033506821222625
[0.50248631 0.59432506 0.12453371]
sigma=11.895340673703208
[0.48482142 0.60144801 0.12237933]
sigma=12.824492886639492
[0.49648028 0.61889124 0.11987836]
sigma=13.826221737646565
[0.49101326 0.64091572 0.11973441]
sigma=14.906196231566014
[0.49041145 0.64660372 0.11841416]
sigma=16.070528182616417
[0.49703229 0.66822023 0.11663551]
sigma=17.325806802500114
[0.45859853 0.68968472 0.11475456]
sigma=18.679135990207847
[0.47488158 0.70449615 0.11319467]
sigma=20.138174534552142
[0.46152018 0.71723755 0.11344502]
sigma=21.711179456945054
[0.45350516 0.72023139 0.10895384]
sigma=23.407052739706373
[0.44418648 0.74610435 0.11014229]
sigma=25.23539170434771
[0.45385483 0.75202452 0.10681635]
sigma=27.206543324935
[0.44249191 0.77154424 0.10504372]
sigma=29.331662783900484
[0.44338784 0.77645494 0.10100367]
sigma=31.622776601683793
[0.42113912 0.78341489 0.10236475]
