sigma=1e-05
0.04559850800885623
sigma=1.0781106013205947e-05
0.050638676269805574
sigma=1.1623224686798518e-05
0.05296301449056221
sigma=1.2531121756368731e-05
0.06031832608640293
sigma=1.3509935211980278e-05
0.06369442701206482
sigma=1.4565204375190305e-05
0.06922194114390977
sigma=1.5702901247293774e-05
0.07300983384546557
sigma=1.692946430619781e-05
0.08249141876723005
sigma=1.8251834943190425e-05
0.08767117890135147
sigma=1.967749674580727e-05
0.0951632925100146
sigma=2.121451784910632e-05
0.1029412255101661
sigma=2.2871596595026458e-05
0.11166856671267177
sigma=2.465811075822604e-05
0.11995812366470084
sigma=2.6584170616980845e-05
0.1295556318437308
sigma=2.8660676169482503e-05
0.1434394662654657
sigma=3.089937881933562e-05
0.15481173043025642
sigma=3.33129478793467e-05
0.1696627011296295
sigma=3.59150422699641e-05
0.1776766429576175
sigma=3.872038781812557e-05
0.20718290543468676
sigma=4.17448605939659e-05
0.2108291427440383
sigma=4.5005576757004976e-05
0.2340592505809987
sigma=4.852098942027481e-05
0.2530647200097095
sigma=5.231099308056258e-05
0.2802532573041265
sigma=5.639703620576279e-05
0.30771265839687134
sigma=6.080224261649427e-05
0.32441882715090425
sigma=6.555154234890919e-05
0.33725422189875237
sigma=7.067181273927492e-05
0.36742604401217643
sigma=7.619203052875614e-05
0.3931306157503241
sigma=8.214343584919422e-05
0.4071407810469069
sigma=8.855970901791447e-05
0.43749253312925823
sigma=9.547716114208066e-05
0.44349243830156154
sigma=0.00010293493961127168
0.45251168342617937
sigma=0.00011097524964120722
0.4708351619028581
sigma=0.00011964359312238502
0.4744927280444994
sigma=0.0001289890261253308
0.4838140727885394
sigma=0.0001390644365197383
0.5077947216544715
sigma=0.00014992684327860457
0.5071077219295679
sigma=0.00016163771916119475
0.49733775048295903
sigma=0.00017426333860096508
0.5067072719720376
sigma=0.00018787515276722067
0.484630299281663
sigma=0.00020255019392306664
0.49395044665401466
sigma=0.00021837151136800043
0.48055137895318595
sigma=0.00023542864143224178
0.4896360887802232
sigma=0.0002538181141826046
0.4784851006894305
sigma=0.0002736439997074672
0.48235053549244516
sigma=0.0002950184970723898
0.4616699799278656
sigma=0.0003180625692794119
0.42918145447207406
sigma=0.00034290662782340007
0.4412309413698571
sigma=0.0003696912707195028
0.4394398756643741
sigma=0.00039856807817837753
0.4246326639806049
sigma=0.0004297004704320844
0.41344402526628105
sigma=0.00046326463256527643
0.42264297934403927
sigma=0.000499450511585514
0.40697161139617294
sigma=0.0005384628913753371
0.4184091778326973
sigma=0.0005805225516094902
0.41592611111226935
sigma=0.0006258675171958727
0.3977360114252958
sigma=0.0006747544053110699
0.4050678156656706
sigma=0.0007274598776536371
0.3981302349590239
sigma=0.0007842822061337681
0.38128284216722697
sigma=0.0008455429608599194
0.40352945730423734
sigma=0.0009115888299750828
0.38990303081770095
sigma=0.0009827935816415728
0.399993009734328
sigma=0.001059560179277616
0.3977094729637424
sigma=0.0011423230620163476
0.39428954433840013
sigma=0.0012315506032928262
0.39372702680817084
sigma=0.0013277477614727685
0.40163284162760415
sigma=0.0014314589375234801
0.38436153883948904
sigma=0.001543271055899177
0.3893910613429868
sigma=0.001663816886076129
0.3857557360570423
sigma=0.001793778623534895
0.3899096043447158
sigma=0.0019338917504552321
0.3979649629163621
sigma=0.0020849491979722254
0.38127678575316265
sigma=0.002247805833548725
0.3993194035411648
sigma=0.002423383298859157
0.3905303577816669
sigma=0.002612675225563329
0.39633483375998096
sigma=0.002816752858487498
0.38796410843752793
sigma=0.0030367711180354605
0.3879297656588341
sigma=0.0032739751361382215
0.40077890829182883
sigma=0.00352970730273065
0.3912177948987699
sigma=0.0038054148626326355
0.38155113634367166
sigma=0.004102658105827195
0.38382757675790136
sigma=0.004423119197486164
0.37983669594700165
sigma=0.004768611697714475
0.40339231000312853
sigma=0.0051410908248873686
0.3900591384556455
sigma=0.005542664520663107
0.39181663184967397
sigma=0.005975605379290428
0.39881120051618907
sigma=0.006442363508721377
0.3978880833584666
sigma=0.006945580396313452
0.4011888097054559
sigma=0.0074881038575900305
0.40398285690739155
sigma=0.008073004152657444
0.38693756142979024
sigma=0.008703591361485167
0.3992576285531447
sigma=0.009383434116379496
0.39456217493280654
sigma=0.01011637979766208
0.4022771047514479
sigma=0.01090657630684497
0.40076726067790075
sigma=0.01175849554052157
0.3965794717957226
sigma=0.01267695869781724
0.4043283230713511
sigma=0.013667163564620072
0.39752408290441094
sigma=0.014734713928999454
0.38920714251007704
sigma=0.015885651294280545
0.4025336721703684
sigma=0.017126489069246062
0.40502077081810106
sigma=0.018464249428955443
0.3956494489515536
sigma=0.0199065030547846
0.3884168191952738
sigma=0.021461411978584057
0.4082755219277729
sigma=0.023137775773420247
0.40369655134157884
sigma=0.024945081352303167
0.394597967730889
sigma=0.026893556656722717
0.3958860718321036
sigma=0.02899422853882878
0.39741434796149505
sigma=0.031258985164823415
0.40403279920702945
sigma=0.033700643292719316
0.40461825383778094
sigma=0.03633302080520445
0.413904660462255
sigma=0.039171014908092605
0.4179954683199652
sigma=0.0422306864369017
0.41483684134977666
sigma=0.045529350748669525
0.42619757352058857
sigma=0.04908567571338432
0.430940457977132
sigma=0.052919787359584476
0.4488502386939271
sigma=0.05705338377199956
0.415163679260567
sigma=0.06150985788580504
0.42550281871422235
sigma=0.0663144298724096
0.4294065819925118
sigma=0.07149428986597584
0.42705208658171806
sigma=0.07707875183839603
0.4296327822857792
sigma=0.08309941949353404
0.44607253274635217
sigma=0.08959036511956624
0.4602101309744048
sigma=0.09658832241158709
0.4589549646534324
sigma=0.10413289435570362
0.4715803381353244
sigma=0.11226677735108136
0.46568690628067533
sigma=0.12103600283829964
0.46560433283778696
sigma=0.13049019780144042
0.4825159891283665
sigma=0.140682865618154
0.48398880970487484
sigma=0.1516716888470924
0.4925951943094171
sigma=0.16351885566624894
0.48287126651287066
sigma=0.1762914118095948
0.5021079184190003
sigma=0.19006163999369882
0.4992300632251696
sigma=0.20490746898158502
0.5104593925312606
sigma=0.2209129145988173
0.5101532990455325
sigma=0.23816855519761607
0.5144421215174376
sigma=0.2567720442597591
0.5203459253500752
sigma=0.27682866303920667
0.5023440261513433
sigma=0.2984519163719754
0.5225189511484363
sigma=0.3217641750250742
0.5247208156893615
sigma=0.34689736821970707
0.5379864547924739
sigma=0.3739937302478802
0.5372165502619074
sigma=0.40320660540767433
0.5221390578053351
sigma=0.43470131581250265
0.5240223318820688
sigma=0.46865609698547095
0.5384360911132012
sigma=0.505263106533568
0.538071199688487
sigma=0.5447295116100166
0.5362618569708838
sigma=0.5872786613189489
0.5315886820472729
sigma=0.6331513506973245
0.5336575575047221
sigma=0.6826071834272393
0.5248737393089914
sigma=0.7359260409904984
0.5306974196169161
sigma=0.7934096665797492
0.5471933563069294
sigma=0.8553833727298659
0.5362317976491711
sigma=0.9221978823334341
0.5360895424238173
sigma=0.9942313134590756
0.5222712083238646
sigma=1.0718913192051287
0.5288970946207503
sigma=1.1556173946985666
0.5222738912288319
sigma=1.2458833642950082
0.5161621373211652
sigma=1.3432000630554168
0.5143681178167012
sigma=1.448118227674536
0.49218073601987194
sigma=1.5612316132215045
0.5034338917168665
sigma=1.6831803533309584
0.4860142670614392
sigma=1.8146545828606506
0.48141931159210194
sigma=1.9563983435170649
0.4736231374762169
sigma=2.109213794551798
0.4633444964390494
sigma=2.273965752357932
0.4641510183247174
sigma=2.4515865846570435
0.46630015813688547
sigma=2.643081486974108
0.4417543563075831
sigma=2.8495341712609874
0.45568704123456955
sigma=3.0721129988617593
0.4612015002196169
sigma=3.3120775925276664
0.42845858731161673
sigma=3.57078596490047
0.4333449316083399
sigma=3.8497022038059776
0.4360622797227049
sigma=4.150404757850481
0.4333452249575933
sigma=4.474595369210039
0.43015424692256427
sigma=4.824108704165374
0.43815767597364924
sigma=5.200922735883646
0.43092765230884145
sigma=5.60716993820547
0.4349769018170093
sigma=6.045149353785448
0.41890766802295637
sigma=6.517339604882434
0.41688943965973163
sigma=7.026412920430313
0.41223829589139016
sigma=7.57525025877192
0.4073287590759395
sigma=8.166957611638585
0.4238380556166534
sigma=8.804883581643464
0.41356878026527183
sigma=9.492638332763466
0.4177560644238044
sigma=10.234114021054548
0.40978502255569443
sigma=11.033506821222625
0.41273642467107563
sigma=11.895340673703208
0.4103835863591409
sigma=12.824492886639492
0.3893375869340847
sigma=13.826221737646565
0.3849826869656686
sigma=14.906196231566014
0.3988244167100193
sigma=16.070528182616417
0.38446137309452416
sigma=17.325806802500114
0.39053483549541534
sigma=18.679135990207847
0.37040862806957514
sigma=20.138174534552142
0.3747739563265989
sigma=21.711179456945054
0.3657452605830454
sigma=23.407052739706373
0.36322934095987675
sigma=25.23539170434771
0.36300313157771835
sigma=27.206543324935
0.35632177889947864
sigma=29.331662783900484
0.34749027524010606
sigma=31.622776601683793
0.3412108598619927
