sigma=1e-05
0.080921135234417
sigma=1.0781106013205947e-05
0.08398336898142107
sigma=1.1623224686798518e-05
0.09298046866458111
sigma=1.2531121756368731e-05
0.09889947018053391
sigma=1.3509935211980278e-05
0.10767482081787545
sigma=1.4565204375190305e-05
0.11849211959265386
sigma=1.5702901247293774e-05
0.12273133415532539
sigma=1.692946430619781e-05
0.13441309810790497
sigma=1.8251834943190425e-05
0.15099423064434844
sigma=1.967749674580727e-05
0.165256451594897
sigma=2.121451784910632e-05
0.1731926912055791
sigma=2.2871596595026458e-05
0.19397202131193278
sigma=2.465811075822604e-05
0.2267138541972776
sigma=2.6584170616980845e-05
0.23329786855973572
sigma=2.8660676169482503e-05
0.25389829889222676
sigma=3.089937881933562e-05
0.2739478344835475
sigma=3.33129478793467e-05
0.2982721598261999
sigma=3.59150422699641e-05
0.3297891425903127
sigma=3.872038781812557e-05
0.3436592422619166
sigma=4.17448605939659e-05
0.3802583336466234
sigma=4.5005576757004976e-05
0.38367971711044063
sigma=4.852098942027481e-05
0.4271505662427512
sigma=5.231099308056258e-05
0.42489519646334684
sigma=5.639703620576279e-05
0.4564401707481479
sigma=6.080224261649427e-05
0.4725536350069494
sigma=6.555154234890919e-05
0.5044879989479951
sigma=7.067181273927492e-05
0.5009379778717985
sigma=7.619203052875614e-05
0.5170811822980206
sigma=8.214343584919422e-05
0.5145657063073412
sigma=8.855970901791447e-05
0.5098305998834483
sigma=9.547716114208066e-05
0.5168684875082802
sigma=0.00010293493961127168
0.506560568455617
sigma=0.00011097524964120722
0.5132282737667295
sigma=0.00011964359312238502
0.49214342895844854
sigma=0.0001289890261253308
0.48360889320415507
sigma=0.0001390644365197383
0.47409660295687145
sigma=0.00014992684327860457
0.4782334845679254
sigma=0.00016163771916119475
0.47169151413041305
sigma=0.00017426333860096508
0.4417783347922058
sigma=0.00018787515276722067
0.45800975610886724
sigma=0.00020255019392306664
0.44308569030082384
sigma=0.00021837151136800043
0.41838338923479196
sigma=0.00023542864143224178
0.42356442837322855
sigma=0.0002538181141826046
0.4236523220429848
sigma=0.0002736439997074672
0.40795484881691674
sigma=0.0002950184970723898
0.40188773484227597
sigma=0.0003180625692794119
0.4062617379117278
sigma=0.00034290662782340007
0.41577003875956625
sigma=0.0003696912707195028
0.3952808057632897
sigma=0.00039856807817837753
0.3869967474595891
sigma=0.0004297004704320844
0.40018189764376455
sigma=0.00046326463256527643
0.38991681393430533
sigma=0.000499450511585514
0.3980151483985423
sigma=0.0005384628913753371
0.3964401427809366
sigma=0.0005805225516094902
0.40530021890663337
sigma=0.0006258675171958727
0.4005320165383616
sigma=0.0006747544053110699
0.39416200683433084
sigma=0.0007274598776536371
0.38834688328970135
sigma=0.0007842822061337681
0.40415032914195065
sigma=0.0008455429608599194
0.39797590872454375
sigma=0.0009115888299750828
0.386778315294804
sigma=0.0009827935816415728
0.3790258627741052
sigma=0.001059560179277616
0.3990392759539633
sigma=0.0011423230620163476
0.3870182385052759
sigma=0.0012315506032928262
0.38897688342180076
sigma=0.0013277477614727685
0.3865303815125786
sigma=0.0014314589375234801
0.3828867141985835
sigma=0.001543271055899177
0.3996721815096324
sigma=0.001663816886076129
0.3954050324530997
sigma=0.001793778623534895
0.4039624123066551
sigma=0.0019338917504552321
0.38517495808486313
sigma=0.0020849491979722254
0.39280107308814033
sigma=0.002247805833548725
0.39370779568450825
sigma=0.002423383298859157
0.3987453889136585
sigma=0.002612675225563329
0.3746945474996375
sigma=0.002816752858487498
0.38885425264118195
sigma=0.0030367711180354605
0.38877879620299594
sigma=0.0032739751361382215
0.39257539737147573
sigma=0.00352970730273065
0.3827411513013385
sigma=0.0038054148626326355
0.3905608122437868
sigma=0.004102658105827195
0.38797739058549185
sigma=0.004423119197486164
0.39490312033295133
sigma=0.004768611697714475
0.3963518212953794
sigma=0.0051410908248873686
0.3880807908077584
sigma=0.005542664520663107
0.3943851327361312
sigma=0.005975605379290428
0.4025606164554438
sigma=0.006442363508721377
0.39001120884665375
sigma=0.006945580396313452
0.3861058361943821
sigma=0.0074881038575900305
0.3812158640819276
sigma=0.008073004152657444
0.38593382981037777
sigma=0.008703591361485167
0.40242792600313726
sigma=0.009383434116379496
0.4006222270882978
sigma=0.01011637979766208
0.3937959091785851
sigma=0.01090657630684497
0.38535025665550227
sigma=0.01175849554052157
0.3783632405063427
sigma=0.01267695869781724
0.38773431933689506
sigma=0.013667163564620072
0.39712480336036543
sigma=0.014734713928999454
0.39639363885698065
sigma=0.015885651294280545
0.3819646349002286
sigma=0.017126489069246062
0.4166059971318688
sigma=0.018464249428955443
0.3969505666274725
sigma=0.0199065030547846
0.39825367388571065
sigma=0.021461411978584057
0.3857661893019075
sigma=0.023137775773420247
0.3895732452356994
sigma=0.024945081352303167
0.3887987693249333
sigma=0.026893556656722717
0.41110346975211726
sigma=0.02899422853882878
0.39392316199535155
sigma=0.031258985164823415
0.39707807608110823
sigma=0.033700643292719316
0.3968476476770381
sigma=0.03633302080520445
0.3850792673269488
sigma=0.039171014908092605
0.37256264302628117
sigma=0.0422306864369017
0.38677562647953856
sigma=0.045529350748669525
0.3898053935353102
sigma=0.04908567571338432
0.37574770037783095
sigma=0.052919787359584476
0.40234844058970715
sigma=0.05705338377199956
0.39253461948543505
sigma=0.06150985788580504
0.3971703845808293
sigma=0.0663144298724096
0.4037106770613716
sigma=0.07149428986597584
0.3956760389134649
sigma=0.07707875183839603
0.39153044517079405
sigma=0.08309941949353404
0.41471088347307433
sigma=0.08959036511956624
0.3881602100794018
sigma=0.09658832241158709
0.3811919817622395
sigma=0.10413289435570362
0.40210757813257075
sigma=0.11226677735108136
0.3845669446435587
sigma=0.12103600283829964
0.398267333449786
sigma=0.13049019780144042
0.3898888793348203
sigma=0.140682865618154
0.3888729054653464
sigma=0.1516716888470924
0.38332543076338044
sigma=0.16351885566624894
0.3936968815846711
sigma=0.1762914118095948
0.38445016329772236
sigma=0.19006163999369882
0.3878007609249217
sigma=0.20490746898158502
0.3916577007336622
sigma=0.2209129145988173
0.38532300740804554
sigma=0.23816855519761607
0.40385058910512267
sigma=0.2567720442597591
0.39012181540631324
sigma=0.27682866303920667
0.3804678757976559
sigma=0.2984519163719754
0.3821036354180825
sigma=0.3217641750250742
0.3940752457702766
sigma=0.34689736821970707
0.39477461310304335
sigma=0.3739937302478802
0.37998920061530395
sigma=0.40320660540767433
0.39080193812637265
sigma=0.43470131581250265
0.3843335009557617
sigma=0.46865609698547095
0.3984617476423512
sigma=0.505263106533568
0.37645120230526846
sigma=0.5447295116100166
0.38678502562779205
sigma=0.5872786613189489
0.3879767376469792
sigma=0.6331513506973245
0.3870165092080689
sigma=0.6826071834272393
0.389474835627917
sigma=0.7359260409904984
0.39543408210400893
sigma=0.7934096665797492
0.38601479043582326
sigma=0.8553833727298659
0.3971953291626934
sigma=0.9221978823334341
0.38528021954260205
sigma=0.9942313134590756
0.3816791520045553
sigma=1.0718913192051287
0.3958921727584603
sigma=1.1556173946985666
0.3856369489125743
sigma=1.2458833642950082
0.39342544690441694
sigma=1.3432000630554168
0.4021754504136811
sigma=1.448118227674536
0.40314010743794915
sigma=1.5612316132215045
0.3768666321827962
sigma=1.6831803533309584
0.38773458297084473
sigma=1.8146545828606506
0.387159734679086
sigma=1.9563983435170649
0.39046318421601633
sigma=2.109213794551798
0.3896628548549002
sigma=2.273965752357932
0.3865907127917183
sigma=2.4515865846570435
0.3864218615628426
sigma=2.643081486974108
0.3845899502386508
sigma=2.8495341712609874
0.4062970209422601
sigma=3.0721129988617593
0.3908879136899268
sigma=3.3120775925276664
0.39523871135720995
sigma=3.57078596490047
0.39362666934910473
sigma=3.8497022038059776
0.3804606268331921
sigma=4.150404757850481
0.39010631105551674
sigma=4.474595369210039
0.38305405420856103
sigma=4.824108704165374
0.36657927422488773
sigma=5.200922735883646
0.39546931644465483
sigma=5.60716993820547
0.3852550043028604
sigma=6.045149353785448
0.3872178142494679
sigma=6.517339604882434
0.37951403825957897
sigma=7.026412920430313
0.38170629707776044
sigma=7.57525025877192
0.38923189150659704
sigma=8.166957611638585
0.37780179024688587
sigma=8.804883581643464
0.3815594044686993
sigma=9.492638332763466
0.39060394418171923
sigma=10.234114021054548
0.3985703136628139
sigma=11.033506821222625
0.3730973343614423
sigma=11.895340673703208
0.387413423939751
sigma=12.824492886639492
0.37990848799636917
sigma=13.826221737646565
0.385023111400909
sigma=14.906196231566014
0.37727469925816126
sigma=16.070528182616417
0.3853866481506428
sigma=17.325806802500114
0.38300796870233705
sigma=18.679135990207847
0.38869354422385755
sigma=20.138174534552142
0.38400968436546623
sigma=21.711179456945054
0.38210995695573957
sigma=23.407052739706373
0.3801409902076731
sigma=25.23539170434771
0.3779862504175179
sigma=27.206543324935
0.401576746543835
sigma=29.331662783900484
0.3839100786574473
sigma=31.622776601683793
0.39606764840679304
