sigma=1e-05
0.153754756942556
sigma=1.0781106013205947e-05
0.17141859000726992
sigma=1.1623224686798518e-05
0.19043413470609857
sigma=1.2531121756368731e-05
0.19592805990849793
sigma=1.3509935211980278e-05
0.2298696854995758
sigma=1.4565204375190305e-05
0.25158360190620854
sigma=1.5702901247293774e-05
0.2776228382702455
sigma=1.692946430619781e-05
0.29519729683578527
sigma=1.8251834943190425e-05
0.32900023117078653
sigma=1.967749674580727e-05
0.34751347875981936
sigma=2.121451784910632e-05
0.37637243834990125
sigma=2.2871596595026458e-05
0.4151299214945748
sigma=2.465811075822604e-05
0.44138947420832675
sigma=2.6584170616980845e-05
0.45262465071932845
sigma=2.8660676169482503e-05
0.47440886262182624
sigma=3.089937881933562e-05
0.5123338912613616
sigma=3.33129478793467e-05
0.5256427472113919
sigma=3.59150422699641e-05
0.5423772555163656
sigma=3.872038781812557e-05
0.529507696548298
sigma=4.17448605939659e-05
0.5469386443783015
sigma=4.5005576757004976e-05
0.5499108438310407
sigma=4.852098942027481e-05
0.5407926120587232
sigma=5.231099308056258e-05
0.5265604460927441
sigma=5.639703620576279e-05
0.5196926962206083
sigma=6.080224261649427e-05
0.5056414459155402
sigma=6.555154234890919e-05
0.5017258342966732
sigma=7.067181273927492e-05
0.4865721602020047
sigma=7.619203052875614e-05
0.45427192719355064
sigma=8.214343584919422e-05
0.44882495537727685
sigma=8.855970901791447e-05
0.4513111432801417
sigma=9.547716114208066e-05
0.43695124379679545
sigma=0.00010293493961127168
0.4320200414834919
sigma=0.00011097524964120722
0.4297723054495298
sigma=0.00011964359312238502
0.4204622675090282
sigma=0.0001289890261253308
0.42003024303699804
sigma=0.0001390644365197383
0.41499604412893853
sigma=0.00014992684327860457
0.40817855219069193
sigma=0.00016163771916119475
0.4009637051123631
sigma=0.00017426333860096508
0.3994424741474153
sigma=0.00018787515276722067
0.3935754310251358
sigma=0.00020255019392306664
0.39923911763173775
sigma=0.00021837151136800043
0.3900795231195289
sigma=0.00023542864143224178
0.3945237652542284
sigma=0.0002538181141826046
0.40501817825848324
sigma=0.0002736439997074672
0.38863274841310136
sigma=0.0002950184970723898
0.386219481459
sigma=0.0003180625692794119
0.38964692903353293
sigma=0.00034290662782340007
0.389723499039124
sigma=0.0003696912707195028
0.38593318288348527
sigma=0.00039856807817837753
0.4017185334613106
sigma=0.0004297004704320844
0.39324075162662336
sigma=0.00046326463256527643
0.3872778280205024
sigma=0.000499450511585514
0.3937918332395512
sigma=0.0005384628913753371
0.3955513337671036
sigma=0.0005805225516094902
0.39038850655515894
sigma=0.0006258675171958727
0.3945548953180341
sigma=0.0006747544053110699
0.3863911720014787
sigma=0.0007274598776536371
0.3889237905707146
sigma=0.0007842822061337681
0.3883785129970903
sigma=0.0008455429608599194
0.3859461702893749
sigma=0.0009115888299750828
0.39093215202645537
sigma=0.0009827935816415728
0.3780542221029899
sigma=0.001059560179277616
0.38379225062117467
sigma=0.0011423230620163476
0.3917755325275288
sigma=0.0012315506032928262
0.39589624301907017
sigma=0.0013277477614727685
0.37171610298708785
sigma=0.0014314589375234801
0.39242352222889837
sigma=0.001543271055899177
0.38097256937692575
sigma=0.001663816886076129
0.4034822140496529
sigma=0.001793778623534895
0.3911983669289768
sigma=0.0019338917504552321
0.37883090179984574
sigma=0.0020849491979722254
0.38981742773759515
sigma=0.002247805833548725
0.3823448197223684
sigma=0.002423383298859157
0.37254295842522983
sigma=0.002612675225563329
0.3998492819069235
sigma=0.002816752858487498
0.37364836749939984
sigma=0.0030367711180354605
0.3769678654169113
sigma=0.0032739751361382215
0.38617590121133744
sigma=0.00352970730273065
0.3814853435684116
sigma=0.0038054148626326355
0.38948305689284995
sigma=0.004102658105827195
0.4098414547567334
sigma=0.004423119197486164
0.39018849580883624
sigma=0.004768611697714475
0.39546935883034995
sigma=0.0051410908248873686
0.3833757724650239
sigma=0.005542664520663107
0.3990116150618282
sigma=0.005975605379290428
0.3691738986619979
sigma=0.006442363508721377
0.3802117862669402
sigma=0.006945580396313452
0.39426161449761954
sigma=0.0074881038575900305
0.3765553767605493
sigma=0.008073004152657444
0.3883474614489539
sigma=0.008703591361485167
0.38404518210637456
sigma=0.009383434116379496
0.3910723771324008
sigma=0.01011637979766208
0.38458075952818305
sigma=0.01090657630684497
0.38064033571059047
sigma=0.01175849554052157
0.3889679640516181
sigma=0.01267695869781724
0.3901185058043104
sigma=0.013667163564620072
0.3953648737174756
sigma=0.014734713928999454
0.38007390360050003
sigma=0.015885651294280545
0.3903311965739665
sigma=0.017126489069246062
0.37908626585023897
sigma=0.018464249428955443
0.38515969130370986
sigma=0.0199065030547846
0.3871105795319656
sigma=0.021461411978584057
0.37895597375060924
sigma=0.023137775773420247
0.3916395956183223
sigma=0.024945081352303167
0.38415877884901367
sigma=0.026893556656722717
0.37308541249229016
sigma=0.02899422853882878
0.3919406145698444
sigma=0.031258985164823415
0.40042968597044953
sigma=0.033700643292719316
0.39069574169267524
sigma=0.03633302080520445
0.3836953600289471
sigma=0.039171014908092605
0.37153590837163
sigma=0.0422306864369017
0.3868733453110904
sigma=0.045529350748669525
0.38926764286809074
sigma=0.04908567571338432
0.3849491453671361
sigma=0.052919787359584476
0.399878330960133
sigma=0.05705338377199956
0.38878115172780403
sigma=0.06150985788580504
0.398075804379989
sigma=0.0663144298724096
0.38890759324964724
sigma=0.07149428986597584
0.3804729155467823
sigma=0.07707875183839603
0.37821274200295446
sigma=0.08309941949353404
0.3886884175247136
sigma=0.08959036511956624
0.3925274448840319
sigma=0.09658832241158709
0.3838922397325516
sigma=0.10413289435570362
0.37687455414740445
sigma=0.11226677735108136
0.36632614888649734
sigma=0.12103600283829964
0.38958915340451655
sigma=0.13049019780144042
0.3982770573898418
sigma=0.140682865618154
0.3818342690095378
sigma=0.1516716888470924
0.38317869547262506
sigma=0.16351885566624894
0.36972393510812895
sigma=0.1762914118095948
0.38627057669544396
sigma=0.19006163999369882
0.38417709468867767
sigma=0.20490746898158502
0.36942541516890887
sigma=0.2209129145988173
0.39484875489121013
sigma=0.23816855519761607
0.3878219459335575
sigma=0.2567720442597591
0.40132889102658564
sigma=0.27682866303920667
0.37438714032549314
sigma=0.2984519163719754
0.3861650015205566
sigma=0.3217641750250742
0.3821154697911147
sigma=0.34689736821970707
0.3925776122876801
sigma=0.3739937302478802
0.38537026829764615
sigma=0.40320660540767433
0.369821768484183
sigma=0.43470131581250265
0.38930383786335004
sigma=0.46865609698547095
0.3792407019461717
sigma=0.505263106533568
0.3813228959480496
sigma=0.5447295116100166
0.3851454088060011
sigma=0.5872786613189489
0.3898206689676246
sigma=0.6331513506973245
0.3855156614047467
sigma=0.6826071834272393
0.3825374540175524
sigma=0.7359260409904984
0.3675143618768232
sigma=0.7934096665797492
0.3806617947637658
sigma=0.8553833727298659
0.40525163102474815
sigma=0.9221978823334341
0.37832302027778053
sigma=0.9942313134590756
0.38731239607009343
sigma=1.0718913192051287
0.3837966865101508
sigma=1.1556173946985666
0.4021991188413433
sigma=1.2458833642950082
0.38840029701812
sigma=1.3432000630554168
0.3873773737268612
sigma=1.448118227674536
0.3712248180312459
sigma=1.5612316132215045
0.38611701987799385
sigma=1.6831803533309584
0.38426330603229203
sigma=1.8146545828606506
0.37656215593596787
sigma=1.9563983435170649
0.3838532192141833
sigma=2.109213794551798
0.4085691588734225
sigma=2.273965752357932
0.3945232331482648
sigma=2.4515865846570435
0.3870509979673758
sigma=2.643081486974108
0.3796506905490927
sigma=2.8495341712609874
0.39086339278887927
sigma=3.0721129988617593
0.3833229898096116
sigma=3.3120775925276664
0.39554075450054643
sigma=3.57078596490047
0.4039589066100601
sigma=3.8497022038059776
0.38691511131992457
sigma=4.150404757850481
0.38272617585447555
sigma=4.474595369210039
0.3882852733528878
sigma=4.824108704165374
0.3860517987817293
sigma=5.200922735883646
0.3852475195172375
sigma=5.60716993820547
0.3888178679208381
sigma=6.045149353785448
0.38865260437735116
sigma=6.517339604882434
0.3848096290010968
sigma=7.026412920430313
0.379723754727416
sigma=7.57525025877192
0.3896332802189758
sigma=8.166957611638585
0.37924264936785906
sigma=8.804883581643464
0.38492689808740593
sigma=9.492638332763466
0.39302248450149496
sigma=10.234114021054548
0.38967768879643955
sigma=11.033506821222625
0.3959195052293856
sigma=11.895340673703208
0.37069017320835534
sigma=12.824492886639492
0.3908666725190527
sigma=13.826221737646565
0.38111814515556064
sigma=14.906196231566014
0.38359303531312694
sigma=16.070528182616417
0.38147116303929895
sigma=17.325806802500114
0.39492521669098324
sigma=18.679135990207847
0.38735121654019156
sigma=20.138174534552142
0.3777984463447146
sigma=21.711179456945054
0.37988189210897894
sigma=23.407052739706373
0.37800213756967466
sigma=25.23539170434771
0.3853826168664164
sigma=27.206543324935
0.3825360119326514
sigma=29.331662783900484
0.3967687592612153
sigma=31.622776601683793
0.37382181104992307
