sigma=0.01
0.4037266919537837
sigma=0.1109090909090909
0.39805999095056044
sigma=0.21181818181818182
0.3973793419526905
sigma=0.31272727272727274
0.3860339465316342
sigma=0.41363636363636364
0.4134260955980465
sigma=0.5145454545454545
0.421305559099585
sigma=0.6154545454545455
0.4184851040216399
sigma=0.7163636363636363
0.4251120939920116
sigma=0.8172727272727273
0.42485974574226304
sigma=0.9181818181818182
0.40372371232540455
sigma=1.019090909090909
0.41161437004729856
sigma=1.1199999999999999
0.4036546245901227
sigma=1.220909090909091
0.4167397931518896
sigma=1.3218181818181818
0.4335245736589218
sigma=1.4227272727272726
0.42418365601365204
sigma=1.5236363636363637
0.42105493494014895
sigma=1.6245454545454545
0.412441668083932
sigma=1.7254545454545454
0.4275798793876183
sigma=1.8263636363636364
0.4258955732926976
sigma=1.9272727272727272
0.4317648291133295
sigma=2.028181818181818
0.4111127154215025
sigma=2.129090909090909
0.42501261072336394
sigma=2.2299999999999995
0.43105083987827897
sigma=2.3309090909090906
0.4107163852135355
sigma=2.4318181818181817
0.43291805457637417
sigma=2.5327272727272723
0.42511779142745354
sigma=2.6336363636363633
0.4356839908576016
sigma=2.7345454545454544
0.42026023842983856
sigma=2.835454545454545
0.4332568593280032
sigma=2.936363636363636
0.4247310312524973
sigma=3.037272727272727
0.43958125279426447
sigma=3.1381818181818177
0.4490959772873241
sigma=3.239090909090909
0.4457819995743054
sigma=3.34
0.44229418475513754
sigma=3.4409090909090905
0.4224589258334325
sigma=3.5418181818181815
0.44280788106280805
sigma=3.6427272727272726
0.43713945692681466
sigma=3.743636363636363
0.4548525020084956
sigma=3.8445454545454543
0.4373747943969583
sigma=3.9454545454545453
0.4343326676397137
sigma=4.046363636363636
0.43890552819709205
sigma=4.1472727272727266
0.44475199689321343
sigma=4.248181818181818
0.4162952464279902
sigma=4.349090909090909
0.4425515011664345
sigma=4.449999999999999
0.4530457738454228
sigma=4.550909090909091
0.4348212604342881
sigma=4.651818181818181
0.45845509155752123
sigma=4.752727272727272
0.4554270748582982
sigma=4.8536363636363635
0.4579633819691912
sigma=4.954545454545454
0.4493236829545664
sigma=5.055454545454545
0.4500989617795813
sigma=5.156363636363636
0.44318842819446236
sigma=5.257272727272727
0.4300977312907275
sigma=5.3581818181818175
0.44966061907431454
sigma=5.459090909090909
0.44968553334429356
sigma=5.56
0.4600216113029695
sigma=5.66090909090909
0.44743111344821396
sigma=5.761818181818182
0.4585924200457338
sigma=5.862727272727272
0.4539353619022176
sigma=5.963636363636363
0.4671354450802364
sigma=6.0645454545454545
0.44603196834586367
sigma=6.165454545454545
0.4564595791786508
sigma=6.266363636363636
0.457026670367222
sigma=6.367272727272727
0.45130889870413693
sigma=6.468181818181818
0.4557151059832423
sigma=6.569090909090908
0.452891761299479
sigma=6.67
0.4513169592175522
sigma=6.7709090909090905
0.43989963633737605
sigma=6.871818181818181
0.4248294712787681
sigma=6.972727272727273
0.47169081585747935
sigma=7.073636363636363
0.4455790683902176
sigma=7.174545454545454
0.4420827220208361
sigma=7.275454545454545
0.45556524458862
sigma=7.376363636363636
0.44342814133071384
sigma=7.477272727272727
0.4266897143255194
sigma=7.578181818181818
0.45083879711880004
sigma=7.679090909090909
0.46712463796064324
sigma=7.779999999999999
0.44852747743072346
sigma=7.880909090909091
0.46994611573698697
sigma=7.9818181818181815
0.45204722284222865
sigma=8.082727272727272
0.4743397673357116
sigma=8.183636363636364
0.4550243913655175
sigma=8.284545454545453
0.44673346578295536
sigma=8.385454545454545
0.4471832958411988
sigma=8.486363636363636
0.44201496612103597
sigma=8.587272727272726
0.44215299176265077
sigma=8.688181818181818
0.45733126722087053
sigma=8.789090909090909
0.463262275518287
sigma=8.889999999999999
0.4445056238855002
sigma=8.99090909090909
0.4396264338805208
sigma=9.091818181818182
0.4464834807793701
sigma=9.192727272727272
0.45636605990940915
sigma=9.293636363636363
0.44360142455127843
sigma=9.394545454545455
0.44184797055873987
sigma=9.495454545454544
0.44929845425580595
sigma=9.596363636363636
0.4272032101316407
sigma=9.697272727272727
0.4529375143861271
sigma=9.798181818181817
0.44058717150358184
sigma=9.899090909090908
0.46336237102826805
sigma=10.0
0.4383873582260637
