sigma=0.001
0.3892876940720237
sigma=0.10200000000000001
0.4025691669186397
sigma=0.203
0.4082243800722882
sigma=0.30400000000000005
0.4012580594515677
sigma=0.405
0.38769405805693097
sigma=0.506
0.39917017081608047
sigma=0.6070000000000001
0.3651613461052134
sigma=0.7080000000000001
0.3804150794078664
sigma=0.809
0.38245659560110445
sigma=0.91
0.40531747793681594
sigma=1.011
0.39174656525421037
sigma=1.1119999999999999
0.3638166289051551
sigma=1.213
0.38696626826022495
sigma=1.314
0.38521992472413397
sigma=1.415
0.3729660466939769
sigma=1.516
0.3917765440230849
sigma=1.617
0.3762315350974756
sigma=1.718
0.3804770933483556
sigma=1.819
0.3860770264246211
sigma=1.92
0.37790567151661897
sigma=2.021
0.3847792695869643
sigma=2.122
0.4125798475399597
sigma=2.223
0.4052502736067517
sigma=2.324
0.37955069988499934
sigma=2.4250000000000003
0.39871076354970947
sigma=2.5260000000000002
0.37927415923432034
sigma=2.6270000000000002
0.3907956621572085
sigma=2.728
0.3800734369636253
sigma=2.829
0.380603568271213
sigma=2.93
0.3929991640102613
sigma=3.031
0.3797047599514956
sigma=3.132
0.37098029793161424
sigma=3.233
0.3654198076361678
sigma=3.334
0.39354927908134335
sigma=3.435
0.3978155682047183
sigma=3.536
0.3759315676085741
sigma=3.637
0.3903150224635425
sigma=3.738
0.3879234725708537
sigma=3.839
0.3751949484896834
sigma=3.94
0.4008444734239688
sigma=4.041
0.3813547933930237
sigma=4.142
0.38174035049228144
sigma=4.243
0.4000022250232395
sigma=4.344
0.3867037705753763
sigma=4.445
0.368820915586895
sigma=4.546
0.4033809485571188
sigma=4.647
0.3804501973676318
sigma=4.748
0.40461263287397997
sigma=4.849000000000001
0.384791473742854
sigma=4.950000000000001
0.35430075277593104
sigma=5.051000000000001
0.3874941872366261
sigma=5.152000000000001
0.3952299901608812
sigma=5.253000000000001
0.38489427525657927
sigma=5.354000000000001
0.39950853867392194
sigma=5.455000000000001
0.3808549960068266
sigma=5.556000000000001
0.37003391805097036
sigma=5.657000000000001
0.3834749946793313
sigma=5.758000000000001
0.3742947709779647
sigma=5.859000000000001
0.38172856890251283
sigma=5.960000000000001
0.37514579995423525
sigma=6.061000000000001
0.3898780206393525
sigma=6.162000000000001
0.37107087023444124
sigma=6.263000000000001
0.36903417464344723
sigma=6.364000000000001
0.39869679058785534
sigma=6.465000000000001
0.3960164686497368
sigma=6.566000000000001
0.36716468075015796
sigma=6.667000000000001
0.3897802984302138
sigma=6.768000000000001
0.3805876991231746
sigma=6.869000000000001
0.3717248215315282
sigma=6.970000000000001
0.37490619776987366
sigma=7.071000000000001
0.39430350281482085
sigma=7.172000000000001
0.3749173852696229
sigma=7.273000000000001
0.38380671383681536
sigma=7.3740000000000006
0.392694971692626
sigma=7.4750000000000005
0.38307078286605656
sigma=7.5760000000000005
0.3739089285748676
sigma=7.6770000000000005
0.3853389694803217
sigma=7.7780000000000005
0.35997906117292544
sigma=7.8790000000000004
0.38202658318987703
sigma=7.98
0.39385614915382805
sigma=8.081
0.39795937274522974
sigma=8.182
0.3965508424278402
sigma=8.283
0.3680406453000512
sigma=8.384
0.38679896586589824
sigma=8.485
0.3712462675889415
sigma=8.586
0.36997235517310834
sigma=8.687
0.3868738022358082
sigma=8.788
0.3721937557123146
sigma=8.889
0.3792320178981069
sigma=8.99
0.3836774077799888
sigma=9.091
0.3817800870568802
sigma=9.192
0.38163289224162456
sigma=9.293
0.4121773916633125
sigma=9.394
0.4014153856105354
sigma=9.495
0.3737191675465993
sigma=9.596
0.39152954276734114
sigma=9.697000000000001
0.4003454840468092
sigma=9.798
0.3673141097006229
sigma=9.899000000000001
0.4070561556864186
sigma=10.0
0.37917370850763826
