sigma=1e-05
0.06180157981532673
sigma=1.0781106013205947e-05
0.0675481242797001
sigma=1.1623224686798518e-05
0.07443219070217046
sigma=1.2531121756368731e-05
0.08439622767818733
sigma=1.3509935211980278e-05
0.08520584920499648
sigma=1.4565204375190305e-05
0.09499051908925009
sigma=1.5702901247293774e-05
0.10566114237339001
sigma=1.692946430619781e-05
0.11442591654332482
sigma=1.8251834943190425e-05
0.12218812547925793
sigma=1.967749674580727e-05
0.13121212354671014
sigma=2.121451784910632e-05
0.14834833970155772
sigma=2.2871596595026458e-05
0.1580375914245193
sigma=2.465811075822604e-05
0.16947106408682164
sigma=2.6584170616980845e-05
0.17783462207195824
sigma=2.8660676169482503e-05
0.20641391283607252
sigma=3.089937881933562e-05
0.2184505594868119
sigma=3.33129478793467e-05
0.2550298295969103
sigma=3.59150422699641e-05
0.2673910365792075
sigma=3.872038781812557e-05
0.27168758285166594
sigma=4.17448605939659e-05
0.3202946684492986
sigma=4.5005576757004976e-05
0.32739212388292843
sigma=4.852098942027481e-05
0.36241527059996065
sigma=5.231099308056258e-05
0.3912641720160311
sigma=5.639703620576279e-05
0.40744302884884287
sigma=6.080224261649427e-05
0.45693705687651254
sigma=6.555154234890919e-05
0.4814003868261059
sigma=7.067181273927492e-05
0.4862169446488868
sigma=7.619203052875614e-05
0.5070602782174036
sigma=8.214343584919422e-05
0.5177741307267109
sigma=8.855970901791447e-05
0.5289894952643057
sigma=9.547716114208066e-05
0.5360317089846559
sigma=0.00010293493961127168
0.5401629986367826
sigma=0.00011097524964120722
0.5355962216664473
sigma=0.00011964359312238502
0.518650334554484
sigma=0.0001289890261253308
0.5213064999439168
sigma=0.0001390644365197383
0.5083289562610412
sigma=0.00014992684327860457
0.49873692012740595
sigma=0.00016163771916119475
0.487329089618002
sigma=0.00017426333860096508
0.4912193223073492
sigma=0.00018787515276722067
0.45777913445837226
sigma=0.00020255019392306664
0.4531420185767302
sigma=0.00021837151136800043
0.4596960934524849
sigma=0.00023542864143224178
0.4286030589372381
sigma=0.0002538181141826046
0.42782725471823674
sigma=0.0002736439997074672
0.42344795502946475
sigma=0.0002950184970723898
0.40201231761232104
sigma=0.0003180625692794119
0.4104932360916448
sigma=0.00034290662782340007
0.40175637944987685
sigma=0.0003696912707195028
0.39608777971725684
sigma=0.00039856807817837753
0.396845508300008
sigma=0.0004297004704320844
0.4002800038938459
sigma=0.00046326463256527643
0.40091497605666626
sigma=0.000499450511585514
0.3846583842569622
sigma=0.0005384628913753371
0.3761012724814807
sigma=0.0005805225516094902
0.3836932365130082
sigma=0.0006258675171958727
0.40470336025716735
sigma=0.0006747544053110699
0.3781524074598279
sigma=0.0007274598776536371
0.3900947243606668
sigma=0.0007842822061337682
0.40545279047355826
sigma=0.0008455429608599194
0.3844215640835722
sigma=0.0009115888299750828
0.3795401018568892
sigma=0.0009827935816415728
0.40842301396371333
sigma=0.001059560179277616
0.3733924142101442
sigma=0.0011423230620163476
0.3894568301034499
sigma=0.0012315506032928262
0.3968270360071306
sigma=0.0013277477614727685
0.3890585075201101
sigma=0.0014314589375234801
0.39390065544162683
sigma=0.001543271055899177
0.38587822585490233
sigma=0.001663816886076129
0.39932564071018833
sigma=0.001793778623534895
0.3826579588678987
sigma=0.0019338917504552321
0.3907309801798394
sigma=0.0020849491979722254
0.38890987275163863
sigma=0.002247805833548725
0.37700534168433303
sigma=0.002423383298859157
0.37993834769463747
sigma=0.002612675225563329
0.3837758922674034
sigma=0.002816752858487498
0.39839226235075614
sigma=0.0030367711180354605
0.3928683648123606
sigma=0.0032739751361382215
0.3894163176766701
sigma=0.00352970730273065
0.3862180593035498
sigma=0.0038054148626326355
0.3739833429437986
sigma=0.004102658105827195
0.3746416515669018
sigma=0.004423119197486164
0.38003280949584783
sigma=0.004768611697714475
0.3908601672679045
sigma=0.0051410908248873686
0.3802753479010431
sigma=0.005542664520663107
0.38011802715558013
sigma=0.005975605379290428
0.38177044784199415
sigma=0.006442363508721377
0.38850726790747214
sigma=0.006945580396313452
0.39657156836228485
sigma=0.0074881038575900305
0.3966852458408972
sigma=0.008073004152657444
0.38509095280084055
sigma=0.008703591361485167
0.4037576251314673
sigma=0.009383434116379496
0.394017056317104
sigma=0.01011637979766208
0.38800973348256323
sigma=0.01090657630684497
0.39802877382052976
sigma=0.01175849554052157
0.3989292121279518
sigma=0.01267695869781724
0.38699172106775204
sigma=0.013667163564620072
0.3946661946607809
sigma=0.014734713928999454
0.40180837900389615
sigma=0.015885651294280545
0.3746971467638131
sigma=0.017126489069246062
0.3868176198275538
sigma=0.018464249428955443
0.38426618066309604
sigma=0.0199065030547846
0.3793943734420551
sigma=0.021461411978584057
0.39939217806641786
sigma=0.023137775773420247
0.4084097568861333
sigma=0.024945081352303167
0.41155123096334306
sigma=0.026893556656722717
0.403421736444067
sigma=0.02899422853882878
0.4031915249690509
sigma=0.031258985164823415
0.4010138202148055
sigma=0.033700643292719316
0.406848868353962
sigma=0.03633302080520445
0.3969987258481876
sigma=0.039171014908092605
0.40487808335693504
sigma=0.0422306864369017
0.3895499806856273
sigma=0.045529350748669525
0.3990208082162979
sigma=0.04908567571338432
0.3993086249854304
sigma=0.052919787359584476
0.394087901472676
sigma=0.05705338377199956
0.41411162330002377
sigma=0.06150985788580504
0.3948296882443355
sigma=0.0663144298724096
0.4174483396167737
sigma=0.07149428986597584
0.40156111081565204
sigma=0.07707875183839603
0.4136821943835035
sigma=0.08309941949353404
0.4197979115042443
sigma=0.08959036511956624
0.4023151485940458
sigma=0.09658832241158709
0.42355038574992604
sigma=0.10413289435570362
0.43221229610132184
sigma=0.11226677735108136
0.42179782775439983
sigma=0.12103600283829964
0.4437906494671415
sigma=0.13049019780144042
0.4343161579053566
sigma=0.140682865618154
0.4431497328034125
sigma=0.1516716888470924
0.44424573477530976
sigma=0.16351885566624894
0.439930535012551
sigma=0.1762914118095948
0.44539039096965627
sigma=0.19006163999369882
0.4509149633410026
sigma=0.20490746898158502
0.4512989866605963
sigma=0.2209129145988173
0.4551801474680965
sigma=0.23816855519761607
0.48061382357691385
sigma=0.2567720442597591
0.4781177320614284
sigma=0.27682866303920667
0.4810393158799851
sigma=0.2984519163719754
0.47093332213105366
sigma=0.3217641750250742
0.4771376023790136
sigma=0.34689736821970707
0.49283615118512986
sigma=0.3739937302478802
0.49230802847428484
sigma=0.40320660540767433
0.5068153340629473
sigma=0.43470131581250265
0.521836005645304
sigma=0.46865609698547095
0.5046122690844721
sigma=0.505263106533568
0.5210882969308626
sigma=0.5447295116100166
0.5050272882485662
sigma=0.5872786613189489
0.5323367066147005
sigma=0.6331513506973245
0.511404329538266
sigma=0.6826071834272393
0.5267818887321176
sigma=0.7359260409904984
0.5469562739374221
sigma=0.7934096665797492
0.5392904571073921
sigma=0.8553833727298659
0.5212408214766319
sigma=0.9221978823334341
0.530921066059882
sigma=0.9942313134590756
0.5427134465890848
sigma=1.0718913192051287
0.5336531191546715
sigma=1.1556173946985666
0.546904500551873
sigma=1.2458833642950082
0.5161416009463041
sigma=1.3432000630554168
0.529006577022898
sigma=1.448118227674536
0.5253376694217101
sigma=1.5612316132215045
0.5086873004894643
sigma=1.6831803533309584
0.4893924424217928
sigma=1.8146545828606506
0.5109448738819607
sigma=1.9563983435170649
0.4886631013823648
sigma=2.109213794551798
0.49483785845097056
sigma=2.273965752357932
0.4793034153629635
sigma=2.4515865846570435
0.48079835022185585
sigma=2.643081486974108
0.48770073312827383
sigma=2.8495341712609874
0.472509978383851
sigma=3.0721129988617593
0.5004165161819026
sigma=3.3120775925276664
0.495070283030571
sigma=3.57078596490047
0.48759517564549437
sigma=3.8497022038059776
0.48525305229245114
sigma=4.150404757850481
0.4696203428808462
sigma=4.474595369210039
0.46836768272402496
sigma=4.824108704165374
0.466277947512077
sigma=5.200922735883646
0.4628873889172859
sigma=5.60716993820547
0.46779518069675646
sigma=6.045149353785448
0.4690962274443311
sigma=6.517339604882434
0.4540136371048574
sigma=7.026412920430313
0.43698640209305
sigma=7.57525025877192
0.43578888280243994
sigma=8.166957611638585
0.44005343227180294
sigma=8.804883581643464
0.4363247162806233
sigma=9.492638332763466
0.44549991643258186
sigma=10.234114021054548
0.4439617677766117
sigma=11.033506821222625
0.4329527128681352
sigma=11.895340673703208
0.43006675208218936
sigma=12.824492886639492
0.4344630644664986
sigma=13.826221737646565
0.41640519166164464
sigma=14.906196231566014
0.4077869553263166
sigma=16.070528182616417
0.41553923034076595
sigma=17.325806802500114
0.419098144497922
sigma=18.679135990207847
0.4114642185606823
sigma=20.138174534552142
0.3941990577708856
sigma=21.711179456945054
0.39739401478990716
sigma=23.407052739706373
0.3879757444097949
sigma=25.23539170434771
0.38686283811213296
sigma=27.206543324935
0.37866717078130935
sigma=29.331662783900484
0.37185241204309755
sigma=31.622776601683793
0.3554220515110134
