sigma=1e-05
0.08326651453255395
sigma=1.0781106013205947e-05
0.09152332580924193
sigma=1.1623224686798518e-05
0.10182185184091841
sigma=1.2531121756368731e-05
0.10533496220893618
sigma=1.3509935211980278e-05
0.1102418033418576
sigma=1.4565204375190305e-05
0.12452773437215224
sigma=1.5702901247293774e-05
0.13577790841897647
sigma=1.692946430619781e-05
0.1504871597502119
sigma=1.8251834943190425e-05
0.16060704322337876
sigma=1.967749674580727e-05
0.18819661550371364
sigma=2.121451784910632e-05
0.1890566781535426
sigma=2.2871596595026458e-05
0.21601743450246205
sigma=2.465811075822604e-05
0.2314461656019174
sigma=2.6584170616980845e-05
0.2557285454718114
sigma=2.8660676169482503e-05
0.2732768545676894
sigma=3.089937881933562e-05
0.29443252248012225
sigma=3.33129478793467e-05
0.32486235935200775
sigma=3.59150422699641e-05
0.351913379699118
sigma=3.872038781812557e-05
0.3785957415002441
sigma=4.17448605939659e-05
0.3951212026490494
sigma=4.5005576757004976e-05
0.44476010217145423
sigma=4.852098942027481e-05
0.4776081987766948
sigma=5.231099308056258e-05
0.4843184398371715
sigma=5.639703620576279e-05
0.4950451785057526
sigma=6.080224261649427e-05
0.5231328773867807
sigma=6.555154234890919e-05
0.5300426629188046
sigma=7.067181273927492e-05
0.5337263632084686
sigma=7.619203052875614e-05
0.52917476191277
sigma=8.214343584919422e-05
0.52797747729178
sigma=8.855970901791447e-05
0.5402420058702961
sigma=9.547716114208066e-05
0.5200942882800416
sigma=0.00010293493961127168
0.5091071950960718
sigma=0.00011097524964120722
0.5006789564576419
sigma=0.00011964359312238502
0.49095450730484685
sigma=0.0001289890261253308
0.47585483519498223
sigma=0.0001390644365197383
0.4749614339136242
sigma=0.00014992684327860457
0.45723546340941434
sigma=0.00016163771916119475
0.44607606428518154
sigma=0.00017426333860096508
0.427521463780686
sigma=0.00018787515276722067
0.4382677838211591
sigma=0.00020255019392306664
0.42698151658653216
sigma=0.00021837151136800043
0.41846361383156
sigma=0.00023542864143224178
0.4067197280630319
sigma=0.0002538181141826046
0.4072205219363306
sigma=0.0002736439997074672
0.41749367584682534
sigma=0.0002950184970723898
0.4044179404564954
sigma=0.0003180625692794119
0.39787625635329404
sigma=0.00034290662782340007
0.39404898529256654
sigma=0.0003696912707195028
0.3944970443517176
sigma=0.00039856807817837753
0.3988911823780825
sigma=0.0004297004704320844
0.396510457303062
sigma=0.00046326463256527643
0.3899154243815003
sigma=0.000499450511585514
0.3942524977526631
sigma=0.0005384628913753371
0.38004571824544525
sigma=0.0005805225516094902
0.3979905802674776
sigma=0.0006258675171958727
0.3911534827437917
sigma=0.0006747544053110699
0.37634529126949573
sigma=0.0007274598776536371
0.38984227050188813
sigma=0.0007842822061337682
0.3966083980221995
sigma=0.0008455429608599194
0.3987173112299151
sigma=0.0009115888299750828
0.3971870875184054
sigma=0.0009827935816415728
0.39067830952361476
sigma=0.001059560179277616
0.3823753479399236
sigma=0.0011423230620163476
0.3891313332156345
sigma=0.0012315506032928262
0.38976213568200146
sigma=0.0013277477614727685
0.3739816581276124
sigma=0.0014314589375234801
0.38384546031928496
sigma=0.001543271055899177
0.38839611894178233
sigma=0.001663816886076129
0.3937882308324459
sigma=0.001793778623534895
0.3905992160790962
sigma=0.0019338917504552321
0.39968050166395547
sigma=0.0020849491979722254
0.3948271150125683
sigma=0.002247805833548725
0.38679739741186675
sigma=0.002423383298859157
0.39095566691842165
sigma=0.002612675225563329
0.38950193030016167
sigma=0.002816752858487498
0.38631630680465573
sigma=0.0030367711180354605
0.3935945435232952
sigma=0.0032739751361382215
0.3884071418020193
sigma=0.00352970730273065
0.3919615492018192
sigma=0.0038054148626326355
0.37849834084734196
sigma=0.004102658105827195
0.40049520936910726
sigma=0.004423119197486164
0.38648891032986094
sigma=0.004768611697714475
0.37455886617312906
sigma=0.0051410908248873686
0.3840223836816033
sigma=0.005542664520663107
0.38886607355857017
sigma=0.005975605379290428
0.38807057094199027
sigma=0.006442363508721377
0.3914841565749034
sigma=0.006945580396313452
0.3883055285389869
sigma=0.0074881038575900305
0.3990842319346875
sigma=0.008073004152657444
0.38078786071264065
sigma=0.008703591361485167
0.38282066846568685
sigma=0.009383434116379496
0.4000232544386277
sigma=0.01011637979766208
0.39010584986464664
sigma=0.01090657630684497
0.38219077491743936
sigma=0.01175849554052157
0.39478559031890303
sigma=0.01267695869781724
0.40144245814069107
sigma=0.013667163564620072
0.3889560412215321
sigma=0.014734713928999454
0.39251781741752373
sigma=0.015885651294280545
0.4023171674913809
sigma=0.017126489069246062
0.39246970181773694
sigma=0.018464249428955443
0.3883973367281773
sigma=0.0199065030547846
0.3782686229337307
sigma=0.021461411978584057
0.38206334283855353
sigma=0.023137775773420247
0.3886739217898697
sigma=0.024945081352303167
0.391235101213554
sigma=0.026893556656722717
0.41306378933793886
sigma=0.02899422853882878
0.4007205621637756
sigma=0.031258985164823415
0.3998440556667926
sigma=0.033700643292719316
0.38002679152220076
sigma=0.03633302080520445
0.38758744924587724
sigma=0.039171014908092605
0.40004001556738394
sigma=0.0422306864369017
0.38450529456420457
sigma=0.045529350748669525
0.39570268431823846
sigma=0.04908567571338432
0.3943763634303842
sigma=0.052919787359584476
0.39574596776498844
sigma=0.05705338377199956
0.38669130791065426
sigma=0.06150985788580504
0.38299618729089757
sigma=0.0663144298724096
0.40081925607166624
sigma=0.07149428986597584
0.40013901187230216
sigma=0.07707875183839603
0.38978408893102845
sigma=0.08309941949353404
0.3981473422556324
sigma=0.08959036511956624
0.3976350329189385
sigma=0.09658832241158709
0.4009518748437423
sigma=0.10413289435570362
0.3910963980441944
sigma=0.11226677735108136
0.38895123416887695
sigma=0.12103600283829964
0.3767429279365611
sigma=0.13049019780144042
0.39704201665792704
sigma=0.140682865618154
0.40169937449350196
sigma=0.1516716888470924
0.3893228394753316
sigma=0.16351885566624894
0.40113886228173806
sigma=0.1762914118095948
0.4083024124453936
sigma=0.19006163999369882
0.3983644267377888
sigma=0.20490746898158502
0.3966738283121672
sigma=0.2209129145988173
0.4046479145237108
sigma=0.23816855519761607
0.3934077732778974
sigma=0.2567720442597591
0.40515620971818933
sigma=0.27682866303920667
0.39958544562701614
sigma=0.2984519163719754
0.40783316128495184
sigma=0.3217641750250742
0.4130294290898203
sigma=0.34689736821970707
0.4002738848504237
sigma=0.3739937302478802
0.423323775529575
sigma=0.40320660540767433
0.4051440188872965
sigma=0.43470131581250265
0.41198693332764974
sigma=0.46865609698547095
0.39667809374114166
sigma=0.505263106533568
0.3985156722222768
sigma=0.5447295116100166
0.40099797658741265
sigma=0.5872786613189489
0.4212197802996866
sigma=0.6331513506973245
0.41500412382843205
sigma=0.6826071834272393
0.407383518410485
sigma=0.7359260409904984
0.4134127249696125
sigma=0.7934096665797492
0.40172824722604544
sigma=0.8553833727298659
0.4288990275066252
sigma=0.9221978823334341
0.41399033231633076
sigma=0.9942313134590756
0.4151677599053106
sigma=1.0718913192051287
0.4110703162849505
sigma=1.1556173946985666
0.4085089723903946
sigma=1.2458833642950082
0.40700278186068756
sigma=1.3432000630554168
0.42284648589683405
sigma=1.448118227674536
0.42626312430118435
sigma=1.5612316132215045
0.41136375042355794
sigma=1.6831803533309584
0.4395094983091393
sigma=1.8146545828606506
0.42926535944095734
sigma=1.9563983435170649
0.42767931996088804
sigma=2.109213794551798
0.42899486009785587
sigma=2.273965752357932
0.4331684721508114
sigma=2.4515865846570435
0.41900112557115965
sigma=2.643081486974108
0.42709190525834645
sigma=2.8495341712609874
0.44198909896245014
sigma=3.0721129988617593
0.43719941990301925
sigma=3.3120775925276664
0.4572954719979733
sigma=3.57078596490047
0.43171350706032025
sigma=3.8497022038059776
0.4269070741767423
sigma=4.150404757850481
0.43203232333184566
sigma=4.474595369210039
0.45524188576204794
sigma=4.824108704165374
0.44001208899905747
sigma=5.200922735883646
0.44282327536044136
sigma=5.60716993820547
0.44279922993566656
sigma=6.045149353785448
0.4611066667305625
sigma=6.517339604882434
0.44931730834904804
sigma=7.026412920430313
0.4615352064524128
sigma=7.57525025877192
0.47496815072268406
sigma=8.166957611638585
0.44966788379702205
sigma=8.804883581643464
0.44033899221213735
sigma=9.492638332763466
0.4564424795551466
sigma=10.234114021054548
0.43501381451020477
sigma=11.033506821222625
0.4507141678726404
sigma=11.895340673703208
0.43924809912277085
sigma=12.824492886639492
0.4448349456418633
sigma=13.826221737646565
0.44318607088580503
sigma=14.906196231566014
0.40292538260327515
sigma=16.070528182616417
0.422333767695447
sigma=17.325806802500114
0.43285975251844394
sigma=18.679135990207847
0.41266298598764
sigma=20.138174534552142
0.41323289471050956
sigma=21.711179456945054
0.40140223181485507
sigma=23.407052739706373
0.40633061995999126
sigma=25.23539170434771
0.3951646800946234
sigma=27.206543324935
0.3793183943698494
sigma=29.331662783900484
0.3903891184649817
sigma=31.622776601683793
0.37669406136817835
