sigma=1e-05
0.11569775511490635
sigma=1.0781106013205947e-05
0.1311187233174731
sigma=1.1623224686798518e-05
0.14175046518932943
sigma=1.2531121756368731e-05
0.15827697722430858
sigma=1.3509935211980278e-05
0.17272498914706375
sigma=1.4565204375190305e-05
0.1806854717290173
sigma=1.5702901247293774e-05
0.19641973281156563
sigma=1.692946430619781e-05
0.22588949579421858
sigma=1.8251834943190425e-05
0.22543649644876837
sigma=1.967749674580727e-05
0.26214300102456556
sigma=2.121451784910632e-05
0.29496314714134036
sigma=2.2871596595026458e-05
0.32373322356641787
sigma=2.465811075822604e-05
0.3521175076840699
sigma=2.6584170616980845e-05
0.3799509335997228
sigma=2.8660676169482503e-05
0.3956779902357515
sigma=3.089937881933562e-05
0.4542782328887418
sigma=3.33129478793467e-05
0.4402962704057273
sigma=3.59150422699641e-05
0.4831085984596292
sigma=3.872038781812557e-05
0.5141241911598324
sigma=4.17448605939659e-05
0.5158499313177601
sigma=4.5005576757004976e-05
0.5308446714741933
sigma=4.852098942027481e-05
0.5594019634208478
sigma=5.231099308056258e-05
0.563543847501752
sigma=5.639703620576279e-05
0.5313354973938532
sigma=6.080224261649427e-05
0.5419437794612301
sigma=6.555154234890919e-05
0.5316133953608292
sigma=7.067181273927492e-05
0.526694362774773
sigma=7.619203052875614e-05
0.5032904885431395
sigma=8.214343584919422e-05
0.5013787155284081
sigma=8.855970901791447e-05
0.4909444302141573
sigma=9.547716114208066e-05
0.4699641132591201
sigma=0.00010293493961127168
0.46422128251930844
sigma=0.00011097524964120722
0.465104816140845
sigma=0.00011964359312238502
0.4555807789071182
sigma=0.0001289890261253308
0.44538490919410223
sigma=0.0001390644365197383
0.42271086435069544
sigma=0.00014992684327860457
0.40599061987237595
sigma=0.00016163771916119475
0.4134923277350278
sigma=0.00017426333860096508
0.4060529679090311
sigma=0.00018787515276722067
0.41449342178567683
sigma=0.00020255019392306664
0.41363891485687143
sigma=0.00021837151136800043
0.387427975241441
sigma=0.00023542864143224178
0.40368832465888604
sigma=0.0002538181141826046
0.4130690594491334
sigma=0.0002736439997074672
0.39407070344688777
sigma=0.0002950184970723898
0.3918541609108638
sigma=0.0003180625692794119
0.38931161942504505
sigma=0.00034290662782340007
0.38550649472554305
sigma=0.0003696912707195028
0.37226759267686366
sigma=0.00039856807817837753
0.4018982944115834
sigma=0.0004297004704320844
0.40802149613965655
sigma=0.00046326463256527643
0.38030338219206655
sigma=0.000499450511585514
0.3973725405207482
sigma=0.0005384628913753371
0.3897521333999769
sigma=0.0005805225516094902
0.38025776514914905
sigma=0.0006258675171958727
0.3943993697311949
sigma=0.0006747544053110699
0.3857906915366395
sigma=0.0007274598776536371
0.3920665542023867
sigma=0.0007842822061337681
0.37763463240009426
sigma=0.0008455429608599194
0.39758865638676527
sigma=0.0009115888299750828
0.3978889326525355
sigma=0.0009827935816415728
0.39413802407559995
sigma=0.001059560179277616
0.37579869905812774
sigma=0.0011423230620163476
0.3863804479114615
sigma=0.0012315506032928262
0.38696711794884336
sigma=0.0013277477614727685
0.3917516014137828
sigma=0.0014314589375234801
0.383111551170438
sigma=0.001543271055899177
0.39521810752436404
sigma=0.001663816886076129
0.39209634777313535
sigma=0.001793778623534895
0.3842503220984684
sigma=0.0019338917504552321
0.3981376285799294
sigma=0.0020849491979722254
0.397009924749993
sigma=0.002247805833548725
0.3943546547375548
sigma=0.002423383298859157
0.39637292679628416
sigma=0.002612675225563329
0.3867256926076104
sigma=0.002816752858487498
0.38784731884941387
sigma=0.0030367711180354605
0.382929612239048
sigma=0.0032739751361382215
0.38707492252736675
sigma=0.00352970730273065
0.38557401453097645
sigma=0.0038054148626326355
0.38519178794339043
sigma=0.004102658105827195
0.3953467763743388
sigma=0.004423119197486164
0.3966121293357315
sigma=0.004768611697714475
0.38334424441481274
sigma=0.0051410908248873686
0.37289432651253646
sigma=0.005542664520663107
0.3832413954174909
sigma=0.005975605379290428
0.38678151183096
sigma=0.006442363508721377
0.38695667605257056
sigma=0.006945580396313452
0.3766583008269745
sigma=0.0074881038575900305
0.39227300943677085
sigma=0.008073004152657444
0.39319139385342516
sigma=0.008703591361485167
0.40041092178954557
sigma=0.009383434116379496
0.3893753983108043
sigma=0.01011637979766208
0.4034323165259994
sigma=0.01090657630684497
0.39486866078415317
sigma=0.01175849554052157
0.38753928853617586
sigma=0.01267695869781724
0.39070450901923065
sigma=0.013667163564620072
0.39643696917485893
sigma=0.014734713928999454
0.3807898424218871
sigma=0.015885651294280545
0.37712205189791875
sigma=0.017126489069246062
0.38313359723088813
sigma=0.018464249428955443
0.39460072011195046
sigma=0.0199065030547846
0.38613622710040013
sigma=0.021461411978584057
0.3886808474026525
sigma=0.023137775773420247
0.38321572482370114
sigma=0.024945081352303167
0.3958558174711804
sigma=0.026893556656722717
0.3975600149312471
sigma=0.02899422853882878
0.39403020148452605
sigma=0.031258985164823415
0.3936824143446583
sigma=0.033700643292719316
0.3861693053003305
sigma=0.03633302080520445
0.3732512359625175
sigma=0.039171014908092605
0.3863665992421102
sigma=0.0422306864369017
0.3848929995324445
sigma=0.045529350748669525
0.3724895967667787
sigma=0.04908567571338432
0.3787842406669925
sigma=0.052919787359584476
0.3748799986335498
sigma=0.05705338377199956
0.39506155495270595
sigma=0.06150985788580504
0.39500985833743685
sigma=0.0663144298724096
0.3938920961634629
sigma=0.07149428986597584
0.39339728438555127
sigma=0.07707875183839603
0.39288306229277886
sigma=0.08309941949353404
0.39246224737106933
sigma=0.08959036511956624
0.3848840014559437
sigma=0.09658832241158709
0.39365306494447067
sigma=0.10413289435570362
0.38562601846920935
sigma=0.11226677735108136
0.40029931618298165
sigma=0.12103600283829964
0.3947874044388934
sigma=0.13049019780144042
0.40105297772797516
sigma=0.140682865618154
0.3953245987209634
sigma=0.1516716888470924
0.39845535905851276
sigma=0.16351885566624894
0.39170432464358107
sigma=0.1762914118095948
0.3933157565261106
sigma=0.19006163999369882
0.39265252444193394
sigma=0.20490746898158502
0.38803242261291454
sigma=0.2209129145988173
0.39246669826531266
sigma=0.23816855519761607
0.3911492438076325
sigma=0.2567720442597591
0.3860364542587413
sigma=0.27682866303920667
0.40000844219567194
sigma=0.2984519163719754
0.4025141217393923
sigma=0.3217641750250742
0.3883562789453535
sigma=0.34689736821970707
0.38588818754044685
sigma=0.3739937302478802
0.3898427033750177
sigma=0.40320660540767433
0.38464245972843364
sigma=0.43470131581250265
0.3943060802413998
sigma=0.46865609698547095
0.39392882572517945
sigma=0.505263106533568
0.40069057616743603
sigma=0.5447295116100166
0.4006990018538306
sigma=0.5872786613189489
0.41227440756504624
sigma=0.6331513506973245
0.4132011200967756
sigma=0.6826071834272393
0.40134807684483015
sigma=0.7359260409904984
0.4061478183076599
sigma=0.7934096665797492
0.3939656073279186
sigma=0.8553833727298659
0.3768727354059193
sigma=0.9221978823334341
0.4077107965836245
sigma=0.9942313134590756
0.4068709965057208
sigma=1.0718913192051287
0.4132435981679345
sigma=1.1556173946985666
0.4060138660111206
sigma=1.2458833642950082
0.3970515700383888
sigma=1.3432000630554168
0.3999613156192315
sigma=1.448118227674536
0.3914570961418575
sigma=1.5612316132215045
0.39421753783514835
sigma=1.6831803533309584
0.3990194325267421
sigma=1.8146545828606506
0.4016953035867938
sigma=1.9563983435170649
0.4174023286847409
sigma=2.109213794551798
0.40106511253282784
sigma=2.273965752357932
0.41746468855764196
sigma=2.4515865846570435
0.4030826015526147
sigma=2.643081486974108
0.40401610622622797
sigma=2.8495341712609874
0.39719227703747273
sigma=3.0721129988617593
0.4069010766094286
sigma=3.3120775925276664
0.41047203306903074
sigma=3.57078596490047
0.4002607878225108
sigma=3.8497022038059776
0.4146667587490667
sigma=4.150404757850481
0.40767627994694294
sigma=4.474595369210039
0.41566373276434676
sigma=4.824108704165374
0.42194176659890487
sigma=5.200922735883646
0.41537570204889607
sigma=5.60716993820547
0.4164126659247982
sigma=6.045149353785448
0.41966127783288315
sigma=6.517339604882434
0.4182655515169015
sigma=7.026412920430313
0.4186682251409119
sigma=7.57525025877192
0.4408610176775424
sigma=8.166957611638585
0.4183856597541459
sigma=8.804883581643464
0.42636152997642013
sigma=9.492638332763466
0.4577853511430118
sigma=10.234114021054548
0.4597114058131181
sigma=11.033506821222625
0.44913652303739704
sigma=11.895340673703208
0.4504994467245693
sigma=12.824492886639492
0.44420820920191156
sigma=13.826221737646565
0.4624462387398819
sigma=14.906196231566014
0.4296960272406417
sigma=16.070528182616417
0.4414815595131111
sigma=17.325806802500114
0.4326031406137395
sigma=18.679135990207847
0.44133718073752365
sigma=20.138174534552142
0.44130271972938767
sigma=21.711179456945054
0.4395219960792328
sigma=23.407052739706373
0.44333752394888915
sigma=25.23539170434771
0.43221319079557424
sigma=27.206543324935
0.43262225030067664
sigma=29.331662783900484
0.4266600280206395
sigma=31.622776601683793
0.4205880206610807
