sigma=0.001
0.39940742607164503
sigma=0.052000000000000005
0.3852817503351155
sigma=0.10300000000000001
0.4025903838130839
sigma=0.15400000000000003
0.4119782039096451
sigma=0.20500000000000002
0.4338313710962905
sigma=0.256
0.450565322849951
sigma=0.30700000000000005
0.4505210242606609
sigma=0.35800000000000004
0.4518294092037568
sigma=0.40900000000000003
0.4546190910894975
sigma=0.46
0.48645633178026754
sigma=0.511
0.4946265538754191
sigma=0.562
0.4886064180002162
sigma=0.6130000000000001
0.48303093778798034
sigma=0.664
0.4826817671622582
sigma=0.7150000000000001
0.4837623613233992
sigma=0.766
0.4957029862872708
sigma=0.8170000000000001
0.5105227129223098
sigma=0.8680000000000001
0.5210691203955817
sigma=0.919
0.510148733545019
sigma=0.9700000000000001
0.5098540800317999
sigma=1.021
0.5115843411276002
sigma=1.072
0.5228563238139377
sigma=1.123
0.5090902645735771
sigma=1.174
0.5183123488009402
sigma=1.225
0.5261757475546094
sigma=1.276
0.5319905175134891
sigma=1.327
0.5295503886062922
sigma=1.378
0.5214925393319041
sigma=1.429
0.5257305720857979
sigma=1.48
0.510925629140891
sigma=1.531
0.5271236967224325
sigma=1.582
0.5150891983444001
sigma=1.633
0.5364911592354402
sigma=1.684
0.5226033332562354
sigma=1.735
0.5430660702544197
sigma=1.786
0.5097314262698108
sigma=1.837
0.5323665338007816
sigma=1.8880000000000001
0.539023927294469
sigma=1.939
0.5307676937661481
sigma=1.99
0.52675957329258
sigma=2.041
0.530260384030316
sigma=2.092
0.5375939084671356
sigma=2.1430000000000002
0.5407772243820183
sigma=2.194
0.5324204644246058
sigma=2.245
0.5334767178406511
sigma=2.2960000000000003
0.5342571868019854
sigma=2.347
0.5317785536219548
sigma=2.398
0.5313669957502762
sigma=2.4490000000000003
0.5137996553773465
sigma=2.5
0.5344670256203696
