sigma=0.001
0.3826857611066666
sigma=0.052000000000000005
0.4363561294578462
sigma=0.10300000000000001
0.4648182490227537
sigma=0.15400000000000003
0.49147145607783427
sigma=0.20500000000000002
0.5005032547695021
sigma=0.256
0.5224555098070237
sigma=0.30700000000000005
0.5133904334930319
sigma=0.35800000000000004
0.524893024379912
sigma=0.40900000000000003
0.5173106583709749
sigma=0.46
0.5231828747274836
sigma=0.511
0.5441102979308876
sigma=0.562
0.5241484177620512
sigma=0.6130000000000001
0.5391427265639402
sigma=0.664
0.5479140441418361
sigma=0.7150000000000001
0.5393103165431832
sigma=0.766
0.5330950126297543
sigma=0.8170000000000001
0.5373246247538486
sigma=0.8680000000000001
0.5342088178590297
sigma=0.919
0.5425302045289502
sigma=0.9700000000000001
0.5402308352553252
sigma=1.021
0.519359843093154
sigma=1.072
0.5228451078820964
sigma=1.123
0.5340630726325862
sigma=1.174
0.5327874762320789
sigma=1.225
0.5378869992348366
sigma=1.276
0.5375317056566089
sigma=1.327
0.5472397902496929
sigma=1.378
0.5268113408567296
sigma=1.429
0.5195007248962725
sigma=1.48
0.5293891804555768
sigma=1.531
0.5168308192119171
sigma=1.582
0.51430782068242
sigma=1.633
0.52480278532326
sigma=1.684
0.5252869570645532
sigma=1.735
0.511276711546124
sigma=1.786
0.5148285389114403
sigma=1.837
0.504433901107018
sigma=1.8880000000000001
0.5102860179280271
sigma=1.939
0.5154238406583496
sigma=1.99
0.5098546836455884
sigma=2.041
0.4929592743276605
sigma=2.092
0.4830861843047516
sigma=2.1430000000000002
0.49831984131173146
sigma=2.194
0.4831416395227178
sigma=2.245
0.4837168008207756
sigma=2.2960000000000003
0.4873560713078998
sigma=2.347
0.473427959313076
sigma=2.398
0.49630880631613045
sigma=2.4490000000000003
0.47952095454109267
sigma=2.5
0.47304893925530445
