sigma=0.001
0.388564173654964
sigma=0.052000000000000005
0.39663999560640606
sigma=0.10300000000000001
0.41118114954455665
sigma=0.15400000000000003
0.41477591520869134
sigma=0.20500000000000002
0.45045433910109345
sigma=0.256
0.48006288822373594
sigma=0.30700000000000005
0.4885568490551349
sigma=0.35800000000000004
0.4891675407211521
sigma=0.40900000000000003
0.5193196950576247
sigma=0.46
0.510832123777285
sigma=0.511
0.5239164172917141
sigma=0.562
0.5218942857476111
sigma=0.6130000000000001
0.5130634067698825
sigma=0.664
0.5223058392281341
sigma=0.7150000000000001
0.5304926487753138
sigma=0.766
0.5415372252209487
sigma=0.8170000000000001
0.5279531032674047
sigma=0.8680000000000001
0.5351030287376628
sigma=0.919
0.539378149592348
sigma=0.9700000000000001
0.5318779325102355
sigma=1.021
0.5064424755716026
sigma=1.072
0.5371396783581306
sigma=1.123
0.5261512022108265
sigma=1.174
0.5366937152508295
sigma=1.225
0.5284514923271223
sigma=1.276
0.536973238375283
sigma=1.327
0.5266804625603443
sigma=1.378
0.5295403280989794
sigma=1.429
0.5014662584740059
sigma=1.48
0.5208796327255836
sigma=1.531
0.5094949516913478
sigma=1.582
0.5148335106324506
sigma=1.633
0.5101677245721035
sigma=1.684
0.5058552941255873
sigma=1.735
0.5051546116783869
sigma=1.786
0.5092544423737794
sigma=1.837
0.5020356258585099
sigma=1.8880000000000001
0.4949254984020852
sigma=1.939
0.48866538507951446
sigma=1.99
0.4921382042931281
sigma=2.041
0.49508321139735256
sigma=2.092
0.48418014416438054
sigma=2.1430000000000002
0.4703973025649796
sigma=2.194
0.48095177247897347
sigma=2.245
0.47817101614774443
sigma=2.2960000000000003
0.4938187330009807
sigma=2.347
0.47945553484604125
sigma=2.398
0.4918583318602906
sigma=2.4490000000000003
0.49878588392950113
sigma=2.5
0.4778960832744613
