sigma=2.5
0.5382755225428977
sigma=2.5517241379310347
0.5269486068310838
sigma=2.603448275862069
0.525334472464454
sigma=2.6551724137931036
0.5273854259804518
sigma=2.706896551724138
0.506254586432699
sigma=2.7586206896551726
0.526666138261146
sigma=2.810344827586207
0.5159464162498668
sigma=2.8620689655172415
0.5284241652527205
sigma=2.913793103448276
0.5263555020486345
sigma=2.9655172413793105
0.5099625641017742
sigma=3.0172413793103448
0.5223901913046138
sigma=3.0689655172413794
0.5154767718642626
sigma=3.1206896551724137
0.5162009851917895
sigma=3.1724137931034484
0.5137996484521078
sigma=3.2241379310344827
0.5055488597532246
sigma=3.2758620689655173
0.5259006455247315
sigma=3.3275862068965516
0.5217822852812782
sigma=3.3793103448275863
0.5246444530110583
sigma=3.4310344827586206
0.5166211480567244
sigma=3.4827586206896552
0.5023032783803407
sigma=3.5344827586206895
0.5304316636546781
sigma=3.586206896551724
0.5138437751017253
sigma=3.637931034482759
0.5192136630748468
sigma=3.689655172413793
0.5264995269947841
sigma=3.7413793103448274
0.5134436845808963
sigma=3.793103448275862
0.5077375965662255
sigma=3.844827586206897
0.5131094753396453
sigma=3.896551724137931
0.5255364256798373
sigma=3.9482758620689653
0.5141419243163118
sigma=4.0
0.5058862993235329
