sigma=1e-05
[0.06486365 0.00334729 0.84929902]
sigma=1.0781106013205947e-05
[0.06900173 0.00342889 0.84862408]
sigma=1.1623224686798518e-05
[0.07415807 0.00349594 0.84772937]
sigma=1.2531121756368731e-05
[0.0785523  0.00358512 0.84678915]
sigma=1.3509935211980278e-05
[0.08846828 0.00370004 0.8456373 ]
sigma=1.4565204375190305e-05
[0.09427891 0.0037886  0.84459709]
sigma=1.5702901247293774e-05
[0.1040439  0.00394979 0.84330711]
sigma=1.692946430619781e-05
[0.11096922 0.00418827 0.84168631]
sigma=1.8251834943190425e-05
[0.12321897 0.00444381 0.83980298]
sigma=1.967749674580727e-05
[0.13105989 0.00471807 0.83802117]
sigma=2.121451784910632e-05
[0.14495403 0.00486067 0.83634988]
sigma=2.2871596595026458e-05
[0.15270123 0.005362   0.83416456]
sigma=2.465811075822604e-05
[0.16503895 0.00558186 0.83233166]
sigma=2.6584170616980845e-05
[0.18677775 0.00606335 0.82973526]
sigma=2.8660676169482503e-05
[0.19849097 0.00677129 0.82649325]
sigma=3.089937881933562e-05
[0.23406024 0.00759725 0.82342223]
sigma=3.33129478793467e-05
[0.25564377 0.00781507 0.82158713]
sigma=3.59150422699641e-05
[0.2705043  0.00836082 0.81907824]
sigma=3.872038781812557e-05
[0.28734838 0.00976377 0.81485139]
sigma=4.17448605939659e-05
[0.31480667 0.01074787 0.81186924]
sigma=4.5005576757004976e-05
[0.32478582 0.01207574 0.80760278]
sigma=4.852098942027481e-05
[0.37359381 0.01264579 0.80499515]
sigma=5.231099308056258e-05
[0.38565851 0.0139515  0.80218779]
sigma=5.639703620576279e-05
[0.42583498 0.01562874 0.79824239]
sigma=6.080224261649427e-05
[0.45573888 0.01673857 0.79492955]
sigma=6.555154234890919e-05
[0.47387522 0.01957025 0.78983286]
sigma=7.067181273927492e-05
[0.49254747 0.02063494 0.78707173]
sigma=7.619203052875614e-05
[0.51092689 0.02360532 0.78218514]
sigma=8.214343584919422e-05
[0.51228182 0.02578436 0.77761349]
sigma=8.855970901791447e-05
[0.54336662 0.02769659 0.77432625]
sigma=9.547716114208066e-05
[0.53572636 0.03057173 0.76961232]
sigma=0.00010293493961127168
[0.54615351 0.03530358 0.76442063]
sigma=0.00011097524964120722
[0.52702703 0.03721064 0.76077006]
sigma=0.00011964359312238502
[0.54126725 0.04124722 0.75649503]
sigma=0.0001289890261253308
[0.51215504 0.04421482 0.75213056]
sigma=0.0001390644365197383
[0.51189512 0.04803176 0.74769056]
sigma=0.00014992684327860457
[0.49637923 0.0542985  0.74215682]
sigma=0.00016163771916119475
[0.48184406 0.0580911  0.7377378 ]
sigma=0.00017426333860096508
[0.46130263 0.06210234 0.7332186 ]
sigma=0.00018787515276722067
[0.47996909 0.06784959 0.72820506]
sigma=0.00020255019392306664
[0.44394584 0.07133083 0.72536177]
sigma=0.00021837151136800043
[0.44533548 0.08362528 0.71651709]
sigma=0.00023542864143224178
[0.43513197 0.0865175  0.71380966]
sigma=0.0002538181141826046
[0.42835402 0.09006953 0.70956609]
sigma=0.0002736439997074672
[0.41407301 0.0989731  0.70370271]
sigma=0.0002950184970723898
[0.42576085 0.10021001 0.70220305]
sigma=0.0003180625692794119
[0.41373643 0.11167266 0.69520258]
sigma=0.00034290662782340007
[0.40928484 0.1199999  0.68944286]
sigma=0.0003696912707195028
[0.40879048 0.12164014 0.68707309]
sigma=0.00039856807817837753
[0.39622239 0.12810659 0.68261599]
sigma=0.0004297004704320844
[0.40698808 0.13596901 0.67756369]
sigma=0.00046326463256527643
[0.38904077 0.14038469 0.67388771]
sigma=0.000499450511585514
[0.40759709 0.15192827 0.66904201]
sigma=0.0005384628913753371
[0.40076883 0.15567492 0.66533653]
sigma=0.0005805225516094902
[0.40273472 0.15970518 0.66259025]
sigma=0.0006258675171958727
[0.39916034 0.16330324 0.65939164]
sigma=0.0006747544053110699
[0.40056661 0.16928877 0.65520078]
sigma=0.0007274598776536371
[0.37866267 0.17757545 0.65228749]
sigma=0.0007842822061337681
[0.38393461 0.18088857 0.64907671]
sigma=0.0008455429608599194
[0.38942614 0.18510807 0.64474214]
sigma=0.0009115888299750828
[0.38724769 0.18825776 0.64358749]
sigma=0.0009827935816415728
[0.39552703 0.19260911 0.6405669 ]
sigma=0.001059560179277616
[0.38342609 0.19765994 0.63739236]
sigma=0.0011423230620163476
[0.38504796 0.20616653 0.63212492]
sigma=0.0012315506032928262
[0.38604929 0.2045179  0.63164707]
sigma=0.0013277477614727685
[0.39263414 0.20829755 0.62851469]
sigma=0.0014314589375234801
[0.39918887 0.21428875 0.6258825 ]
sigma=0.001543271055899177
[0.40739463 0.21797412 0.62323759]
sigma=0.001663816886076129
[0.39161561 0.21400731 0.62361904]
sigma=0.001793778623534895
[0.3798285  0.22401143 0.61982223]
sigma=0.0019338917504552321
[0.38583777 0.22366407 0.61797734]
sigma=0.0020849491979722254
[0.40896108 0.22407107 0.61708156]
sigma=0.002247805833548725
[0.3857806  0.22615507 0.61374778]
sigma=0.002423383298859157
[0.39676803 0.22574236 0.6127088 ]
sigma=0.002612675225563329
[0.39330607 0.22992504 0.61024296]
sigma=0.002816752858487498
[0.39131655 0.22898935 0.60993064]
sigma=0.0030367711180354605
[0.38587007 0.23369676 0.60798203]
sigma=0.0032739751361382215
[0.37447499 0.23251521 0.60583098]
sigma=0.00352970730273065
[0.37350744 0.23233949 0.60518193]
sigma=0.0038054148626326355
[0.40304353 0.23440018 0.60295704]
sigma=0.004102658105827195
[0.38494796 0.23027435 0.60301755]
sigma=0.004423119197486164
[0.39579454 0.23258321 0.60134552]
sigma=0.004768611697714475
[0.40144367 0.23296856 0.59982486]
sigma=0.0051410908248873686
[0.39259052 0.23113431 0.59896196]
sigma=0.005542664520663107
[0.39505122 0.23318884 0.59746966]
sigma=0.005975605379290428
[0.38458937 0.23034998 0.59637542]
sigma=0.006442363508721377
[0.40530703 0.22937601 0.59575076]
sigma=0.006945580396313452
[0.3943546  0.22537245 0.59540454]
sigma=0.0074881038575900305
[0.40548488 0.22321137 0.59588155]
sigma=0.008073004152657444
[0.40156698 0.22078409 0.59474203]
sigma=0.008703591361485167
[0.3927763  0.22018861 0.59453889]
sigma=0.009383434116379496
[0.3839662  0.21998085 0.59316243]
sigma=0.01011637979766208
[0.38058779 0.21943355 0.59330219]
sigma=0.01090657630684497
[0.40104466 0.21602517 0.59303931]
sigma=0.01175849554052157
[0.39369316 0.21547324 0.59275686]
sigma=0.01267695869781724
[0.38930049 0.21276342 0.59362926]
sigma=0.013667163564620072
[0.38995241 0.21356875 0.59253896]
sigma=0.014734713928999454
[0.40320818 0.21243278 0.5931316 ]
sigma=0.015885651294280545
[0.38050003 0.21342046 0.59247722]
sigma=0.017126489069246062
[0.39455445 0.21412668 0.59202381]
sigma=0.018464249428955443
[0.39291673 0.2155582  0.5918757 ]
sigma=0.0199065030547846
[0.41309945 0.21635421 0.59153239]
sigma=0.021461411978584057
[0.39700788 0.21556251 0.59215344]
sigma=0.023137775773420247
[0.41221165 0.21471943 0.59292839]
sigma=0.024945081352303167
[0.39973512 0.21121291 0.59309567]
sigma=0.026893556656722717
[0.40837    0.2124315  0.59264856]
sigma=0.02899422853882878
[0.41035603 0.2114108  0.59267525]
sigma=0.031258985164823415
[0.39932041 0.21462988 0.59164315]
sigma=0.033700643292719316
[0.39570369 0.20987329 0.59312199]
sigma=0.03633302080520445
[0.3966352  0.21290305 0.59202631]
sigma=0.039171014908092605
[0.39805678 0.21414024 0.5921051 ]
sigma=0.0422306864369017
[0.39801601 0.21863384 0.59143862]
sigma=0.045529350748669525
[0.40366512 0.21617404 0.59179058]
sigma=0.04908567571338432
[0.40486501 0.21979624 0.59060161]
sigma=0.052919787359584476
[0.4113541  0.22099877 0.59079618]
sigma=0.05705338377199956
[0.40387074 0.21830086 0.59135667]
sigma=0.06150985788580504
[0.40708214 0.22020688 0.59098874]
sigma=0.0663144298724096
[0.41241762 0.21758239 0.59161827]
sigma=0.07149428986597584
[0.40405004 0.22665666 0.58913929]
sigma=0.07707875183839603
[0.41020566 0.22530598 0.58944928]
sigma=0.08309941949353404
[0.43378911 0.22530121 0.58933272]
sigma=0.08959036511956624
[0.41641792 0.22737222 0.58934987]
sigma=0.09658832241158709
[0.42529888 0.23411315 0.58739257]
sigma=0.10413289435570362
[0.41486051 0.23406824 0.58676116]
sigma=0.11226677735108136
[0.43457017 0.23333782 0.5873044 ]
sigma=0.12103600283829964
[0.42123353 0.23582879 0.58613281]
sigma=0.13049019780144042
[0.44824616 0.24127684 0.58499636]
sigma=0.140682865618154
[0.42611674 0.2439407  0.58396849]
sigma=0.1516716888470924
[0.43106529 0.24383395 0.58307764]
sigma=0.16351885566624894
[0.44813324 0.24844738 0.58174596]
sigma=0.1762914118095948
[0.44357536 0.25700189 0.57913114]
sigma=0.19006163999369882
[0.45739881 0.25304462 0.57953869]
sigma=0.20490746898158502
[0.45638579 0.25196946 0.57826733]
sigma=0.2209129145988173
[0.46038025 0.25483925 0.57699905]
sigma=0.23816855519761607
[0.46290682 0.25899027 0.57544947]
sigma=0.2567720442597591
[0.46432718 0.26408235 0.57361458]
sigma=0.27682866303920667
[0.48493704 0.25961272 0.57405083]
sigma=0.2984519163719754
[0.48192024 0.2755514  0.56994729]
sigma=0.3217641750250742
[0.4906394  0.26848646 0.57071201]
sigma=0.34689736821970707
[0.48583174 0.27892672 0.56749932]
sigma=0.3739937302478802
[0.49900968 0.28561374 0.56539437]
sigma=0.40320660540767433
[0.4956353  0.29160954 0.56308031]
sigma=0.43470131581250265
[0.51517914 0.31227625 0.55777023]
sigma=0.46865609698547095
[0.50517615 0.31833368 0.55534088]
sigma=0.505263106533568
[0.51823578 0.32951244 0.55181977]
sigma=0.5447295116100166
[0.51345494 0.34947665 0.5458471 ]
sigma=0.5872786613189489
[0.51156905 0.36270936 0.5421102 ]
sigma=0.6331513506973245
[0.53307054 0.36657066 0.53974339]
sigma=0.6826071834272393
[0.51434692 0.36955015 0.53796131]
sigma=0.7359260409904984
[0.51643723 0.39244369 0.53260334]
sigma=0.7934096665797492
[0.51742088 0.40799493 0.5287528 ]
sigma=0.8553833727298659
[0.52956937 0.41921071 0.52505842]
sigma=0.9221978823334341
[0.53598019 0.42754764 0.52190017]
sigma=0.9942313134590756
[0.51843367 0.44702824 0.51729484]
sigma=1.0718913192051287
[0.52798662 0.44450254 0.51632476]
sigma=1.1556173946985666
[0.53211786 0.46695922 0.51142126]
sigma=1.2458833642950082
[0.52695325 0.47860733 0.50710976]
sigma=1.3432000630554168
[0.50954838 0.50762933 0.50123078]
sigma=1.448118227674536
[0.52068133 0.50989279 0.49978848]
sigma=1.5612316132215045
[0.51546301 0.52889722 0.49529617]
sigma=1.6831803533309584
[0.51029839 0.53789989 0.49261142]
sigma=1.8146545828606506
[0.51994028 0.55792861 0.48739901]
sigma=1.9563983435170649
[0.50074436 0.57383256 0.48290924]
sigma=2.109213794551798
[0.49586002 0.59011804 0.47913751]
sigma=2.273965752357932
[0.49584845 0.60417283 0.47438927]
sigma=2.4515865846570435
[0.49261313 0.61674498 0.47120945]
sigma=2.643081486974108
[0.48829556 0.63168614 0.46747315]
sigma=2.8495341712609874
[0.49273565 0.64745653 0.46264263]
sigma=3.0721129988617593
[0.50339866 0.66398371 0.45751931]
sigma=3.3120775925276664
[0.48414641 0.6692959  0.45505582]
sigma=3.57078596490047
[0.49479326 0.67694398 0.45057691]
sigma=3.8497022038059776
[0.4812397  0.68911308 0.44706045]
sigma=4.150404757850481
[0.47963612 0.69829042 0.44303743]
sigma=4.474595369210039
[0.46920764 0.72032149 0.43770987]
sigma=4.824108704165374
[0.4675981  0.70394107 0.43531378]
sigma=5.200922735883646
[0.46365078 0.73186754 0.42774861]
sigma=5.60716993820547
[0.46886072 0.73851494 0.42154452]
sigma=6.045149353785448
[0.46526497 0.7437044  0.41720408]
sigma=6.517339604882434
[0.44528648 0.75832398 0.408411  ]
sigma=7.026412920430313
[0.45830964 0.77565968 0.40390585]
sigma=7.57525025877192
[0.44072386 0.77807396 0.39796086]
sigma=8.166957611638585
[0.45021036 0.77439943 0.39528247]
sigma=8.804883581643464
[0.42732053 0.78406846 0.39017301]
sigma=9.492638332763466
[0.42468073 0.79074807 0.38859748]
sigma=10.234114021054548
[0.43366413 0.79449259 0.38370433]
sigma=11.033506821222625
[0.41662804 0.80332762 0.38044324]
sigma=11.895340673703208
[0.42310256 0.81160503 0.3775182 ]
sigma=12.824492886639492
[0.40404077 0.80880794 0.37682534]
sigma=13.826221737646565
[0.42865896 0.82158199 0.37371285]
sigma=14.906196231566014
[0.40695012 0.82300444 0.3672722 ]
sigma=16.070528182616417
[0.42022531 0.83603144 0.36332676]
sigma=17.325806802500114
[0.41509176 0.85435648 0.35903347]
sigma=18.679135990207847
[0.39609259 0.85894318 0.35429359]
sigma=20.138174534552142
[0.38184011 0.8634713  0.35395935]
sigma=21.711179456945054
[0.39631853 0.8731375  0.3413635 ]
sigma=23.407052739706373
[0.38184052 0.88494876 0.3478107 ]
sigma=25.23539170434771
[0.38733777 0.88558304 0.34085829]
sigma=27.206543324935
[0.38075367 0.88868837 0.33032845]
sigma=29.331662783900484
[0.36410999 0.89096413 0.32832049]
sigma=31.622776601683793
[0.36876044 0.90154083 0.32249262]
