sigma=1e-05
[0.05781224 0.00634076 1.49912125]
sigma=1.0781106013205947e-05
[0.06471216 0.00652783 1.4967629 ]
sigma=1.1623224686798518e-05
[0.07160481 0.00663155 1.49547738]
sigma=1.2531121756368731e-05
[0.07587703 0.00667208 1.49468055]
sigma=1.3509935211980278e-05
[0.08233866 0.00679573 1.49308761]
sigma=1.4565204375190305e-05
[0.09028598 0.00702681 1.49098008]
sigma=1.5702901247293774e-05
[0.09900532 0.0071911  1.48952586]
sigma=1.692946430619781e-05
[0.10485299 0.0073698  1.48727097]
sigma=1.8251834943190425e-05
[0.11968649 0.00770631 1.48462256]
sigma=1.967749674580727e-05
[0.12353442 0.00787906 1.48237967]
sigma=2.121451784910632e-05
[0.1418305  0.00838708 1.47841794]
sigma=2.2871596595026458e-05
[0.15073556 0.00885357 1.47518391]
sigma=2.465811075822604e-05
[0.15563258 0.00949156 1.47093069]
sigma=2.6584170616980845e-05
[0.17921008 0.00993507 1.46768183]
sigma=2.8660676169482503e-05
[0.19420206 0.01066333 1.46372984]
sigma=3.089937881933562e-05
[0.20189532 0.0110236  1.46130207]
sigma=3.33129478793467e-05
[0.21932764 0.01225875 1.45474087]
sigma=3.59150422699641e-05
[0.24090838 0.01306825 1.45011499]
sigma=3.872038781812557e-05
[0.26570614 0.01443278 1.44318815]
sigma=4.17448605939659e-05
[0.29149454 0.01562769 1.43775591]
sigma=4.5005576757004976e-05
[0.33216675 0.0168854  1.43263596]
sigma=4.852098942027481e-05
[0.33746068 0.01862672 1.42591401]
sigma=5.231099308056258e-05
[0.35883296 0.01985853 1.42037032]
sigma=5.639703620576279e-05
[0.38751514 0.02205075 1.41396401]
sigma=6.080224261649427e-05
[0.40279824 0.02283607 1.40955324]
sigma=6.555154234890919e-05
[0.41681786 0.02740667 1.39789476]
sigma=7.067181273927492e-05
[0.43935461 0.02889302 1.39313385]
sigma=7.619203052875614e-05
[0.45429404 0.03138206 1.38621482]
sigma=8.214343584919422e-05
[0.47896554 0.03200349 1.38233432]
sigma=8.855970901791447e-05
[0.4826639  0.03680672 1.37020096]
sigma=9.547716114208066e-05
[0.48931444 0.03999061 1.36331871]
sigma=0.00010293493961127168
[0.49916919 0.04295858 1.3570691 ]
sigma=0.00011097524964120722
[0.49820435 0.050565   1.34401506]
sigma=0.00011964359312238502
[0.50679597 0.05437584 1.33449691]
sigma=0.0001289890261253308
[0.51201996 0.05806045 1.32798998]
sigma=0.0001390644365197383
[0.50397818 0.06244962 1.32000267]
sigma=0.00014992684327860457
[0.51401412 0.06563692 1.31545901]
sigma=0.00016163771916119475
[0.4842229  0.07114942 1.30476458]
sigma=0.00017426333860096508
[0.48605893 0.08153554 1.29268978]
sigma=0.00018787515276722067
[0.46941676 0.0836664  1.28598502]
sigma=0.00020255019392306664
[0.47145248 0.09189313 1.2759018 ]
sigma=0.00021837151136800043
[0.4647771  0.09372516 1.27175215]
sigma=0.00023542864143224178
[0.44302952 0.10472518 1.26043566]
sigma=0.0002538181141826046
[0.44777641 0.108034   1.25315155]
sigma=0.0002736439997074672
[0.43938423 0.11943706 1.24199094]
sigma=0.0002950184970723898
[0.43188971 0.12234002 1.23640764]
sigma=0.0003180625692794119
[0.41969244 0.12849251 1.22910169]
sigma=0.00034290662782340007
[0.41847111 0.13913819 1.21579973]
sigma=0.0003696912707195028
[0.41763989 0.14487969 1.21050452]
sigma=0.00039856807817837753
[0.39618386 0.1500942  1.20404628]
sigma=0.0004297004704320844
[0.39429384 0.16130867 1.19191266]
sigma=0.00046326463256527643
[0.4094698  0.1705147  1.18306832]
sigma=0.000499450511585514
[0.40131073 0.1738103  1.17790584]
sigma=0.0005384628913753371
[0.40521345 0.17933111 1.17300964]
sigma=0.0005805225516094902
[0.39412072 0.18450837 1.16450075]
sigma=0.0006258675171958727
[0.38786357 0.18926255 1.16075905]
sigma=0.0006747544053110699
[0.41310946 0.19325086 1.15497047]
sigma=0.0007274598776536371
[0.41330528 0.20436572 1.14600452]
sigma=0.0007842822061337681
[0.41210741 0.20672318 1.14202887]
sigma=0.0008455429608599194
[0.38998477 0.21217142 1.13439838]
sigma=0.0009115888299750828
[0.39300407 0.2220197  1.12842803]
sigma=0.0009827935816415728
[0.40631757 0.22258412 1.1249738 ]
sigma=0.001059560179277616
[0.39076989 0.23088064 1.11746632]
sigma=0.0011423230620163476
[0.39614433 0.23546919 1.11257236]
sigma=0.0012315506032928262
[0.3990723  0.23887239 1.10929379]
sigma=0.0013277477614727685
[0.39593017 0.24036228 1.10600795]
sigma=0.0014314589375234801
[0.3920263  0.24608698 1.10239105]
sigma=0.001543271055899177
[0.38972334 0.2523601  1.09662666]
sigma=0.001663816886076129
[0.39707255 0.25473608 1.09129661]
sigma=0.001793778623534895
[0.38312864 0.25524753 1.09109588]
sigma=0.0019338917504552321
[0.39305364 0.2599043  1.08583554]
sigma=0.0020849491979722254
[0.39969044 0.26530448 1.08185417]
sigma=0.002247805833548725
[0.36940854 0.26760107 1.0778461 ]
sigma=0.002423383298859157
[0.38870395 0.27262958 1.07405933]
sigma=0.002612675225563329
[0.37676135 0.27403331 1.0708337 ]
sigma=0.002816752858487498
[0.38067796 0.27770212 1.07026067]
sigma=0.0030367711180354605
[0.38265381 0.27957482 1.06536332]
sigma=0.0032739751361382215
[0.39417224 0.28171757 1.06244084]
sigma=0.00352970730273065
[0.38660006 0.28826834 1.05886173]
sigma=0.0038054148626326355
[0.38668171 0.2897146  1.05646893]
sigma=0.004102658105827195
[0.40042742 0.29150926 1.05418709]
sigma=0.004423119197486164
[0.39289892 0.29413997 1.05216901]
sigma=0.004768611697714475
[0.40107654 0.30010686 1.04861822]
sigma=0.0051410908248873686
[0.40187151 0.30227652 1.04612329]
sigma=0.005542664520663107
[0.38802402 0.29755182 1.04627421]
sigma=0.005975605379290428
[0.38766786 0.30215179 1.04275282]
sigma=0.006442363508721377
[0.39119818 0.30239857 1.04173095]
sigma=0.006945580396313452
[0.38990583 0.30170337 1.04064358]
sigma=0.0074881038575900305
[0.40031552 0.31041676 1.03773543]
sigma=0.008073004152657444
[0.39139409 0.31366858 1.0339086 ]
sigma=0.008703591361485167
[0.38922835 0.30932044 1.03606081]
sigma=0.009383434116379496
[0.39621305 0.3202354  1.03055137]
sigma=0.01011637979766208
[0.4011873  0.32071974 1.02906746]
sigma=0.01090657630684497
[0.39351006 0.31544231 1.03051982]
sigma=0.01175849554052157
[0.39599709 0.32002538 1.02820187]
sigma=0.01267695869781724
[0.39566248 0.32162751 1.02668039]
sigma=0.013667163564620072
[0.38920289 0.32379282 1.02590583]
sigma=0.014734713928999454
[0.38587951 0.32923894 1.02288157]
sigma=0.015885651294280545
[0.37935091 0.32028468 1.02476138]
sigma=0.017126489069246062
[0.39306956 0.32797365 1.02131325]
sigma=0.018464249428955443
[0.38896479 0.32813659 1.02122768]
sigma=0.0199065030547846
[0.40281145 0.32923084 1.02053879]
sigma=0.021461411978584057
[0.37675836 0.33036857 1.01934591]
sigma=0.023137775773420247
[0.38781954 0.3286983  1.01699996]
sigma=0.024945081352303167
[0.38727316 0.3356458  1.01664307]
sigma=0.026893556656722717
[0.38427122 0.33807876 1.01439109]
sigma=0.02899422853882878
[0.40218943 0.34096883 1.01270448]
sigma=0.031258985164823415
[0.38710406 0.33333958 1.01529901]
sigma=0.033700643292719316
[0.41221714 0.33927273 1.01049048]
sigma=0.03633302080520445
[0.40933876 0.33982446 1.01233015]
sigma=0.039171014908092605
[0.39415074 0.33974098 1.0107652 ]
sigma=0.0422306864369017
[0.40385575 0.34119052 1.00918069]
sigma=0.045529350748669525
[0.39521711 0.34996765 1.00716617]
sigma=0.04908567571338432
[0.40023872 0.343531   1.00915335]
sigma=0.052919787359584476
[0.40307297 0.34260225 1.00825962]
sigma=0.05705338377199956
[0.40930252 0.33794902 1.01007343]
sigma=0.06150985788580504
[0.39762309 0.34219864 1.0077573 ]
sigma=0.0663144298724096
[0.40107162 0.34215773 1.00620773]
sigma=0.07149428986597584
[0.41419462 0.35321866 1.00280601]
sigma=0.07707875183839603
[0.40415059 0.35291527 1.00216304]
sigma=0.08309941949353404
[0.40484165 0.34738834 1.00384324]
sigma=0.08959036511956624
[0.40251234 0.34984396 1.00248935]
sigma=0.09658832241158709
[0.3974866  0.34746348 1.00289336]
sigma=0.10413289435570362
[0.40847556 0.34910794 1.0007089 ]
sigma=0.11226677735108136
[0.40565888 0.35005163 1.00038468]
sigma=0.12103600283829964
[0.41152464 0.3492655  1.0003136 ]
sigma=0.13049019780144042
[0.40635482 0.35363441 0.99795037]
sigma=0.140682865618154
[0.41868912 0.35512538 0.99614933]
sigma=0.1516716888470924
[0.40787324 0.35158234 0.99517705]
sigma=0.16351885566624894
[0.38586535 0.34524216 0.99863511]
sigma=0.1762914118095948
[0.40584518 0.3470119  0.99592422]
sigma=0.19006163999369882
[0.41760093 0.34531856 0.99541751]
sigma=0.20490746898158502
[0.41638127 0.34338219 0.99593346]
sigma=0.2209129145988173
[0.40951237 0.34212227 0.99388975]
sigma=0.23816855519761607
[0.39888608 0.34898635 0.9897576 ]
sigma=0.2567720442597591
[0.4210699  0.34319799 0.9898335 ]
sigma=0.27682866303920667
[0.41024609 0.34344319 0.98772493]
sigma=0.2984519163719754
[0.43102384 0.34341048 0.98444688]
sigma=0.3217641750250742
[0.4228005  0.34699316 0.98382101]
sigma=0.34689736821970707
[0.42197914 0.35380402 0.9787608 ]
sigma=0.3739937302478802
[0.4330981  0.35134024 0.97882279]
sigma=0.40320660540767433
[0.42255255 0.36778582 0.97157123]
sigma=0.43470131581250265
[0.41226984 0.36133121 0.97149992]
sigma=0.46865609698547095
[0.43266215 0.37741509 0.96351994]
sigma=0.505263106533568
[0.41321561 0.38385424 0.96199709]
sigma=0.5447295116100166
[0.42559632 0.39577751 0.95563472]
sigma=0.5872786613189489
[0.42207167 0.40767635 0.94976391]
sigma=0.6331513506973245
[0.42380476 0.417357   0.94376331]
sigma=0.6826071834272393
[0.42070949 0.43717996 0.93647124]
sigma=0.7359260409904984
[0.43458852 0.44083566 0.93344276]
sigma=0.7934096665797492
[0.44306019 0.45846787 0.92742006]
sigma=0.8553833727298659
[0.4319803  0.47952983 0.91659862]
sigma=0.9221978823334341
[0.46946397 0.48804532 0.91306968]
sigma=0.9942313134590756
[0.45853842 0.50271186 0.9051183 ]
sigma=1.0718913192051287
[0.4473154  0.53313709 0.89124586]
sigma=1.1556173946985666
[0.46092619 0.53168245 0.89103505]
sigma=1.2458833642950082
[0.44426148 0.55512859 0.88064014]
sigma=1.3432000630554168
[0.45795871 0.55998058 0.87723127]
sigma=1.448118227674536
[0.45270175 0.58385378 0.86474785]
sigma=1.5612316132215045
[0.45379958 0.60620244 0.85428471]
sigma=1.6831803533309584
[0.4489386  0.62664282 0.84633108]
sigma=1.8146545828606506
[0.46150382 0.63208471 0.84145181]
sigma=1.9563983435170649
[0.44701661 0.63414426 0.83730156]
sigma=2.109213794551798
[0.45779582 0.65249558 0.83005937]
sigma=2.273965752357932
[0.46102911 0.66403866 0.82486189]
sigma=2.4515865846570435
[0.46415892 0.68654241 0.81312996]
sigma=2.643081486974108
[0.45843903 0.72232668 0.79472231]
sigma=2.8495341712609874
[0.44618077 0.72039573 0.79383925]
sigma=3.0721129988617593
[0.46187152 0.72161881 0.79411672]
sigma=3.3120775925276664
[0.46705999 0.74492897 0.78247273]
sigma=3.57078596490047
[0.46373405 0.75399469 0.77714045]
sigma=3.8497022038059776
[0.45906352 0.76283913 0.77204706]
sigma=4.150404757850481
[0.45759262 0.76732992 0.77021227]
sigma=4.474595369210039
[0.47419226 0.7824858  0.7612772 ]
sigma=4.824108704165374
[0.46677345 0.79556768 0.7512414 ]
sigma=5.200922735883646
[0.45358753 0.82063781 0.7404824 ]
sigma=5.60716993820547
[0.46411727 0.81614573 0.73957653]
sigma=6.045149353785448
[0.44739873 0.83669964 0.72963783]
sigma=6.517339604882434
[0.45413286 0.8327427  0.72708117]
sigma=7.026412920430313
[0.46018791 0.8491872  0.72296431]
sigma=7.57525025877192
[0.45974656 0.85324162 0.71568084]
sigma=8.166957611638585
[0.41818736 0.86246431 0.70755818]
sigma=8.804883581643464
[0.42159312 0.86310857 0.7075111 ]
sigma=9.492638332763466
[0.44320928 0.87634781 0.70388222]
sigma=10.234114021054548
[0.41788335 0.88096798 0.69378877]
sigma=11.033506821222625
[0.41774549 0.89518171 0.68325028]
sigma=11.895340673703208
[0.41308249 0.89265804 0.68641964]
sigma=12.824492886639492
[0.42221216 0.90484536 0.68240365]
sigma=13.826221737646565
[0.397363   0.9045338  0.66280852]
sigma=14.906196231566014
[0.416868   0.92052617 0.66181941]
sigma=16.070528182616417
[0.39813803 0.91534907 0.65971728]
sigma=17.325806802500114
[0.39830155 0.92519199 0.64976344]
sigma=18.679135990207847
[0.39430531 0.9239004  0.63782214]
sigma=20.138174534552142
[0.38033102 0.92709613 0.63814411]
sigma=21.711179456945054
[0.37606215 0.93379894 0.62346843]
sigma=23.407052739706373
[0.37529933 0.93601727 0.62816174]
sigma=25.23539170434771
[0.36748051 0.93259006 0.61809748]
sigma=27.206543324935
[0.36301525 0.93896436 0.60469152]
sigma=29.331662783900484
[0.35969376 0.94126938 0.59285349]
sigma=31.622776601683793
[0.35900296 0.94269462 0.58598046]
