sigma=1e-05
[0.18527802 0.00141802 0.25895649]
sigma=1.0781106013205947e-05
[0.20106812 0.00152682 0.25839667]
sigma=1.1623224686798518e-05
[0.21189439 0.00163575 0.25776424]
sigma=1.2531121756368731e-05
[0.23654208 0.00188876 0.25684666]
sigma=1.3509935211980278e-05
[0.24118345 0.0020467  0.25613411]
sigma=1.4565204375190305e-05
[0.278235   0.00227257 0.25529223]
sigma=1.5702901247293774e-05
[0.30080884 0.00253716 0.25448638]
sigma=1.692946430619781e-05
[0.33573589 0.00288039 0.25358902]
sigma=1.8251834943190425e-05
[0.34727872 0.00334426 0.2525405 ]
sigma=1.967749674580727e-05
[0.39510446 0.00368582 0.25154069]
sigma=2.121451784910632e-05
[0.41724094 0.00407046 0.25070261]
sigma=2.2871596595026458e-05
[0.46168442 0.00464015 0.24969283]
sigma=2.465811075822604e-05
[0.47432671 0.00500575 0.24872541]
sigma=2.6584170616980845e-05
[0.50161476 0.00577029 0.24747362]
sigma=2.8660676169482503e-05
[0.53116317 0.00698777 0.24606398]
sigma=3.089937881933562e-05
[0.5280347  0.00753544 0.24521647]
sigma=3.33129478793467e-05
[0.53022014 0.00815478 0.24420066]
sigma=3.59150422699641e-05
[0.56082786 0.00952835 0.24275305]
sigma=3.872038781812557e-05
[0.54708127 0.0104715  0.24171134]
sigma=4.17448605939659e-05
[0.5393235  0.01193319 0.24041726]
sigma=4.5005576757004976e-05
[0.53473464 0.01306633 0.2393397 ]
sigma=4.852098942027481e-05
[0.53230003 0.01502614 0.23763355]
sigma=5.231099308056258e-05
[0.52123188 0.01637642 0.236787  ]
sigma=5.639703620576279e-05
[0.51404242 0.01864967 0.23528038]
sigma=6.080224261649427e-05
[0.48222349 0.02010002 0.23407728]
sigma=6.555154234890919e-05
[0.47584236 0.02358183 0.23227458]
sigma=7.067181273927492e-05
[0.47059871 0.02500263 0.23133422]
sigma=7.619203052875614e-05
[0.44603917 0.02814344 0.22976621]
sigma=8.214343584919422e-05
[0.44975939 0.03056225 0.22856953]
sigma=8.855970901791447e-05
[0.45038931 0.03229574 0.22751811]
sigma=9.547716114208066e-05
[0.41692012 0.03913493 0.22539895]
sigma=0.00010293493961127168
[0.42681622 0.04000295 0.22459299]
sigma=0.00011097524964120722
[0.43376295 0.04541171 0.22300548]
sigma=0.00011964359312238502
[0.42563776 0.04910503 0.22131426]
sigma=0.0001289890261253308
[0.42021954 0.05495252 0.21980407]
sigma=0.0001390644365197383
[0.40231031 0.06167069 0.21789847]
sigma=0.00014992684327860457
[0.40863323 0.06291481 0.21708049]
sigma=0.00016163771916119475
[0.41289129 0.06955235 0.21549897]
sigma=0.00017426333860096508
[0.39479342 0.07435199 0.21409374]
sigma=0.00018787515276722067
[0.39697146 0.08383163 0.21222216]
sigma=0.00020255019392306664
[0.39169674 0.08770657 0.2113914 ]
sigma=0.00021837151136800043
[0.39850725 0.09244677 0.20985166]
sigma=0.00023542864143224178
[0.39864203 0.10301661 0.20800111]
sigma=0.0002538181141826046
[0.39220152 0.10688849 0.20708355]
sigma=0.0002736439997074672
[0.38105835 0.11637847 0.20536106]
sigma=0.0002950184970723898
[0.37937798 0.1212183  0.20416572]
sigma=0.0003180625692794119
[0.38868133 0.12956958 0.20274668]
sigma=0.00034290662782340007
[0.38716421 0.13504937 0.20148899]
sigma=0.0003696912707195028
[0.39737011 0.14436564 0.19999003]
sigma=0.00039856807817837753
[0.38741632 0.15319366 0.19845447]
sigma=0.0004297004704320844
[0.38423096 0.15873017 0.19727793]
sigma=0.00046326463256527643
[0.38746356 0.16745259 0.19606989]
sigma=0.000499450511585514
[0.39049446 0.1732436  0.19484277]
sigma=0.0005384628913753371
[0.38961795 0.17374894 0.19424862]
sigma=0.0005805225516094902
[0.39984942 0.1835305  0.19317161]
sigma=0.0006258675171958727
[0.39347153 0.19051875 0.19197379]
sigma=0.0006747544053110699
[0.38068563 0.1943079  0.19089703]
sigma=0.0007274598776536371
[0.38443893 0.20282575 0.19002288]
sigma=0.0007842822061337681
[0.40010134 0.20574957 0.18894876]
sigma=0.0008455429608599194
[0.37872173 0.21086373 0.18806432]
sigma=0.0009115888299750828
[0.39606214 0.21636069 0.18699034]
sigma=0.0009827935816415728
[0.38369997 0.22230076 0.18646562]
sigma=0.001059560179277616
[0.39072883 0.22602216 0.18563625]
sigma=0.0011423230620163476
[0.38911566 0.23110149 0.1845205 ]
sigma=0.0012315506032928262
[0.38812917 0.23528561 0.18381536]
sigma=0.0013277477614727685
[0.38605657 0.24049057 0.18320251]
sigma=0.0014314589375234801
[0.38019792 0.24194478 0.18253496]
sigma=0.001543271055899177
[0.38973931 0.25007477 0.18164429]
sigma=0.001663816886076129
[0.39130793 0.25254509 0.18077013]
sigma=0.001793778623534895
[0.38677981 0.25805544 0.18012415]
sigma=0.0019338917504552321
[0.39422368 0.25838106 0.17959554]
sigma=0.0020849491979722254
[0.39478758 0.25942771 0.17938927]
sigma=0.002247805833548725
[0.38635998 0.25936815 0.1788482 ]
sigma=0.002423383298859157
[0.3736119  0.270247   0.17787447]
sigma=0.002612675225563329
[0.37297207 0.27508189 0.17711188]
sigma=0.002816752858487498
[0.38399454 0.27651071 0.17672509]
sigma=0.0030367711180354605
[0.38425667 0.28081162 0.17619761]
sigma=0.0032739751361382215
[0.38977674 0.28391119 0.17561136]
sigma=0.00352970730273065
[0.39438438 0.28375254 0.17527965]
sigma=0.0038054148626326355
[0.37132621 0.29101385 0.17471821]
sigma=0.004102658105827195
[0.36238903 0.28658933 0.17452905]
sigma=0.004423119197486164
[0.38794355 0.29279273 0.17380542]
sigma=0.004768611697714475
[0.37304079 0.29483438 0.17338365]
sigma=0.0051410908248873686
[0.39286612 0.29781105 0.17300327]
sigma=0.005542664520663107
[0.39384488 0.30292232 0.17243591]
sigma=0.005975605379290428
[0.38813542 0.30162897 0.17220708]
sigma=0.006442363508721377
[0.38569807 0.30274464 0.17188204]
sigma=0.006945580396313452
[0.38855774 0.31053427 0.17114539]
sigma=0.0074881038575900305
[0.38483762 0.30648413 0.17125055]
sigma=0.008073004152657444
[0.39003034 0.31265188 0.17085294]
sigma=0.008703591361485167
[0.39939443 0.31238851 0.17047078]
sigma=0.009383434116379496
[0.39289355 0.3141354  0.17025788]
sigma=0.01011637979766208
[0.38748297 0.31958751 0.16964604]
sigma=0.01090657630684497
[0.38821597 0.31844428 0.16940507]
sigma=0.01175849554052157
[0.39301844 0.32340711 0.16902371]
sigma=0.01267695869781724
[0.38692427 0.32146071 0.16912354]
sigma=0.013667163564620072
[0.39102736 0.32650655 0.16844125]
sigma=0.014734713928999454
[0.37435227 0.32356486 0.16854447]
sigma=0.015885651294280545
[0.39746558 0.32657944 0.16823362]
sigma=0.017126489069246062
[0.38300778 0.3250705  0.16801751]
sigma=0.018464249428955443
[0.38703538 0.33100817 0.16751186]
sigma=0.0199065030547846
[0.39260514 0.3299383  0.16761303]
sigma=0.021461411978584057
[0.39338749 0.32957375 0.16753387]
sigma=0.023137775773420247
[0.3925977  0.33935787 0.16689725]
sigma=0.024945081352303167
[0.38809988 0.33231917 0.16695975]
sigma=0.026893556656722717
[0.40654739 0.33162884 0.16701474]
sigma=0.02899422853882878
[0.3800676  0.33141495 0.16692554]
sigma=0.031258985164823415
[0.38269425 0.33730408 0.1664479 ]
sigma=0.033700643292719316
[0.39950252 0.33816806 0.16628253]
sigma=0.03633302080520445
[0.38959479 0.33235708 0.1663812 ]
sigma=0.039171014908092605
[0.40243053 0.33409538 0.16621625]
sigma=0.0422306864369017
[0.38356185 0.33497492 0.16605376]
sigma=0.045529350748669525
[0.39004265 0.34878113 0.16537405]
sigma=0.04908567571338432
[0.39823421 0.33932316 0.16575177]
sigma=0.052919787359584476
[0.38552512 0.3443873  0.16522881]
sigma=0.05705338377199956
[0.38537164 0.34499655 0.16526291]
sigma=0.06150985788580504
[0.38295422 0.34498762 0.16515921]
sigma=0.0663144298724096
[0.41252153 0.34439139 0.16498355]
sigma=0.07149428986597584
[0.39322832 0.34644901 0.1649564 ]
sigma=0.07707875183839603
[0.37964414 0.34454208 0.16479093]
sigma=0.08309941949353404
[0.39248966 0.3435182  0.16480595]
sigma=0.08959036511956624
[0.39047831 0.3504628  0.16427877]
sigma=0.09658832241158709
[0.37296289 0.34134688 0.16458575]
sigma=0.10413289435570362
[0.38903465 0.35152626 0.16407431]
sigma=0.11226677735108136
[0.40685009 0.35182836 0.16382595]
sigma=0.12103600283829964
[0.38445908 0.34866618 0.16369074]
sigma=0.13049019780144042
[0.39735442 0.34138094 0.16393889]
sigma=0.140682865618154
[0.38038271 0.34066838 0.16366929]
sigma=0.1516716888470924
[0.39570039 0.34368939 0.1632772 ]
sigma=0.16351885566624894
[0.38464002 0.34730674 0.1628697 ]
sigma=0.1762914118095948
[0.38835459 0.34141626 0.16303877]
sigma=0.19006163999369882
[0.3987208  0.34593438 0.16254643]
sigma=0.20490746898158502
[0.38495463 0.34706614 0.1622604 ]
sigma=0.2209129145988173
[0.38554825 0.34209914 0.16175711]
sigma=0.23816855519761607
[0.38379685 0.33212582 0.16213401]
sigma=0.2567720442597591
[0.39631597 0.33999601 0.16145632]
sigma=0.27682866303920667
[0.39212378 0.34719354 0.16076585]
sigma=0.2984519163719754
[0.39222293 0.33681274 0.16106193]
sigma=0.3217641750250742
[0.38147234 0.34405409 0.16048487]
sigma=0.34689736821970707
[0.39316823 0.33544877 0.16070319]
sigma=0.3739937302478802
[0.3762393  0.34981268 0.15974846]
sigma=0.40320660540767433
[0.37482159 0.3521113  0.1590801 ]
sigma=0.43470131581250265
[0.388739   0.35766805 0.15902273]
sigma=0.46865609698547095
[0.38320105 0.35606507 0.1590977 ]
sigma=0.505263106533568
[0.36108407 0.36249958 0.15856576]
sigma=0.5447295116100166
[0.38603603 0.37715185 0.15783889]
sigma=0.5872786613189489
[0.40705378 0.38971237 0.15686133]
sigma=0.6331513506973245
[0.38789951 0.40866419 0.15598888]
sigma=0.6826071834272393
[0.38978688 0.40822724 0.15560817]
sigma=0.7359260409904984
[0.37819561 0.42698673 0.15490235]
sigma=0.7934096665797492
[0.4017203  0.43918515 0.15416081]
sigma=0.8553833727298659
[0.38857777 0.44560232 0.15360949]
sigma=0.9221978823334341
[0.38986675 0.45309682 0.15332742]
sigma=0.9942313134590756
[0.39408457 0.45842048 0.15298263]
sigma=1.0718913192051287
[0.39796549 0.47310802 0.15222594]
sigma=1.1556173946985666
[0.38418432 0.49542157 0.1507657 ]
sigma=1.2458833642950082
[0.39240765 0.49204633 0.1507384 ]
sigma=1.3432000630554168
[0.39747988 0.51216402 0.14981014]
sigma=1.448118227674536
[0.40821842 0.50873932 0.14994543]
sigma=1.5612316132215045
[0.39743607 0.52965173 0.14823622]
sigma=1.6831803533309584
[0.36984078 0.53456491 0.14794595]
sigma=1.8146545828606506
[0.40692213 0.55577244 0.1466391 ]
sigma=1.9563983435170649
[0.40550097 0.55159035 0.1469225 ]
sigma=2.109213794551798
[0.37222889 0.55974336 0.14636184]
sigma=2.273965752357932
[0.40487997 0.58884723 0.14403113]
sigma=2.4515865846570435
[0.40901297 0.58476787 0.14385507]
sigma=2.643081486974108
[0.3879452 0.570483  0.1449603]
sigma=2.8495341712609874
[0.39238043 0.58937339 0.14321907]
sigma=3.0721129988617593
[0.39522775 0.5879444  0.14267232]
sigma=3.3120775925276664
[0.40234831 0.59723744 0.14239489]
sigma=3.57078596490047
[0.40253872 0.60718945 0.14126002]
sigma=3.8497022038059776
[0.3900025  0.61233062 0.14029053]
sigma=4.150404757850481
[0.39826623 0.61535026 0.13955384]
sigma=4.474595369210039
[0.40200273 0.62033142 0.13897857]
sigma=4.824108704165374
[0.38590167 0.62376858 0.13760198]
sigma=5.200922735883646
[0.39856789 0.64410596 0.13624361]
sigma=5.60716993820547
[0.39840101 0.66453892 0.13416708]
sigma=6.045149353785448
[0.40726414 0.66537513 0.13385913]
sigma=6.517339604882434
[0.39151201 0.65036691 0.13426853]
sigma=7.026412920430313
[0.40992094 0.67734055 0.13082641]
sigma=7.57525025877192
[0.40881015 0.68848517 0.13054925]
sigma=8.166957611638585
[0.41553185 0.69452959 0.12875978]
sigma=8.804883581643464
[0.40236438 0.71118452 0.12740788]
sigma=9.492638332763466
[0.396765   0.70807767 0.12763787]
sigma=10.234114021054548
[0.39424259 0.72484507 0.12618737]
sigma=11.033506821222625
[0.40561893 0.73334503 0.12472908]
sigma=11.895340673703208
[0.42816769 0.74458907 0.1223391 ]
sigma=12.824492886639492
[0.42478998 0.75406061 0.12090239]
sigma=13.826221737646565
[0.43546643 0.76458962 0.11996818]
sigma=14.906196231566014
[0.42022027 0.7622343  0.11790923]
sigma=16.070528182616417
[0.42892237 0.76431837 0.11805297]
sigma=17.325806802500114
[0.42591316 0.78828347 0.11617872]
sigma=18.679135990207847
[0.43443164 0.79826492 0.1138191 ]
sigma=20.138174534552142
[0.42399054 0.78700904 0.11406963]
sigma=21.711179456945054
[0.44147662 0.81383587 0.11233068]
sigma=23.407052739706373
[0.43844919 0.82143309 0.10999232]
sigma=25.23539170434771
[0.42640384 0.82504088 0.10651784]
sigma=27.206543324935
[0.42175045 0.82701885 0.10392093]
sigma=29.331662783900484
[0.4594423  0.84089593 0.10399986]
sigma=31.622776601683793
[0.45430484 0.84564903 0.10073159]
