sigma=1e-05
[0.23482218 0.00174889 0.25754428]
sigma=1.0781106013205947e-05
[0.2597093  0.00196572 0.25676607]
sigma=1.1623224686798518e-05
[0.28550392 0.00210898 0.25598488]
sigma=1.2531121756368731e-05
[0.31867184 0.00230292 0.25520871]
sigma=1.3509935211980278e-05
[0.3233758  0.00261723 0.25428934]
sigma=1.4565204375190305e-05
[0.36400796 0.00288168 0.25340138]
sigma=1.5702901247293774e-05
[0.43336598 0.0033956  0.25218061]
sigma=1.692946430619781e-05
[0.44134208 0.00377731 0.25134418]
sigma=1.8251834943190425e-05
[0.4619943  0.00419132 0.25032205]
sigma=1.967749674580727e-05
[0.48640858 0.00491011 0.24913259]
sigma=2.121451784910632e-05
[0.52762048 0.00546025 0.24807641]
sigma=2.2871596595026458e-05
[0.52633243 0.00608113 0.24695386]
sigma=2.465811075822604e-05
[0.5391551  0.00677051 0.24581236]
sigma=2.6584170616980845e-05
[0.557924   0.00759455 0.24467016]
sigma=2.8660676169482503e-05
[0.53777149 0.0092848  0.24316507]
sigma=3.089937881933562e-05
[0.54660884 0.00968842 0.24227437]
sigma=3.33129478793467e-05
[0.5573088  0.01186251 0.24064784]
sigma=3.59150422699641e-05
[0.54161077 0.01167101 0.24000174]
sigma=3.872038781812557e-05
[0.52373054 0.01398122 0.23836927]
sigma=4.17448605939659e-05
[0.52443533 0.01528887 0.23699861]
sigma=4.5005576757004976e-05
[0.49962965 0.01715376 0.23570482]
sigma=4.852098942027481e-05
[0.48724433 0.02033762 0.23403572]
sigma=5.231099308056258e-05
[0.47975303 0.02217855 0.23273753]
sigma=5.639703620576279e-05
[0.4754221  0.0248774  0.23103479]
sigma=6.080224261649427e-05
[0.44926294 0.02673913 0.22998878]
sigma=6.555154234890919e-05
[0.45361392 0.03014907 0.22840514]
sigma=7.067181273927492e-05
[0.43084044 0.03260108 0.22708572]
sigma=7.619203052875614e-05
[0.41771629 0.03777902 0.2251702 ]
sigma=8.214343584919422e-05
[0.42366389 0.04074395 0.22389463]
sigma=8.855970901791447e-05
[0.41691949 0.04349604 0.22239716]
sigma=9.547716114208066e-05
[0.40950219 0.04642093 0.22153909]
sigma=0.00010293493961127168
[0.40479342 0.05335434 0.21962643]
sigma=0.00011097524964120722
[0.41800742 0.05570655 0.21820581]
sigma=0.00011964359312238502
[0.42072764 0.0615389  0.21678664]
sigma=0.0001289890261253308
[0.40094932 0.06854053 0.21506354]
sigma=0.0001390644365197383
[0.40978987 0.07148901 0.21381105]
sigma=0.00014992684327860457
[0.39719448 0.07745489 0.2122692 ]
sigma=0.00016163771916119475
[0.38987404 0.08634457 0.21024479]
sigma=0.00017426333860096508
[0.39284521 0.0916684  0.20903064]
sigma=0.00018787515276722067
[0.38896032 0.10119341 0.20701855]
sigma=0.00020255019392306664
[0.39107486 0.10789526 0.20558576]
sigma=0.00021837151136800043
[0.39079225 0.11098143 0.20453955]
sigma=0.00023542864143224178
[0.37517414 0.12294706 0.20269887]
sigma=0.0002538181141826046
[0.37875493 0.12692704 0.20146687]
sigma=0.0002736439997074672
[0.38788567 0.13310935 0.20018234]
sigma=0.0002950184970723898
[0.40054486 0.14367774 0.19848492]
sigma=0.0003180625692794119
[0.39759827 0.1573368  0.19642452]
sigma=0.00034290662782340007
[0.39109622 0.15591151 0.19585079]
sigma=0.0003696912707195028
[0.39371915 0.17061636 0.19372315]
sigma=0.00039856807817837753
[0.38995033 0.16956647 0.19336497]
sigma=0.0004297004704320844
[0.37644676 0.17939285 0.1917007 ]
sigma=0.00046326463256527643
[0.3870942  0.19075944 0.19000913]
sigma=0.000499450511585514
[0.40224466 0.19766408 0.1887892 ]
sigma=0.0005384628913753371
[0.40052246 0.20681013 0.18724164]
sigma=0.0005805225516094902
[0.37609372 0.20746464 0.18670794]
sigma=0.0006258675171958727
[0.3829413  0.21618715 0.18482298]
sigma=0.0006747544053110699
[0.39081055 0.22635326 0.1835954 ]
sigma=0.0007274598776536371
[0.37268476 0.2333228  0.18238287]
sigma=0.0007842822061337681
[0.3955786  0.23700414 0.18166253]
sigma=0.0008455429608599194
[0.3832999  0.24618495 0.18002404]
sigma=0.0009115888299750828
[0.40048837 0.24915513 0.17928375]
sigma=0.0009827935816415728
[0.38970189 0.26048006 0.17784634]
sigma=0.001059560179277616
[0.39143052 0.2647887  0.17644717]
sigma=0.0011423230620163476
[0.38693002 0.26454991 0.17605557]
sigma=0.0012315506032928262
[0.38054314 0.26949459 0.17493799]
sigma=0.0013277477614727685
[0.37976597 0.28105969 0.17344898]
sigma=0.0014314589375234801
[0.39459344 0.28075872 0.17257606]
sigma=0.001543271055899177
[0.38502207 0.29547204 0.17119244]
sigma=0.001663816886076129
[0.39141596 0.29422681 0.1707323 ]
sigma=0.001793778623534895
[0.40010762 0.30328413 0.16917822]
sigma=0.0019338917504552321
[0.39497286 0.30746372 0.16856701]
sigma=0.0020849491979722254
[0.39236634 0.31302841 0.1677964 ]
sigma=0.002247805833548725
[0.37174754 0.32226632 0.1663238 ]
sigma=0.002423383298859157
[0.37961614 0.32817278 0.16527911]
sigma=0.002612675225563329
[0.38792617 0.32712059 0.16477083]
sigma=0.002816752858487498
[0.39080219 0.33932108 0.1637898 ]
sigma=0.0030367711180354605
[0.37739649 0.35031552 0.16259159]
sigma=0.0032739751361382215
[0.39205728 0.35054567 0.16248554]
sigma=0.00352970730273065
[0.37863286 0.37322485 0.16082305]
sigma=0.0038054148626326355
[0.39094869 0.3666706  0.16081943]
sigma=0.004102658105827195
[0.37562143 0.38988121 0.15882284]
sigma=0.004423119197486164
[0.39499641 0.38638681 0.15868545]
sigma=0.004768611697714475
[0.39785232 0.40288497 0.15793717]
sigma=0.0051410908248873686
[0.39514103 0.40961015 0.15728441]
sigma=0.005542664520663107
[0.38722535 0.42161617 0.15646211]
sigma=0.005975605379290428
[0.39901628 0.43859808 0.15541647]
sigma=0.006442363508721377
[0.37772415 0.44824427 0.15471588]
sigma=0.006945580396313452
[0.38068556 0.46641945 0.15381676]
sigma=0.0074881038575900305
[0.38517336 0.49193035 0.15241795]
sigma=0.008073004152657444
[0.37855732 0.4984514  0.15204345]
sigma=0.008703591361485167
[0.37942101 0.51196317 0.15148941]
sigma=0.009383434116379496
[0.38891728 0.52840553 0.15057933]
sigma=0.01011637979766208
[0.3961355  0.54013593 0.14984149]
sigma=0.01090657630684497
[0.39100298 0.55619851 0.14918028]
sigma=0.01175849554052157
[0.39650672 0.57069678 0.14849646]
sigma=0.01267695869781724
[0.37953503 0.6192021  0.14645656]
sigma=0.013667163564620072
[0.36266227 0.62037265 0.14637779]
sigma=0.014734713928999454
[0.38691059 0.62325924 0.14620688]
sigma=0.015885651294280545
[0.37086471 0.65987421 0.14465041]
sigma=0.017126489069246062
[0.38492131 0.66853901 0.14423226]
sigma=0.018464249428955443
[0.39051708 0.68824522 0.14339329]
sigma=0.0199065030547846
[0.37102155 0.69287944 0.14321824]
sigma=0.021461411978584057
[0.38865324 0.71469799 0.14218795]
sigma=0.023137775773420247
[0.37557992 0.71394504 0.14215983]
sigma=0.024945081352303167
[0.38100331 0.74301057 0.14112744]
sigma=0.026893556656722717
[0.38584464 0.74662482 0.14093923]
sigma=0.02899422853882878
[0.39152224 0.75904425 0.14036416]
sigma=0.031258985164823415
[0.39582858 0.78996014 0.13936499]
sigma=0.033700643292719316
[0.37992253 0.80444937 0.13880473]
sigma=0.03633302080520445
[0.37706482 0.80741162 0.13866257]
sigma=0.039171014908092605
[0.39463046 0.8237396  0.13806489]
sigma=0.0422306864369017
[0.39343516 0.82652003 0.13783876]
sigma=0.045529350748669525
[0.38477834 0.83392094 0.13756284]
sigma=0.04908567571338432
[0.38353425 0.84278554 0.1371572 ]
sigma=0.052919787359584476
[0.38239136 0.863755   0.1364159 ]
sigma=0.05705338377199956
[0.38437869 0.87049129 0.13624395]
sigma=0.06150985788580504
[0.37774298 0.88080683 0.135871  ]
sigma=0.0663144298724096
[0.38652751 0.88467924 0.13563969]
sigma=0.07149428986597584
[0.39394563 0.897179   0.1352603 ]
sigma=0.07707875183839603
[0.40391595 0.90080722 0.13509411]
sigma=0.08309941949353404
[0.39865743 0.90803834 0.13483   ]
sigma=0.08959036511956624
[0.38993076 0.91971498 0.134473  ]
sigma=0.09658832241158709
[0.38661838 0.92869143 0.13412055]
sigma=0.10413289435570362
[0.38628894 0.91508869 0.13447219]
sigma=0.11226677735108136
[0.38218021 0.92789471 0.13409188]
sigma=0.12103600283829964
[0.38885798 0.93093232 0.13396231]
sigma=0.13049019780144042
[0.39459434 0.93847895 0.13373871]
sigma=0.140682865618154
[0.37894781 0.94646565 0.1334664 ]
sigma=0.1516716888470924
[0.3771997  0.95310261 0.13321856]
sigma=0.16351885566624894
[0.38023046 0.95336971 0.1331671 ]
sigma=0.1762914118095948
[0.37649065 0.9542014  0.13315025]
sigma=0.19006163999369882
[0.40536888 0.95526833 0.13308657]
sigma=0.20490746898158502
[0.38067095 0.9541839  0.13311345]
sigma=0.2209129145988173
[0.38884154 0.96076801 0.13289019]
sigma=0.23816855519761607
[0.38408119 0.96374864 0.13278061]
sigma=0.2567720442597591
[0.38089629 0.96431534 0.13276437]
sigma=0.27682866303920667
[0.37820337 0.96844313 0.13262164]
sigma=0.2984519163719754
[0.3815583  0.97211402 0.13246974]
sigma=0.3217641750250742
[0.37355104 0.9761868  0.13236732]
sigma=0.34689736821970707
[0.36621309 0.97624014 0.13232169]
sigma=0.3739937302478802
[0.39386603 0.98021748 0.13221478]
sigma=0.40320660540767433
[0.39043483 0.98310041 0.1320706 ]
sigma=0.43470131581250265
[0.39560901 0.9842586  0.13206254]
sigma=0.46865609698547095
[0.39413617 0.98085851 0.13215973]
sigma=0.505263106533568
[0.3839494  0.98455881 0.13200129]
sigma=0.5447295116100166
[0.4006073  0.98620333 0.13198919]
sigma=0.5872786613189489
[0.39469831 0.98466443 0.13203562]
sigma=0.6331513506973245
[0.36683081 0.98534859 0.13193954]
sigma=0.6826071834272393
[0.39142025 0.98954258 0.13185305]
sigma=0.7359260409904984
[0.38101989 0.99051561 0.13189785]
sigma=0.7934096665797492
[0.40189118 0.98766568 0.13187017]
sigma=0.8553833727298659
[0.39093122 0.99154245 0.13180759]
sigma=0.9221978823334341
[0.38652515 0.99032889 0.13178842]
sigma=0.9942313134590756
[0.39105488 0.99232927 0.13188584]
sigma=1.0718913192051287
[0.38050994 0.99201682 0.13187987]
sigma=1.1556173946985666
[0.38880544 0.99384747 0.13156234]
sigma=1.2458833642950082
[0.39712707 0.9925878  0.13169674]
sigma=1.3432000630554168
[0.39509602 0.99558914 0.13165768]
sigma=1.448118227674536
[0.39047212 0.9951416  0.13179962]
sigma=1.5612316132215045
[0.37266062 0.99438014 0.13167942]
sigma=1.6831803533309584
[0.38486292 0.99592449 0.13152765]
sigma=1.8146545828606506
[0.39012134 0.99644218 0.13143657]
sigma=1.9563983435170649
[0.38772359 0.99636942 0.13176375]
sigma=2.109213794551798
[0.39945513 0.99633562 0.13164346]
sigma=2.273965752357932
[0.39376333 0.99742977 0.13168953]
sigma=2.4515865846570435
[0.37552051 0.99612637 0.13158388]
sigma=2.643081486974108
[0.37728598 0.996303   0.1316028 ]
sigma=2.8495341712609874
[0.39168147 0.99769047 0.1310703 ]
sigma=3.0721129988617593
[0.38733242 0.99696493 0.13124864]
sigma=3.3120775925276664
[0.38667816 0.99849172 0.13140858]
sigma=3.57078596490047
[0.3920524  0.99616883 0.13108938]
sigma=3.8497022038059776
[0.39322022 0.99780259 0.13161208]
sigma=4.150404757850481
[0.39636174 0.99839713 0.13141646]
sigma=4.474595369210039
[0.38493689 0.99811241 0.13096153]
sigma=4.824108704165374
[0.38129046 0.99788094 0.13078927]
sigma=5.200922735883646
[0.38013007 0.99871667 0.1310909 ]
sigma=5.60716993820547
[0.38031715 0.99946333 0.13030986]
sigma=6.045149353785448
[0.37952383 0.99842593 0.1287424 ]
sigma=6.517339604882434
[0.38452124 0.9980322  0.12720999]
sigma=7.026412920430313
[0.36594221 0.99863364 0.12681954]
sigma=7.57525025877192
[0.3987932  0.99451039 0.12541099]
sigma=8.166957611638585
[0.37249307 0.99807684 0.12294769]
sigma=8.804883581643464
[0.37849132 0.99364163 0.12355215]
sigma=9.492638332763466
[0.38617027 0.99007246 0.12266089]
sigma=10.234114021054548
[0.39123758 0.988178   0.12032644]
sigma=11.033506821222625
[0.39547283 0.98540862 0.11933097]
sigma=11.895340673703208
[0.38223572 0.97761592 0.11875528]
sigma=12.824492886639492
[0.37996883 0.97482272 0.11792827]
sigma=13.826221737646565
[0.39056812 0.97083101 0.11560397]
sigma=14.906196231566014
[0.38053337 0.95390801 0.11885912]
sigma=16.070528182616417
[0.39191123 0.95178264 0.11621447]
sigma=17.325806802500114
[0.37575042 0.95486999 0.11279804]
sigma=18.679135990207847
[0.38027658 0.93652383 0.1134584 ]
sigma=20.138174534552142
[0.38733694 0.93861159 0.11190688]
sigma=21.711179456945054
[0.37521247 0.93360642 0.11112779]
sigma=23.407052739706373
[0.38058103 0.92997136 0.10967926]
sigma=25.23539170434771
[0.3707977  0.92154304 0.10890448]
sigma=27.206543324935
[0.38348039 0.91272094 0.10865622]
sigma=29.331662783900484
[0.39241373 0.91953681 0.10722977]
sigma=31.622776601683793
[0.39804903 0.90919378 0.10421828]
