sigma=1e-05
[0.08141968 0.00605276 5.21224792]
sigma=1.0781106013205947e-05
[0.08244703 0.00605503 5.21196811]
sigma=1.1623224686798518e-05
[0.09375386 0.00607742 5.21007165]
sigma=1.2531121756368731e-05
[0.10330294 0.0060945  5.20883508]
sigma=1.3509935211980278e-05
[0.107114   0.00611341 5.20703569]
sigma=1.4565204375190305e-05
[0.11499137 0.00614278 5.20417857]
sigma=1.5702901247293774e-05
[0.12663797 0.00615846 5.2035216 ]
sigma=1.692946430619781e-05
[0.13884863 0.00619256 5.20048311]
sigma=1.8251834943190425e-05
[0.15733663 0.00624752 5.19608841]
sigma=1.967749674580727e-05
[0.16423604 0.00627439 5.1937038 ]
sigma=2.121451784910632e-05
[0.17903999 0.00631859 5.1906682 ]
sigma=2.2871596595026458e-05
[0.20291085 0.0063963  5.18422719]
sigma=2.465811075822604e-05
[0.22961374 0.00645987 5.17865555]
sigma=2.6584170616980845e-05
[0.24048679 0.00649394 5.1767338 ]
sigma=2.8660676169482503e-05
[0.25914098 0.00665765 5.16378285]
sigma=3.089937881933562e-05
[0.28325716 0.00674425 5.15689082]
sigma=3.33129478793467e-05
[0.30050688 0.0068865  5.14696581]
sigma=3.59150422699641e-05
[0.31726499 0.00705812 5.13400384]
sigma=3.872038781812557e-05
[0.35190365 0.00720728 5.12321995]
sigma=4.17448605939659e-05
[0.35410792 0.00736646 5.11167478]
sigma=4.5005576757004976e-05
[0.39471792 0.00769678 5.08968734]
sigma=4.852098942027481e-05
[0.42221534 0.00820759 5.05527744]
sigma=5.231099308056258e-05
[0.43535591 0.00833444 5.0472017 ]
sigma=5.639703620576279e-05
[0.45454323 0.00935066 4.98353218]
sigma=6.080224261649427e-05
[0.48538856 0.00955548 4.97128493]
sigma=6.555154234890919e-05
[0.50225243 0.01038406 4.92385428]
sigma=7.067181273927492e-05
[0.49855376 0.01156993 4.86236052]
sigma=7.619203052875614e-05
[0.50339287 0.01234058 4.82385901]
sigma=8.214343584919422e-05
[0.51293184 0.01364382 4.75345991]
sigma=8.855970901791447e-05
[0.49481762 0.01487034 4.70417285]
sigma=9.547716114208066e-05
[0.51651002 0.01622095 4.64469494]
sigma=0.00010293493961127168
[0.50500425 0.01920828 4.5295995 ]
sigma=0.00011097524964120722
[0.50776789 0.02120119 4.45199903]
sigma=0.00011964359312238502
[0.49518589 0.02207545 4.418564  ]
sigma=0.0001289890261253308
[0.50169362 0.02749677 4.25770424]
sigma=0.0001390644365197383
[0.47457471 0.03168777 4.13749003]
sigma=0.00014992684327860457
[0.46833271 0.03348738 4.07481807]
sigma=0.00016163771916119475
[0.46377832 0.03907477 3.94934715]
sigma=0.00017426333860096508
[0.44800443 0.04562503 3.78932147]
sigma=0.00018787515276722067
[0.44577276 0.05411575 3.64553688]
sigma=0.00020255019392306664
[0.44578766 0.05834636 3.53024393]
sigma=0.00021837151136800043
[0.44376198 0.06851532 3.35602998]
sigma=0.00023542864143224178
[0.41315338 0.07492276 3.27090559]
sigma=0.0002538181141826046
[0.43468474 0.08526459 3.12143287]
sigma=0.0002736439997074672
[0.41289177 0.09421466 2.97881439]
sigma=0.0002950184970723898
[0.40655724 0.105813   2.85677387]
sigma=0.0003180625692794119
[0.40636379 0.1200996  2.7025009 ]
sigma=0.00034290662782340007
[0.40139205 0.12601226 2.63459674]
sigma=0.0003696912707195028
[0.38354446 0.13637374 2.53770439]
sigma=0.00039856807817837753
[0.3940019  0.15184468 2.40030328]
sigma=0.0004297004704320844
[0.39133525 0.16039214 2.33287307]
sigma=0.00046326463256527643
[0.3793802  0.17517978 2.23111243]
sigma=0.000499450511585514
[0.39916189 0.18684956 2.15190926]
sigma=0.0005384628913753371
[0.40309248 0.19194819 2.1057425 ]
sigma=0.0005805225516094902
[0.41018064 0.20485164 2.02611004]
sigma=0.0006258675171958727
[0.39619338 0.21436375 1.98562498]
sigma=0.0006747544053110699
[0.39301966 0.22517419 1.90042922]
sigma=0.0007274598776536371
[0.38223237 0.23264235 1.87801397]
sigma=0.0007842822061337681
[0.39650979 0.2395134  1.83514634]
sigma=0.0008455429608599194
[0.3894121  0.2392668  1.83782471]
sigma=0.0009115888299750828
[0.38884683 0.25142773 1.78175677]
sigma=0.0009827935816415728
[0.39470282 0.26394074 1.72562356]
sigma=0.001059560179277616
[0.40787258 0.26264368 1.72943599]
sigma=0.0011423230620163476
[0.40041504 0.26731838 1.70926339]
sigma=0.0012315506032928262
[0.38249068 0.27832872 1.67192204]
sigma=0.0013277477614727685
[0.39457637 0.28221036 1.66264834]
sigma=0.0014314589375234801
[0.39013204 0.28692012 1.632741  ]
sigma=0.001543271055899177
[0.39428902 0.29923614 1.59703992]
sigma=0.001663816886076129
[0.39783113 0.30403792 1.5795609 ]
sigma=0.001793778623534895
[0.39082198 0.3062903  1.5661473 ]
sigma=0.0019338917504552321
[0.39022684 0.31744351 1.5383959 ]
sigma=0.0020849491979722254
[0.39538572 0.31895403 1.53156591]
sigma=0.002247805833548725
[0.39022169 0.32514501 1.51704372]
sigma=0.002423383298859157
[0.39141625 0.32370112 1.52177737]
sigma=0.002612675225563329
[0.38539444 0.32562264 1.51573581]
sigma=0.002816752858487498
[0.38551147 0.33370703 1.49685652]
sigma=0.0030367711180354605
[0.37901294 0.34094444 1.4755868 ]
sigma=0.0032739751361382215
[0.39564122 0.3446219  1.47268753]
sigma=0.00352970730273065
[0.38738709 0.34878079 1.45916127]
sigma=0.0038054148626326355
[0.38462759 0.35476567 1.4383616 ]
sigma=0.004102658105827195
[0.3813655  0.35707718 1.439316  ]
sigma=0.004423119197486164
[0.3950556  0.37519558 1.3912232 ]
sigma=0.004768611697714475
[0.38950992 0.38543504 1.37012646]
sigma=0.0051410908248873686
[0.38551835 0.39584378 1.33535979]
sigma=0.005542664520663107
[0.39198684 0.38935986 1.35720439]
sigma=0.005975605379290428
[0.38413416 0.400439   1.32151781]
sigma=0.006442363508721377
[0.38617309 0.40359962 1.31510493]
sigma=0.006945580396313452
[0.38735167 0.42662473 1.26770614]
sigma=0.0074881038575900305
[0.38948201 0.4331121  1.25474835]
sigma=0.008073004152657444
[0.39537873 0.44631807 1.21362606]
sigma=0.008703591361485167
[0.39295431 0.45549829 1.18204106]
sigma=0.009383434116379496
[0.39156757 0.47088196 1.15641083]
sigma=0.01011637979766208
[0.38339974 0.47460547 1.1485167 ]
sigma=0.01090657630684497
[0.39070045 0.49202028 1.09740774]
sigma=0.01175849554052157
[0.40313967 0.50510694 1.07026018]
sigma=0.01267695869781724
[0.39113366 0.51655557 1.04241646]
sigma=0.013667163564620072
[0.37952477 0.52418515 1.02487083]
sigma=0.014734713928999454
[0.3957394  0.55737356 0.94510554]
sigma=0.015885651294280545
[0.40345794 0.57427882 0.90933479]
sigma=0.017126489069246062
[0.40611099 0.58750333 0.87752313]
sigma=0.018464249428955443
[0.39164034 0.60362002 0.84356675]
sigma=0.0199065030547846
[0.38492219 0.61404271 0.81235054]
sigma=0.021461411978584057
[0.38940343 0.61662039 0.80140395]
sigma=0.023137775773420247
[0.40282898 0.65067893 0.73099821]
sigma=0.024945081352303167
[0.39894741 0.66118133 0.70551143]
sigma=0.026893556656722717
[0.40029116 0.68014409 0.66425189]
sigma=0.02899422853882878
[0.40504779 0.69266995 0.63801714]
sigma=0.031258985164823415
[0.38967257 0.70656532 0.59777992]
sigma=0.033700643292719316
[0.38868448 0.73101886 0.555398  ]
sigma=0.03633302080520445
[0.39353329 0.75311447 0.51240197]
sigma=0.039171014908092605
[0.39359601 0.75828588 0.49147826]
sigma=0.0422306864369017
[0.39842217 0.77171374 0.46980174]
sigma=0.045529350748669525
[0.41312456 0.78004459 0.44744888]
sigma=0.04908567571338432
[0.3774938  0.80120266 0.40583143]
sigma=0.052919787359584476
[0.40354023 0.81391267 0.3763711 ]
sigma=0.05705338377199956
[0.38145726 0.82870321 0.35107043]
sigma=0.06150985788580504
[0.3899728  0.82671574 0.35175768]
sigma=0.0663144298724096
[0.39528728 0.84541025 0.31358949]
sigma=0.07149428986597584
[0.40396677 0.84375724 0.31560783]
sigma=0.07707875183839603
[0.38650166 0.86442995 0.27390829]
sigma=0.08309941949353404
[0.39987223 0.87427449 0.25481999]
sigma=0.08959036511956624
[0.39131087 0.87781019 0.24364738]
sigma=0.09658832241158709
[0.39178425 0.88671245 0.22758601]
sigma=0.10413289435570362
[0.38918818 0.89731721 0.20924314]
sigma=0.11226677735108136
[0.38341486 0.90470863 0.18924303]
sigma=0.12103600283829964
[0.38360603 0.90814301 0.1842031 ]
sigma=0.13049019780144042
[0.39543776 0.92122881 0.16172339]
sigma=0.140682865618154
[0.38392526 0.92660277 0.15200438]
sigma=0.1516716888470924
[0.39339635 0.92617783 0.14863032]
sigma=0.16351885566624894
[0.40045941 0.93478925 0.13165425]
sigma=0.1762914118095948
[0.39327773 0.93867158 0.12461692]
sigma=0.19006163999369882
[0.40201299 0.94339347 0.11458822]
sigma=0.20490746898158502
[0.39258847 0.93858902 0.11893937]
sigma=0.2209129145988173
[0.38420794 0.95068204 0.0983736 ]
sigma=0.23816855519761607
[0.38428522 0.95038418 0.09752804]
sigma=0.2567720442597591
[0.39731609 0.95192434 0.09517777]
sigma=0.27682866303920667
[0.40295399 0.95979417 0.07941469]
sigma=0.2984519163719754
[0.40859407 0.96336078 0.07532748]
sigma=0.3217641750250742
[0.38780935 0.97112338 0.06128806]
sigma=0.34689736821970707
[0.3827228  0.96887239 0.06325745]
sigma=0.3739937302478802
[0.39619111 0.96828427 0.06399169]
sigma=0.40320660540767433
[0.40386414 0.97394489 0.05320384]
sigma=0.43470131581250265
[0.39298871 0.97044687 0.05887872]
sigma=0.46865609698547095
[0.39269176 0.98123319 0.04028048]
sigma=0.505263106533568
[0.38487819 0.98009529 0.04047894]
sigma=0.5447295116100166
[0.40239303 0.98020115 0.04066291]
sigma=0.5872786613189489
[0.38273248 0.98080944 0.03817331]
sigma=0.6331513506973245
[0.37586117 0.97864532 0.04223759]
sigma=0.6826071834272393
[0.38732982 0.98231823 0.03515226]
sigma=0.7359260409904984
[0.3865537  0.98695617 0.02771612]
sigma=0.7934096665797492
[0.38006761 0.98406311 0.03116458]
sigma=0.8553833727298659
[0.38168485 0.98836574 0.02434742]
sigma=0.9221978823334341
[0.39323309 0.98899136 0.02166307]
sigma=0.9942313134590756
[0.3944307  0.98637061 0.02540289]
sigma=1.0718913192051287
[0.38677722 0.99075634 0.01917489]
sigma=1.1556173946985666
[0.38655596 0.99157348 0.01736189]
sigma=1.2458833642950082
[0.38412447 0.9891206  0.02097985]
sigma=1.3432000630554168
[0.38530761 0.99423355 0.01294455]
sigma=1.448118227674536
[0.39143975 0.99344548 0.01389097]
sigma=1.5612316132215045
[0.38603168 0.99262606 0.01500628]
sigma=1.6831803533309584
[0.39871499 0.99373847 0.01304691]
sigma=1.8146545828606506
[0.39838075 0.99357372 0.01255643]
sigma=1.9563983435170649
[0.39387238 0.99214079 0.01470529]
sigma=2.109213794551798
[0.38256508 0.9899595  0.01731403]
sigma=2.273965752357932
[0.38432073 0.99393448 0.01186265]
sigma=2.4515865846570435
[0.38871562 0.99497198 0.00956134]
sigma=2.643081486974108
[0.39403978 0.99429955 0.0106762 ]
sigma=2.8495341712609874
[0.40451523 0.99461318 0.00988185]
sigma=3.0721129988617593
[0.39241752 0.99463676 0.00996978]
sigma=3.3120775925276664
[0.38398643 0.99542455 0.0085814 ]
sigma=3.57078596490047
[0.38124946 0.99483291 0.00974457]
sigma=3.8497022038059776
[0.3884784  0.99909247 0.00261583]
sigma=4.150404757850481
[0.38798801 0.99768747 0.00457417]
sigma=4.474595369210039
[0.38591456 0.99744518 0.00483839]
sigma=4.824108704165374
[0.38100734 0.99821936 0.0039402 ]
sigma=5.200922735883646
[0.39362408 0.99763763 0.0048193 ]
sigma=5.60716993820547
[0.38700132 0.9991499  0.00205113]
sigma=6.045149353785448
[0.38065076 0.99834285 0.00334583]
sigma=6.517339604882434
[0.38195253 0.99877637 0.00313819]
sigma=7.026412920430313
[0.37175556 0.99809267 0.00389842]
sigma=7.57525025877192
[0.38570144 0.99755607 0.00461703]
sigma=8.166957611638585
[0.38664658 0.99844211 0.00326613]
sigma=8.804883581643464
[0.3809979  0.99734186 0.00493455]
sigma=9.492638332763466
[0.38890386 0.99862889 0.0025883 ]
sigma=10.234114021054548
[0.3775929  0.9983692  0.00299515]
sigma=11.033506821222625
[0.36913597 0.99882264 0.00249694]
sigma=11.895340673703208
[0.39362929 0.99849745 0.00284456]
sigma=12.824492886639492
[0.38372046 0.99855549 0.00292139]
sigma=13.826221737646565
[0.3828475  0.99900636 0.00206576]
sigma=14.906196231566014
[3.75878855e-01 9.99661146e-01 7.52744457e-04]
sigma=16.070528182616417
[0.36891102 0.99958434 0.001119  ]
sigma=17.325806802500114
[0.38029109 0.99933558 0.00131651]
sigma=18.679135990207847
[0.3901651  0.99948376 0.00118324]
sigma=20.138174534552142
[3.86406516e-01 9.99674919e-01 8.64989219e-04]
sigma=21.711179456945054
[0.38723493 0.99891316 0.00189051]
sigma=23.407052739706373
[3.82247910e-01 9.99857293e-01 4.44809384e-04]
sigma=25.23539170434771
[3.83314143e-01 9.99896408e-01 3.15509870e-04]
sigma=27.206543324935
[3.85798661e-01 9.99616833e-01 8.45107100e-04]
sigma=29.331662783900484
[3.82987992e-01 9.99870381e-01 4.08407920e-04]
sigma=31.622776601683793
[0.37940807 0.99920491 0.0012929 ]
