sigma=1e-05
[0.05871134 0.00602363 5.21461186]
sigma=1.0781106013205947e-05
[0.06399988 0.0060352  5.21347806]
sigma=1.1623224686798518e-05
[0.07265671 0.00603702 5.21347193]
sigma=1.2531121756368731e-05
[0.07519423 0.00605423 5.21190366]
sigma=1.3509935211980278e-05
[0.08242227 0.00605846 5.21182314]
sigma=1.4565204375190305e-05
[0.0938427  0.00608101 5.20967725]
sigma=1.5702901247293774e-05
[0.0945611  0.0060879  5.20921321]
sigma=1.692946430619781e-05
[0.10610258 0.00611572 5.20693111]
sigma=1.8251834943190425e-05
[0.12115084 0.00615201 5.20384561]
sigma=1.967749674580727e-05
[0.12550137 0.0061604  5.20338876]
sigma=2.121451784910632e-05
[0.1321786  0.00619477 5.20011443]
sigma=2.2871596595026458e-05
[0.15045893 0.00621526 5.19828279]
sigma=2.465811075822604e-05
[0.16663147 0.00625029 5.1957835 ]
sigma=2.6584170616980845e-05
[0.17848647 0.00631408 5.19075215]
sigma=2.8660676169482503e-05
[0.19233219 0.0063616  5.18698016]
sigma=3.089937881933562e-05
[0.22183536 0.00647498 5.17783672]
sigma=3.33129478793467e-05
[0.22599495 0.00653838 5.17289701]
sigma=3.59150422699641e-05
[0.25423838 0.00662047 5.16641686]
sigma=3.872038781812557e-05
[0.27611893 0.00674267 5.15709425]
sigma=4.17448605939659e-05
[0.27578922 0.00684577 5.14952821]
sigma=4.5005576757004976e-05
[0.30704809 0.007046   5.13544922]
sigma=4.852098942027481e-05
[0.33309094 0.00720235 5.12358372]
sigma=5.231099308056258e-05
[0.3558683  0.00747416 5.10474445]
sigma=5.639703620576279e-05
[0.37335251 0.00761805 5.09440458]
sigma=6.080224261649427e-05
[0.42524964 0.00820094 5.05513284]
sigma=6.555154234890919e-05
[0.43626287 0.00829578 5.04675469]
sigma=7.067181273927492e-05
[0.42766138 0.00871124 5.02339514]
sigma=7.619203052875614e-05
[0.45164022 0.00943747 4.98122442]
sigma=8.214343584919422e-05
[0.45264068 0.01013513 4.93961417]
sigma=8.855970901791447e-05
[0.4795798  0.01078702 4.90662972]
sigma=9.547716114208066e-05
[0.49383025 0.01202376 4.84244947]
sigma=0.00010293493961127168
[0.49243755 0.012954   4.79805322]
sigma=0.00011097524964120722
[0.49588826 0.01455728 4.72073911]
sigma=0.00011964359312238502
[0.50456751 0.01654851 4.63559385]
sigma=0.0001289890261253308
[0.50265719 0.01905979 4.53737255]
sigma=0.0001390644365197383
[0.49938358 0.02228541 4.43410663]
sigma=0.00014992684327860457
[0.50396081 0.02389549 4.37717855]
sigma=0.00016163771916119475
[0.48455011 0.02712597 4.27987364]
sigma=0.00017426333860096508
[0.48892101 0.03044363 4.18127403]
sigma=0.00018787515276722067
[0.49216659 0.03370789 4.07588048]
sigma=0.00020255019392306664
[0.46772977 0.04080928 3.92558311]
sigma=0.00021837151136800043
[0.48158777 0.04511873 3.82669525]
sigma=0.00023542864143224178
[0.45487338 0.05024019 3.72807407]
sigma=0.0002538181141826046
[0.44692534 0.05668359 3.58359334]
sigma=0.0002736439997074672
[0.42922546 0.06667979 3.41656501]
sigma=0.0002950184970723898
[0.42397071 0.07687547 3.26810777]
sigma=0.0003180625692794119
[0.41144034 0.08700196 3.11323067]
sigma=0.00034290662782340007
[0.40448633 0.09380292 3.02503878]
sigma=0.0003696912707195028
[0.40849372 0.10308171 2.89607757]
sigma=0.00039856807817837753
[0.41425741 0.11511018 2.77309608]
sigma=0.0004297004704320844
[0.40326345 0.12413306 2.65767533]
sigma=0.00046326463256527643
[0.40372132 0.13675086 2.54094375]
sigma=0.000499450511585514
[0.3971134  0.14795954 2.43471168]
sigma=0.0005384628913753371
[0.40409065 0.15431012 2.39387303]
sigma=0.0005805225516094902
[0.39816379 0.16408073 2.29243029]
sigma=0.0006258675171958727
[0.38657378 0.17797881 2.20781804]
sigma=0.0006747544053110699
[0.38560613 0.18926914 2.12688876]
sigma=0.0007274598776536371
[0.37555487 0.19400117 2.08260682]
sigma=0.0007842822061337681
[0.40341803 0.20701359 2.01710981]
sigma=0.0008455429608599194
[0.39102313 0.21137798 1.98296386]
sigma=0.0009115888299750828
[0.38951859 0.22181747 1.92210735]
sigma=0.0009827935816415728
[0.39557394 0.229731   1.900874  ]
sigma=0.001059560179277616
[0.41034887 0.24025707 1.83184645]
sigma=0.0011423230620163476
[0.38506244 0.24431601 1.81639747]
sigma=0.0012315506032928262
[0.37795857 0.25128    1.78393024]
sigma=0.0013277477614727685
[0.39567267 0.25433609 1.77288454]
sigma=0.0014314589375234801
[0.39845852 0.2604421  1.74838018]
sigma=0.001543271055899177
[0.38897334 0.26579274 1.72089114]
sigma=0.001663816886076129
[0.39670484 0.26935062 1.71175924]
sigma=0.001793778623534895
[0.38161246 0.26749578 1.71253781]
sigma=0.0019338917504552321
[0.40230059 0.27096118 1.70261142]
sigma=0.0020849491979722254
[0.39888237 0.28083864 1.65817791]
sigma=0.002247805833548725
[0.38314242 0.28204943 1.65856426]
sigma=0.002423383298859157
[0.38629734 0.28560715 1.65098789]
sigma=0.002612675225563329
[0.39613369 0.28412957 1.65661284]
sigma=0.002816752858487498
[0.3989701  0.28593674 1.65665051]
sigma=0.0030367711180354605
[0.39072696 0.28287994 1.665117  ]
sigma=0.0032739751361382215
[0.39095591 0.29135025 1.6381743 ]
sigma=0.00352970730273065
[0.39404016 0.29283212 1.63591756]
sigma=0.0038054148626326355
[0.40143648 0.29221124 1.64228669]
sigma=0.004102658105827195
[0.38802166 0.29191342 1.65504894]
sigma=0.004423119197486164
[0.38845054 0.29646945 1.62464302]
sigma=0.004768611697714475
[0.39887192 0.29793938 1.62611843]
sigma=0.0051410908248873686
[0.39954773 0.30503222 1.60900155]
sigma=0.005542664520663107
[0.39270417 0.29858274 1.63341546]
sigma=0.005975605379290428
[0.39274052 0.30094695 1.63927788]
sigma=0.006442363508721377
[0.40193737 0.30723897 1.61401661]
sigma=0.006945580396313452
[0.39686851 0.30222454 1.64129345]
sigma=0.0074881038575900305
[0.39755216 0.30689322 1.62324972]
sigma=0.008073004152657444
[0.40236286 0.30615903 1.63871751]
sigma=0.008703591361485167
[0.38745292 0.30692483 1.64159782]
sigma=0.009383434116379496
[0.38758488 0.31261255 1.62587021]
sigma=0.01011637979766208
[0.38363225 0.30656321 1.64902876]
sigma=0.01090657630684497
[0.393372   0.30856347 1.64334849]
sigma=0.01175849554052157
[0.39222193 0.31206513 1.63507088]
sigma=0.01267695869781724
[0.39673004 0.31425869 1.6289616 ]
sigma=0.013667163564620072
[0.38930725 0.31042314 1.64727872]
sigma=0.014734713928999454
[0.40646204 0.30395026 1.67168557]
sigma=0.015885651294280545
[0.39916037 0.30808014 1.65768146]
sigma=0.017126489069246062
[0.3964644  0.31463016 1.63942682]
sigma=0.018464249428955443
[0.39957249 0.31301193 1.64870799]
sigma=0.0199065030547846
[0.39590209 0.30881468 1.66789525]
sigma=0.021461411978584057
[0.40006921 0.31345126 1.65973925]
sigma=0.023137775773420247
[0.41785738 0.3165577  1.64609848]
sigma=0.024945081352303167
[0.38829458 0.30856976 1.69762743]
sigma=0.026893556656722717
[0.39480002 0.31465981 1.67243348]
sigma=0.02899422853882878
[0.39981771 0.31022215 1.6922868 ]
sigma=0.031258985164823415
[0.38512496 0.31430746 1.68069665]
sigma=0.033700643292719316
[0.39242747 0.30895726 1.70508396]
sigma=0.03633302080520445
[0.40682306 0.31604478 1.68624924]
sigma=0.039171014908092605
[0.39501487 0.3101462  1.70174428]
sigma=0.0422306864369017
[0.40863502 0.31210552 1.69856971]
sigma=0.045529350748669525
[0.3976469  0.31442675 1.6965683 ]
sigma=0.04908567571338432
[0.39879627 0.31715531 1.68650716]
sigma=0.052919787359584476
[0.38410179 0.31716512 1.69206343]
sigma=0.05705338377199956
[0.39992848 0.3085406  1.72988828]
sigma=0.06150985788580504
[0.41426272 0.31225929 1.7408353 ]
sigma=0.0663144298724096
[0.39956048 0.3150605  1.7040325 ]
sigma=0.07149428986597584
[0.41250211 0.31624196 1.71468626]
sigma=0.07707875183839603
[0.41843069 0.31664735 1.70166505]
sigma=0.08309941949353404
[0.40172638 0.3169663  1.71384493]
sigma=0.08959036511956624
[0.41314916 0.32062505 1.71212472]
sigma=0.09658832241158709
[0.41767304 0.31129961 1.74872896]
sigma=0.10413289435570362
[0.42153802 0.32381519 1.69950169]
sigma=0.11226677735108136
[0.40439957 0.31322898 1.74645047]
sigma=0.12103600283829964
[0.41366819 0.31321896 1.75171667]
sigma=0.13049019780144042
[0.39820668 0.32578347 1.7104549 ]
sigma=0.140682865618154
[0.40674774 0.31927534 1.72347234]
sigma=0.1516716888470924
[0.40718924 0.32023287 1.72348975]
sigma=0.16351885566624894
[0.41733242 0.32042788 1.73089022]
sigma=0.1762914118095948
[0.40007346 0.31990515 1.74153545]
sigma=0.19006163999369882
[0.40132723 0.3223626  1.72338971]
sigma=0.20490746898158502
[0.42102569 0.32749166 1.7146172 ]
sigma=0.2209129145988173
[0.41300185 0.32208913 1.73578726]
sigma=0.23816855519761607
[0.42855374 0.31910543 1.7477914 ]
sigma=0.2567720442597591
[0.41592157 0.32337752 1.73831591]
sigma=0.27682866303920667
[0.423896   0.32176031 1.73950879]
sigma=0.2984519163719754
[0.42340326 0.32313312 1.73309096]
sigma=0.3217641750250742
[0.43096168 0.32379078 1.74451224]
sigma=0.34689736821970707
[0.42040907 0.32766979 1.74244405]
sigma=0.3739937302478802
[0.42720611 0.32447301 1.75155467]
sigma=0.40320660540767433
[0.41928457 0.32972136 1.71844144]
sigma=0.43470131581250265
[0.42710274 0.33331888 1.71565905]
sigma=0.46865609698547095
[0.43622368 0.33784711 1.70973435]
sigma=0.505263106533568
[0.42081276 0.32609212 1.74032073]
sigma=0.5447295116100166
[0.4369326  0.33742334 1.69578743]
sigma=0.5872786613189489
[0.43570286 0.34161736 1.69915455]
sigma=0.6331513506973245
[0.43192279 0.34939033 1.6607427 ]
sigma=0.6826071834272393
[0.42650253 0.3551805  1.64744092]
sigma=0.7359260409904984
[0.43492626 0.37364393 1.58214787]
sigma=0.7934096665797492
[0.43532721 0.35099375 1.66584627]
sigma=0.8553833727298659
[0.44822115 0.35121669 1.67744134]
sigma=0.9221978823334341
[0.43687028 0.37577598 1.5903633 ]
sigma=0.9942313134590756
[0.43917356 0.36398943 1.62441933]
sigma=1.0718913192051287
[0.42304364 0.37939576 1.58493233]
sigma=1.1556173946985666
[0.45130524 0.38948078 1.55939126]
sigma=1.2458833642950082
[0.4563618  0.41578156 1.49356741]
sigma=1.3432000630554168
[0.45974757 0.41883318 1.47734768]
sigma=1.448118227674536
[0.44028346 0.42943301 1.44494342]
sigma=1.5612316132215045
[0.466439   0.45912909 1.36525367]
sigma=1.6831803533309584
[0.45445033 0.46317519 1.35401582]
sigma=1.8146545828606506
[0.45328868 0.48214725 1.30843517]
sigma=1.9563983435170649
[0.46496224 0.45636826 1.37258839]
sigma=2.109213794551798
[0.46344861 0.50920866 1.23497822]
sigma=2.273965752357932
[0.45574611 0.51987965 1.20534928]
sigma=2.4515865846570435
[0.46477097 0.523484   1.20605258]
sigma=2.643081486974108
[0.46448973 0.55010853 1.12291492]
sigma=2.8495341712609874
[0.46465246 0.56931329 1.07145784]
sigma=3.0721129988617593
[0.46947185 0.54825075 1.13034887]
sigma=3.3120775925276664
[0.4595887  0.60614217 0.97889182]
sigma=3.57078596490047
[0.44732951 0.63465149 0.90518571]
sigma=3.8497022038059776
[0.45755618 0.60482698 0.97635002]
sigma=4.150404757850481
[0.46412935 0.61657487 0.94778235]
sigma=4.474595369210039
[0.46304361 0.62511118 0.92469807]
sigma=4.824108704165374
[0.45241476 0.67416575 0.80262492]
sigma=5.200922735883646
[0.46648449 0.63999033 0.88358422]
sigma=5.60716993820547
[0.46109912 0.67160046 0.80986879]
sigma=6.045149353785448
[0.45097414 0.69428415 0.74138483]
sigma=6.517339604882434
[0.45620167 0.70854792 0.71272472]
sigma=7.026412920430313
[0.44579976 0.70880977 0.70805388]
sigma=7.57525025877192
[0.44678258 0.72526003 0.66709607]
sigma=8.166957611638585
[0.43624591 0.74108451 0.63187416]
sigma=8.804883581643464
[0.43306783 0.75769837 0.59857755]
sigma=9.492638332763466
[0.44220435 0.76004998 0.58621779]
sigma=10.234114021054548
[0.42285997 0.7581699  0.5955743 ]
sigma=11.033506821222625
[0.43562662 0.79154626 0.50963415]
sigma=11.895340673703208
[0.41800686 0.79124556 0.51875137]
sigma=12.824492886639492
[0.40943585 0.79091991 0.51731084]
sigma=13.826221737646565
[0.41421709 0.80916724 0.48490206]
sigma=14.906196231566014
[0.40499748 0.79892705 0.50298039]
sigma=16.070528182616417
[0.40099841 0.80651777 0.49242876]
sigma=17.325806802500114
[0.39598262 0.82458679 0.44256359]
sigma=18.679135990207847
[0.39312043 0.80715016 0.48227012]
sigma=20.138174534552142
[0.39810596 0.79981943 0.50451927]
sigma=21.711179456945054
[0.36340229 0.80834113 0.50462089]
sigma=23.407052739706373
[0.37054763 0.81783388 0.47196058]
sigma=25.23539170434771
[0.35800195 0.82250862 0.45362416]
sigma=27.206543324935
[0.35615343 0.81903753 0.47641114]
sigma=29.331662783900484
[0.34924671 0.82550191 0.46543862]
sigma=31.622776601683793
[0.35449059 0.82420296 0.46705576]
