sigma=1e-05
[0.04407372 0.00600497 5.21608206]
sigma=1.0781106013205947e-05
[0.04731637 0.00601085 5.21549887]
sigma=1.1623224686798518e-05
[0.05335887 0.00601653 5.21521386]
sigma=1.2531121756368731e-05
[0.05609451 0.00602135 5.2147303 ]
sigma=1.3509935211980278e-05
[0.06175953 0.00603265 5.21386631]
sigma=1.4565204375190305e-05
[0.06745308 0.00603408 5.2137057 ]
sigma=1.5702901247293774e-05
[0.0716162  0.00604728 5.21262335]
sigma=1.692946430619781e-05
[0.07770382 0.00605736 5.2119844 ]
sigma=1.8251834943190425e-05
[0.08598135 0.00606477 5.21116934]
sigma=1.967749674580727e-05
[0.09178268 0.00609563 5.20843864]
sigma=2.121451784910632e-05
[0.1014686  0.00610153 5.2082395 ]
sigma=2.2871596595026458e-05
[0.11376948 0.00613279 5.20557699]
sigma=2.465811075822604e-05
[0.11898289 0.00615625 5.20332774]
sigma=2.6584170616980845e-05
[0.13067524 0.00618353 5.20125231]
sigma=2.8660676169482503e-05
[0.14012506 0.0062093  5.19910716]
sigma=3.089937881933562e-05
[0.15402286 0.00626859 5.1941468 ]
sigma=3.33129478793467e-05
[0.1667866  0.00631125 5.19085227]
sigma=3.59150422699641e-05
[0.188983   0.00636644 5.18669905]
sigma=3.872038781812557e-05
[0.20440483 0.00644654 5.18044462]
sigma=4.17448605939659e-05
[0.2211737  0.00649571 5.17580519]
sigma=4.5005576757004976e-05
[0.22898051 0.00659891 5.16866312]
sigma=4.852098942027481e-05
[0.26307382 0.0067284  5.15842371]
sigma=5.231099308056258e-05
[0.28033311 0.00683465 5.15053741]
sigma=5.639703620576279e-05
[0.3104468  0.00703835 5.13556511]
sigma=6.080224261649427e-05
[0.32756653 0.00720602 5.12377719]
sigma=6.555154234890919e-05
[0.34080952 0.00744432 5.10743177]
sigma=7.067181273927492e-05
[0.36432386 0.00770542 5.08887356]
sigma=7.619203052875614e-05
[0.38731486 0.00798197 5.07125119]
sigma=8.214343584919422e-05
[0.41548606 0.00837481 5.04574811]
sigma=8.855970901791447e-05
[0.4050445  0.00868314 5.02583074]
sigma=9.547716114208066e-05
[0.43704962 0.00945483 4.98077884]
sigma=0.00010293493961127168
[0.45832776 0.01015377 4.93913827]
sigma=0.00011097524964120722
[0.47250561 0.01098176 4.89841783]
sigma=0.00011964359312238502
[0.48918259 0.01175776 4.8577027 ]
sigma=0.0001289890261253308
[0.50060145 0.01335815 4.78305178]
sigma=0.0001390644365197383
[0.50370353 0.01533562 4.69253093]
sigma=0.00014992684327860457
[0.49741105 0.01638848 4.65651002]
sigma=0.00016163771916119475
[0.50669419 0.01866346 4.57120788]
sigma=0.00017426333860096508
[0.50636349 0.020448   4.512498  ]
sigma=0.00018787515276722067
[0.48544029 0.0231475  4.41721152]
sigma=0.00020255019392306664
[0.50675853 0.02709393 4.29640437]
sigma=0.00021837151136800043
[0.49500814 0.02980308 4.22273372]
sigma=0.00023542864143224178
[0.47766956 0.03517908 4.08850716]
sigma=0.0002538181141826046
[0.46628756 0.04019462 3.96681427]
sigma=0.0002736439997074672
[0.48586476 0.04760222 3.8001237 ]
sigma=0.0002950184970723898
[0.4555141  0.05187722 3.71125936]
sigma=0.0003180625692794119
[0.44509751 0.05761876 3.61408964]
sigma=0.00034290662782340007
[0.42848537 0.06384691 3.50020483]
sigma=0.0003696912707195028
[0.42151525 0.07386042 3.32502809]
sigma=0.00039856807817837753
[0.42542081 0.08506703 3.17245258]
sigma=0.0004297004704320844
[0.41302028 0.09584719 3.02736152]
sigma=0.00046326463256527643
[0.40659953 0.09979233 2.93468768]
sigma=0.000499450511585514
[0.41760655 0.11148784 2.82032195]
sigma=0.0005384628913753371
[0.40595308 0.12413428 2.6808918 ]
sigma=0.0005805225516094902
[0.41363972 0.13156815 2.60444693]
sigma=0.0006258675171958727
[0.38612781 0.14454166 2.48327684]
sigma=0.0006747544053110699
[0.40344768 0.15615    2.38483726]
sigma=0.0007274598776536371
[0.39964248 0.16271974 2.3145393 ]
sigma=0.0007842822061337681
[0.39817684 0.172781   2.23298458]
sigma=0.0008455429608599194
[0.39344793 0.18329588 2.17771147]
sigma=0.0009115888299750828
[0.39341401 0.19006561 2.12375468]
sigma=0.0009827935816415728
[0.38522921 0.19566748 2.08006042]
sigma=0.001059560179277616
[0.38401499 0.2059942  2.02164578]
sigma=0.0011423230620163476
[0.39996186 0.20871154 2.00862577]
sigma=0.0012315506032928262
[0.37913792 0.22227093 1.9304396 ]
sigma=0.0013277477614727685
[0.39958035 0.22425872 1.92669432]
sigma=0.0014314589375234801
[0.38549767 0.22993958 1.89456836]
sigma=0.001543271055899177
[0.3895503  0.23342847 1.87701043]
sigma=0.001663816886076129
[0.38242348 0.23420862 1.87021551]
sigma=0.001793778623534895
[0.38929483 0.24353263 1.81810542]
sigma=0.0019338917504552321
[0.38057029 0.24985452 1.792753  ]
sigma=0.0020849491979722254
[0.39833921 0.24300922 1.82014574]
sigma=0.002247805833548725
[0.3826463  0.24444655 1.82111633]
sigma=0.002423383298859157
[0.39121994 0.24950059 1.79452548]
sigma=0.002612675225563329
[0.38218478 0.25276842 1.78452535]
sigma=0.002816752858487498
[0.39372567 0.25368379 1.78979291]
sigma=0.0030367711180354605
[0.37839138 0.26003438 1.76161729]
sigma=0.0032739751361382215
[0.39260174 0.25439624 1.78782955]
sigma=0.00352970730273065
[0.39565454 0.2599129  1.75995794]
sigma=0.0038054148626326355
[0.39633273 0.26080157 1.76540504]
sigma=0.004102658105827195
[0.39081726 0.26056276 1.77654183]
sigma=0.004423119197486164
[0.39991475 0.25519365 1.80025145]
sigma=0.004768611697714475
[0.38111625 0.25854092 1.79023035]
sigma=0.0051410908248873686
[0.38803108 0.25675358 1.80520955]
sigma=0.005542664520663107
[0.39109402 0.25875125 1.79946998]
sigma=0.005975605379290428
[0.39591924 0.26618849 1.77765175]
sigma=0.006442363508721377
[0.3788409  0.25767453 1.8087724 ]
sigma=0.006945580396313452
[0.39599763 0.25763992 1.82132918]
sigma=0.0074881038575900305
[0.40293168 0.25769729 1.82114982]
sigma=0.008073004152657444
[0.3978045  0.25393995 1.84340672]
sigma=0.008703591361485167
[0.39360958 0.25363526 1.84819935]
sigma=0.009383434116379496
[0.38892637 0.25648767 1.84232383]
sigma=0.01011637979766208
[0.3912439  0.25395322 1.86290453]
sigma=0.01090657630684497
[0.40602745 0.24556565 1.90386877]
sigma=0.01175849554052157
[0.39526045 0.24148475 1.9277013 ]
sigma=0.01267695869781724
[0.39402312 0.24803788 1.92780876]
sigma=0.013667163564620072
[0.42206981 0.24299898 1.95527805]
sigma=0.014734713928999454
[0.40603606 0.24424696 1.95126448]
sigma=0.015885651294280545
[0.3968806  0.23622483 1.99462585]
sigma=0.017126489069246062
[0.40374553 0.23674904 2.00161124]
sigma=0.018464249428955443
[0.38283638 0.23795952 1.99470693]
sigma=0.0199065030547846
[0.3894284  0.23449434 2.01825171]
sigma=0.021461411978584057
[0.40766547 0.23537781 2.02688756]
sigma=0.023137775773420247
[0.41332879 0.23090954 2.06318494]
sigma=0.024945081352303167
[0.41410493 0.23436936 2.06279314]
sigma=0.026893556656722717
[0.3999499  0.23362167 2.07242719]
sigma=0.02899422853882878
[0.3922064  0.23326549 2.07493575]
sigma=0.031258985164823415
[0.41045171 0.22952111 2.11577334]
sigma=0.033700643292719316
[0.40654637 0.22966608 2.11202483]
sigma=0.03633302080520445
[0.4316123  0.23049458 2.10651807]
sigma=0.039171014908092605
[0.41917036 0.22708468 2.15055178]
sigma=0.0422306864369017
[0.42036081 0.22413074 2.16539996]
sigma=0.045529350748669525
[0.41453931 0.2242696  2.16278203]
sigma=0.04908567571338432
[0.42492676 0.22823535 2.15385974]
sigma=0.052919787359584476
[0.42687687 0.22908733 2.18194265]
sigma=0.05705338377199956
[0.43520105 0.21749989 2.2157251 ]
sigma=0.06150985788580504
[0.43651124 0.23047636 2.18216596]
sigma=0.0663144298724096
[0.43986462 0.22175227 2.21623142]
sigma=0.07149428986597584
[0.43374204 0.22121199 2.21540313]
sigma=0.07707875183839603
[0.45202109 0.22844638 2.19454029]
sigma=0.08309941949353404
[0.44933079 0.22412813 2.21325423]
sigma=0.08959036511956624
[0.45851417 0.22842131 2.19258447]
sigma=0.09658832241158709
[0.45819735 0.22404088 2.21445301]
sigma=0.10413289435570362
[0.46315784 0.22518425 2.20497528]
sigma=0.11226677735108136
[0.46779372 0.22618176 2.19883371]
sigma=0.12103600283829964
[0.48597353 0.23241414 2.18517857]
sigma=0.13049019780144042
[0.48231893 0.22885285 2.18841801]
sigma=0.140682865618154
[0.48365929 0.23765792 2.14686124]
sigma=0.1516716888470924
[0.49289037 0.24014412 2.13018153]
sigma=0.16351885566624894
[0.49470106 0.24169201 2.11802218]
sigma=0.1762914118095948
[0.49096904 0.244201   2.09822333]
sigma=0.19006163999369882
[0.51283214 0.24731166 2.08431248]
sigma=0.20490746898158502
[0.50727181 0.25076056 2.06023706]
sigma=0.2209129145988173
[0.51937691 0.25595151 2.03834568]
sigma=0.23816855519761607
[0.51269742 0.25987511 2.01102579]
sigma=0.2567720442597591
[0.50564452 0.26929717 1.983813  ]
sigma=0.27682866303920667
[0.52799729 0.26192894 1.98887867]
sigma=0.2984519163719754
[0.50898748 0.27338411 1.95168861]
sigma=0.3217641750250742
[0.51822222 0.27314561 1.94237106]
sigma=0.34689736821970707
[0.52874004 0.27682336 1.91447453]
sigma=0.3739937302478802
[0.52098176 0.2856919  1.88378902]
sigma=0.40320660540767433
[0.52684132 0.2805086  1.90242467]
sigma=0.43470131581250265
[0.51984445 0.28263578 1.88654031]
sigma=0.46865609698547095
[0.52441166 0.28441973 1.87279076]
sigma=0.505263106533568
[0.53669703 0.29081433 1.85312518]
sigma=0.5447295116100166
[0.54605553 0.28952743 1.84693876]
sigma=0.5872786613189489
[0.53118801 0.29723682 1.82254352]
sigma=0.6331513506973245
[0.5386941  0.2978191  1.81568925]
sigma=0.6826071834272393
[0.53964523 0.30359431 1.79502054]
sigma=0.7359260409904984
[0.54496204 0.30904779 1.77068508]
sigma=0.7934096665797492
[0.53799445 0.32145001 1.71966723]
sigma=0.8553833727298659
[0.52644178 0.32893862 1.70164655]
sigma=0.9221978823334341
[0.53616875 0.3547973  1.62528873]
sigma=0.9942313134590756
[0.53150697 0.35371105 1.61957214]
sigma=1.0718913192051287
[0.53576168 0.39861106 1.49232165]
sigma=1.1556173946985666
[0.52577235 0.41423766 1.44119734]
sigma=1.2458833642950082
[0.51972781 0.44801717 1.34079502]
sigma=1.3432000630554168
[0.5248553  0.48190569 1.24644017]
sigma=1.448118227674536
[0.51666098 0.4959457  1.19890921]
sigma=1.5612316132215045
[0.49296429 0.55596805 1.03693841]
sigma=1.6831803533309584
[0.49366253 0.57413355 0.99272117]
sigma=1.8146545828606506
[0.48493733 0.60947378 0.90425381]
sigma=1.9563983435170649
[0.47709594 0.63475839 0.84538833]
sigma=2.109213794551798
[0.47775924 0.65674931 0.7901767 ]
sigma=2.273965752357932
[0.46630267 0.68832624 0.70586555]
sigma=2.4515865846570435
[0.44862514 0.72854431 0.60851879]
sigma=2.643081486974108
[0.44852341 0.72266537 0.61913586]
sigma=2.8495341712609874
[0.43777293 0.75184944 0.54884649]
sigma=3.0721129988617593
[0.44535662 0.74983416 0.55145694]
sigma=3.3120775925276664
[0.44346048 0.78488157 0.47167874]
sigma=3.57078596490047
[0.42996348 0.78978796 0.46036364]
sigma=3.8497022038059776
[0.43998347 0.7781143  0.49825243]
sigma=4.150404757850481
[0.42812033 0.77934373 0.49132575]
sigma=4.474595369210039
[0.43327549 0.77880126 0.50046961]
sigma=4.824108704165374
[0.44316729 0.77331392 0.50946197]
sigma=5.200922735883646
[0.43212037 0.78016323 0.50088052]
sigma=5.60716993820547
[0.42168726 0.80538514 0.44325506]
sigma=6.045149353785448
[0.44289712 0.81084947 0.42682162]
sigma=6.517339604882434
[0.4309053  0.83795488 0.37301106]
sigma=7.026412920430313
[0.40965802 0.8308887  0.38181787]
sigma=7.57525025877192
[0.42063622 0.81781997 0.41365737]
sigma=8.166957611638585
[0.41777583 0.83900868 0.37491269]
sigma=8.804883581643464
[0.40412621 0.82506355 0.40287963]
sigma=9.492638332763466
[0.41329841 0.83574674 0.38571272]
sigma=10.234114021054548
[0.41060142 0.83060641 0.39121925]
sigma=11.033506821222625
[0.40764001 0.84606622 0.36396364]
sigma=11.895340673703208
[0.41275606 0.8559946  0.34788027]
sigma=12.824492886639492
[0.40038489 0.85920372 0.34647896]
sigma=13.826221737646565
[0.39242329 0.84389965 0.36816705]
sigma=14.906196231566014
[0.37762369 0.83953606 0.38811948]
sigma=16.070528182616417
[0.38472835 0.84433466 0.3817204 ]
sigma=17.325806802500114
[0.38522564 0.84005891 0.39473034]
sigma=18.679135990207847
[0.38531456 0.84172947 0.39680836]
sigma=20.138174534552142
[0.36913158 0.82815876 0.42106894]
sigma=21.711179456945054
[0.38035889 0.84296917 0.39477925]
sigma=23.407052739706373
[0.37610767 0.83902338 0.41261694]
sigma=25.23539170434771
[0.35980433 0.82459764 0.44816134]
sigma=27.206543324935
[0.35373421 0.82431397 0.4339812 ]
sigma=29.331662783900484
[0.3515236  0.82058167 0.46795997]
sigma=31.622776601683793
[0.3449109  0.808259   0.49373732]
