sigma=1e-05
[1.09515065e-01 3.05933307e-03 5.89864642e+00]
sigma=1.0781106013205947e-05
[1.20086677e-01 3.06828916e-03 5.89744024e+00]
sigma=1.1623224686798518e-05
[1.30895732e-01 3.08024131e-03 5.89552698e+00]
sigma=1.2531121756368731e-05
[1.43718213e-01 3.09946435e-03 5.89205090e+00]
sigma=1.3509935211980278e-05
[1.54116189e-01 3.12359003e-03 5.88813281e+00]
sigma=1.4565204375190305e-05
[1.66694392e-01 3.12501404e-03 5.88848854e+00]
sigma=1.5702901247293774e-05
[1.91848614e-01 3.16545525e-03 5.88098581e+00]
sigma=1.692946430619781e-05
[2.03955947e-01 3.18050216e-03 5.87874912e+00]
sigma=1.8251834943190425e-05
[2.17239934e-01 3.21344415e-03 5.87391165e+00]
sigma=1.967749674580727e-05
[2.37287783e-01 3.24697334e-03 5.86883019e+00]
sigma=2.121451784910632e-05
[2.60048871e-01 3.28446142e-03 5.86209870e+00]
sigma=2.2871596595026458e-05
[2.84633103e-01 3.34916702e-03 5.85234025e+00]
sigma=2.465811075822604e-05
[3.07223989e-01 3.40859252e-03 5.84266415e+00]
sigma=2.6584170616980845e-05
[3.35952718e-01 3.46535458e-03 5.83445356e+00]
sigma=2.8660676169482503e-05
[3.53871032e-01 3.57229061e-03 5.81847887e+00]
sigma=3.089937881933562e-05
[4.08797595e-01 3.68715270e-03 5.80105327e+00]
sigma=3.33129478793467e-05
[4.28751315e-01 3.80897398e-03 5.78375152e+00]
sigma=3.59150422699641e-05
[4.29553150e-01 3.92150534e-03 5.76842437e+00]
sigma=3.872038781812557e-05
[4.54872614e-01 4.07882536e-03 5.74641799e+00]
sigma=4.17448605939659e-05
[4.77182089e-01 4.21671908e-03 5.72585857e+00]
sigma=4.5005576757004976e-05
[5.11758760e-01 4.56131040e-03 5.68186625e+00]
sigma=4.852098942027481e-05
[5.08910848e-01 4.74541062e-03 5.65903391e+00]
sigma=5.231099308056258e-05
[5.40794891e-01 5.16229579e-03 5.60775131e+00]
sigma=5.639703620576279e-05
[0.54211492 0.00560263 5.55390817]
sigma=6.080224261649427e-05
[0.55115707 0.00614481 5.49399797]
sigma=6.555154234890919e-05
[0.5326342  0.00674832 5.42998488]
sigma=7.067181273927492e-05
[0.53051989 0.0074843  5.35986556]
sigma=7.619203052875614e-05
[0.52577454 0.00823905 5.28843401]
sigma=8.214343584919422e-05
[0.50921818 0.00967728 5.16250833]
sigma=8.855970901791447e-05
[0.51432044 0.01074615 5.08821579]
sigma=9.547716114208066e-05
[0.48352663 0.01248916 4.96016418]
sigma=0.00010293493961127168
[0.47561463 0.01443435 4.84254695]
sigma=0.00011097524964120722
[0.46296128 0.01656762 4.71847169]
sigma=0.00011964359312238502
[0.45709703 0.01936235 4.57041659]
sigma=0.0001289890261253308
[0.45266285 0.02246862 4.44679148]
sigma=0.0001390644365197383
[0.43923401 0.02615304 4.2784549 ]
sigma=0.00014992684327860457
[0.42741446 0.02971346 4.17211761]
sigma=0.00016163771916119475
[0.42996975 0.0343526  4.0141715 ]
sigma=0.00017426333860096508
[0.41373388 0.04030301 3.8334423 ]
sigma=0.00018787515276722067
[0.41558461 0.04705227 3.68716146]
sigma=0.00020255019392306664
[0.40816372 0.05400404 3.5321265 ]
sigma=0.00021837151136800043
[0.4050893  0.05893993 3.42816835]
sigma=0.00023542864143224178
[0.38970679 0.07307535 3.20500283]
sigma=0.0002538181141826046
[0.39582657 0.08449509 3.05171873]
sigma=0.0002736439997074672
[0.39841091 0.09541014 2.90322252]
sigma=0.0002950184970723898
[0.38483105 0.10537285 2.79862021]
sigma=0.0003180625692794119
[0.39971299 0.11434181 2.69949188]
sigma=0.00034290662782340007
[0.38795022 0.12827558 2.55574097]
sigma=0.0003696912707195028
[0.40843041 0.13516216 2.49238341]
sigma=0.00039856807817837753
[0.40451876 0.15211033 2.35855673]
sigma=0.0004297004704320844
[0.39878825 0.16569989 2.26714604]
sigma=0.00046326463256527643
[0.38258088 0.17561127 2.1983867 ]
sigma=0.000499450511585514
[0.39762092 0.18362641 2.15044081]
sigma=0.0005384628913753371
[0.39676501 0.19875473 2.04995656]
sigma=0.0005805225516094902
[0.39137776 0.20591317 2.00945905]
sigma=0.0006258675171958727
[0.38747105 0.21415082 1.95553621]
sigma=0.0006747544053110699
[0.38314502 0.22449613 1.90239231]
sigma=0.0007274598776536371
[0.3904353  0.23332386 1.85492869]
sigma=0.0007842822061337681
[0.38533303 0.24455977 1.79940957]
sigma=0.0008455429608599194
[0.40222569 0.25293574 1.775948  ]
sigma=0.0009115888299750828
[0.37849787 0.25274417 1.7655102 ]
sigma=0.0009827935816415728
[0.38733731 0.26645909 1.70883793]
sigma=0.001059560179277616
[0.39856928 0.27091281 1.6889547 ]
sigma=0.0011423230620163476
[0.39629257 0.27881551 1.66145624]
sigma=0.0012315506032928262
[0.38045481 0.27714599 1.65693645]
sigma=0.0013277477614727685
[0.39089457 0.28669125 1.6280453 ]
sigma=0.0014314589375234801
[0.40052847 0.2927994  1.6059277 ]
sigma=0.001543271055899177
[0.39164587 0.30147271 1.5797649 ]
sigma=0.001663816886076129
[0.38178783 0.30056193 1.5857415 ]
sigma=0.001793778623534895
[0.37564433 0.3126261  1.55054066]
sigma=0.0019338917504552321
[0.38707622 0.31623238 1.53369655]
sigma=0.0020849491979722254
[0.3870919  0.31700485 1.52781446]
sigma=0.002247805833548725
[0.38642911 0.31538626 1.53773831]
sigma=0.002423383298859157
[0.3861133  0.326304   1.51608914]
sigma=0.002612675225563329
[0.38859305 0.32619245 1.51055185]
sigma=0.002816752858487498
[0.37997374 0.33075136 1.50639769]
sigma=0.0030367711180354605
[0.37798213 0.34527415 1.46289025]
sigma=0.0032739751361382215
[0.37537649 0.34522511 1.46381549]
sigma=0.00352970730273065
[0.39648328 0.3533001  1.4522172 ]
sigma=0.0038054148626326355
[0.39407252 0.35714575 1.43168867]
sigma=0.004102658105827195
[0.372439   0.359856   1.42606819]
sigma=0.004423119197486164
[0.401123   0.36877289 1.40982055]
sigma=0.004768611697714475
[0.3916276  0.37146126 1.39326582]
sigma=0.0051410908248873686
[0.38685884 0.38075171 1.38444776]
sigma=0.005542664520663107
[0.40419917 0.39462826 1.33734404]
sigma=0.005975605379290428
[0.37081831 0.40011343 1.32476867]
sigma=0.006442363508721377
[0.38312635 0.40668958 1.30896936]
sigma=0.006945580396313452
[0.38128397 0.42506095 1.26506152]
sigma=0.0074881038575900305
[0.41307345 0.42453845 1.26512532]
sigma=0.008073004152657444
[0.37671222 0.4473189  1.21519672]
sigma=0.008703591361485167
[0.38288785 0.45511341 1.19324638]
sigma=0.009383434116379496
[0.38861232 0.45749186 1.18158081]
sigma=0.01011637979766208
[0.39364956 0.47493361 1.14342489]
sigma=0.01090657630684497
[0.39605676 0.48833557 1.11454707]
sigma=0.01175849554052157
[0.38864723 0.49151527 1.09967357]
sigma=0.01267695869781724
[0.38797216 0.51605154 1.04451711]
sigma=0.013667163564620072
[0.37971174 0.54461797 0.98204524]
sigma=0.014734713928999454
[0.37883976 0.55928394 0.94610948]
sigma=0.015885651294280545
[0.3880836  0.57164918 0.91104294]
sigma=0.017126489069246062
[0.39000903 0.58427256 0.88077004]
sigma=0.018464249428955443
[0.4040404  0.58971297 0.86630011]
sigma=0.0199065030547846
[0.38639386 0.61188101 0.82050111]
sigma=0.021461411978584057
[0.38472407 0.64165321 0.75553178]
sigma=0.023137775773420247
[0.38977236 0.64603652 0.74089479]
sigma=0.024945081352303167
[0.38714844 0.67371461 0.68401088]
sigma=0.026893556656722717
[0.37352754 0.68846176 0.65048096]
sigma=0.02899422853882878
[0.40525422 0.69855217 0.62554846]
sigma=0.031258985164823415
[0.36862056 0.71122783 0.59858674]
sigma=0.033700643292719316
[0.38591263 0.73380653 0.55379969]
sigma=0.03633302080520445
[0.39413564 0.74385204 0.53226693]
sigma=0.039171014908092605
[0.40192686 0.74974887 0.51158673]
sigma=0.0422306864369017
[0.40553965 0.77473789 0.46304116]
sigma=0.045529350748669525
[0.40219319 0.78292284 0.44153372]
sigma=0.04908567571338432
[0.40208145 0.80113415 0.40764627]
sigma=0.052919787359584476
[0.40078132 0.8062533  0.3892799 ]
sigma=0.05705338377199956
[0.40126446 0.82624213 0.35252879]
sigma=0.06150985788580504
[0.39125045 0.83027056 0.34587758]
sigma=0.0663144298724096
[0.38239169 0.84277898 0.3177951 ]
sigma=0.07149428986597584
[0.38877253 0.85843856 0.28673236]
sigma=0.07707875183839603
[0.38344496 0.86664732 0.268449  ]
sigma=0.08309941949353404
[0.38315831 0.86897531 0.26317468]
sigma=0.08959036511956624
[0.390943   0.8733726  0.25119781]
sigma=0.09658832241158709
[0.39755534 0.88281982 0.23176683]
sigma=0.10413289435570362
[0.38141871 0.89487388 0.20878173]
sigma=0.11226677735108136
[0.37921311 0.90531595 0.19086815]
sigma=0.12103600283829964
[0.39532067 0.91461037 0.17124404]
sigma=0.13049019780144042
[0.38020886 0.91862458 0.16605903]
sigma=0.140682865618154
[0.39013407 0.91946714 0.15967283]
sigma=0.1516716888470924
[0.38502639 0.93438938 0.13460584]
sigma=0.16351885566624894
[0.39640008 0.93930081 0.12347714]
sigma=0.1762914118095948
[0.39171011 0.93363458 0.13129023]
sigma=0.19006163999369882
[0.39658645 0.93849913 0.12192435]
sigma=0.20490746898158502
[0.39879504 0.94650802 0.10846107]
sigma=0.2209129145988173
[0.39763363 0.94725362 0.10415284]
sigma=0.23816855519761607
[0.3854168  0.95479036 0.09130306]
sigma=0.2567720442597591
[0.3851154  0.95343646 0.09084473]
sigma=0.27682866303920667
[0.39598197 0.95845153 0.08165777]
sigma=0.2984519163719754
[0.37919992 0.96139641 0.07848481]
sigma=0.3217641750250742
[0.39339689 0.96270463 0.07372878]
sigma=0.34689736821970707
[0.37269252 0.9679742  0.06305587]
sigma=0.3739937302478802
[0.39691055 0.95989339 0.07657629]
sigma=0.40320660540767433
[0.39507348 0.97122537 0.05659964]
sigma=0.43470131581250265
[0.39180685 0.97595302 0.04867404]
sigma=0.46865609698547095
[0.38999381 0.97610787 0.04790888]
sigma=0.505263106533568
[0.39130126 0.97830792 0.04460899]
sigma=0.5447295116100166
[0.39286341 0.97470337 0.04777461]
sigma=0.5872786613189489
[0.38268866 0.97918073 0.04179176]
sigma=0.6331513506973245
[0.39081438 0.98463361 0.03188765]
sigma=0.6826071834272393
[0.38466147 0.98371823 0.03306708]
sigma=0.7359260409904984
[0.39903953 0.98558534 0.02926374]
sigma=0.7934096665797492
[0.37507178 0.98459062 0.03019568]
sigma=0.8553833727298659
[0.3886575  0.98730098 0.02495763]
sigma=0.9221978823334341
[0.39506842 0.98760976 0.02424444]
sigma=0.9942313134590756
[0.39054048 0.99006764 0.02056545]
sigma=1.0718913192051287
[0.37388232 0.98985316 0.02055425]
sigma=1.1556173946985666
[0.37137267 0.98736575 0.02463348]
sigma=1.2458833642950082
[0.38760513 0.98810529 0.02287933]
sigma=1.3432000630554168
[0.40117902 0.99090603 0.0180697 ]
sigma=1.448118227674536
[0.39326659 0.99158059 0.01653834]
sigma=1.5612316132215045
[0.3969477  0.99181999 0.01605038]
sigma=1.6831803533309584
[0.39010695 0.99185848 0.01612107]
sigma=1.8146545828606506
[0.38464502 0.99527052 0.01033316]
sigma=1.9563983435170649
[0.38874438 0.99393876 0.01149307]
sigma=2.109213794551798
[0.40586956 0.9926687  0.01352871]
sigma=2.273965752357932
[0.39047717 0.99546966 0.00967651]
sigma=2.4515865846570435
[0.39471262 0.99488121 0.01049068]
sigma=2.643081486974108
[0.38582463 0.99503515 0.00978775]
sigma=2.8495341712609874
[0.39159757 0.99471572 0.00970379]
sigma=3.0721129988617593
[0.36990275 0.99496582 0.00947514]
sigma=3.3120775925276664
[0.38631906 0.99786846 0.00478296]
sigma=3.57078596490047
[0.38537754 0.99538176 0.00914325]
sigma=3.8497022038059776
[0.38640218 0.99714119 0.00599127]
sigma=4.150404757850481
[0.39648717 0.9971114  0.00578168]
sigma=4.474595369210039
[0.3795743  0.99613935 0.00705312]
sigma=4.824108704165374
[0.38559407 0.99819206 0.00355717]
sigma=5.200922735883646
[0.39262722 0.99817954 0.00390527]
sigma=5.60716993820547
[0.37965784 0.99613535 0.00683285]
sigma=6.045149353785448
[0.38365713 0.99823917 0.00369378]
sigma=6.517339604882434
[0.38311424 0.99820992 0.00339947]
sigma=7.026412920430313
[0.39254212 0.99882228 0.00231429]
sigma=7.57525025877192
[0.38718294 0.9980002  0.00389237]
sigma=8.166957611638585
[0.39853952 0.99903204 0.00225622]
sigma=8.804883581643464
[0.3874819  0.99749424 0.00467016]
sigma=9.492638332763466
[0.38264216 0.9988863  0.00250869]
sigma=10.234114021054548
[0.38684409 0.99917926 0.0018698 ]
sigma=11.033506821222625
[0.38448516 0.99905638 0.00182124]
sigma=11.895340673703208
[0.38843532 0.99855035 0.00288783]
sigma=12.824492886639492
[0.36985118 0.99962204 0.00102916]
sigma=13.826221737646565
[0.38277126 0.99842987 0.00287137]
sigma=14.906196231566014
[0.39980401 0.99924973 0.00127762]
sigma=16.070528182616417
[0.38531783 0.99888218 0.00233706]
sigma=17.325806802500114
[0.39038552 0.99886417 0.00201946]
sigma=18.679135990207847
[3.91909689e-01 9.99683320e-01 8.52913922e-04]
sigma=20.138174534552142
[0.39475069 0.99953238 0.0011066 ]
sigma=21.711179456945054
[0.38990254 0.99810768 0.00289705]
sigma=23.407052739706373
[3.77187839e-01 9.99761474e-01 6.36446172e-04]
sigma=25.23539170434771
[0.37589092 0.99925559 0.00120778]
sigma=27.206543324935
[0.38550185 0.99938576 0.00111996]
sigma=29.331662783900484
[3.78596500e-01 9.99966924e-01 1.33610900e-04]
sigma=31.622776601683793
[0.37491081 0.99904102 0.001789  ]
