sigma=1e-05
[8.45623909e-02 3.03464427e-03 5.90277502e+00]
sigma=1.0781106013205947e-05
[8.96757341e-02 3.03938485e-03 5.90208578e+00]
sigma=1.1623224686798518e-05
[9.43926040e-02 3.04355079e-03 5.90129619e+00]
sigma=1.2531121756368731e-05
[1.05148069e-01 3.05392190e-03 5.89956902e+00]
sigma=1.3509935211980278e-05
[1.15652126e-01 3.06418874e-03 5.89821421e+00]
sigma=1.4565204375190305e-05
[1.26054413e-01 3.07803857e-03 5.89557942e+00]
sigma=1.5702901247293774e-05
[1.41239252e-01 3.09637897e-03 5.89219110e+00]
sigma=1.692946430619781e-05
[1.51456618e-01 3.10858491e-03 5.89048405e+00]
sigma=1.8251834943190425e-05
[1.64979377e-01 3.12490846e-03 5.88827982e+00]
sigma=1.967749674580727e-05
[1.79788470e-01 3.14803798e-03 5.88419047e+00]
sigma=2.121451784910632e-05
[1.93233318e-01 3.18578047e-03 5.87760688e+00]
sigma=2.2871596595026458e-05
[2.08964527e-01 3.21098841e-03 5.87391314e+00]
sigma=2.465811075822604e-05
[2.34195288e-01 3.24881698e-03 5.86808954e+00]
sigma=2.6584170616980845e-05
[2.44825754e-01 3.25995713e-03 5.86652120e+00]
sigma=2.8660676169482503e-05
[2.57558694e-01 3.30834387e-03 5.85843719e+00]
sigma=3.089937881933562e-05
[3.12523515e-01 3.38321268e-03 5.84681865e+00]
sigma=3.33129478793467e-05
[3.33037108e-01 3.46140684e-03 5.83540816e+00]
sigma=3.59150422699641e-05
[3.63509265e-01 3.57899544e-03 5.81725359e+00]
sigma=3.872038781812557e-05
[3.67380713e-01 3.65358217e-03 5.80653750e+00]
sigma=4.17448605939659e-05
[4.06263579e-01 3.74393704e-03 5.79288360e+00]
sigma=4.5005576757004976e-05
[4.49599739e-01 3.96090159e-03 5.76275493e+00]
sigma=4.852098942027481e-05
[4.86268983e-01 4.11891027e-03 5.74210050e+00]
sigma=5.231099308056258e-05
[4.81319069e-01 4.32181356e-03 5.71456576e+00]
sigma=5.639703620576279e-05
[4.90868333e-01 4.49161095e-03 5.69115643e+00]
sigma=6.080224261649427e-05
[5.18586267e-01 4.82255289e-03 5.64960640e+00]
sigma=6.555154234890919e-05
[5.55338693e-01 5.11080724e-03 5.61245141e+00]
sigma=7.067181273927492e-05
[5.40758080e-01 5.43124923e-03 5.57769970e+00]
sigma=7.619203052875614e-05
[0.52673075 0.00604692 5.51153142]
sigma=8.214343584919422e-05
[0.53631072 0.00657526 5.45291567]
sigma=8.855970901791447e-05
[0.52258441 0.00744749 5.36291773]
sigma=9.547716114208066e-05
[0.50938772 0.00833731 5.27975953]
sigma=0.00010293493961127168
[0.52044576 0.00953838 5.17868853]
sigma=0.00011097524964120722
[0.5050734  0.01032503 5.1278601 ]
sigma=0.00011964359312238502
[0.4872967  0.01263798 4.95903719]
sigma=0.0001289890261253308
[0.48207223 0.01399353 4.86679999]
sigma=0.0001390644365197383
[0.47241845 0.01565324 4.77474695]
sigma=0.00014992684327860457
[0.45922947 0.01844212 4.621945  ]
sigma=0.00016163771916119475
[0.45205844 0.02256756 4.44548678]
sigma=0.00017426333860096508
[0.43489875 0.02610029 4.30048752]
sigma=0.00018787515276722067
[0.43992409 0.03031263 4.14327899]
sigma=0.00020255019392306664
[0.43109697 0.03421267 4.03636293]
sigma=0.00021837151136800043
[0.4124882  0.04027751 3.84736598]
sigma=0.00023542864143224178
[0.40818201 0.04553525 3.72355298]
sigma=0.0002538181141826046
[0.39873009 0.053785   3.54650694]
sigma=0.0002736439997074672
[0.40931922 0.06226365 3.3828462 ]
sigma=0.0002950184970723898
[0.40994479 0.07306483 3.2158019 ]
sigma=0.0003180625692794119
[0.39285373 0.0816698  3.07952691]
sigma=0.00034290662782340007
[0.39785471 0.09112852 2.96497183]
sigma=0.0003696912707195028
[0.3986038  0.10315004 2.83216951]
sigma=0.00039856807817837753
[0.40736838 0.10935744 2.74819016]
sigma=0.0004297004704320844
[0.38633362 0.12416889 2.60255713]
sigma=0.00046326463256527643
[0.38400361 0.13544997 2.49869141]
sigma=0.000499450511585514
[0.4006533  0.14692721 2.38965418]
sigma=0.0005384628913753371
[0.39333323 0.16354837 2.27380893]
sigma=0.0005805225516094902
[0.39509154 0.16851008 2.22635087]
sigma=0.0006258675171958727
[0.39239276 0.17533318 2.19354015]
sigma=0.0006747544053110699
[0.38658688 0.19084099 2.10510841]
sigma=0.0007274598776536371
[0.39336977 0.19667923 2.0504222 ]
sigma=0.0007842822061337681
[0.37826112 0.20475886 2.01029965]
sigma=0.0008455429608599194
[0.39062541 0.21375711 1.96500319]
sigma=0.0009115888299750828
[0.39959509 0.22058592 1.91780764]
sigma=0.0009827935816415728
[0.37967329 0.23021987 1.86510642]
sigma=0.001059560179277616
[0.3747862  0.23907209 1.8252392 ]
sigma=0.0011423230620163476
[0.39067739 0.24942356 1.78961366]
sigma=0.0012315506032928262
[0.39204638 0.24845158 1.79146245]
sigma=0.0013277477614727685
[0.37360575 0.2590853  1.73826379]
sigma=0.0014314589375234801
[0.3879229  0.25960921 1.74033067]
sigma=0.001543271055899177
[0.38050248 0.26762424 1.70084156]
sigma=0.001663816886076129
[0.37046867 0.26870509 1.69736298]
sigma=0.001793778623534895
[0.39501749 0.26865237 1.70146096]
sigma=0.0019338917504552321
[0.38033891 0.27607938 1.67555946]
sigma=0.0020849491979722254
[0.39465756 0.27915112 1.66816178]
sigma=0.002247805833548725
[0.3899723  0.27887624 1.66694652]
sigma=0.002423383298859157
[0.38032959 0.28296784 1.65706473]
sigma=0.002612675225563329
[0.39637269 0.28823884 1.63664679]
sigma=0.002816752858487498
[0.39063005 0.29396379 1.6162528 ]
sigma=0.0030367711180354605
[0.38694971 0.29072672 1.62915517]
sigma=0.0032739751361382215
[0.39676268 0.2924975  1.63412645]
sigma=0.00352970730273065
[0.37294401 0.29681122 1.61980317]
sigma=0.0038054148626326355
[0.3944419  0.28784939 1.64161057]
sigma=0.004102658105827195
[0.38398262 0.29596712 1.63558093]
sigma=0.004423119197486164
[0.37728197 0.2968388  1.62830197]
sigma=0.004768611697714475
[0.38513311 0.29716326 1.63043988]
sigma=0.0051410908248873686
[0.39747404 0.30417173 1.60797681]
sigma=0.005542664520663107
[0.39171551 0.29412569 1.65505596]
sigma=0.005975605379290428
[0.3778634  0.30125956 1.62982114]
sigma=0.006442363508721377
[0.40253116 0.30280174 1.63415873]
sigma=0.006945580396313452
[0.39797889 0.30106582 1.63817886]
sigma=0.0074881038575900305
[0.3829482  0.29588002 1.66002372]
sigma=0.008073004152657444
[0.39642789 0.30763874 1.6233111 ]
sigma=0.008703591361485167
[0.38697107 0.30643276 1.62358002]
sigma=0.009383434116379496
[0.38585273 0.30671431 1.63870054]
sigma=0.01011637979766208
[0.38482636 0.31183254 1.62664765]
sigma=0.01090657630684497
[0.39136709 0.30575974 1.63985923]
sigma=0.01175849554052157
[0.39558242 0.31833944 1.60661066]
sigma=0.01267695869781724
[0.38880451 0.31047041 1.63916105]
sigma=0.013667163564620072
[0.38966796 0.31050258 1.64296603]
sigma=0.014734713928999454
[0.4003888  0.30550611 1.67237217]
sigma=0.015885651294280545
[0.39494875 0.31467691 1.63465523]
sigma=0.017126489069246062
[0.37072089 0.31154349 1.65643965]
sigma=0.018464249428955443
[0.39355664 0.30418863 1.68156984]
sigma=0.0199065030547846
[0.40195745 0.31150182 1.66761027]
sigma=0.021461411978584057
[0.38618088 0.30973598 1.67364039]
sigma=0.023137775773420247
[0.40406794 0.31470318 1.6617246 ]
sigma=0.024945081352303167
[0.39480986 0.31189025 1.67066269]
sigma=0.026893556656722717
[0.39075826 0.3038779  1.69668727]
sigma=0.02899422853882878
[0.39751061 0.31375457 1.68434406]
sigma=0.031258985164823415
[0.38966618 0.31114072 1.68705342]
sigma=0.033700643292719316
[0.38350192 0.31372657 1.68151587]
sigma=0.03633302080520445
[0.40272698 0.32017931 1.67142772]
sigma=0.039171014908092605
[0.3914767  0.31151449 1.70433619]
sigma=0.0422306864369017
[0.39386602 0.31852504 1.68119913]
sigma=0.045529350748669525
[0.37474884 0.31789355 1.68668964]
sigma=0.04908567571338432
[0.38658239 0.32154145 1.67900839]
sigma=0.052919787359584476
[0.41518854 0.31284414 1.70796594]
sigma=0.05705338377199956
[0.40229312 0.31820078 1.70160256]
sigma=0.06150985788580504
[0.40389794 0.31843116 1.7005639 ]
sigma=0.0663144298724096
[0.39361566 0.31487226 1.7165999 ]
sigma=0.07149428986597584
[0.3864908  0.32338409 1.68188866]
sigma=0.07707875183839603
[0.38556101 0.31102996 1.74576177]
sigma=0.08309941949353404
[0.39027253 0.31814219 1.72379363]
sigma=0.08959036511956624
[0.39440929 0.31587272 1.72274966]
sigma=0.09658832241158709
[0.38420692 0.31785786 1.72192497]
sigma=0.10413289435570362
[0.410527   0.32350303 1.69872913]
sigma=0.11226677735108136
[0.40691416 0.31025172 1.75808902]
sigma=0.12103600283829964
[0.40314637 0.31668234 1.73727454]
sigma=0.13049019780144042
[0.38084952 0.31542101 1.74358044]
sigma=0.140682865618154
[0.39133643 0.31163932 1.75771161]
sigma=0.1516716888470924
[0.40118627 0.31732996 1.73626587]
sigma=0.16351885566624894
[0.40535824 0.31965066 1.73177387]
sigma=0.1762914118095948
[0.38118198 0.3298207  1.69401294]
sigma=0.19006163999369882
[0.40090885 0.32578711 1.71388747]
sigma=0.20490746898158502
[0.39973982 0.31549233 1.77205656]
sigma=0.2209129145988173
[0.40324657 0.32352787 1.74236935]
sigma=0.23816855519761607
[0.40971667 0.31686923 1.76890658]
sigma=0.2567720442597591
[0.39961011 0.33080716 1.71683113]
sigma=0.27682866303920667
[0.40293264 0.32350308 1.73695298]
sigma=0.2984519163719754
[0.40774618 0.33698897 1.6868966 ]
sigma=0.3217641750250742
[0.39076391 0.32993729 1.72848229]
sigma=0.34689736821970707
[0.41576863 0.3311132  1.70183863]
sigma=0.3739937302478802
[0.40651778 0.32892193 1.73213043]
sigma=0.40320660540767433
[0.39849469 0.32639162 1.74089105]
sigma=0.43470131581250265
[0.40529324 0.33980431 1.69234045]
sigma=0.46865609698547095
[0.39611292 0.33481886 1.71367192]
sigma=0.505263106533568
[0.42600183 0.33740505 1.71540659]
sigma=0.5447295116100166
[0.40352005 0.34774723 1.66918742]
sigma=0.5872786613189489
[0.4126363  0.34520309 1.68090494]
sigma=0.6331513506973245
[0.41414175 0.35155524 1.65968948]
sigma=0.6826071834272393
[0.40148011 0.3464293  1.67485791]
sigma=0.7359260409904984
[0.42709041 0.36023164 1.63784325]
sigma=0.7934096665797492
[0.41222076 0.35050503 1.66702972]
sigma=0.8553833727298659
[0.41976847 0.35324733 1.67087991]
sigma=0.9221978823334341
[0.4002868  0.36706714 1.61153584]
sigma=0.9942313134590756
[0.40916932 0.35868142 1.65703298]
sigma=1.0718913192051287
[0.41451679 0.38381916 1.57030882]
sigma=1.1556173946985666
[0.42877727 0.39821052 1.52429728]
sigma=1.2458833642950082
[0.4060138  0.39571708 1.54167444]
sigma=1.3432000630554168
[0.42312261 0.39718459 1.54107355]
sigma=1.448118227674536
[0.41541072 0.39955208 1.53743623]
sigma=1.5612316132215045
[0.42828534 0.41525959 1.51557949]
sigma=1.6831803533309584
[0.41977454 0.43811171 1.43718911]
sigma=1.8146545828606506
[0.45024274 0.43046756 1.47425636]
sigma=1.9563983435170649
[0.42158689 0.45165475 1.40755244]
sigma=2.109213794551798
[0.42327451 0.48226189 1.32114698]
sigma=2.273965752357932
[0.41679654 0.46125775 1.39910745]
sigma=2.4515865846570435
[0.44459416 0.49336125 1.30961059]
sigma=2.643081486974108
[0.43623598 0.43984457 1.4817282 ]
sigma=2.8495341712609874
[0.45501141 0.47184005 1.40559685]
sigma=3.0721129988617593
[0.42161441 0.54255717 1.19779325]
sigma=3.3120775925276664
[0.44366729 0.48888223 1.34076778]
sigma=3.57078596490047
[0.44369933 0.55981941 1.1374033 ]
sigma=3.8497022038059776
[0.42754894 0.56499888 1.12887507]
sigma=4.150404757850481
[0.46499425 0.56284924 1.14757095]
sigma=4.474595369210039
[0.44505493 0.59917112 1.0440404 ]
sigma=4.824108704165374
[0.45426525 0.58729122 1.08146593]
sigma=5.200922735883646
[0.44657445 0.56325477 1.13499365]
sigma=5.60716993820547
[0.44620358 0.61261918 1.01380856]
sigma=6.045149353785448
[0.46177992 0.61245269 1.00913144]
sigma=6.517339604882434
[0.46047625 0.6420534  0.92988137]
sigma=7.026412920430313
[0.45083461 0.6486964  0.91307021]
sigma=7.57525025877192
[0.45445567 0.63690975 0.93292777]
sigma=8.166957611638585
[0.44240278 0.66199151 0.8770385 ]
sigma=8.804883581643464
[0.44510059 0.66173521 0.87370948]
sigma=9.492638332763466
[0.43171195 0.67087406 0.86032861]
sigma=10.234114021054548
[0.42723114 0.69511444 0.79322262]
sigma=11.033506821222625
[0.44287209 0.66489883 0.87333299]
sigma=11.895340673703208
[0.43942128 0.69231679 0.78353484]
sigma=12.824492886639492
[0.43891651 0.67870937 0.82191397]
sigma=13.826221737646565
[0.44544636 0.68891121 0.79950253]
sigma=14.906196231566014
[0.43198455 0.74219678 0.68347439]
sigma=16.070528182616417
[0.40910851 0.76931254 0.59328225]
sigma=17.325806802500114
[0.41696275 0.77430748 0.58152156]
sigma=18.679135990207847
[0.41967822 0.73497452 0.68975396]
sigma=20.138174534552142
[0.4029746  0.74267139 0.67063801]
sigma=21.711179456945054
[0.41378334 0.75367816 0.63580424]
sigma=23.407052739706373
[0.40019618 0.71610814 0.73948035]
sigma=25.23539170434771
[0.37894242 0.75601753 0.66032317]
sigma=27.206543324935
[0.38312583 0.76465624 0.61451129]
sigma=29.331662783900484
[0.38381697 0.79147986 0.54822375]
sigma=31.622776601683793
[0.36099252 0.75468849 0.66391685]
