sigma=1e-05
[6.29429706e-02 3.01766404e-03 5.90593654e+00]
sigma=1.0781106013205947e-05
[7.13925795e-02 3.02433956e-03 5.90457182e+00]
sigma=1.1623224686798518e-05
[7.30996820e-02 3.02713790e-03 5.90401789e+00]
sigma=1.2531121756368731e-05
[8.01270373e-02 3.03142522e-03 5.90335064e+00]
sigma=1.3509935211980278e-05
[8.74894400e-02 3.03631502e-03 5.90277617e+00]
sigma=1.4565204375190305e-05
[9.53044100e-02 3.04314265e-03 5.90151554e+00]
sigma=1.5702901247293774e-05
[1.04443600e-01 3.05600716e-03 5.89904185e+00]
sigma=1.692946430619781e-05
[1.09659588e-01 3.06047057e-03 5.89864367e+00]
sigma=1.8251834943190425e-05
[1.20698560e-01 3.07239878e-03 5.89680229e+00]
sigma=1.967749674580727e-05
[1.33039546e-01 3.08958128e-03 5.89380108e+00]
sigma=2.121451784910632e-05
[1.38201930e-01 3.09520515e-03 5.89259918e+00]
sigma=2.2871596595026458e-05
[1.51408542e-01 3.11802878e-03 5.88905934e+00]
sigma=2.465811075822604e-05
[1.82448738e-01 3.15084616e-03 5.88376097e+00]
sigma=2.6584170616980845e-05
[1.85216202e-01 3.16451384e-03 5.88158122e+00]
sigma=2.8660676169482503e-05
[2.02516597e-01 3.19541561e-03 5.87625876e+00]
sigma=3.089937881933562e-05
[2.27116595e-01 3.22100534e-03 5.87241059e+00]
sigma=3.33129478793467e-05
[2.43790256e-01 3.26983388e-03 5.86461518e+00]
sigma=3.59150422699641e-05
[2.67783339e-01 3.32081468e-03 5.85686550e+00]
sigma=3.872038781812557e-05
[2.81608523e-01 3.35577594e-03 5.85166071e+00]
sigma=4.17448605939659e-05
[3.23307552e-01 3.44042029e-03 5.83833426e+00]
sigma=4.5005576757004976e-05
[3.35312792e-01 3.52038052e-03 5.82592763e+00]
sigma=4.852098942027481e-05
[3.75681495e-01 3.56154808e-03 5.81989660e+00]
sigma=5.231099308056258e-05
[3.78109123e-01 3.67598886e-03 5.80289944e+00]
sigma=5.639703620576279e-05
[4.14165986e-01 3.82838886e-03 5.78114100e+00]
sigma=6.080224261649427e-05
[4.51991862e-01 4.00704860e-03 5.75674553e+00]
sigma=6.555154234890919e-05
[4.62769866e-01 4.13372476e-03 5.73893128e+00]
sigma=7.067181273927492e-05
[4.85606521e-01 4.46048545e-03 5.69695000e+00]
sigma=7.619203052875614e-05
[4.98646143e-01 4.65366308e-03 5.67265961e+00]
sigma=8.214343584919422e-05
[5.05749968e-01 5.20623517e-03 5.60328918e+00]
sigma=8.855970901791447e-05
[5.55343305e-01 5.31244381e-03 5.59157247e+00]
sigma=9.547716114208066e-05
[0.53790649 0.00571423 5.54982986]
sigma=0.00010293493961127168
[0.54458585 0.00651824 5.46207156]
sigma=0.00011097524964120722
[0.52524694 0.00684255 5.42933025]
sigma=0.00011964359312238502
[0.51769339 0.00811635 5.31477742]
sigma=0.0001289890261253308
[0.52368538 0.00914074 5.22481989]
sigma=0.0001390644365197383
[0.51380456 0.01031558 5.13141932]
sigma=0.00014992684327860457
[0.48571658 0.0118618  5.02032808]
sigma=0.00016163771916119475
[0.490512   0.01299001 4.94905618]
sigma=0.00017426333860096508
[0.48390444 0.01564458 4.78855469]
sigma=0.00018787515276722067
[0.47797476 0.0180088  4.65610711]
sigma=0.00020255019392306664
[0.43229617 0.02163965 4.49162776]
sigma=0.00021837151136800043
[0.44098445 0.02363458 4.41042219]
sigma=0.00023542864143224178
[0.43658198 0.0293164  4.20561155]
sigma=0.0002538181141826046
[0.4165751  0.03301609 4.06471307]
sigma=0.0002736439997074672
[0.42383892 0.04072783 3.8680977 ]
sigma=0.0002950184970723898
[0.4246306  0.04770989 3.70229057]
sigma=0.0003180625692794119
[0.40500005 0.05587143 3.54204614]
sigma=0.00034290662782340007
[0.38173662 0.0633023  3.3812909 ]
sigma=0.0003696912707195028
[0.40178728 0.0697362  3.29346451]
sigma=0.00039856807817837753
[0.39838949 0.07905292 3.13839113]
sigma=0.0004297004704320844
[0.40099085 0.08952342 2.99323629]
sigma=0.00046326463256527643
[0.40022398 0.10328427 2.84037107]
sigma=0.000499450511585514
[0.40516021 0.10968386 2.76892745]
sigma=0.0005384628913753371
[0.40562528 0.12321328 2.61716229]
sigma=0.0005805225516094902
[0.39043277 0.13531157 2.50704785]
sigma=0.0006258675171958727
[0.37236189 0.14586606 2.40798933]
sigma=0.0006747544053110699
[0.38949261 0.15485769 2.34649265]
sigma=0.0007274598776536371
[0.40952646 0.16347935 2.28457814]
sigma=0.0007842822061337681
[0.3860303  0.17489995 2.20469578]
sigma=0.0008455429608599194
[0.37654238 0.18601285 2.12319922]
sigma=0.0009115888299750828
[0.38783533 0.19064774 2.09903574]
sigma=0.0009827935816415728
[0.39945577 0.20441323 2.00518363]
sigma=0.001059560179277616
[0.39161364 0.20451626 2.01227225]
sigma=0.0011423230620163476
[0.39138254 0.21646237 1.95107435]
sigma=0.0012315506032928262
[0.39317062 0.22167115 1.91057662]
sigma=0.0013277477614727685
[0.39025748 0.22540539 1.89217906]
sigma=0.0014314589375234801
[0.37539263 0.23027893 1.86888645]
sigma=0.001543271055899177
[0.38523225 0.23033679 1.88229682]
sigma=0.001663816886076129
[0.38850809 0.24297145 1.81286395]
sigma=0.001793778623534895
[0.3840516  0.24281302 1.81461556]
sigma=0.0019338917504552321
[0.38087612 0.24639638 1.79735617]
sigma=0.0020849491979722254
[0.37620055 0.25136125 1.78563549]
sigma=0.002247805833548725
[0.38828638 0.25398396 1.7764922 ]
sigma=0.002423383298859157
[0.40281062 0.24932972 1.79685001]
sigma=0.002612675225563329
[0.38663109 0.25410141 1.7885918 ]
sigma=0.002816752858487498
[0.39013601 0.25208157 1.78193517]
sigma=0.0030367711180354605
[0.38081629 0.25857997 1.75878448]
sigma=0.0032739751361382215
[0.40673953 0.25934376 1.76686883]
sigma=0.00352970730273065
[0.40291924 0.26082866 1.76243412]
sigma=0.0038054148626326355
[0.38815557 0.25724758 1.77941683]
sigma=0.004102658105827195
[0.37899601 0.25445814 1.79230096]
sigma=0.004423119197486164
[0.39162058 0.25913489 1.78062555]
sigma=0.004768611697714475
[0.3783701  0.26428746 1.75602881]
sigma=0.0051410908248873686
[0.40491227 0.26156037 1.77649931]
sigma=0.005542664520663107
[0.38602278 0.25498898 1.79781598]
sigma=0.005975605379290428
[0.39301532 0.25993599 1.79886256]
sigma=0.006442363508721377
[0.39759606 0.25836443 1.80100188]
sigma=0.006945580396313452
[0.39946983 0.25850052 1.81440518]
sigma=0.0074881038575900305
[0.40001561 0.25650783 1.83585776]
sigma=0.008073004152657444
[0.39687494 0.26053766 1.81059023]
sigma=0.008703591361485167
[0.39022165 0.24918866 1.86847289]
sigma=0.009383434116379496
[0.38919483 0.25353868 1.8691034 ]
sigma=0.01011637979766208
[0.37571611 0.25247174 1.87235746]
sigma=0.01090657630684497
[0.38616922 0.25044651 1.88496589]
sigma=0.01175849554052157
[0.39917728 0.24807467 1.89814916]
sigma=0.01267695869781724
[0.39499618 0.25060259 1.90457788]
sigma=0.013667163564620072
[0.38921263 0.23810805 1.95961548]
sigma=0.014734713928999454
[0.37918354 0.24034026 1.96133812]
sigma=0.015885651294280545
[0.39557026 0.23552857 1.99661951]
sigma=0.017126489069246062
[0.39757139 0.23552957 2.00808407]
sigma=0.018464249428955443
[0.4011577  0.23375194 2.02369981]
sigma=0.0199065030547846
[0.39743225 0.23295469 2.02282618]
sigma=0.021461411978584057
[0.39367274 0.23752898 2.01443691]
sigma=0.023137775773420247
[0.38770488 0.23160066 2.05859377]
sigma=0.024945081352303167
[0.4017513  0.22554245 2.10380684]
sigma=0.026893556656722717
[0.40460028 0.2330002  2.07404353]
sigma=0.02899422853882878
[0.4080183  0.235055   2.07431267]
sigma=0.031258985164823415
[0.38879309 0.22778994 2.10667913]
sigma=0.033700643292719316
[0.40507117 0.22869652 2.11929424]
sigma=0.03633302080520445
[0.40147906 0.22839356 2.11820043]
sigma=0.039171014908092605
[0.39407376 0.22296841 2.17735159]
sigma=0.0422306864369017
[0.41270968 0.22926132 2.14008263]
sigma=0.045529350748669525
[0.4006531  0.22008657 2.18897756]
sigma=0.04908567571338432
[0.39650895 0.22714205 2.17162443]
sigma=0.052919787359584476
[0.39352277 0.22144293 2.20516453]
sigma=0.05705338377199956
[0.41600761 0.22200956 2.21530538]
sigma=0.06150985788580504
[0.39922232 0.22518291 2.2021343 ]
sigma=0.0663144298724096
[0.4177448  0.22610965 2.20308795]
sigma=0.07149428986597584
[0.40034066 0.2192114  2.23522372]
sigma=0.07707875183839603
[0.40923978 0.22096063 2.24100937]
sigma=0.08309941949353404
[0.4194076  0.22042963 2.23772084]
sigma=0.08959036511956624
[0.41756758 0.21307853 2.29021734]
sigma=0.09658832241158709
[0.42680276 0.22321417 2.25587899]
sigma=0.10413289435570362
[0.42041048 0.21916745 2.27653431]
sigma=0.11226677735108136
[0.42378848 0.21601428 2.28643041]
sigma=0.12103600283829964
[0.42577111 0.22267368 2.26480437]
sigma=0.13049019780144042
[0.44467147 0.21666535 2.29198542]
sigma=0.140682865618154
[0.4301576  0.22112546 2.2636453 ]
sigma=0.1516716888470924
[0.43579236 0.22082343 2.26935922]
sigma=0.16351885566624894
[0.45280058 0.22214308 2.27780268]
sigma=0.1762914118095948
[0.45874159 0.2238964  2.26278138]
sigma=0.19006163999369882
[0.4612985  0.2212928  2.27657205]
sigma=0.20490746898158502
[0.46823715 0.2192229  2.27366467]
sigma=0.2209129145988173
[0.45967586 0.22795355 2.24434156]
sigma=0.23816855519761607
[0.47273245 0.22938417 2.21815872]
sigma=0.2567720442597591
[0.47406648 0.23030614 2.21798857]
sigma=0.27682866303920667
[0.46691299 0.22524862 2.22927153]
sigma=0.2984519163719754
[0.46535759 0.23587448 2.18429794]
sigma=0.3217641750250742
[0.49477874 0.23689292 2.16904404]
sigma=0.34689736821970707
[0.47810043 0.24186257 2.1433712 ]
sigma=0.3739937302478802
[0.50383489 0.23899278 2.15313154]
sigma=0.40320660540767433
[0.51772881 0.24795477 2.1077012 ]
sigma=0.43470131581250265
[0.51111071 0.25011885 2.09760373]
sigma=0.46865609698547095
[0.5017455  0.25328051 2.07976512]
sigma=0.505263106533568
[0.50987928 0.25763589 2.05542281]
sigma=0.5447295116100166
[0.520977   0.25741717 2.04658141]
sigma=0.5872786613189489
[0.51919897 0.26361764 2.01459913]
sigma=0.6331513506973245
[0.51657357 0.27205377 1.97353666]
sigma=0.6826071834272393
[0.51967909 0.27729836 1.95420899]
sigma=0.7359260409904984
[0.52433277 0.28228519 1.91829989]
sigma=0.7934096665797492
[0.53589285 0.28939967 1.88585487]
sigma=0.8553833727298659
[0.52254994 0.30910885 1.81132483]
sigma=0.9221978823334341
[0.52077231 0.32772225 1.75556403]
sigma=0.9942313134590756
[0.54539795 0.35428928 1.65738004]
sigma=1.0718913192051287
[0.53154474 0.35974397 1.62339901]
sigma=1.1556173946985666
[0.52589823 0.40206004 1.49412445]
sigma=1.2458833642950082
[0.54169704 0.40701625 1.46414929]
sigma=1.3432000630554168
[0.51431805 0.46654337 1.28010003]
sigma=1.448118227674536
[0.50486489 0.47812587 1.2441251 ]
sigma=1.5612316132215045
[0.50839044 0.52500184 1.11932441]
sigma=1.6831803533309584
[0.50122537 0.52150659 1.11496075]
sigma=1.8146545828606506
[0.4952451  0.56979763 0.98694883]
sigma=1.9563983435170649
[0.50457301 0.57518591 0.97812649]
sigma=2.109213794551798
[0.48016249 0.58077212 0.95231183]
sigma=2.273965752357932
[0.49635575 0.6014394  0.91435365]
sigma=2.4515865846570435
[0.48564553 0.61066446 0.89089512]
sigma=2.643081486974108
[0.4884747  0.60812661 0.90211372]
sigma=2.8495341712609874
[0.49551895 0.581932   0.97899191]
sigma=3.0721129988617593
[0.48283991 0.56493407 1.01688935]
sigma=3.3120775925276664
[0.50520135 0.57485143 1.01132924]
sigma=3.57078596490047
[0.48396441 0.6046462  0.93137298]
sigma=3.8497022038059776
[0.49174263 0.61476392 0.90285435]
sigma=4.150404757850481
[0.47784224 0.62903375 0.84933308]
sigma=4.474595369210039
[0.47155018 0.64289688 0.82096701]
sigma=4.824108704165374
[0.45952769 0.66699928 0.76647628]
sigma=5.200922735883646
[0.46853356 0.68382799 0.72908116]
sigma=5.60716993820547
[0.46100907 0.68898427 0.71967156]
sigma=6.045149353785448
[0.4547938  0.69719403 0.69739477]
sigma=6.517339604882434
[0.45725035 0.72113857 0.64207924]
sigma=7.026412920430313
[0.45079255 0.72078754 0.64341273]
sigma=7.57525025877192
[0.4609149  0.74292208 0.59391623]
sigma=8.166957611638585
[0.44104345 0.73632853 0.60147174]
sigma=8.804883581643464
[0.43373729 0.76077845 0.5511755 ]
sigma=9.492638332763466
[0.43346005 0.7587941  0.55481058]
sigma=10.234114021054548
[0.43279331 0.76309704 0.54954411]
sigma=11.033506821222625
[0.43651705 0.77221221 0.53516952]
sigma=11.895340673703208
[0.42915234 0.76026635 0.55901148]
sigma=12.824492886639492
[0.42328873 0.7881252  0.49442879]
sigma=13.826221737646565
[0.41747469 0.7756404  0.52005342]
sigma=14.906196231566014
[0.40558717 0.7844406  0.5078066 ]
sigma=16.070528182616417
[0.40218171 0.7851398  0.51208399]
sigma=17.325806802500114
[0.40203347 0.78887781 0.50276816]
sigma=18.679135990207847
[0.38760961 0.79718974 0.48932076]
sigma=20.138174534552142
[0.40223951 0.79779861 0.50093221]
sigma=21.711179456945054
[0.38589354 0.7947249  0.51110157]
sigma=23.407052739706373
[0.38624618 0.79485684 0.50193678]
sigma=25.23539170434771
[0.38170685 0.78533854 0.53065449]
sigma=27.206543324935
[0.37512968 0.78634359 0.5316813 ]
sigma=29.331662783900484
[0.36200148 0.78575629 0.54781266]
sigma=31.622776601683793
[0.36252185 0.78121385 0.56992337]
