sigma=1e-05
[1.60874032e-01 1.55814561e-03 6.58240307e+00]
sigma=1.0781106013205947e-05
[1.73530475e-01 1.56829865e-03 6.57885806e+00]
sigma=1.1623224686798518e-05
[1.89795514e-01 1.57864005e-03 6.57506627e+00]
sigma=1.2531121756368731e-05
[2.09108759e-01 1.59440748e-03 6.57036890e+00]
sigma=1.3509935211980278e-05
[2.19289946e-01 1.61722536e-03 6.56234362e+00]
sigma=1.4565204375190305e-05
[2.48257073e-01 1.62773776e-03 6.55915279e+00]
sigma=1.5702901247293774e-05
[2.65424286e-01 1.65151484e-03 6.55174644e+00]
sigma=1.692946430619781e-05
[3.03344403e-01 1.67456416e-03 6.54443592e+00]
sigma=1.8251834943190425e-05
[3.18464183e-01 1.71410722e-03 6.53199478e+00]
sigma=1.967749674580727e-05
[3.51079805e-01 1.75997865e-03 6.51822178e+00]
sigma=2.121451784910632e-05
[3.86852405e-01 1.79508571e-03 6.50812280e+00]
sigma=2.2871596595026458e-05
[3.92458693e-01 1.80728726e-03 6.50382880e+00]
sigma=2.465811075822604e-05
[4.29433712e-01 1.90868588e-03 6.47427256e+00]
sigma=2.6584170616980845e-05
[4.67563545e-01 1.97621610e-03 6.45530050e+00]
sigma=2.8660676169482503e-05
[4.92428166e-01 2.03110090e-03 6.43861273e+00]
sigma=3.089937881933562e-05
[5.15297900e-01 2.21120290e-03 6.39013594e+00]
sigma=3.33129478793467e-05
[5.49213960e-01 2.27439833e-03 6.37196718e+00]
sigma=3.59150422699641e-05
[5.41401708e-01 2.48281959e-03 6.31911648e+00]
sigma=3.872038781812557e-05
[5.67452868e-01 2.68509039e-03 6.27028623e+00]
sigma=4.17448605939659e-05
[5.63427603e-01 2.77118431e-03 6.24922563e+00]
sigma=4.5005576757004976e-05
[5.57087485e-01 3.15685486e-03 6.15965153e+00]
sigma=4.852098942027481e-05
[5.53484362e-01 3.33246390e-03 6.12105694e+00]
sigma=5.231099308056258e-05
[5.33749660e-01 3.89180932e-03 6.01074836e+00]
sigma=5.639703620576279e-05
[5.24130685e-01 3.96357539e-03 5.99411501e+00]
sigma=6.080224261649427e-05
[5.10739787e-01 4.69017646e-03 5.86215165e+00]
sigma=6.555154234890919e-05
[5.05447669e-01 5.25263310e-03 5.76993091e+00]
sigma=7.067181273927492e-05
[0.46989046 0.00611834 5.64310792]
sigma=7.619203052875614e-05
[0.47430306 0.00705673 5.51483088]
sigma=8.214343584919422e-05
[0.45248717 0.00828027 5.36307685]
sigma=8.855970901791447e-05
[0.4513558  0.00897176 5.29482412]
sigma=9.547716114208066e-05
[0.43309039 0.01087937 5.11548661]
sigma=0.00010293493961127168
[0.43475436 0.01288367 4.94892172]
sigma=0.00011097524964120722
[0.42614174 0.01567935 4.73676925]
sigma=0.00011964359312238502
[0.42335833 0.01816453 4.61045113]
sigma=0.0001289890261253308
[0.41360791 0.02131906 4.45452272]
sigma=0.0001390644365197383
[0.42017096 0.02505331 4.29483065]
sigma=0.00014992684327860457
[0.40121406 0.02872289 4.14924648]
sigma=0.00016163771916119475
[0.41061446 0.0342146  3.98118188]
sigma=0.00017426333860096508
[0.39190776 0.03991978 3.81975466]
sigma=0.00018787515276722067
[0.3951761  0.04578471 3.67447524]
sigma=0.00020255019392306664
[0.39418605 0.05491065 3.49063086]
sigma=0.00021837151136800043
[0.41505907 0.06022403 3.37807061]
sigma=0.00023542864143224178
[0.38674116 0.07162387 3.18404497]
sigma=0.0002538181141826046
[0.39041538 0.08117085 3.06451972]
sigma=0.0002736439997074672
[0.39509324 0.09299072 2.91412274]
sigma=0.0002950184970723898
[0.39124142 0.10399879 2.78486542]
sigma=0.0003180625692794119
[0.40848907 0.11461507 2.67893459]
sigma=0.00034290662782340007
[0.38866048 0.12875523 2.54892955]
sigma=0.0003696912707195028
[0.37297316 0.13929564 2.44773403]
sigma=0.00039856807817837753
[0.39815152 0.15009352 2.37216931]
sigma=0.0004297004704320844
[0.39432089 0.16470422 2.26120034]
sigma=0.00046326463256527643
[0.4008068  0.17621126 2.17953612]
sigma=0.000499450511585514
[0.39758685 0.18472844 2.13128838]
sigma=0.0005384628913753371
[0.37313002 0.19722345 2.05006256]
sigma=0.0005805225516094902
[0.39501129 0.21149802 1.97586621]
sigma=0.0006258675171958727
[0.39776409 0.21429599 1.94410273]
sigma=0.0006747544053110699
[0.3925391  0.22801697 1.87598453]
sigma=0.0007274598776536371
[0.37297538 0.23358819 1.85146433]
sigma=0.0007842822061337681
[0.38088535 0.24800881 1.80112671]
sigma=0.0008455429608599194
[0.37845439 0.24906056 1.78148903]
sigma=0.0009115888299750828
[0.39912738 0.2619099  1.7291569 ]
sigma=0.0009827935816415728
[0.39510285 0.26176146 1.72091164]
sigma=0.001059560179277616
[0.39784716 0.27083554 1.68425547]
sigma=0.0011423230620163476
[0.39950342 0.27766733 1.66711756]
sigma=0.0012315506032928262
[0.39552165 0.28164069 1.64264379]
sigma=0.0013277477614727685
[0.38153871 0.29046787 1.6103301 ]
sigma=0.0014314589375234801
[0.37936636 0.2912313  1.61096518]
sigma=0.001543271055899177
[0.3767293  0.29842534 1.58771929]
sigma=0.001663816886076129
[0.38934286 0.30320436 1.58003946]
sigma=0.001793778623534895
[0.38547435 0.30630491 1.5636637 ]
sigma=0.0019338917504552321
[0.37797492 0.31280136 1.54579671]
sigma=0.0020849491979722254
[0.36561946 0.31769827 1.53117767]
sigma=0.002247805833548725
[0.38080707 0.32240827 1.52698377]
sigma=0.002423383298859157
[0.40532297 0.32880457 1.50203997]
sigma=0.002612675225563329
[0.37750275 0.32926233 1.50475364]
sigma=0.002816752858487498
[0.36880848 0.33190653 1.50155607]
sigma=0.0030367711180354605
[0.4077625  0.34316482 1.46623944]
sigma=0.0032739751361382215
[0.39126737 0.34896049 1.44600515]
sigma=0.00352970730273065
[0.3895994  0.3525896  1.43987285]
sigma=0.0038054148626326355
[0.37646934 0.35969473 1.42315471]
sigma=0.004102658105827195
[0.39363961 0.36299934 1.41594141]
sigma=0.004423119197486164
[0.38731521 0.37114236 1.39240792]
sigma=0.004768611697714475
[0.39132004 0.37578529 1.38176729]
sigma=0.0051410908248873686
[0.37583602 0.38197679 1.3737725 ]
sigma=0.005542664520663107
[0.38106045 0.3901111  1.35981934]
sigma=0.005975605379290428
[0.37527138 0.40612705 1.31069856]
sigma=0.006442363508721377
[0.39387044 0.40998064 1.30092273]
sigma=0.006945580396313452
[0.3807264  0.42279193 1.27430811]
sigma=0.0074881038575900305
[0.39469164 0.42719939 1.25952308]
sigma=0.008073004152657444
[0.39271924 0.43578074 1.23580823]
sigma=0.008703591361485167
[0.38209074 0.45660726 1.18263413]
sigma=0.009383434116379496
[0.37558459 0.46769853 1.16836238]
sigma=0.01011637979766208
[0.39613497 0.47744676 1.13249021]
sigma=0.01090657630684497
[0.39748094 0.49086694 1.10890909]
sigma=0.01175849554052157
[0.38839287 0.50510102 1.06475689]
sigma=0.01267695869781724
[0.38597122 0.51712065 1.03772077]
sigma=0.013667163564620072
[0.39545532 0.54051941 0.99030106]
sigma=0.014734713928999454
[0.38404124 0.55526243 0.94358012]
sigma=0.015885651294280545
[0.38785508 0.56527235 0.92926753]
sigma=0.017126489069246062
[0.38983357 0.58349559 0.88403539]
sigma=0.018464249428955443
[0.39492595 0.60981917 0.83030564]
sigma=0.0199065030547846
[0.3969099  0.60697348 0.8298919 ]
sigma=0.021461411978584057
[0.3950264  0.62991048 0.77529266]
sigma=0.023137775773420247
[0.37244023 0.65118159 0.73330792]
sigma=0.024945081352303167
[0.38221925 0.6707181  0.6838476 ]
sigma=0.026893556656722717
[0.38633128 0.66705114 0.68802222]
sigma=0.02899422853882878
[0.37866693 0.69782313 0.62868076]
sigma=0.031258985164823415
[0.37647244 0.7202307  0.58307449]
sigma=0.033700643292719316
[0.37491588 0.73331427 0.54703917]
sigma=0.03633302080520445
[0.39429787 0.75219017 0.51413096]
sigma=0.039171014908092605
[0.39452311 0.75705495 0.4956367 ]
sigma=0.0422306864369017
[0.39011724 0.77040016 0.47133749]
sigma=0.045529350748669525
[0.38817172 0.78844498 0.43294516]
sigma=0.04908567571338432
[0.38881751 0.80013919 0.40588081]
sigma=0.052919787359584476
[0.39065166 0.82235378 0.36422674]
sigma=0.05705338377199956
[0.38543364 0.82529087 0.35832   ]
sigma=0.06150985788580504
[0.384492   0.84472053 0.3181233 ]
sigma=0.0663144298724096
[0.38453338 0.84117169 0.31900466]
sigma=0.07149428986597584
[0.38870774 0.85449399 0.29285827]
sigma=0.07707875183839603
[0.38061233 0.86283268 0.27887812]
sigma=0.08309941949353404
[0.38823721 0.87533095 0.25335902]
sigma=0.08959036511956624
[0.38647894 0.87213671 0.2553717 ]
sigma=0.09658832241158709
[0.38748753 0.88611157 0.23041606]
sigma=0.10413289435570362
[0.3823692  0.88580266 0.22477702]
sigma=0.11226677735108136
[0.39365176 0.90187761 0.19737414]
sigma=0.12103600283829964
[0.39712074 0.91173793 0.17671732]
sigma=0.13049019780144042
[0.38934082 0.91169738 0.17672256]
sigma=0.140682865618154
[0.39293574 0.92163401 0.15616619]
sigma=0.1516716888470924
[0.37597985 0.93081518 0.14040664]
sigma=0.16351885566624894
[0.3956934  0.93374464 0.13380011]
sigma=0.1762914118095948
[0.3893633  0.94711457 0.11077266]
sigma=0.19006163999369882
[0.39790973 0.9478651  0.10741123]
sigma=0.20490746898158502
[0.4041062  0.95047743 0.10013484]
sigma=0.2209129145988173
[0.38877902 0.95366927 0.09406621]
sigma=0.23816855519761607
[0.39290705 0.95208038 0.0979156 ]
sigma=0.2567720442597591
[0.38127239 0.95945178 0.08245457]
sigma=0.27682866303920667
[0.38266439 0.96100035 0.07922963]
sigma=0.2984519163719754
[0.39952613 0.96119308 0.07570002]
sigma=0.3217641750250742
[0.38033271 0.95835887 0.08070508]
sigma=0.34689736821970707
[0.39571259 0.96453299 0.06957679]
sigma=0.3739937302478802
[0.39395299 0.96433252 0.06972214]
sigma=0.40320660540767433
[0.38306161 0.96928231 0.06043255]
sigma=0.43470131581250265
[0.39186826 0.97453656 0.05153121]
sigma=0.46865609698547095
[0.38710842 0.97528158 0.05060513]
sigma=0.505263106533568
[0.39652907 0.97317392 0.05234088]
sigma=0.5447295116100166
[0.39309186 0.98073273 0.03965454]
sigma=0.5872786613189489
[0.37235459 0.98501863 0.03238038]
sigma=0.6331513506973245
[0.39308501 0.9827742  0.03561719]
sigma=0.6826071834272393
[0.38739566 0.97914787 0.04000054]
sigma=0.7359260409904984
[0.36978008 0.99031428 0.02198228]
sigma=0.7934096665797492
[0.38035774 0.98323725 0.0319621 ]
sigma=0.8553833727298659
[0.38531351 0.98685094 0.02702434]
sigma=0.9221978823334341
[0.39193238 0.98643428 0.02627469]
sigma=0.9942313134590756
[0.39783866 0.98892693 0.023042  ]
sigma=1.0718913192051287
[0.37856526 0.98945422 0.02128689]
sigma=1.1556173946985666
[0.38668492 0.98745538 0.02418296]
sigma=1.2458833642950082
[0.38507314 0.98783354 0.02293159]
sigma=1.3432000630554168
[0.38103889 0.99223885 0.01595135]
sigma=1.448118227674536
[0.38339565 0.98951968 0.01966739]
sigma=1.5612316132215045
[0.38793378 0.99198857 0.01531581]
sigma=1.6831803533309584
[0.38812536 0.99143319 0.01654422]
sigma=1.8146545828606506
[0.3816358  0.99486796 0.0108243 ]
sigma=1.9563983435170649
[0.37955771 0.99426579 0.01077967]
sigma=2.109213794551798
[0.38647118 0.99479916 0.01082035]
sigma=2.273965752357932
[0.37602442 0.99568643 0.00908167]
sigma=2.4515865846570435
[0.37612244 0.99580706 0.0090308 ]
sigma=2.643081486974108
[0.39962493 0.99501023 0.00925213]
sigma=2.8495341712609874
[0.38816041 0.99478538 0.01030301]
sigma=3.0721129988617593
[0.39575407 0.99533777 0.00867362]
sigma=3.3120775925276664
[0.38922635 0.99525314 0.00932281]
sigma=3.57078596490047
[0.38967848 0.99734923 0.00588726]
sigma=3.8497022038059776
[0.38699399 0.9971589  0.00525715]
sigma=4.150404757850481
[0.39180975 0.99551279 0.00773241]
sigma=4.474595369210039
[0.38524166 0.99716584 0.00524677]
sigma=4.824108704165374
[0.389642   0.99870409 0.00315744]
sigma=5.200922735883646
[0.38129012 0.9964065  0.00676964]
sigma=5.60716993820547
[0.39017559 0.99848605 0.00318596]
sigma=6.045149353785448
[0.39806363 0.99894431 0.00243966]
sigma=6.517339604882434
[0.37466317 0.99839741 0.00355647]
sigma=7.026412920430313
[0.37623946 0.99758428 0.00483597]
sigma=7.57525025877192
[0.39332857 0.99780364 0.00403752]
sigma=8.166957611638585
[0.38101268 0.99793594 0.00386825]
sigma=8.804883581643464
[0.37219944 0.99666663 0.00555771]
sigma=9.492638332763466
[0.3867879  0.99890284 0.00221904]
sigma=10.234114021054548
[0.39456535 0.99919643 0.00151671]
sigma=11.033506821222625
[0.39534028 0.99901411 0.00210524]
sigma=11.895340673703208
[0.37078392 0.99893949 0.00219422]
sigma=12.824492886639492
[0.38525536 0.99922976 0.00168387]
sigma=13.826221737646565
[3.80377662e-01 9.99663804e-01 8.49698730e-04]
sigma=14.906196231566014
[3.84058160e-01 9.99706908e-01 8.28980047e-04]
sigma=16.070528182616417
[3.81015255e-01 9.99834729e-01 5.69071989e-04]
sigma=17.325806802500114
[0.38430825 0.99924538 0.00125572]
sigma=18.679135990207847
[3.95468549e-01 9.99793389e-01 6.22204611e-04]
sigma=20.138174534552142
[3.89309185e-01 9.99740341e-01 6.62482106e-04]
sigma=21.711179456945054
[0.38216968 0.99940299 0.00122209]
sigma=23.407052739706373
[0.39150592 0.99919182 0.00137224]
sigma=25.23539170434771
[3.81279235e-01 9.99750384e-01 6.07900243e-04]
sigma=27.206543324935
[3.86702504e-01 9.99831859e-01 4.86416827e-04]
sigma=29.331662783900484
[3.95774876e-01 9.99908027e-01 2.88395830e-04]
sigma=31.622776601683793
[4.01672732e-01 9.99730844e-01 6.89105584e-04]
