sigma=1e-05
[1.22844759e-01 1.53723614e-03 6.58868906e+00]
sigma=1.0781106013205947e-05
[1.28817850e-01 1.54194790e-03 6.58720472e+00]
sigma=1.1623224686798518e-05
[1.50149371e-01 1.54979988e-03 6.58457613e+00]
sigma=1.2531121756368731e-05
[1.51214148e-01 1.55494342e-03 6.58316318e+00]
sigma=1.3509935211980278e-05
[1.64513512e-01 1.56393778e-03 6.58014485e+00]
sigma=1.4565204375190305e-05
[1.90660942e-01 1.57805710e-03 6.57548652e+00]
sigma=1.5702901247293774e-05
[1.91976143e-01 1.58757739e-03 6.57194341e+00]
sigma=1.692946430619781e-05
[2.11787869e-01 1.60700599e-03 6.56569090e+00]
sigma=1.8251834943190425e-05
[2.43866006e-01 1.63134747e-03 6.55782225e+00]
sigma=1.967749674580727e-05
[2.74836922e-01 1.64932163e-03 6.55255581e+00]
sigma=2.121451784910632e-05
[2.88075409e-01 1.67204801e-03 6.54578172e+00]
sigma=2.2871596595026458e-05
[3.09522456e-01 1.70301733e-03 6.53537687e+00]
sigma=2.465811075822604e-05
[3.41264648e-01 1.74692164e-03 6.52226974e+00]
sigma=2.6584170616980845e-05
[3.62853022e-01 1.78075316e-03 6.51159922e+00]
sigma=2.8660676169482503e-05
[3.95975285e-01 1.82571789e-03 6.49844937e+00]
sigma=3.089937881933562e-05
[4.33735955e-01 1.89168908e-03 6.47842254e+00]
sigma=3.33129478793467e-05
[4.60113761e-01 1.96246162e-03 6.45846445e+00]
sigma=3.59150422699641e-05
[4.83441427e-01 2.02645486e-03 6.44131610e+00]
sigma=3.872038781812557e-05
[5.05419854e-01 2.13150907e-03 6.41207770e+00]
sigma=4.17448605939659e-05
[5.26968307e-01 2.30586558e-03 6.36423328e+00]
sigma=4.5005576757004976e-05
[5.50193416e-01 2.36887129e-03 6.34888691e+00]
sigma=4.852098942027481e-05
[5.44012937e-01 2.57184001e-03 6.29699583e+00]
sigma=5.231099308056258e-05
[5.51388867e-01 2.73720902e-03 6.25894213e+00]
sigma=5.639703620576279e-05
[5.56731183e-01 2.89356172e-03 6.22036952e+00]
sigma=6.080224261649427e-05
[5.35170757e-01 3.28496759e-03 6.13798223e+00]
sigma=6.555154234890919e-05
[5.34312868e-01 3.42137828e-03 6.10477255e+00]
sigma=7.067181273927492e-05
[5.35494866e-01 3.94147902e-03 6.00311597e+00]
sigma=7.619203052875614e-05
[5.19837337e-01 4.57063130e-03 5.87922596e+00]
sigma=8.214343584919422e-05
[4.88614007e-01 5.27037809e-03 5.77148758e+00]
sigma=8.855970901791447e-05
[0.48803275 0.00584048 5.68327538]
sigma=9.547716114208066e-05
[0.47068657 0.00694556 5.53015283]
sigma=0.00010293493961127168
[0.46626234 0.0076541  5.44573866]
sigma=0.00011097524964120722
[0.47163153 0.0089507  5.30450402]
sigma=0.00011964359312238502
[0.4363481  0.01100077 5.09360025]
sigma=0.0001289890261253308
[0.42124297 0.01264185 4.9683987 ]
sigma=0.0001390644365197383
[0.43253569 0.01455016 4.83684897]
sigma=0.00014992684327860457
[0.41335496 0.01771424 4.65370705]
sigma=0.00016163771916119475
[0.42733915 0.02104003 4.46406109]
sigma=0.00017426333860096508
[0.39967157 0.02366501 4.37023144]
sigma=0.00018787515276722067
[0.39335537 0.02887134 4.15936959]
sigma=0.00020255019392306664
[0.40821113 0.03188813 4.05840593]
sigma=0.00021837151136800043
[0.40168531 0.03848124 3.87476327]
sigma=0.00023542864143224178
[0.391829   0.04640469 3.67427505]
sigma=0.0002538181141826046
[0.3977972  0.05103333 3.56114974]
sigma=0.0002736439997074672
[0.40001109 0.06136567 3.38736573]
sigma=0.0002950184970723898
[0.39836422 0.07170444 3.19942488]
sigma=0.0003180625692794119
[0.39162418 0.08153196 3.06780878]
sigma=0.00034290662782340007
[0.38797797 0.09241294 2.91989251]
sigma=0.0003696912707195028
[0.38682145 0.10242412 2.79874168]
sigma=0.00039856807817837753
[0.38168647 0.11317955 2.69296444]
sigma=0.0004297004704320844
[0.38960673 0.1257529  2.57508804]
sigma=0.00046326463256527643
[0.38082084 0.13627869 2.48279101]
sigma=0.000499450511585514
[0.38178144 0.15228842 2.34902262]
sigma=0.0005384628913753371
[0.3949299  0.15704334 2.31049803]
sigma=0.0005805225516094902
[0.39288924 0.17359058 2.21088978]
sigma=0.0006258675171958727
[0.3839074  0.17808993 2.16472976]
sigma=0.0006747544053110699
[0.39553547 0.19164541 2.08276976]
sigma=0.0007274598776536371
[0.37931743 0.19975075 2.03447363]
sigma=0.0007842822061337681
[0.39591624 0.21130927 1.9717165 ]
sigma=0.0008455429608599194
[0.39515452 0.21464203 1.9542895 ]
sigma=0.0009115888299750828
[0.37962012 0.2272655  1.89409178]
sigma=0.0009827935816415728
[0.37882346 0.23342564 1.85543418]
sigma=0.001059560179277616
[0.3963065  0.23906896 1.81729544]
sigma=0.0011423230620163476
[0.38952577 0.24445247 1.80052755]
sigma=0.0012315506032928262
[0.38764093 0.25001713 1.77237447]
sigma=0.0013277477614727685
[0.38781446 0.25691543 1.74053159]
sigma=0.0014314589375234801
[0.38818477 0.25737953 1.74637117]
sigma=0.001543271055899177
[0.39090675 0.2653299  1.71114056]
sigma=0.001663816886076129
[0.40121967 0.26886879 1.70021038]
sigma=0.001793778623534895
[0.39245885 0.27668059 1.66830616]
sigma=0.0019338917504552321
[0.39877028 0.26980685 1.69827271]
sigma=0.0020849491979722254
[0.39025403 0.28191125 1.65235204]
sigma=0.002247805833548725
[0.37709388 0.28773741 1.63401508]
sigma=0.002423383298859157
[0.38360283 0.28409583 1.65039639]
sigma=0.002612675225563329
[0.39034369 0.28904587 1.6374149 ]
sigma=0.002816752858487498
[0.40430077 0.28941123 1.64699908]
sigma=0.0030367711180354605
[0.39657609 0.28990163 1.64036572]
sigma=0.0032739751361382215
[0.39996283 0.29980715 1.60280347]
sigma=0.00352970730273065
[0.39287516 0.29111727 1.63676595]
sigma=0.0038054148626326355
[0.38275706 0.29217303 1.63665912]
sigma=0.004102658105827195
[0.38477231 0.29856163 1.61723858]
sigma=0.004423119197486164
[0.39153436 0.30174285 1.6077596 ]
sigma=0.004768611697714475
[0.38280594 0.29931609 1.6248486 ]
sigma=0.0051410908248873686
[0.39957372 0.30125047 1.62893828]
sigma=0.005542664520663107
[0.38341308 0.30712006 1.59612324]
sigma=0.005975605379290428
[0.38774453 0.30674597 1.60623654]
sigma=0.006442363508721377
[0.39165267 0.30356035 1.62701088]
sigma=0.006945580396313452
[0.37689501 0.30468485 1.62770646]
sigma=0.0074881038575900305
[0.39701679 0.30764537 1.62139617]
sigma=0.008073004152657444
[0.39651214 0.31386836 1.60099598]
sigma=0.008703591361485167
[0.3946224  0.30297395 1.6425496 ]
sigma=0.009383434116379496
[0.40604928 0.3098967  1.61739264]
sigma=0.01011637979766208
[0.38403497 0.31002875 1.62383279]
sigma=0.01090657630684497
[0.38910759 0.30978444 1.63372987]
sigma=0.01175849554052157
[0.39132966 0.31006644 1.63830802]
sigma=0.01267695869781724
[0.3811329  0.31092975 1.64647924]
sigma=0.013667163564620072
[0.37788796 0.31246284 1.62797532]
sigma=0.014734713928999454
[0.39706962 0.31094062 1.65616181]
sigma=0.015885651294280545
[0.39667451 0.30522035 1.66341371]
sigma=0.017126489069246062
[0.38982101 0.31529079 1.64191635]
sigma=0.018464249428955443
[0.39181008 0.31361554 1.64902356]
sigma=0.0199065030547846
[0.40132956 0.31518845 1.6428218 ]
sigma=0.021461411978584057
[0.38529252 0.32313037 1.62679258]
sigma=0.023137775773420247
[0.38963695 0.3182916  1.63649436]
sigma=0.024945081352303167
[0.38233087 0.31819198 1.65215587]
sigma=0.026893556656722717
[0.39445855 0.30626733 1.69788379]
sigma=0.02899422853882878
[0.39072274 0.31616022 1.66313344]
sigma=0.031258985164823415
[0.39542691 0.30827904 1.70008591]
sigma=0.033700643292719316
[0.37730521 0.31309132 1.69462415]
sigma=0.03633302080520445
[0.39243326 0.31966318 1.67564203]
sigma=0.039171014908092605
[0.39831544 0.31266668 1.69274085]
sigma=0.0422306864369017
[0.3823282  0.31614028 1.67566367]
sigma=0.045529350748669525
[0.38881633 0.30305133 1.74538188]
sigma=0.04908567571338432
[0.3708582  0.31448486 1.71148992]
sigma=0.052919787359584476
[0.38292689 0.30776914 1.75009723]
sigma=0.05705338377199956
[0.38866528 0.31146672 1.72982843]
sigma=0.06150985788580504
[0.3844556  0.31394842 1.72173897]
sigma=0.0663144298724096
[0.39440118 0.32014653 1.68448161]
sigma=0.07149428986597584
[0.38697519 0.31038573 1.73913937]
sigma=0.07707875183839603
[0.38725761 0.31686493 1.7138059 ]
sigma=0.08309941949353404
[0.40166809 0.31122856 1.74630218]
sigma=0.08959036511956624
[0.40199098 0.31867825 1.71077149]
sigma=0.09658832241158709
[0.38912163 0.31197803 1.74320134]
sigma=0.10413289435570362
[0.39997835 0.31857894 1.70484411]
sigma=0.11226677735108136
[0.40539546 0.31720187 1.72663153]
sigma=0.12103600283829964
[0.38250482 0.31609071 1.74792311]
sigma=0.13049019780144042
[0.37794808 0.32348962 1.70721236]
sigma=0.140682865618154
[0.39835645 0.31867906 1.73565754]
sigma=0.1516716888470924
[0.39052917 0.3279355  1.7039796 ]
sigma=0.16351885566624894
[0.41032477 0.32521171 1.71754949]
sigma=0.1762914118095948
[0.38389961 0.31840312 1.7312981 ]
sigma=0.19006163999369882
[0.38364344 0.31668004 1.73885915]
sigma=0.20490746898158502
[0.39911334 0.32699882 1.71410042]
sigma=0.2209129145988173
[0.38877136 0.32055293 1.75589907]
sigma=0.23816855519761607
[0.39421921 0.32928328 1.71964846]
sigma=0.2567720442597591
[0.40254683 0.31613769 1.76116112]
sigma=0.27682866303920667
[0.39423428 0.32250348 1.7373572 ]
sigma=0.2984519163719754
[0.39918319 0.32977115 1.7113976 ]
sigma=0.3217641750250742
[0.39030571 0.3267606  1.72989021]
sigma=0.34689736821970707
[0.40814319 0.32718336 1.72386941]
sigma=0.3739937302478802
[0.39351552 0.32416557 1.74554997]
sigma=0.40320660540767433
[0.39501651 0.31918721 1.77088955]
sigma=0.43470131581250265
[0.3986273  0.32170133 1.75830019]
sigma=0.46865609698547095
[0.39255821 0.33380085 1.72925622]
sigma=0.505263106533568
[0.39081765 0.34041095 1.69877054]
sigma=0.5447295116100166
[0.39049468 0.33454366 1.72060098]
sigma=0.5872786613189489
[0.39272846 0.35050451 1.66278608]
sigma=0.6331513506973245
[0.40060895 0.35066382 1.68060049]
sigma=0.6826071834272393
[0.40414129 0.34751824 1.6829101 ]
sigma=0.7359260409904984
[0.40373564 0.34852851 1.67251575]
sigma=0.7934096665797492
[0.3903923  0.34448842 1.69682547]
sigma=0.8553833727298659
[0.3752535  0.35430073 1.65776198]
sigma=0.9221978823334341
[0.38449036 0.35290238 1.66501294]
sigma=0.9942313134590756
[0.39162231 0.35039529 1.68956919]
sigma=1.0718913192051287
[0.40807    0.36657311 1.63367951]
sigma=1.1556173946985666
[0.42033692 0.40399558 1.50526762]
sigma=1.2458833642950082
[0.41140333 0.38668806 1.55517894]
sigma=1.3432000630554168
[0.41191775 0.38367196 1.56174052]
sigma=1.448118227674536
[0.39588575 0.3837811  1.57754676]
sigma=1.5612316132215045
[0.40525334 0.41240957 1.49269136]
sigma=1.6831803533309584
[0.40488943 0.42053084 1.46577503]
sigma=1.8146545828606506
[0.3929985  0.41877549 1.46524196]
sigma=1.9563983435170649
[0.40184285 0.44718269 1.39276165]
sigma=2.109213794551798
[0.39393397 0.461332   1.3664322 ]
sigma=2.273965752357932
[0.40061008 0.46225644 1.36050141]
sigma=2.4515865846570435
[0.40698319 0.45365839 1.4036436 ]
sigma=2.643081486974108
[0.40402001 0.49213902 1.29153538]
sigma=2.8495341712609874
[0.40256373 0.46548996 1.39838951]
sigma=3.0721129988617593
[0.41421167 0.47994694 1.34743119]
sigma=3.3120775925276664
[0.41149877 0.50186363 1.26975814]
sigma=3.57078596490047
[0.39967246 0.56486292 1.11267833]
sigma=3.8497022038059776
[0.40818995 0.52134885 1.24490425]
sigma=4.150404757850481
[0.41230829 0.55541583 1.18087188]
sigma=4.474595369210039
[0.41136916 0.59140791 1.08773312]
sigma=4.824108704165374
[0.42620927 0.5588754  1.19089343]
sigma=5.200922735883646
[0.42229743 0.55039354 1.19951313]
sigma=5.60716993820547
[0.43457766 0.54523963 1.24892931]
sigma=6.045149353785448
[0.42958099 0.58391039 1.12166611]
sigma=6.517339604882434
[0.43147656 0.54788937 1.25624501]
sigma=7.026412920430313
[0.43638312 0.54663826 1.25169493]
sigma=7.57525025877192
[0.44638935 0.56581769 1.21085325]
sigma=8.166957611638585
[0.42688857 0.5716068  1.18997528]
sigma=8.804883581643464
[0.43648167 0.60959586 1.0830487 ]
sigma=9.492638332763466
[0.45268349 0.65869852 0.91088051]
sigma=10.234114021054548
[0.43890819 0.63811046 1.01233462]
sigma=11.033506821222625
[0.43457273 0.64574295 0.97161866]
sigma=11.895340673703208
[0.44809136 0.59728026 1.10246126]
sigma=12.824492886639492
[0.45395589 0.61621187 1.05140899]
sigma=13.826221737646565
[0.42612458 0.682216   0.87531457]
sigma=14.906196231566014
[0.45238051 0.63528882 1.00803522]
sigma=16.070528182616417
[0.4382496  0.64360511 0.98083915]
sigma=17.325806802500114
[0.45656055 0.6457835  0.96306342]
sigma=18.679135990207847
[0.44075649 0.66308576 0.90985129]
sigma=20.138174534552142
[0.43242369 0.69565661 0.8223634 ]
sigma=21.711179456945054
[0.44162795 0.66042674 0.9189938 ]
sigma=23.407052739706373
[0.42193201 0.70298648 0.80718969]
sigma=25.23539170434771
[0.42135752 0.65698535 0.94033086]
sigma=27.206543324935
[0.41605411 0.68705635 0.84490649]
sigma=29.331662783900484
[0.44879115 0.65416848 0.92073035]
sigma=31.622776601683793
[0.41458603 0.64508109 0.97126796]
