sigma=1e-05
[9.09606607e-02 1.52040190e-03 6.59452515e+00]
sigma=1.0781106013205947e-05
[9.79018930e-02 1.52374523e-03 6.59341709e+00]
sigma=1.1623224686798518e-05
[1.09673041e-01 1.52922748e-03 6.59136714e+00]
sigma=1.2531121756368731e-05
[1.15992447e-01 1.53423829e-03 6.58974969e+00]
sigma=1.3509935211980278e-05
[1.24363070e-01 1.53831974e-03 6.58835480e+00]
sigma=1.4565204375190305e-05
[1.38259699e-01 1.54595211e-03 6.58611882e+00]
sigma=1.5702901247293774e-05
[1.60490231e-01 1.55696057e-03 6.58213138e+00]
sigma=1.692946430619781e-05
[1.64077037e-01 1.56338696e-03 6.58018224e+00]
sigma=1.8251834943190425e-05
[1.70284215e-01 1.56912852e-03 6.57783012e+00]
sigma=1.967749674580727e-05
[1.95546595e-01 1.58185279e-03 6.57375603e+00]
sigma=2.121451784910632e-05
[2.10669008e-01 1.59945431e-03 6.56814615e+00]
sigma=2.2871596595026458e-05
[2.23336372e-01 1.61308521e-03 6.56412385e+00]
sigma=2.465811075822604e-05
[2.47106785e-01 1.63377340e-03 6.55770728e+00]
sigma=2.6584170616980845e-05
[2.86257409e-01 1.66987436e-03 6.54654504e+00]
sigma=2.8660676169482503e-05
[3.07177613e-01 1.69052052e-03 6.53996403e+00]
sigma=3.089937881933562e-05
[3.22872534e-01 1.72217046e-03 6.52963720e+00]
sigma=3.33129478793467e-05
[3.49533718e-01 1.75191142e-03 6.52088298e+00]
sigma=3.59150422699641e-05
[3.91657679e-01 1.82003077e-03 6.49983584e+00]
sigma=3.872038781812557e-05
[4.05191153e-01 1.84218777e-03 6.49378104e+00]
sigma=4.17448605939659e-05
[4.40679322e-01 1.92446585e-03 6.46822937e+00]
sigma=4.5005576757004976e-05
[4.65328303e-01 1.99539037e-03 6.44982590e+00]
sigma=4.852098942027481e-05
[5.10279677e-01 2.12391069e-03 6.41393852e+00]
sigma=5.231099308056258e-05
[5.21032013e-01 2.23245596e-03 6.38285502e+00]
sigma=5.639703620576279e-05
[5.48852421e-01 2.34876511e-03 6.35618884e+00]
sigma=6.080224261649427e-05
[5.41668289e-01 2.53426920e-03 6.30801149e+00]
sigma=6.555154234890919e-05
[5.56504357e-01 2.73421898e-03 6.26105132e+00]
sigma=7.067181273927492e-05
[5.58590563e-01 2.86859072e-03 6.22455239e+00]
sigma=7.619203052875614e-05
[5.38550230e-01 3.23924298e-03 6.14576619e+00]
sigma=8.214343584919422e-05
[5.41390562e-01 3.46311861e-03 6.09606448e+00]
sigma=8.855970901791447e-05
[5.34267923e-01 3.83955454e-03 6.02137663e+00]
sigma=9.547716114208066e-05
[5.19911047e-01 4.48907747e-03 5.90335323e+00]
sigma=0.00010293493961127168
[4.92858180e-01 4.97937871e-03 5.82082162e+00]
sigma=0.00011097524964120722
[4.78677188e-01 5.66336124e-03 5.70758641e+00]
sigma=0.00011964359312238502
[0.47986783 0.00638123 5.62041899]
sigma=0.0001289890261253308
[0.45852947 0.00764905 5.44985645]
sigma=0.0001390644365197383
[0.45862159 0.00806895 5.40523795]
sigma=0.00014992684327860457
[0.44547192 0.0103621  5.17584102]
sigma=0.00016163771916119475
[0.44704586 0.01154109 5.0634801 ]
sigma=0.00017426333860096508
[0.42943883 0.01442598 4.8600787 ]
sigma=0.00018787515276722067
[0.42188911 0.01682622 4.70705419]
sigma=0.00020255019392306664
[0.40425937 0.01931066 4.56450116]
sigma=0.00021837151136800043
[0.39798523 0.02358607 4.37895146]
sigma=0.00023542864143224178
[0.41033607 0.026888   4.23196572]
sigma=0.0002538181141826046
[0.40059699 0.032474   4.06215298]
sigma=0.0002736439997074672
[0.4091184  0.03792824 3.89071701]
sigma=0.0002950184970723898
[0.39552476 0.04558015 3.70606974]
sigma=0.0003180625692794119
[0.39961209 0.05417093 3.52152198]
sigma=0.00034290662782340007
[0.38516253 0.06180197 3.38837475]
sigma=0.0003696912707195028
[0.40106971 0.07131213 3.22426562]
sigma=0.00039856807817837753
[0.39666392 0.07933304 3.10083545]
sigma=0.0004297004704320844
[0.38304524 0.09284089 2.94910979]
sigma=0.00046326463256527643
[0.39929039 0.09742217 2.86757767]
sigma=0.000499450511585514
[0.39639419 0.11402145 2.69044415]
sigma=0.0005384628913753371
[0.39376731 0.12102725 2.6233629 ]
sigma=0.0005805225516094902
[0.38731953 0.13339903 2.50737241]
sigma=0.0006258675171958727
[0.39908905 0.14649208 2.39230358]
sigma=0.0006747544053110699
[0.39274626 0.15755484 2.3133931 ]
sigma=0.0007274598776536371
[0.38375922 0.16471363 2.250528  ]
sigma=0.0007842822061337681
[0.40396231 0.17369559 2.1945209 ]
sigma=0.0008455429608599194
[0.40013684 0.1862484  2.11786889]
sigma=0.0009115888299750828
[0.38916198 0.19176948 2.08259775]
sigma=0.0009827935816415728
[0.38978205 0.19872924 2.03572537]
sigma=0.001059560179277616
[0.38703437 0.20972909 1.97680739]
sigma=0.0011423230620163476
[0.39181818 0.2154455  1.94888912]
sigma=0.0012315506032928262
[0.38581235 0.218914   1.92204029]
sigma=0.0013277477614727685
[0.39730887 0.22675366 1.88181777]
sigma=0.0014314589375234801
[0.37438349 0.22985922 1.87804431]
sigma=0.001543271055899177
[0.38510463 0.23392075 1.85088028]
sigma=0.001663816886076129
[0.40127091 0.23988898 1.82165232]
sigma=0.001793778623534895
[0.37428836 0.24269173 1.80927975]
sigma=0.0019338917504552321
[0.39438198 0.24822421 1.78463354]
sigma=0.0020849491979722254
[0.39203901 0.25031819 1.77554591]
sigma=0.002247805833548725
[0.39163266 0.25118962 1.77256793]
sigma=0.002423383298859157
[0.3879812  0.25738235 1.7502017 ]
sigma=0.002612675225563329
[0.38015442 0.25448717 1.77848669]
sigma=0.002816752858487498
[0.38454449 0.25244964 1.77503152]
sigma=0.0030367711180354605
[0.38684902 0.25851071 1.75684412]
sigma=0.0032739751361382215
[0.37301238 0.25564113 1.77807825]
sigma=0.00352970730273065
[0.38687155 0.25950711 1.76997281]
sigma=0.0038054148626326355
[0.37804354 0.26009803 1.76757513]
sigma=0.004102658105827195
[0.37600219 0.26028188 1.77088956]
sigma=0.004423119197486164
[0.39338194 0.26206669 1.76390905]
sigma=0.004768611697714475
[0.39338334 0.26423752 1.75392396]
sigma=0.0051410908248873686
[0.39757097 0.25947445 1.78584845]
sigma=0.005542664520663107
[0.37994388 0.25874952 1.79769178]
sigma=0.005975605379290428
[0.39121729 0.25911575 1.7903364 ]
sigma=0.006442363508721377
[0.38688035 0.255935   1.81701152]
sigma=0.006945580396313452
[0.38122098 0.25980406 1.8028878 ]
sigma=0.0074881038575900305
[0.3751482  0.25189309 1.83686302]
sigma=0.008073004152657444
[0.38971498 0.25434561 1.83793937]
sigma=0.008703591361485167
[0.39692295 0.25248116 1.86280028]
sigma=0.009383434116379496
[0.3826361  0.2568336  1.84396082]
sigma=0.01011637979766208
[0.38382521 0.24992384 1.87577828]
sigma=0.01090657630684497
[0.38849774 0.24805905 1.89427945]
sigma=0.01175849554052157
[0.39688156 0.24980104 1.88579854]
sigma=0.01267695869781724
[0.38879792 0.24503798 1.92634076]
sigma=0.013667163564620072
[0.37012938 0.23780201 1.96724609]
sigma=0.014734713928999454
[0.38667204 0.24526011 1.93620018]
sigma=0.015885651294280545
[0.37185555 0.23872129 1.98460637]
sigma=0.017126489069246062
[0.38472258 0.24110532 1.968584  ]
sigma=0.018464249428955443
[0.39167747 0.23703492 2.00789204]
sigma=0.0199065030547846
[0.38061346 0.24054841 1.99021731]
sigma=0.021461411978584057
[0.39708254 0.23661913 2.02344844]
sigma=0.023137775773420247
[0.40543664 0.23653707 2.03189063]
sigma=0.024945081352303167
[0.39850658 0.2356178  2.03531124]
sigma=0.026893556656722717
[0.41016876 0.22943071 2.08105283]
sigma=0.02899422853882878
[0.39133188 0.22732256 2.10755812]
sigma=0.031258985164823415
[0.37990983 0.23112003 2.08744454]
sigma=0.033700643292719316
[0.39585698 0.22683615 2.12965317]
sigma=0.03633302080520445
[0.40213064 0.22490474 2.15146927]
sigma=0.039171014908092605
[0.39482484 0.22955196 2.13092446]
sigma=0.0422306864369017
[0.39082961 0.22336535 2.17268202]
sigma=0.045529350748669525
[0.40885529 0.22481057 2.15922543]
sigma=0.04908567571338432
[0.4008429  0.22566505 2.17187495]
sigma=0.052919787359584476
[0.39663238 0.22533549 2.17710444]
sigma=0.05705338377199956
[0.38708115 0.21884394 2.23893952]
sigma=0.06150985788580504
[0.39875065 0.2221661  2.20515055]
sigma=0.0663144298724096
[0.39986301 0.22009833 2.23473468]
sigma=0.07149428986597584
[0.39640322 0.22256564 2.22334347]
sigma=0.07707875183839603
[0.40737751 0.22082069 2.23414317]
sigma=0.08309941949353404
[0.41700928 0.21858453 2.25701866]
sigma=0.08959036511956624
[0.38668873 0.22313571 2.24796614]
sigma=0.09658832241158709
[0.40126076 0.21690341 2.27441604]
sigma=0.10413289435570362
[0.39399298 0.21766752 2.27441164]
sigma=0.11226677735108136
[0.4061482  0.2195249  2.27392779]
sigma=0.12103600283829964
[0.38567276 0.22315188 2.27229492]
sigma=0.13049019780144042
[0.42382918 0.21808171 2.28985273]
sigma=0.140682865618154
[0.39441487 0.21756399 2.31102724]
sigma=0.1516716888470924
[0.41860425 0.22429317 2.27880782]
sigma=0.16351885566624894
[0.43739768 0.21977099 2.29627287]
sigma=0.1762914118095948
[0.41315133 0.21500041 2.33253899]
sigma=0.19006163999369882
[0.41490568 0.2225714  2.28758293]
sigma=0.20490746898158502
[0.41891032 0.22080361 2.30412438]
sigma=0.2209129145988173
[0.4201846  0.22287889 2.30222594]
sigma=0.23816855519761607
[0.42457457 0.22573728 2.27970574]
sigma=0.2567720442597591
[0.42944966 0.21959034 2.3036073 ]
sigma=0.27682866303920667
[0.42377101 0.21908519 2.32577641]
sigma=0.2984519163719754
[0.43447512 0.22026619 2.31837668]
sigma=0.3217641750250742
[0.44383092 0.22362912 2.28352205]
sigma=0.34689736821970707
[0.45167011 0.22182349 2.30232533]
sigma=0.3739937302478802
[0.43836358 0.2243128  2.29768861]
sigma=0.40320660540767433
[0.45007499 0.22680683 2.27466569]
sigma=0.43470131581250265
[0.45798206 0.22149171 2.29079621]
sigma=0.46865609698547095
[0.4650996  0.22686753 2.26060958]
sigma=0.505263106533568
[0.486054   0.23263995 2.2537426 ]
sigma=0.5447295116100166
[0.48264321 0.23112265 2.23413558]
sigma=0.5872786613189489
[0.48756782 0.23528852 2.2104521 ]
sigma=0.6331513506973245
[0.49992543 0.24209882 2.1760825 ]
sigma=0.6826071834272393
[0.47786081 0.23929132 2.17336734]
sigma=0.7359260409904984
[0.49568102 0.24142096 2.16215896]
sigma=0.7934096665797492
[0.50290053 0.2495993  2.12071983]
sigma=0.8553833727298659
[0.5038412  0.25907628 2.06501171]
sigma=0.9221978823334341
[0.51612389 0.26631649 2.03467525]
sigma=0.9942313134590756
[0.51126966 0.27550966 1.98318113]
sigma=1.0718913192051287
[0.543281   0.29006952 1.926358  ]
sigma=1.1556173946985666
[0.51832763 0.29127664 1.90790829]
sigma=1.2458833642950082
[0.51030243 0.3099658  1.83075251]
sigma=1.3432000630554168
[0.518854   0.31074234 1.83502833]
sigma=1.448118227674536
[0.52154731 0.30224831 1.8502914 ]
sigma=1.5612316132215045
[0.52880359 0.30754277 1.83759238]
sigma=1.6831803533309584
[0.53517116 0.30615063 1.82220621]
sigma=1.8146545828606506
[0.52564594 0.31390319 1.8076373 ]
sigma=1.9563983435170649
[0.54153861 0.32534641 1.76343084]
sigma=2.109213794551798
[0.53175361 0.34250945 1.6979099 ]
sigma=2.273965752357932
[0.50809254 0.38528249 1.55699967]
sigma=2.4515865846570435
[0.52873543 0.41690541 1.44174448]
sigma=2.643081486974108
[0.52598187 0.43992415 1.36589697]
sigma=2.8495341712609874
[0.52687866 0.45350459 1.33997266]
sigma=3.0721129988617593
[0.51701493 0.44339688 1.36638951]
sigma=3.3120775925276664
[0.51594576 0.4482938  1.35795218]
sigma=3.57078596490047
[0.52620764 0.47412496 1.28805855]
sigma=3.8497022038059776
[0.52808177 0.47194333 1.28159417]
sigma=4.150404757850481
[0.51039055 0.5075941  1.18295169]
sigma=4.474595369210039
[0.51982397 0.51357122 1.16857158]
sigma=4.824108704165374
[0.4913717  0.53276209 1.10962069]
sigma=5.200922735883646
[0.49398733 0.53515749 1.10547699]
sigma=5.60716993820547
[0.49421985 0.55703988 1.05157891]
sigma=6.045149353785448
[0.49178136 0.58281385 0.98370424]
sigma=6.517339604882434
[0.48468325 0.58873006 0.97357937]
sigma=7.026412920430313
[0.48330279 0.59326865 0.9503281 ]
sigma=7.57525025877192
[0.48613865 0.62412427 0.8841244 ]
sigma=8.166957611638585
[0.48950751 0.62082101 0.88997172]
sigma=8.804883581643464
[0.47987854 0.64505898 0.83034885]
sigma=9.492638332763466
[0.4606757  0.6471963  0.82058765]
sigma=10.234114021054548
[0.45456424 0.6477532  0.81379594]
sigma=11.033506821222625
[0.45950367 0.67171159 0.77201771]
sigma=11.895340673703208
[0.45181153 0.68181564 0.75172726]
sigma=12.824492886639492
[0.45757207 0.68094403 0.74612031]
sigma=13.826221737646565
[0.42492804 0.69187812 0.72448555]
sigma=14.906196231566014
[0.456457   0.70875011 0.69140648]
sigma=16.070528182616417
[0.43785721 0.71015357 0.68475905]
sigma=17.325806802500114
[0.439542   0.71432879 0.68567458]
sigma=18.679135990207847
[0.43777459 0.73079796 0.64938735]
sigma=20.138174534552142
[0.4441567  0.72475649 0.66487528]
sigma=21.711179456945054
[0.43308241 0.72069612 0.66931293]
sigma=23.407052739706373
[0.40087466 0.72641321 0.66203166]
sigma=25.23539170434771
[0.40175401 0.73580871 0.66251316]
sigma=27.206543324935
[0.40256346 0.73068454 0.6736676 ]
sigma=29.331662783900484
[0.38999665 0.73942486 0.65619135]
sigma=31.622776601683793
[0.39570836 0.72671938 0.68540911]
