sigma=1e-05
[2.43163398e-01 8.12227713e-04 7.25406239e+00]
sigma=1.0781106013205947e-05
[2.72509625e-01 8.24911765e-04 7.24489113e+00]
sigma=1.1623224686798518e-05
[2.72212157e-01 8.30952051e-04 7.24059837e+00]
sigma=1.2531121756368731e-05
[3.20019500e-01 8.50347496e-04 7.22937053e+00]
sigma=1.3509935211980278e-05
[3.31024501e-01 8.62925917e-04 7.22144317e+00]
sigma=1.4565204375190305e-05
[3.77561729e-01 8.85698105e-04 7.20721629e+00]
sigma=1.5702901247293774e-05
[4.11532465e-01 9.07542510e-04 7.19383583e+00]
sigma=1.692946430619781e-05
[4.29199141e-01 9.42578364e-04 7.17338738e+00]
sigma=1.8251834943190425e-05
[4.54834481e-01 9.68695437e-04 7.15775339e+00]
sigma=1.967749674580727e-05
[5.01155922e-01 1.01667513e-03 7.13190158e+00]
sigma=2.121451784910632e-05
[5.00249806e-01 1.04715618e-03 7.11333614e+00]
sigma=2.2871596595026458e-05
[5.27631183e-01 1.10694176e-03 7.08126748e+00]
sigma=2.465811075822604e-05
[5.24877584e-01 1.20108116e-03 7.03132725e+00]
sigma=2.6584170616980845e-05
[5.47311120e-01 1.28053679e-03 6.98996884e+00]
sigma=2.8660676169482503e-05
[5.43005657e-01 1.38172063e-03 6.93991939e+00]
sigma=3.089937881933562e-05
[5.28935244e-01 1.47933482e-03 6.89538698e+00]
sigma=3.33129478793467e-05
[5.41732805e-01 1.57191601e-03 6.85260399e+00]
sigma=3.59150422699641e-05
[5.40761962e-01 1.75291950e-03 6.77450055e+00]
sigma=3.872038781812557e-05
[5.18874144e-01 1.91127179e-03 6.70622172e+00]
sigma=4.17448605939659e-05
[5.13594952e-01 2.13277768e-03 6.62009872e+00]
sigma=4.5005576757004976e-05
[5.09590953e-01 2.43251313e-03 6.52115105e+00]
sigma=4.852098942027481e-05
[4.90731416e-01 2.78750923e-03 6.39623045e+00]
sigma=5.231099308056258e-05
[4.78729933e-01 3.17962260e-03 6.27995787e+00]
sigma=5.639703620576279e-05
[4.63706954e-01 3.70652193e-03 6.15362249e+00]
sigma=6.080224261649427e-05
[4.59251857e-01 4.39470378e-03 5.98563649e+00]
sigma=6.555154234890919e-05
[4.27326731e-01 4.67924645e-03 5.92047952e+00]
sigma=7.067181273927492e-05
[0.43999219 0.0057398  5.72492189]
sigma=7.619203052875614e-05
[0.43678295 0.00621834 5.65246272]
sigma=8.214343584919422e-05
[0.41257848 0.00777749 5.43626689]
sigma=8.855970901791447e-05
[0.41163395 0.00919322 5.26204302]
sigma=9.547716114208066e-05
[0.40066077 0.01075955 5.11022   ]
sigma=0.00010293493961127168
[0.42282227 0.01240822 4.97279252]
sigma=0.00011097524964120722
[0.38432297 0.01455593 4.81122868]
sigma=0.00011964359312238502
[0.40150997 0.01695522 4.66370438]
sigma=0.0001289890261253308
[0.39316203 0.01998106 4.50982459]
sigma=0.0001390644365197383
[0.40395105 0.02428857 4.30235756]
sigma=0.00014992684327860457
[0.39876783 0.02836808 4.15853724]
sigma=0.00016163771916119475
[0.38838178 0.03358492 3.98248068]
sigma=0.00017426333860096508
[0.39695881 0.03951605 3.8063871 ]
sigma=0.00018787515276722067
[0.4089822  0.04592364 3.67245999]
sigma=0.00020255019392306664
[0.4027714  0.05367013 3.49245497]
sigma=0.00021837151136800043
[0.40112442 0.06202426 3.34562917]
sigma=0.00023542864143224178
[0.37957174 0.07198661 3.18630614]
sigma=0.0002538181141826046
[0.39010663 0.07993143 3.07146334]
sigma=0.0002736439997074672
[0.38585177 0.09377255 2.91007632]
sigma=0.0002950184970723898
[0.38695193 0.10434876 2.78581688]
sigma=0.0003180625692794119
[0.37684814 0.11351252 2.68035248]
sigma=0.00034290662782340007
[0.39163889 0.12845502 2.5510986 ]
sigma=0.0003696912707195028
[0.39505259 0.13881995 2.44391018]
sigma=0.00039856807817837753
[0.38749353 0.15008571 2.36850478]
sigma=0.0004297004704320844
[0.38912753 0.16423052 2.27328274]
sigma=0.00046326463256527643
[0.39346313 0.17133261 2.20599148]
sigma=0.000499450511585514
[0.41159894 0.19029702 2.09135172]
sigma=0.0005384628913753371
[0.39988585 0.19734118 2.04054519]
sigma=0.0005805225516094902
[0.39166695 0.20369511 2.0038883 ]
sigma=0.0006258675171958727
[0.38759786 0.22028519 1.92323593]
sigma=0.0006747544053110699
[0.39152237 0.22344579 1.89844406]
sigma=0.0007274598776536371
[0.391185   0.23392985 1.84787412]
sigma=0.0007842822061337681
[0.36933969 0.23799104 1.83244715]
sigma=0.0008455429608599194
[0.39367319 0.24819468 1.7831162 ]
sigma=0.0009115888299750828
[0.39667219 0.26135565 1.72251693]
sigma=0.0009827935816415728
[0.39174859 0.26436238 1.71018743]
sigma=0.001059560179277616
[0.38106615 0.27192312 1.68659782]
sigma=0.0011423230620163476
[0.39891268 0.27823552 1.65535267]
sigma=0.0012315506032928262
[0.38673674 0.28452678 1.63373177]
sigma=0.0013277477614727685
[0.36782657 0.28606091 1.62721674]
sigma=0.0014314589375234801
[0.38683151 0.29394258 1.60826292]
sigma=0.001543271055899177
[0.38017232 0.29836265 1.59535958]
sigma=0.001663816886076129
[0.38999373 0.29656689 1.59325425]
sigma=0.001793778623534895
[0.38650671 0.31011369 1.55033014]
sigma=0.0019338917504552321
[0.39538197 0.31094073 1.55201791]
sigma=0.0020849491979722254
[0.39996591 0.32031484 1.52878063]
sigma=0.002247805833548725
[0.37926264 0.32209914 1.51630453]
sigma=0.002423383298859157
[0.39450078 0.32940366 1.50261495]
sigma=0.002612675225563329
[0.39044881 0.33582793 1.48129682]
sigma=0.002816752858487498
[0.37608729 0.33348357 1.49306102]
sigma=0.0030367711180354605
[0.3846785  0.34142897 1.4731653 ]
sigma=0.0032739751361382215
[0.40699251 0.35137201 1.44821338]
sigma=0.00352970730273065
[0.39110087 0.35197645 1.43941832]
sigma=0.0038054148626326355
[0.3780952  0.36855966 1.39444906]
sigma=0.004102658105827195
[0.39204722 0.36542639 1.40234655]
sigma=0.004423119197486164
[0.38528123 0.36968254 1.3997705 ]
sigma=0.004768611697714475
[0.38893662 0.37874121 1.3740198 ]
sigma=0.0051410908248873686
[0.39725583 0.38668311 1.36077341]
sigma=0.005542664520663107
[0.38806668 0.39129779 1.34797834]
sigma=0.005975605379290428
[0.39066081 0.40231121 1.32029395]
sigma=0.006442363508721377
[0.38110151 0.40980328 1.29888878]
sigma=0.006945580396313452
[0.39482009 0.41401678 1.29498007]
sigma=0.0074881038575900305
[0.38508272 0.42669402 1.26257155]
sigma=0.008073004152657444
[0.3785522  0.44326417 1.21458536]
sigma=0.008703591361485167
[0.38170231 0.4536949  1.19868613]
sigma=0.009383434116379496
[0.37535025 0.46526074 1.16942086]
sigma=0.01011637979766208
[0.38520624 0.46640277 1.16306808]
sigma=0.01090657630684497
[0.38161022 0.48969689 1.11280162]
sigma=0.01175849554052157
[0.39372105 0.50268881 1.07958568]
sigma=0.01267695869781724
[0.38628946 0.51352772 1.05166586]
sigma=0.013667163564620072
[0.38275986 0.53573009 0.99073018]
sigma=0.014734713928999454
[0.38306675 0.55204574 0.9637432 ]
sigma=0.015885651294280545
[0.38366563 0.57120403 0.91155145]
sigma=0.017126489069246062
[0.39778536 0.58180042 0.88823276]
sigma=0.018464249428955443
[0.38480738 0.60684604 0.83364745]
sigma=0.0199065030547846
[0.38650319 0.61169158 0.81810354]
sigma=0.021461411978584057
[0.3763711  0.63129041 0.77704864]
sigma=0.023137775773420247
[0.37361967 0.64724831 0.73690415]
sigma=0.024945081352303167
[0.39618935 0.67498354 0.6773287 ]
sigma=0.026893556656722717
[0.36939908 0.67718064 0.66745882]
sigma=0.02899422853882878
[0.37825852 0.68728731 0.64708084]
sigma=0.031258985164823415
[0.38199014 0.71512811 0.58724794]
sigma=0.033700643292719316
[0.38011253 0.72772632 0.56017427]
sigma=0.03633302080520445
[0.39575415 0.73824189 0.53772773]
sigma=0.039171014908092605
[0.39068825 0.76662978 0.48223186]
sigma=0.0422306864369017
[0.37483318 0.77510298 0.46068617]
sigma=0.045529350748669525
[0.38246819 0.79665763 0.41782861]
sigma=0.04908567571338432
[0.4019883  0.79837418 0.41037158]
sigma=0.052919787359584476
[0.38710404 0.80446248 0.39416121]
sigma=0.05705338377199956
[0.39224354 0.82326796 0.36057765]
sigma=0.06150985788580504
[0.38322466 0.83740245 0.33232279]
sigma=0.0663144298724096
[0.37903183 0.84913631 0.30971326]
sigma=0.07149428986597584
[0.39282024 0.85285301 0.29821462]
sigma=0.07707875183839603
[0.38583023 0.86901225 0.26580421]
sigma=0.08309941949353404
[0.38743572 0.8648734  0.26914855]
sigma=0.08959036511956624
[0.3944229  0.88616662 0.23177993]
sigma=0.09658832241158709
[0.40329379 0.88467559 0.23002448]
sigma=0.10413289435570362
[0.38367863 0.89709809 0.20757736]
sigma=0.11226677735108136
[0.39016327 0.90333801 0.19707541]
sigma=0.12103600283829964
[0.39396337 0.90889654 0.18469974]
sigma=0.13049019780144042
[0.38819376 0.92431425 0.15487897]
sigma=0.140682865618154
[0.37184883 0.92279292 0.15685645]
sigma=0.1516716888470924
[0.39719274 0.93141414 0.13940516]
sigma=0.16351885566624894
[0.39119508 0.92618372 0.14708872]
sigma=0.1762914118095948
[0.40346371 0.93113689 0.13539499]
sigma=0.19006163999369882
[0.39093717 0.94803622 0.10522576]
sigma=0.20490746898158502
[0.39381982 0.94238164 0.11385738]
sigma=0.2209129145988173
[0.39496922 0.94262951 0.11192722]
sigma=0.23816855519761607
[0.37955922 0.95315964 0.09423025]
sigma=0.2567720442597591
[0.38775385 0.96003942 0.08139828]
sigma=0.27682866303920667
[0.37373776 0.95956887 0.08116132]
sigma=0.2984519163719754
[0.3821905  0.96718027 0.06756585]
sigma=0.3217641750250742
[0.38276179 0.9632513  0.07332627]
sigma=0.34689736821970707
[0.39625561 0.9697913  0.06160791]
sigma=0.3739937302478802
[0.37747175 0.9692028  0.06183291]
sigma=0.40320660540767433
[0.3874978  0.96625742 0.06587654]
sigma=0.43470131581250265
[0.37172938 0.9749961  0.05100885]
sigma=0.46865609698547095
[0.39646419 0.9710223  0.05632063]
sigma=0.505263106533568
[0.37704137 0.97642056 0.04667391]
sigma=0.5447295116100166
[0.37693736 0.97962607 0.04028858]
sigma=0.5872786613189489
[0.39134433 0.98051381 0.03867453]
sigma=0.6331513506973245
[0.38458928 0.98271956 0.03505051]
sigma=0.6826071834272393
[0.3764294  0.98136734 0.03657257]
sigma=0.7359260409904984
[0.39219958 0.98347872 0.03189203]
sigma=0.7934096665797492
[0.37141651 0.98497993 0.02970029]
sigma=0.8553833727298659
[0.38723756 0.9861959  0.02746813]
sigma=0.9221978823334341
[0.39584707 0.98784969 0.02344036]
sigma=0.9942313134590756
[0.39609335 0.98552182 0.02799282]
sigma=1.0718913192051287
[0.39249397 0.98969869 0.02044196]
sigma=1.1556173946985666
[0.3928718  0.99084215 0.01976275]
sigma=1.2458833642950082
[0.39138274 0.98901522 0.02093171]
sigma=1.3432000630554168
[0.37680785 0.98764926 0.02241536]
sigma=1.448118227674536
[0.38580862 0.99477253 0.01149588]
sigma=1.5612316132215045
[0.4044436  0.99376005 0.01303184]
sigma=1.6831803533309584
[0.37701929 0.99056281 0.01817034]
sigma=1.8146545828606506
[0.39467398 0.99378256 0.01228994]
sigma=1.9563983435170649
[0.40723522 0.99310385 0.01421758]
sigma=2.109213794551798
[0.38934526 0.99513146 0.00982501]
sigma=2.273965752357932
[0.38121217 0.99360278 0.01246901]
sigma=2.4515865846570435
[0.39467088 0.99704074 0.00662488]
sigma=2.643081486974108
[0.40159556 0.9961256  0.00826348]
sigma=2.8495341712609874
[0.39340611 0.99540595 0.00914733]
sigma=3.0721129988617593
[0.38110677 0.99635334 0.00722511]
sigma=3.3120775925276664
[0.39255379 0.99578653 0.00817214]
sigma=3.57078596490047
[0.38665046 0.9975296  0.00512787]
sigma=3.8497022038059776
[0.39184653 0.99887543 0.00307178]
sigma=4.150404757850481
[0.38149958 0.99708634 0.00571655]
sigma=4.474595369210039
[0.39422479 0.99833092 0.00393331]
sigma=4.824108704165374
[0.39403515 0.99851331 0.00319141]
sigma=5.200922735883646
[0.36482592 0.99766422 0.00440919]
sigma=5.60716993820547
[0.38858483 0.99791211 0.0039572 ]
sigma=6.045149353785448
[0.38811049 0.99778411 0.00494987]
sigma=6.517339604882434
[0.37527873 0.99649109 0.00629717]
sigma=7.026412920430313
[0.38948668 0.99845892 0.00299777]
sigma=7.57525025877192
[0.39298604 0.99850247 0.00292722]
sigma=8.166957611638585
[0.37940825 0.99857232 0.00290817]
sigma=8.804883581643464
[0.38847292 0.99709903 0.00497519]
sigma=9.492638332763466
[0.38312754 0.99920062 0.00197587]
sigma=10.234114021054548
[0.39102483 0.99899554 0.00197717]
sigma=11.033506821222625
[0.39764986 0.99935143 0.00117613]
sigma=11.895340673703208
[0.39141978 0.99899483 0.00190016]
sigma=12.824492886639492
[0.39122674 0.99939739 0.00128146]
sigma=13.826221737646565
[0.38486804 0.99938465 0.00142699]
sigma=14.906196231566014
[0.38365308 0.99926049 0.00145002]
sigma=16.070528182616417
[3.86762929e-01 9.99768358e-01 6.95266388e-04]
sigma=17.325806802500114
[0.39043505 0.99956572 0.0010346 ]
sigma=18.679135990207847
[3.86445499e-01 9.99605254e-01 9.78066438e-04]
sigma=20.138174534552142
[3.88711775e-01 9.99861025e-01 4.31667406e-04]
sigma=21.711179456945054
[3.90163178e-01 9.99805350e-01 5.96921424e-04]
sigma=23.407052739706373
[3.74761871e-01 9.99862758e-01 3.66154509e-04]
sigma=25.23539170434771
[0.3780098  0.99879481 0.002014  ]
sigma=27.206543324935
[4.00669006e-01 9.99959242e-01 1.54487184e-04]
sigma=29.331662783900484
[0.40016285 0.99917967 0.00140922]
sigma=31.622776601683793
[3.73197028e-01 9.99823979e-01 4.40825209e-04]
