sigma=1e-05
[1.81591449e-01 7.87982182e-04 7.26952108e+00]
sigma=1.0781106013205947e-05
[1.94537383e-01 7.90233713e-04 7.26774746e+00]
sigma=1.1623224686798518e-05
[2.05689251e-01 7.96525685e-04 7.26336262e+00]
sigma=1.2531121756368731e-05
[2.27148778e-01 8.02995877e-04 7.25930215e+00]
sigma=1.3509935211980278e-05
[2.53662806e-01 8.19851028e-04 7.24845108e+00]
sigma=1.4565204375190305e-05
[2.88516428e-01 8.36420755e-04 7.23782800e+00]
sigma=1.5702901247293774e-05
[2.95929226e-01 8.44499831e-04 7.23283949e+00]
sigma=1.692946430619781e-05
[3.33163952e-01 8.61961362e-04 7.22171707e+00]
sigma=1.8251834943190425e-05
[3.64729714e-01 8.81064751e-04 7.21036176e+00]
sigma=1.967749674580727e-05
[3.72869736e-01 8.92455876e-04 7.20354994e+00]
sigma=2.121451784910632e-05
[4.04834464e-01 9.27113636e-04 7.18335178e+00]
sigma=2.2871596595026458e-05
[4.56228305e-01 9.66509005e-04 7.16064611e+00]
sigma=2.465811075822604e-05
[4.69839617e-01 9.92612646e-04 7.14460233e+00]
sigma=2.6584170616980845e-05
[4.83845681e-01 1.05275197e-03 7.11013675e+00]
sigma=2.8660676169482503e-05
[5.24445187e-01 1.08279057e-03 7.09464759e+00]
sigma=3.089937881933562e-05
[5.30529529e-01 1.14258465e-03 7.06155378e+00]
sigma=3.33129478793467e-05
[5.37268009e-01 1.21439602e-03 7.02462383e+00]
sigma=3.59150422699641e-05
[5.34947555e-01 1.29974426e-03 6.98002506e+00]
sigma=3.872038781812557e-05
[5.46422817e-01 1.45279346e-03 6.90620292e+00]
sigma=4.17448605939659e-05
[5.55836166e-01 1.56420178e-03 6.85517745e+00]
sigma=4.5005576757004976e-05
[5.40641266e-01 1.77915394e-03 6.76032157e+00]
sigma=4.852098942027481e-05
[5.19597343e-01 1.89549749e-03 6.70983538e+00]
sigma=5.231099308056258e-05
[5.11787499e-01 2.13214224e-03 6.62468528e+00]
sigma=5.639703620576279e-05
[5.18355393e-01 2.33218923e-03 6.54856695e+00]
sigma=6.080224261649427e-05
[4.97376302e-01 2.71100240e-03 6.41795836e+00]
sigma=6.555154234890919e-05
[4.79263450e-01 3.09367700e-03 6.31138031e+00]
sigma=7.067181273927492e-05
[4.68063806e-01 3.53358223e-03 6.18813420e+00]
sigma=7.619203052875614e-05
[4.46457037e-01 3.91040190e-03 6.09614287e+00]
sigma=8.214343584919422e-05
[4.61156206e-01 4.62788370e-03 5.94703144e+00]
sigma=8.855970901791447e-05
[4.45114255e-01 5.44475629e-03 5.79064996e+00]
sigma=9.547716114208066e-05
[0.43515    0.0066605  5.59709915]
sigma=0.00010293493961127168
[0.42257878 0.00725478 5.50707087]
sigma=0.00011097524964120722
[0.4163003  0.00853776 5.33922317]
sigma=0.00011964359312238502
[0.41094234 0.01005328 5.17881398]
sigma=0.0001289890261253308
[0.41677489 0.0121166  5.00235169]
sigma=0.0001390644365197383
[0.39018562 0.01472926 4.80831821]
sigma=0.00014992684327860457
[0.40362293 0.01673938 4.68099777]
sigma=0.00016163771916119475
[0.4026581  0.02034968 4.48991128]
sigma=0.00017426333860096508
[0.38840393 0.02379185 4.34462369]
sigma=0.00018787515276722067
[0.39219738 0.02717013 4.20814375]
sigma=0.00020255019392306664
[0.41240639 0.03305958 4.01272767]
sigma=0.00021837151136800043
[0.39986743 0.03842203 3.85966503]
sigma=0.00023542864143224178
[0.4005833  0.04477256 3.70295541]
sigma=0.0002538181141826046
[0.40708482 0.05548843 3.48168434]
sigma=0.0002736439997074672
[0.40095622 0.0601882  3.38994673]
sigma=0.0002950184970723898
[0.39302419 0.07214567 3.19598209]
sigma=0.0003180625692794119
[0.39491146 0.07958153 3.08794656]
sigma=0.00034290662782340007
[0.37811056 0.09268797 2.9242503 ]
sigma=0.0003696912707195028
[0.38396188 0.10570666 2.78125354]
sigma=0.00039856807817837753
[0.3714229  0.11582834 2.66937263]
sigma=0.0004297004704320844
[0.37987694 0.12340264 2.59362065]
sigma=0.00046326463256527643
[0.38290979 0.13976205 2.45219089]
sigma=0.000499450511585514
[0.39232202 0.15149522 2.34812168]
sigma=0.0005384628913753371
[0.3881541  0.16293426 2.27438298]
sigma=0.0005805225516094902
[0.37716978 0.17556543 2.18607474]
sigma=0.0006258675171958727
[0.38691596 0.18301357 2.13672384]
sigma=0.0006747544053110699
[0.38598667 0.19098843 2.08488761]
sigma=0.0007274598776536371
[0.37613132 0.19838674 2.03804127]
sigma=0.0007842822061337681
[0.3947203  0.20936291 1.97666005]
sigma=0.0008455429608599194
[0.39200878 0.21605185 1.93484063]
sigma=0.0009115888299750828
[0.39176808 0.22512866 1.88755491]
sigma=0.0009827935816415728
[0.38584157 0.23356735 1.85164125]
sigma=0.001059560179277616
[0.38641281 0.2419929  1.80733168]
sigma=0.0011423230620163476
[0.39702802 0.24393834 1.79823729]
sigma=0.0012315506032928262
[0.38265357 0.25104528 1.767523  ]
sigma=0.0013277477614727685
[0.38856596 0.25042532 1.76448886]
sigma=0.0014314589375234801
[0.38678998 0.26206794 1.72331673]
sigma=0.001543271055899177
[0.38460424 0.26161248 1.72498714]
sigma=0.001663816886076129
[0.40938615 0.26689674 1.70163746]
sigma=0.001793778623534895
[0.38609169 0.27221137 1.68691424]
sigma=0.0019338917504552321
[0.38238783 0.27147845 1.68969444]
sigma=0.0020849491979722254
[0.38081854 0.28011392 1.65650041]
sigma=0.002247805833548725
[0.38881952 0.28100558 1.656685  ]
sigma=0.002423383298859157
[0.39283878 0.28104432 1.65374686]
sigma=0.002612675225563329
[0.40781812 0.2881179  1.63600593]
sigma=0.002816752858487498
[0.38262468 0.28977041 1.63551694]
sigma=0.0030367711180354605
[0.40697579 0.28842493 1.64508325]
sigma=0.0032739751361382215
[0.38250491 0.29446813 1.61797183]
sigma=0.00352970730273065
[0.38889885 0.2938266  1.62845181]
sigma=0.0038054148626326355
[0.37997489 0.29669919 1.6203567 ]
sigma=0.004102658105827195
[0.35989899 0.30212296 1.60623168]
sigma=0.004423119197486164
[0.39088807 0.30511801 1.59428396]
sigma=0.004768611697714475
[0.39492529 0.29925176 1.62514296]
sigma=0.0051410908248873686
[0.39446547 0.30535559 1.60790478]
sigma=0.005542664520663107
[0.39058256 0.30473042 1.61557399]
sigma=0.005975605379290428
[0.38057003 0.30584778 1.61252269]
sigma=0.006442363508721377
[0.39142182 0.30447256 1.61413039]
sigma=0.006945580396313452
[0.37828581 0.3064999  1.61345953]
sigma=0.0074881038575900305
[0.3822832  0.30401639 1.63271674]
sigma=0.008073004152657444
[0.39465588 0.30571839 1.6281239 ]
sigma=0.008703591361485167
[0.37445597 0.30737875 1.62531176]
sigma=0.009383434116379496
[0.38134475 0.31065351 1.61479257]
sigma=0.01011637979766208
[0.39176234 0.31290702 1.61868252]
sigma=0.01090657630684497
[0.393907   0.31416488 1.61351035]
sigma=0.01175849554052157
[0.37345541 0.3109128  1.62404431]
sigma=0.01267695869781724
[0.39700088 0.30741075 1.65525289]
sigma=0.013667163564620072
[0.38969027 0.30894674 1.64714552]
sigma=0.014734713928999454
[0.38503822 0.30529328 1.66920394]
sigma=0.015885651294280545
[0.39670743 0.31284504 1.6448593 ]
sigma=0.017126489069246062
[0.36570464 0.31028496 1.65333199]
sigma=0.018464249428955443
[0.39705078 0.31090688 1.65832062]
sigma=0.0199065030547846
[0.39005742 0.30784707 1.67423947]
sigma=0.021461411978584057
[0.37923849 0.32115179 1.63299317]
sigma=0.023137775773420247
[0.39394291 0.32036271 1.64421191]
sigma=0.024945081352303167
[0.36723557 0.31136092 1.67773589]
sigma=0.026893556656722717
[0.38902725 0.31043921 1.67965043]
sigma=0.02899422853882878
[0.38982709 0.31582732 1.66918084]
sigma=0.031258985164823415
[0.37736675 0.31118273 1.69585503]
sigma=0.033700643292719316
[0.38141312 0.31795916 1.67723895]
sigma=0.03633302080520445
[0.37820803 0.31226112 1.69285635]
sigma=0.039171014908092605
[0.39760385 0.3160323  1.67367081]
sigma=0.0422306864369017
[0.3961655  0.31484822 1.69636915]
sigma=0.045529350748669525
[0.39921096 0.31298239 1.71022672]
sigma=0.04908567571338432
[0.37620905 0.31231188 1.70430339]
sigma=0.052919787359584476
[0.39639056 0.31214191 1.71848824]
sigma=0.05705338377199956
[0.38642457 0.31560998 1.70228794]
sigma=0.06150985788580504
[0.3852675  0.31765413 1.70994906]
sigma=0.0663144298724096
[0.37403881 0.31385413 1.71221139]
sigma=0.07149428986597584
[0.40889799 0.31465768 1.72773027]
sigma=0.07707875183839603
[0.39747437 0.31512335 1.72054609]
sigma=0.08309941949353404
[0.39094962 0.32622944 1.67331195]
sigma=0.08959036511956624
[0.38081384 0.32431582 1.69012755]
sigma=0.09658832241158709
[0.3950398  0.31242658 1.73684141]
sigma=0.10413289435570362
[0.40735457 0.32048995 1.71498647]
sigma=0.11226677735108136
[0.39212371 0.31930343 1.72916743]
sigma=0.12103600283829964
[0.39624494 0.31516486 1.74224971]
sigma=0.13049019780144042
[0.37368385 0.32129298 1.71298112]
sigma=0.140682865618154
[0.39239083 0.32072464 1.71880063]
sigma=0.1516716888470924
[0.38834478 0.31524605 1.75466231]
sigma=0.16351885566624894
[0.38664229 0.31290014 1.76551397]
sigma=0.1762914118095948
[0.39697268 0.32138107 1.73039679]
sigma=0.19006163999369882
[0.39260441 0.32309627 1.72819488]
sigma=0.20490746898158502
[0.3910878  0.32200551 1.72535913]
sigma=0.2209129145988173
[0.38114415 0.32628554 1.72017493]
sigma=0.23816855519761607
[0.39694476 0.32265517 1.73644924]
sigma=0.2567720442597591
[0.3868992  0.32005642 1.74328768]
sigma=0.27682866303920667
[0.39715225 0.3240921  1.73845965]
sigma=0.2984519163719754
[0.39707294 0.32618232 1.74783934]
sigma=0.3217641750250742
[0.39354576 0.32679311 1.71395546]
sigma=0.34689736821970707
[0.37166948 0.33498268 1.69450397]
sigma=0.3739937302478802
[0.39745327 0.32391307 1.74955003]
sigma=0.40320660540767433
[0.39317463 0.34002157 1.69841227]
sigma=0.43470131581250265
[0.39861033 0.32947225 1.74462882]
sigma=0.46865609698547095
[0.37441848 0.33520463 1.71266318]
sigma=0.505263106533568
[0.39566256 0.33967421 1.69751404]
sigma=0.5447295116100166
[0.38920444 0.34648919 1.67058697]
sigma=0.5872786613189489
[0.39959774 0.34189557 1.69633752]
sigma=0.6331513506973245
[0.39898882 0.35350935 1.65443891]
sigma=0.6826071834272393
[0.40339325 0.34481732 1.69869619]
sigma=0.7359260409904984
[0.37421815 0.34921902 1.67174833]
sigma=0.7934096665797492
[0.38041398 0.35014041 1.67670846]
sigma=0.8553833727298659
[0.39529283 0.34880453 1.67730375]
sigma=0.9221978823334341
[0.38857738 0.36941457 1.60176554]
sigma=0.9942313134590756
[0.40872414 0.3682324  1.60878227]
sigma=1.0718913192051287
[0.39541714 0.38282082 1.54839552]
sigma=1.1556173946985666
[0.40170458 0.3722717  1.61410284]
sigma=1.2458833642950082
[0.39283184 0.39070599 1.54488209]
sigma=1.3432000630554168
[0.38377861 0.40441212 1.49458345]
sigma=1.448118227674536
[0.39449245 0.40711319 1.46770179]
sigma=1.5612316132215045
[0.39580973 0.41289531 1.47582111]
sigma=1.6831803533309584
[0.40394901 0.412896   1.4754787 ]
sigma=1.8146545828606506
[0.39013699 0.41301906 1.47386364]
sigma=1.9563983435170649
[0.38621834 0.44101208 1.3938271 ]
sigma=2.109213794551798
[0.39988859 0.45135337 1.37365377]
sigma=2.273965752357932
[0.40334968 0.46112771 1.32185468]
sigma=2.4515865846570435
[0.40906618 0.47515015 1.29887789]
sigma=2.643081486974108
[0.39147639 0.46276929 1.35765225]
sigma=2.8495341712609874
[0.39267265 0.48344022 1.28879325]
sigma=3.0721129988617593
[0.38580767 0.5188804  1.17777969]
sigma=3.3120775925276664
[0.38880226 0.50248233 1.2471909 ]
sigma=3.57078596490047
[0.39740554 0.53914697 1.15768428]
sigma=3.8497022038059776
[0.38385597 0.54369521 1.14956449]
sigma=4.150404757850481
[0.40384117 0.51402424 1.26070194]
sigma=4.474595369210039
[0.3980561  0.52130632 1.24897809]
sigma=4.824108704165374
[0.40747308 0.54232637 1.20203761]
sigma=5.200922735883646
[0.40169755 0.56863867 1.14608659]
sigma=5.60716993820547
[0.39101368 0.56364602 1.14261966]
sigma=6.045149353785448
[0.4079374  0.54840719 1.2192751 ]
sigma=6.517339604882434
[0.40575756 0.64966209 0.89123545]
sigma=7.026412920430313
[0.42344962 0.60215711 1.05697946]
sigma=7.57525025877192
[0.4085563  0.63062927 0.99283862]
sigma=8.166957611638585
[0.41772036 0.58693034 1.15601334]
sigma=8.804883581643464
[0.4102614  0.54406916 1.30139739]
sigma=9.492638332763466
[0.41481138 0.63995219 1.00522615]
sigma=10.234114021054548
[0.4065949  0.62870402 1.04249922]
sigma=11.033506821222625
[0.41107253 0.6387169  1.01550003]
sigma=11.895340673703208
[0.41371717 0.66183671 0.96823412]
sigma=12.824492886639492
[0.4175459  0.54872006 1.31756289]
sigma=13.826221737646565
[0.42871041 0.62622737 1.07479175]
sigma=14.906196231566014
[0.42955729 0.59382598 1.16775651]
sigma=16.070528182616417
[0.41932647 0.63698893 1.04970306]
sigma=17.325806802500114
[0.42567953 0.66094904 0.98554067]
sigma=18.679135990207847
[0.4469883  0.63852835 1.06945451]
sigma=20.138174534552142
[0.4188121  0.61363852 1.1285166 ]
sigma=21.711179456945054
[0.44526248 0.64511893 1.0390072 ]
sigma=23.407052739706373
[0.45693419 0.57285664 1.19659057]
sigma=25.23539170434771
[0.44068144 0.60024307 1.143994  ]
sigma=27.206543324935
[0.44421723 0.62752373 1.08978363]
sigma=29.331662783900484
[0.43227643 0.69332412 0.88283866]
sigma=31.622776601683793
[0.45130872 0.65512449 0.98660955]
