sigma=1e-05
[1.33974534e-01 7.71922055e-04 7.27943551e+00]
sigma=1.0781106013205947e-05
[1.45102547e-01 7.74310563e-04 7.27798031e+00]
sigma=1.1623224686798518e-05
[1.65534741e-01 7.81429501e-04 7.27331101e+00]
sigma=1.2531121756368731e-05
[1.67882652e-01 7.84252798e-04 7.27164294e+00]
sigma=1.3509935211980278e-05
[1.77794144e-01 7.86151105e-04 7.27031936e+00]
sigma=1.4565204375190305e-05
[2.07160026e-01 7.97648457e-04 7.26273024e+00]
sigma=1.5702901247293774e-05
[2.18917226e-01 8.02795860e-04 7.25920207e+00]
sigma=1.692946430619781e-05
[2.41519492e-01 8.11448963e-04 7.25354727e+00]
sigma=1.8251834943190425e-05
[2.58030446e-01 8.20608635e-04 7.24824279e+00]
sigma=1.967749674580727e-05
[2.89602743e-01 8.31808382e-04 7.24096144e+00]
sigma=2.121451784910632e-05
[3.21929155e-01 8.54100752e-04 7.22648498e+00]
sigma=2.2871596595026458e-05
[3.42949146e-01 8.65203170e-04 7.22009566e+00]
sigma=2.465811075822604e-05
[3.67402703e-01 8.92827348e-04 7.20305913e+00]
sigma=2.6584170616980845e-05
[4.10516523e-01 9.21315663e-04 7.18615864e+00]
sigma=2.8660676169482503e-05
[4.54407938e-01 9.49550432e-04 7.16896959e+00]
sigma=3.089937881933562e-05
[4.57684173e-01 9.66506571e-04 7.16046524e+00]
sigma=3.33129478793467e-05
[4.85650031e-01 1.00556972e-03 7.13689558e+00]
sigma=3.59150422699641e-05
[4.96350138e-01 1.07504282e-03 7.09916745e+00]
sigma=3.872038781812557e-05
[5.38620161e-01 1.13172966e-03 7.06740480e+00]
sigma=4.17448605939659e-05
[5.36905943e-01 1.19860357e-03 7.03302636e+00]
sigma=4.5005576757004976e-05
[5.38576386e-01 1.28442968e-03 6.98994216e+00]
sigma=4.852098942027481e-05
[5.53120222e-01 1.36715399e-03 6.94843037e+00]
sigma=5.231099308056258e-05
[5.68533979e-01 1.46788194e-03 6.89901254e+00]
sigma=5.639703620576279e-05
[5.48610090e-01 1.62264017e-03 6.82819578e+00]
sigma=6.080224261649427e-05
[5.45896202e-01 1.74245643e-03 6.78287509e+00]
sigma=6.555154234890919e-05
[5.21076611e-01 1.97826867e-03 6.68109730e+00]
sigma=7.067181273927492e-05
[5.08738402e-01 2.17419773e-03 6.61290242e+00]
sigma=7.619203052875614e-05
[4.86357761e-01 2.49517182e-03 6.49121763e+00]
sigma=8.214343584919422e-05
[5.01234169e-01 2.69653907e-03 6.43189491e+00]
sigma=8.855970901791447e-05
[4.76272161e-01 3.35948455e-03 6.23743737e+00]
sigma=9.547716114208066e-05
[4.71392308e-01 3.80528573e-03 6.11810538e+00]
sigma=0.00010293493961127168
[4.61463865e-01 4.34605879e-03 6.00063267e+00]
sigma=0.00011097524964120722
[4.37253044e-01 5.10868191e-03 5.85522931e+00]
sigma=0.00011964359312238502
[0.42622377 0.005807   5.72661481]
sigma=0.0001289890261253308
[0.43752235 0.00688021 5.56445583]
sigma=0.0001390644365197383
[0.43093134 0.0079702  5.4070741 ]
sigma=0.00014992684327860457
[0.42749846 0.00953151 5.24640526]
sigma=0.00016163771916119475
[0.41256708 0.01174483 5.04116785]
sigma=0.00017426333860096508
[0.4004895  0.0142016  4.85645313]
sigma=0.00018787515276722067
[0.40298635 0.01594657 4.74949432]
sigma=0.00020255019392306664
[0.38470721 0.01914769 4.55865732]
sigma=0.00021837151136800043
[0.39361189 0.02262615 4.39892416]
sigma=0.00023542864143224178
[0.39409658 0.02747538 4.22418799]
sigma=0.0002538181141826046
[0.40277517 0.03230623 4.05384669]
sigma=0.0002736439997074672
[0.38009734 0.03836402 3.86919669]
sigma=0.0002950184970723898
[0.39586848 0.04395735 3.72244426]
sigma=0.0003180625692794119
[0.3860428  0.05155631 3.54361015]
sigma=0.00034290662782340007
[0.40382411 0.06119913 3.36805433]
sigma=0.0003696912707195028
[0.38405016 0.07171115 3.20464561]
sigma=0.00039856807817837753
[0.39255187 0.08030042 3.08711115]
sigma=0.0004297004704320844
[0.38681568 0.09234333 2.93124289]
sigma=0.00046326463256527643
[0.39407225 0.10253452 2.80636107]
sigma=0.000499450511585514
[0.39533857 0.11409006 2.69571041]
sigma=0.0005384628913753371
[0.38176148 0.12545958 2.57681477]
sigma=0.0005805225516094902
[0.39350063 0.13763453 2.46981152]
sigma=0.0006258675171958727
[0.37631814 0.14681309 2.38921177]
sigma=0.0006747544053110699
[0.3819907  0.15570878 2.32500733]
sigma=0.0007274598776536371
[0.38170142 0.16761114 2.24365398]
sigma=0.0007842822061337681
[0.38517226 0.17696411 2.17346725]
sigma=0.0008455429608599194
[0.38936242 0.18676711 2.11123214]
sigma=0.0009115888299750828
[0.3835947  0.19307981 2.07449074]
sigma=0.0009827935816415728
[0.38890825 0.19653    2.03948842]
sigma=0.001059560179277616
[0.39293861 0.2097568  1.97500422]
sigma=0.0011423230620163476
[0.37791037 0.21422311 1.9516206 ]
sigma=0.0012315506032928262
[0.38203727 0.22088103 1.9107684 ]
sigma=0.0013277477614727685
[0.37763388 0.22406532 1.89622557]
sigma=0.0014314589375234801
[0.39343    0.22741002 1.8802356 ]
sigma=0.001543271055899177
[0.38628849 0.23893078 1.82138241]
sigma=0.001663816886076129
[0.40466184 0.24149455 1.81862422]
sigma=0.001793778623534895
[0.38291307 0.24024113 1.82087779]
sigma=0.0019338917504552321
[0.39480358 0.24786984 1.7939922 ]
sigma=0.0020849491979722254
[0.40940128 0.25216704 1.77366656]
sigma=0.002247805833548725
[0.39602543 0.25594752 1.75342374]
sigma=0.002423383298859157
[0.37974012 0.25128955 1.78942464]
sigma=0.002612675225563329
[0.38768598 0.25315089 1.77469547]
sigma=0.002816752858487498
[0.37244734 0.26009526 1.7435547 ]
sigma=0.0030367711180354605
[0.38137282 0.25789076 1.75613625]
sigma=0.0032739751361382215
[0.38300909 0.25820215 1.76570228]
sigma=0.00352970730273065
[0.3853544  0.25902343 1.76614766]
sigma=0.0038054148626326355
[0.39269553 0.25757596 1.77928052]
sigma=0.004102658105827195
[0.39138201 0.26095394 1.76871407]
sigma=0.004423119197486164
[0.39945976 0.26432364 1.75391937]
sigma=0.004768611697714475
[0.37995553 0.25953459 1.78314675]
sigma=0.0051410908248873686
[0.38915004 0.25990781 1.78465403]
sigma=0.005542664520663107
[0.39655916 0.25726906 1.79651546]
sigma=0.005975605379290428
[0.39322201 0.25913781 1.79996791]
sigma=0.006442363508721377
[0.39576441 0.25860334 1.81203087]
sigma=0.006945580396313452
[0.38798853 0.25948863 1.80506214]
sigma=0.0074881038575900305
[0.38976937 0.25853054 1.80950651]
sigma=0.008073004152657444
[0.39915055 0.25580923 1.83377018]
sigma=0.008703591361485167
[0.3835204  0.24994344 1.8664989 ]
sigma=0.009383434116379496
[0.38998664 0.25415363 1.85171718]
sigma=0.01011637979766208
[0.39163581 0.24961273 1.88230713]
sigma=0.01090657630684497
[0.4010623  0.24854493 1.8907029 ]
sigma=0.01175849554052157
[0.38261722 0.24595431 1.90442072]
sigma=0.01267695869781724
[0.39452552 0.24622665 1.91535445]
sigma=0.013667163564620072
[0.39386286 0.24338765 1.94275764]
sigma=0.014734713928999454
[0.40485721 0.24479322 1.95312593]
sigma=0.015885651294280545
[0.38010585 0.24572497 1.94601509]
sigma=0.017126489069246062
[0.38881886 0.24037558 1.98360442]
sigma=0.018464249428955443
[0.37949822 0.23431461 2.01082892]
sigma=0.0199065030547846
[0.38814552 0.23322807 2.03553567]
sigma=0.021461411978584057
[0.39833813 0.23485112 2.03404319]
sigma=0.023137775773420247
[0.38656272 0.23174169 2.06091943]
sigma=0.024945081352303167
[0.3945339  0.23382962 2.06434157]
sigma=0.026893556656722717
[0.38541063 0.23077824 2.07428119]
sigma=0.02899422853882878
[0.39968404 0.23581523 2.05929577]
sigma=0.031258985164823415
[0.3861814  0.23145139 2.09471105]
sigma=0.033700643292719316
[0.39438801 0.22815986 2.11173012]
sigma=0.03633302080520445
[0.38167107 0.22281457 2.1599829 ]
sigma=0.039171014908092605
[0.40616152 0.23088667 2.11895488]
sigma=0.0422306864369017
[0.38381296 0.224192   2.15325133]
sigma=0.045529350748669525
[0.38754225 0.22488953 2.17483745]
sigma=0.04908567571338432
[0.40399828 0.22528102 2.16651923]
sigma=0.052919787359584476
[0.38073956 0.22392117 2.19562119]
sigma=0.05705338377199956
[0.38667096 0.2194648  2.21349327]
sigma=0.06150985788580504
[0.39979843 0.22197455 2.19371597]
sigma=0.0663144298724096
[0.36954749 0.22386312 2.20933648]
sigma=0.07149428986597584
[0.39198776 0.22437001 2.21253341]
sigma=0.07707875183839603
[0.40191176 0.22080457 2.24054688]
sigma=0.08309941949353404
[0.39249049 0.21971796 2.25972134]
sigma=0.08959036511956624
[0.38547018 0.2226026  2.2582901 ]
sigma=0.09658832241158709
[0.40573779 0.2171633  2.29317936]
sigma=0.10413289435570362
[0.37678017 0.21887858 2.28576202]
sigma=0.11226677735108136
[0.40385803 0.22167875 2.26768312]
sigma=0.12103600283829964
[0.36798683 0.2209036  2.26068924]
sigma=0.13049019780144042
[0.38467743 0.21991398 2.29856103]
sigma=0.140682865618154
[0.39579216 0.22227053 2.27758032]
sigma=0.1516716888470924
[0.3978749  0.22065989 2.29135749]
sigma=0.16351885566624894
[0.39945991 0.21910278 2.2990386 ]
sigma=0.1762914118095948
[0.40285215 0.2170573  2.30730936]
sigma=0.19006163999369882
[0.40791485 0.22067282 2.29416523]
sigma=0.20490746898158502
[0.40811191 0.21882615 2.31266993]
sigma=0.2209129145988173
[0.41260021 0.21340559 2.35543862]
sigma=0.23816855519761607
[0.40422981 0.21585303 2.32571325]
sigma=0.2567720442597591
[0.42208239 0.21763648 2.31857453]
sigma=0.27682866303920667
[0.41794628 0.21910184 2.34368074]
sigma=0.2984519163719754
[0.42711035 0.22221222 2.29678437]
sigma=0.3217641750250742
[0.41842948 0.21902612 2.32037346]
sigma=0.34689736821970707
[0.40481368 0.21981751 2.31299036]
sigma=0.3739937302478802
[0.42983862 0.21608141 2.34440932]
sigma=0.40320660540767433
[0.41056683 0.21650521 2.36609434]
sigma=0.43470131581250265
[0.43471055 0.21380161 2.36595067]
sigma=0.46865609698547095
[0.43142972 0.21746138 2.34104815]
sigma=0.505263106533568
[0.42766064 0.21762576 2.3432938 ]
sigma=0.5447295116100166
[0.43284775 0.22011656 2.34748011]
sigma=0.5872786613189489
[0.43974867 0.21952177 2.32517947]
sigma=0.6331513506973245
[0.4380728  0.22526284 2.3046255 ]
sigma=0.6826071834272393
[0.45021515 0.22304483 2.30701252]
sigma=0.7359260409904984
[0.45289335 0.22256853 2.31159353]
sigma=0.7934096665797492
[0.45423597 0.22272443 2.30869768]
sigma=0.8553833727298659
[0.46732699 0.22866465 2.28573256]
sigma=0.9221978823334341
[0.46026889 0.22830025 2.27530459]
sigma=0.9942313134590756
[0.47619345 0.22282808 2.28094669]
sigma=1.0718913192051287
[0.48530258 0.2333067  2.25659181]
sigma=1.1556173946985666
[0.48620594 0.23463451 2.22097014]
sigma=1.2458833642950082
[0.4926321  0.24026918 2.19279069]
sigma=1.3432000630554168
[0.48678323 0.24201229 2.1795896 ]
sigma=1.448118227674536
[0.49142043 0.24019503 2.16841359]
sigma=1.5612316132215045
[0.49734128 0.24447565 2.15730666]
sigma=1.6831803533309584
[0.50573342 0.25306011 2.10634243]
sigma=1.8146545828606506
[0.51236085 0.2522577  2.11037514]
sigma=1.9563983435170649
[0.50550383 0.25824683 2.07277439]
sigma=2.109213794551798
[0.52268446 0.26544806 2.02132826]
sigma=2.273965752357932
[0.52716058 0.28212163 1.96142437]
sigma=2.4515865846570435
[0.52238973 0.29021562 1.92987736]
sigma=2.643081486974108
[0.51950395 0.29315435 1.90256122]
sigma=2.8495341712609874
[0.52846496 0.30409978 1.86430524]
sigma=3.0721129988617593
[0.53211954 0.31108234 1.83345014]
sigma=3.3120775925276664
[0.52759706 0.31861081 1.78568174]
sigma=3.57078596490047
[0.53721573 0.3413458  1.7312805 ]
sigma=3.8497022038059776
[0.53994106 0.34569681 1.69699415]
sigma=4.150404757850481
[0.52460115 0.35924873 1.64264634]
sigma=4.474595369210039
[0.51859395 0.3737698  1.60093624]
sigma=4.824108704165374
[0.52690435 0.39364091 1.53263591]
sigma=5.200922735883646
[0.51852257 0.40067055 1.51115589]
sigma=5.60716993820547
[0.53069344 0.41979955 1.44894583]
sigma=6.045149353785448
[0.51510847 0.4326194  1.40064603]
sigma=6.517339604882434
[0.5281863  0.44177188 1.37343697]
sigma=7.026412920430313
[0.51214001 0.43775218 1.38206515]
sigma=7.57525025877192
[0.50200244 0.4647701  1.31247614]
sigma=8.166957611638585
[0.52717309 0.49187196 1.24121713]
sigma=8.804883581643464
[0.50624982 0.49884261 1.21790955]
sigma=9.492638332763466
[0.50426537 0.51493916 1.17526331]
sigma=10.234114021054548
[0.51680644 0.51591725 1.16455571]
sigma=11.033506821222625
[0.49956563 0.53211549 1.1241344 ]
sigma=11.895340673703208
[0.48400046 0.56107201 1.05731798]
sigma=12.824492886639492
[0.49785146 0.58098981 1.01479268]
sigma=13.826221737646565
[0.49837875 0.58319592 1.00202278]
sigma=14.906196231566014
[0.48838539 0.57599833 1.00926417]
sigma=16.070528182616417
[0.47849217 0.6160184  0.93567855]
sigma=17.325806802500114
[0.47580635 0.60330363 0.94890476]
sigma=18.679135990207847
[0.4695134  0.61433568 0.92634912]
sigma=20.138174534552142
[0.46774281 0.6306182  0.88359199]
sigma=21.711179456945054
[0.4624355  0.63119607 0.90101294]
sigma=23.407052739706373
[0.45830215 0.64286028 0.86284357]
sigma=25.23539170434771
[0.42823768 0.64607799 0.87387952]
sigma=27.206543324935
[0.43981998 0.63960243 0.88519207]
sigma=29.331662783900484
[0.4371854  0.63854171 0.88398844]
sigma=31.622776601683793
[0.40951166 0.65390193 0.86281815]
