sigma=1e-05
0.9285894698272007
sigma=1.0531055707361876e-05
0.9270061849856399
sigma=1.1090313431155938e-05
0.9293450343729344
sigma=1.1679270855560683e-05
0.9183801327612422
sigma=1.2299505200127782e-05
0.920704594556957
sigma=1.2952677443553274e-05
0.9148266813961651
sigma=1.3640536771754943e-05
0.9072519263232943
sigma=1.4364925262166945e-05
0.8999411162311776
sigma=1.5127782816797032e-05
0.8995240121431003
sigma=1.593115235725613e-05
0.8933393378226013
sigma=1.677718529567338e-05
0.8873870615485128
sigma=1.7668147296146926e-05
0.8851868489329663
sigma=1.860642434215984e-05
0.8768124194275779
sigma=1.9594529126209975e-05
0.8635760236888516
sigma=2.0635107778764207e-05
0.8588557380807262
sigma=2.1730946954558272e-05
0.8530145913882637
sigma=2.2884981295217908e-05
0.8448404428754633
sigma=2.4100301288187436e-05
0.840103533661953
sigma=2.538016154301076e-05
0.8312660410490386
sigma=2.672798950712899e-05
0.830082999655428
sigma=2.8147394644535967e-05
0.8267061485994393
sigma=2.964217810187076e-05
0.8085788897159311
sigma=3.12163428878344e-05
0.8040507841520212
sigma=3.287410459318938e-05
0.790356381760924
sigma=3.461990268005183e-05
0.7777993207564926
sigma=3.6458412370707326e-05
0.7672381347892049
sigma=3.839455716778902e-05
0.7545013983281893
sigma=4.043352203934773e-05
0.7429571131651065
sigma=4.2580767304121515e-05
0.7236554462775803
sigma=4.4842043254191775e-05
0.7180291925852765
sigma=4.7223405554182445e-05
0.7074808514935319
sigma=4.973123145824376e-05
0.6929789556432635
sigma=5.237223688824735e-05
0.6918743884299013
sigma=5.515349441892866e-05
0.6813963259977809
sigma=5.808245221814102e-05
0.6704507331422546
sigma=6.116695399294274e-05
0.6552516134330594
sigma=6.441525999493224e-05
0.6322170021461262
sigma=6.783606914108303e-05
0.6434580524353467
sigma=7.143854230931988e-05
0.6238167937445512
sigma=7.52323268712176e-05
0.6115911050172308
sigma=7.92275825275252e-05
0.6114072275631054
sigma=8.343500851569783e-05
0.5873157752525671
sigma=8.786587226230266e-05
0.5975798784076443
sigma=9.253203955702538e-05
0.5785504482377186
sigma=9.744600632908472e-05
0.5807962584417053
sigma=0.00010262093211115312
0.5493702824708235
sigma=0.00010807067528039549
0.564233506513871
sigma=0.0001138098301710062
0.5593233687425877
sigma=0.00011985376615762621
0.5366211219964482
sigma=0.00012621866881430864
0.5535116441750595
sigma=0.00013292158325925452
0.5431335214727373
sigma=0.0001399804598013949
0.530746832561716
sigma=0.00014741420201106226
0.5343770873427921
sigma=0.0001552427173434794
0.5327291147497236
sigma=0.00016348697045064168
0.5175230998207412
sigma=0.00017216903932435344
0.5182623537114802
sigma=0.00018131217442077455
0.5001306464741493
sigma=0.00019094086092480918
0.5189485686861752
sigma=0.00020108088432108044
0.5249242150837093
sigma=0.00021175939944708896
0.5057638640456414
sigma=0.00022300500321347896
0.5260849576802393
sigma=0.0002348478111861566
0.5068738839507589
sigma=0.0002473195382353419
0.5049949533626893
sigma=0.0002604535834675404
0.5056201614762436
sigma=0.00027428511966786967
0.4993934602629176
sigma=0.00028885118749227574
0.4969189213698926
sigma=0.0003041907946618789
0.5080609744125504
sigma=0.0003203450204250925
0.4991396754055577
sigma=0.0003373571255672634
0.5003918599651631
sigma=0.00035527266826243265
0.502791170036181
sigma=0.0003741396260774778
0.49922134497803977
sigma=0.0003940085244553465
0.509045937513142
sigma=0.0004149325720214713
0.4981327334130256
sigma=0.00043696780307570627
0.510071034840915
sigma=0.00046017322765138014
0.5034632202343768
sigma=0.00048461098954332083
0.49439843816685336
sigma=0.0005103465327280476
0.49946080257522724
sigma=0.0005374487766218061
0.5118617198232839
sigma=0.000565990300645773
0.5092109048432192
sigma=0.0005960475385927138
0.49116110447750183
sigma=0.0006277009833155804
0.49506628657657215
sigma=0.0006610354022862212
0.501664397678038
sigma=0.000696140064601457
0.5037719699415913
sigma=0.000733108980044444
0.5068443027783037
sigma=0.0007720411508415302
0.4997499964250559
sigma=0.0008130408367887929
0.5141527871456802
sigma=0.0008562178344582902
0.4939172792755687
sigma=0.0009016877712317013
0.5134295760079565
sigma=0.0009495724149488027
0.510243082800932
sigma=0.001
0.5194051461911801
