sigma=1e-05
0.9501625383530504
sigma=1.0531055707361876e-05
0.9470173446712812
sigma=1.1090313431155938e-05
0.9388384211700935
sigma=1.1679270855560683e-05
0.9377690610311302
sigma=1.2299505200127782e-05
0.9351027505912747
sigma=1.2952677443553274e-05
0.9336730908291677
sigma=1.3640536771754943e-05
0.9255164211789348
sigma=1.4364925262166945e-05
0.9241064825806286
sigma=1.5127782816797032e-05
0.9188758211789898
sigma=1.593115235725613e-05
0.9143724869885024
sigma=1.677718529567338e-05
0.9076096272791719
sigma=1.7668147296146926e-05
0.9091930582188167
sigma=1.860642434215984e-05
0.9042272790468129
sigma=1.9594529126209975e-05
0.901901515231364
sigma=2.0635107778764207e-05
0.8938521935375956
sigma=2.1730946954558272e-05
0.8870874761552076
sigma=2.2884981295217908e-05
0.8839106348374618
sigma=2.4100301288187436e-05
0.8813605577851215
sigma=2.538016154301076e-05
0.8668782542766601
sigma=2.672798950712899e-05
0.8559552471965547
sigma=2.8147394644535967e-05
0.8550263192867388
sigma=2.964217810187076e-05
0.846780847852809
sigma=3.12163428878344e-05
0.8320925489460669
sigma=3.287410459318938e-05
0.8292952365595009
sigma=3.461990268005183e-05
0.8193887271410062
sigma=3.6458412370707326e-05
0.8204878597140826
sigma=3.839455716778902e-05
0.7980112419507996
sigma=4.043352203934773e-05
0.8033759361774847
sigma=4.2580767304121515e-05
0.791863866053856
sigma=4.4842043254191775e-05
0.7744940753432193
sigma=4.7223405554182445e-05
0.7663244431011532
sigma=4.973123145824376e-05
0.7551181874979949
sigma=5.237223688824735e-05
0.7441055040733505
sigma=5.515349441892866e-05
0.7366208241773965
sigma=5.808245221814102e-05
0.7114057942465359
sigma=6.116695399294274e-05
0.7161551165515909
sigma=6.441525999493224e-05
0.6941957748197538
sigma=6.783606914108303e-05
0.6840803378708109
sigma=7.143854230931988e-05
0.6817509368577223
sigma=7.52323268712176e-05
0.677302404286882
sigma=7.92275825275252e-05
0.662076715748672
sigma=8.343500851569783e-05
0.6431026512363273
sigma=8.786587226230266e-05
0.6341417223221285
sigma=9.253203955702538e-05
0.6242422552492674
sigma=9.744600632908472e-05
0.6230605575937465
sigma=0.00010262093211115312
0.6053581576595014
sigma=0.00010807067528039549
0.5978135514058663
sigma=0.0001138098301710062
0.5888193656903956
sigma=0.00011985376615762621
0.5690568276601055
sigma=0.00012621866881430864
0.5820661796151858
sigma=0.00013292158325925452
0.5596281211925008
sigma=0.0001399804598013949
0.5561576365138036
sigma=0.00014741420201106226
0.5600516486687445
sigma=0.0001552427173434794
0.5502592713958946
sigma=0.00016348697045064168
0.562782916335396
sigma=0.00017216903932435344
0.5371063219188316
sigma=0.00018131217442077455
0.5420080656315438
sigma=0.00019094086092480918
0.5204052910080014
sigma=0.00020108088432108044
0.5147437162613598
sigma=0.00021175939944708896
0.5378230240809573
sigma=0.00022300500321347896
0.5362998491053708
sigma=0.0002348478111861566
0.5260133596060451
sigma=0.0002473195382353419
0.5195745909740865
sigma=0.0002604535834675404
0.5266877345917337
sigma=0.00027428511966786967
0.509931202938349
sigma=0.00028885118749227574
0.5124714482133025
sigma=0.0003041907946618789
0.5181239762948134
sigma=0.0003203450204250925
0.5195614714705612
sigma=0.0003373571255672634
0.5135879520495332
sigma=0.00035527266826243265
0.515163218808627
sigma=0.0003741396260774778
0.49941903841996454
sigma=0.0003940085244553465
0.5056595447421933
sigma=0.0004149325720214713
0.507959507332759
sigma=0.00043696780307570627
0.5042885465072882
sigma=0.00046017322765138014
0.5077944582200421
sigma=0.00048461098954332083
0.5138040090603363
sigma=0.0005103465327280476
0.5050643535104172
sigma=0.0005374487766218061
0.49726298206723235
sigma=0.000565990300645773
0.5060660853974202
sigma=0.0005960475385927138
0.5154172232384087
sigma=0.0006277009833155804
0.48176988106275215
sigma=0.0006610354022862212
0.5097494078317578
sigma=0.000696140064601457
0.5027801179990051
sigma=0.000733108980044444
0.5098131593905875
sigma=0.0007720411508415302
0.5081529407361541
sigma=0.0008130408367887929
0.5203415645217386
sigma=0.0008562178344582902
0.5089937335133796
sigma=0.0009016877712317013
0.5059901308787856
sigma=0.0009495724149488027
0.507678154806607
sigma=0.001
0.5091350739506496
