sigma=1e-05
0.9585104280199417
sigma=1.0531055707361876e-05
0.9542772821465042
sigma=1.1090313431155938e-05
0.9528468652388351
sigma=1.1679270855560683e-05
0.9519529615002686
sigma=1.2299505200127782e-05
0.948236170242681
sigma=1.2952677443553274e-05
0.948808081013749
sigma=1.3640536771754943e-05
0.9420182778762521
sigma=1.4364925262166945e-05
0.9436351120047309
sigma=1.5127782816797032e-05
0.9362096324938298
sigma=1.593115235725613e-05
0.9326616990775926
sigma=1.677718529567338e-05
0.932071462801
sigma=1.7668147296146926e-05
0.9274129454924026
sigma=1.860642434215984e-05
0.924597163606189
sigma=1.9594529126209975e-05
0.9201901923470597
sigma=2.0635107778764207e-05
0.9163751976354286
sigma=2.1730946954558272e-05
0.9118671914181086
sigma=2.2884981295217908e-05
0.90666325517078
sigma=2.4100301288187436e-05
0.9000005362380183
sigma=2.538016154301076e-05
0.8979809201869816
sigma=2.672798950712899e-05
0.895014342073875
sigma=2.8147394644535967e-05
0.8875584738015238
sigma=2.964217810187076e-05
0.8780917105595688
sigma=3.12163428878344e-05
0.8767917066133745
sigma=3.287410459318938e-05
0.870325211092195
sigma=3.461990268005183e-05
0.8617184139165436
sigma=3.6458412370707326e-05
0.8563647449537212
sigma=3.839455716778902e-05
0.8462703829972102
sigma=4.043352203934773e-05
0.8362650185550443
sigma=4.2580767304121515e-05
0.8370240359434172
sigma=4.4842043254191775e-05
0.8174257722881485
sigma=4.7223405554182445e-05
0.8171234260120757
sigma=4.973123145824376e-05
0.8023131032556786
sigma=5.237223688824735e-05
0.8066916014157486
sigma=5.515349441892866e-05
0.7866695227106131
sigma=5.808245221814102e-05
0.775243021216086
sigma=6.116695399294274e-05
0.7624893488683532
sigma=6.441525999493224e-05
0.759507092529791
sigma=6.783606914108303e-05
0.7483584791702501
sigma=7.143854230931988e-05
0.7415417187258824
sigma=7.52323268712176e-05
0.7232429916428564
sigma=7.92275825275252e-05
0.7086626608938438
sigma=8.343500851569783e-05
0.6997236630150027
sigma=8.786587226230266e-05
0.6872444574426111
sigma=9.253203955702538e-05
0.6571187792594076
sigma=9.744600632908472e-05
0.6626752302568156
sigma=0.00010262093211115312
0.6488908257777145
sigma=0.00010807067528039549
0.6426400052779727
sigma=0.0001138098301710062
0.6394566156000819
sigma=0.00011985376615762621
0.6188888497242708
sigma=0.00012621866881430864
0.620789900328646
sigma=0.00013292158325925452
0.6073402606935806
sigma=0.0001399804598013949
0.5920866046503065
sigma=0.00014741420201106226
0.5874805446119864
sigma=0.0001552427173434794
0.5813146815327641
sigma=0.00016348697045064168
0.5782109821288609
sigma=0.00017216903932435344
0.5552632854857567
sigma=0.00018131217442077455
0.5721394124027679
sigma=0.00019094086092480918
0.5452078598479093
sigma=0.00020108088432108044
0.554302991061825
sigma=0.00021175939944708896
0.5480608919443373
sigma=0.00022300500321347896
0.5365507552697314
sigma=0.0002348478111861566
0.5342566318943555
sigma=0.0002473195382353419
0.5324686936873652
sigma=0.0002604535834675404
0.5308449708884224
sigma=0.00027428511966786967
0.5207411318697879
sigma=0.00028885118749227574
0.5184183524218458
sigma=0.0003041907946618789
0.5276933268726591
sigma=0.0003203450204250925
0.5163088904772941
sigma=0.0003373571255672634
0.5122446622416998
sigma=0.00035527266826243265
0.5169312180543738
sigma=0.0003741396260774778
0.5196986947611387
sigma=0.0003940085244553465
0.5064224772167172
sigma=0.0004149325720214713
0.5141585322422648
sigma=0.00043696780307570627
0.5139741757729157
sigma=0.00046017322765138014
0.51606504452131
sigma=0.00048461098954332083
0.507369306004263
sigma=0.0005103465327280476
0.5160576080925714
sigma=0.0005374487766218061
0.5114101432266338
sigma=0.000565990300645773
0.5142206126810204
sigma=0.0005960475385927138
0.5024140152908236
sigma=0.0006277009833155804
0.5072599377531374
sigma=0.0006610354022862212
0.5073658273767369
sigma=0.000696140064601457
0.5202404274060575
sigma=0.000733108980044444
0.4980033518138288
sigma=0.0007720411508415302
0.5050383533477127
sigma=0.0008130408367887929
0.5019575464766308
sigma=0.0008562178344582902
0.5042979371679193
sigma=0.0009016877712317013
0.5087689619230836
sigma=0.0009495724149488027
0.5160241706706628
sigma=0.001
0.5020116415725502
