sigma=1e-05
0.059834887787748016
sigma=1.0781106013205947e-05
0.06527670222350007
sigma=1.1623224686798518e-05
0.06973469104071518
sigma=1.2531121756368731e-05
0.07583426594661491
sigma=1.3509935211980278e-05
0.0820015636353791
sigma=1.4565204375190305e-05
0.08772430631450126
sigma=1.5702901247293774e-05
0.09512009515286918
sigma=1.692946430619781e-05
0.10562612494414833
sigma=1.8251834943190425e-05
0.11512642519742179
sigma=1.967749674580727e-05
0.12297615974080427
sigma=2.121451784910632e-05
0.129598788285842
sigma=2.2871596595026458e-05
0.1378395671683848
sigma=2.465811075822604e-05
0.1618441156506741
sigma=2.6584170616980845e-05
0.1729195813907616
sigma=2.8660676169482503e-05
0.17604121710842796
sigma=3.089937881933562e-05
0.22133377598371248
sigma=3.33129478793467e-05
0.22707196024419068
sigma=3.59150422699641e-05
0.24864384882222929
sigma=3.872038781812557e-05
0.25502910196807005
sigma=4.17448605939659e-05
0.285030727007017
sigma=4.5005576757004976e-05
0.32808208989421206
sigma=4.852098942027481e-05
0.3448104047419864
sigma=5.231099308056258e-05
0.3499609962012124
sigma=5.639703620576279e-05
0.37664656762975507
sigma=6.080224261649427e-05
0.396235879046521
sigma=6.555154234890919e-05
0.4268392536374825
sigma=7.067181273927492e-05
0.46107181299454303
sigma=7.619203052875614e-05
0.4578529988886973
sigma=8.214343584919422e-05
0.46359831596014206
sigma=8.855970901791447e-05
0.48455501508338616
sigma=9.547716114208066e-05
0.5077309252199604
sigma=0.00010293493961127168
0.49783432682408263
sigma=0.00011097524964120722
0.5125121729373048
sigma=0.00011964359312238502
0.4980748769750949
sigma=0.0001289890261253308
0.5190834068081343
sigma=0.0001390644365197383
0.4999100383379453
sigma=0.00014992684327860457
0.48651940991060233
sigma=0.00016163771916119475
0.49390851811266473
sigma=0.00017426333860096508
0.4859284070975965
sigma=0.00018787515276722067
0.4865096423666653
sigma=0.00020255019392306664
0.45885612956403493
sigma=0.00021837151136800043
0.4632225853480542
sigma=0.00023542864143224178
0.4542397601699216
sigma=0.0002538181141826046
0.4453029995410539
sigma=0.0002736439997074672
0.4270827938444272
sigma=0.0002950184970723898
0.4113796959357562
sigma=0.0003180625692794119
0.4323373764319365
sigma=0.00034290662782340007
0.43440840179430656
sigma=0.0003696912707195028
0.4251077071279237
sigma=0.00039856807817837753
0.399882652148894
sigma=0.0004297004704320844
0.38997143165373754
sigma=0.00046326463256527643
0.39449135396575247
sigma=0.000499450511585514
0.3995135428547591
sigma=0.0005384628913753371
0.3981666916680024
sigma=0.0005805225516094902
0.3986581943274491
sigma=0.0006258675171958727
0.39303773332264935
sigma=0.0006747544053110699
0.40200826099154574
sigma=0.0007274598776536371
0.3996136183642212
sigma=0.0007842822061337681
0.3862891456219674
sigma=0.0008455429608599194
0.38624018560712464
sigma=0.0009115888299750828
0.3922452680279565
sigma=0.0009827935816415728
0.39581777562606085
sigma=0.001059560179277616
0.3890641635188307
sigma=0.0011423230620163476
0.409463535463985
sigma=0.0012315506032928262
0.39454841475501395
sigma=0.0013277477614727685
0.3939594306605979
sigma=0.0014314589375234801
0.37169240899230055
sigma=0.001543271055899177
0.3960156156410162
sigma=0.001663816886076129
0.38736244377571777
sigma=0.001793778623534895
0.4013585730026637
sigma=0.0019338917504552321
0.3931457612329973
sigma=0.0020849491979722254
0.392382943542882
sigma=0.002247805833548725
0.38289811699164383
sigma=0.002423383298859157
0.3969323274622549
sigma=0.002612675225563329
0.3935671921798246
sigma=0.002816752858487498
0.3816323559392222
sigma=0.0030367711180354605
0.39017203651220006
sigma=0.0032739751361382215
0.3715764561058969
sigma=0.00352970730273065
0.3912997124210953
sigma=0.0038054148626326355
0.40214077317813784
sigma=0.004102658105827195
0.38517287737302003
sigma=0.004423119197486164
0.38927610658135264
sigma=0.004768611697714475
0.38303986239904053
sigma=0.0051410908248873686
0.39282554898489225
sigma=0.005542664520663107
0.3885997111579071
sigma=0.005975605379290428
0.3862135550712523
sigma=0.006442363508721377
0.41359284855348655
sigma=0.006945580396313452
0.3968732680687211
sigma=0.0074881038575900305
0.3883523189266872
sigma=0.008073004152657444
0.3986851720184697
sigma=0.008703591361485167
0.390305605348053
sigma=0.009383434116379496
0.3814076720835961
sigma=0.01011637979766208
0.3890003187856715
sigma=0.01090657630684497
0.39521106413040513
sigma=0.01175849554052157
0.40173875080956617
sigma=0.01267695869781724
0.4099630901419332
sigma=0.013667163564620072
0.4000822829014387
sigma=0.014734713928999454
0.3971235902395839
sigma=0.015885651294280545
0.4034784123723762
sigma=0.017126489069246062
0.3976008371824478
sigma=0.018464249428955443
0.39068549088941235
sigma=0.0199065030547846
0.3905558735608602
sigma=0.021461411978584057
0.3881891267185119
sigma=0.023137775773420247
0.39447100181997957
sigma=0.024945081352303167
0.388898757673996
sigma=0.026893556656722717
0.3820523234638268
sigma=0.02899422853882878
0.4016397463043825
sigma=0.031258985164823415
0.3863755105383928
sigma=0.033700643292719316
0.4050291348892274
sigma=0.03633302080520445
0.40941653837244907
sigma=0.039171014908092605
0.40399013067149175
sigma=0.0422306864369017
0.402458868400902
sigma=0.045529350748669525
0.41827877209774217
sigma=0.04908567571338432
0.40422216679034956
sigma=0.052919787359584476
0.39065387837065785
sigma=0.05705338377199956
0.39698868380083396
sigma=0.06150985788580504
0.4001777085738138
sigma=0.0663144298724096
0.4076183066136509
sigma=0.07149428986597584
0.40458849865251323
sigma=0.07707875183839603
0.4030003641385802
sigma=0.08309941949353404
0.4104268712126353
sigma=0.08959036511956624
0.40294561474762275
sigma=0.09658832241158709
0.4031741163884458
sigma=0.10413289435570362
0.4253684075302778
sigma=0.11226677735108136
0.38850712158216966
sigma=0.12103600283829964
0.4138123771135364
sigma=0.13049019780144042
0.4066712944138951
sigma=0.140682865618154
0.39791745905459186
sigma=0.1516716888470924
0.39748606116962343
sigma=0.16351885566624894
0.4062332793632447
sigma=0.1762914118095948
0.41243971782637806
sigma=0.19006163999369882
0.42196303756571846
sigma=0.20490746898158502
0.3936382191370865
sigma=0.2209129145988173
0.4137710306493927
sigma=0.23816855519761607
0.41070703496420513
sigma=0.2567720442597591
0.4199640659292411
sigma=0.27682866303920667
0.41047688394744575
sigma=0.2984519163719754
0.4244460542690723
sigma=0.3217641750250742
0.4309280132796686
sigma=0.34689736821970707
0.42781871466503574
sigma=0.3739937302478802
0.4289046834273377
sigma=0.40320660540767433
0.42323323346275926
sigma=0.43470131581250265
0.4370171619954888
sigma=0.46865609698547095
0.423580161771001
sigma=0.505263106533568
0.434772301070619
sigma=0.5447295116100166
0.4256514557185308
sigma=0.5872786613189489
0.43171409772269925
sigma=0.6331513506973245
0.4401356639864862
sigma=0.6826071834272393
0.43551568277971153
sigma=0.7359260409904984
0.43880208086334765
sigma=0.7934096665797492
0.44309536949918077
sigma=0.8553833727298659
0.43549986821515463
sigma=0.9221978823334341
0.45235524192061044
sigma=0.9942313134590756
0.4435211240638689
sigma=1.0718913192051287
0.4363790194276626
sigma=1.1556173946985666
0.4508241462465491
sigma=1.2458833642950082
0.45853534340517776
sigma=1.3432000630554168
0.4573011708473725
sigma=1.448118227674536
0.4532886994942495
sigma=1.5612316132215045
0.4593803619210621
sigma=1.6831803533309584
0.4540114041463699
sigma=1.8146545828606506
0.45887957112358385
sigma=1.9563983435170649
0.45120953539748376
sigma=2.109213794551798
0.4469840855578456
sigma=2.273965752357932
0.4652674856576703
sigma=2.4515865846570435
0.47124436923850355
sigma=2.643081486974108
0.45893702381061047
sigma=2.8495341712609874
0.4610399754504453
sigma=3.0721129988617593
0.4722693076037575
sigma=3.3120775925276664
0.4819249288938386
sigma=3.57078596490047
0.4576173923817704
sigma=3.8497022038059776
0.4746966611331324
sigma=4.150404757850481
0.47255201666265145
sigma=4.474595369210039
0.4578719367440334
sigma=4.824108704165374
0.4607598125093119
sigma=5.200922735883646
0.46007582200630215
sigma=5.60716993820547
0.46869620965107667
sigma=6.045149353785448
0.4504134962114715
sigma=6.517339604882434
0.4544537950609722
sigma=7.026412920430313
0.4396225534845337
sigma=7.57525025877192
0.44489176762884486
sigma=8.166957611638585
0.45100650394235325
sigma=8.804883581643464
0.42780226971152474
sigma=9.492638332763466
0.40819918702010244
sigma=10.234114021054548
0.43837229365082114
sigma=11.033506821222625
0.42370207658554254
sigma=11.895340673703208
0.42623514183662314
sigma=12.824492886639492
0.40384518376998246
sigma=13.826221737646565
0.399256859118376
sigma=14.906196231566014
0.39508169056557046
sigma=16.070528182616417
0.39524095600345993
sigma=17.325806802500114
0.38938578492499853
sigma=18.679135990207847
0.38996648178405163
sigma=20.138174534552142
0.3828357575335518
sigma=21.711179456945054
0.3772982623085879
sigma=23.407052739706373
0.36274415231625795
sigma=25.23539170434771
0.36570902294150476
sigma=27.206543324935
0.36186414138988343
sigma=29.331662783900484
0.35132509929676226
sigma=31.622776601683793
0.34920951861326766
