sigma=0.001
0.38764149123621844
sigma=0.10200000000000001
0.4250758888855519
sigma=0.203
0.4627686427671884
sigma=0.30400000000000005
0.48513932228725865
sigma=0.405
0.5089264007703362
sigma=0.506
0.5038806268702632
sigma=0.6070000000000001
0.5209555590495616
sigma=0.7080000000000001
0.5139343068807031
sigma=0.809
0.5287301488958864
sigma=0.91
0.5428449616612414
sigma=1.011
0.5294999953666238
sigma=1.1119999999999999
0.5267733119611566
sigma=1.213
0.5137147022403039
sigma=1.314
0.5159362181440256
sigma=1.415
0.5085153846197625
sigma=1.516
0.5131273508361922
sigma=1.617
0.5067907883919364
sigma=1.718
0.5083967438982324
sigma=1.819
0.48844164235410653
sigma=1.92
0.4940319080341085
sigma=2.021
0.48754243100483763
sigma=2.122
0.48992396889825135
sigma=2.223
0.4845247892462536
sigma=2.324
0.48685663541076574
sigma=2.4250000000000003
0.48675239832205025
sigma=2.5260000000000002
0.497290060645167
sigma=2.6270000000000002
0.48679060130122037
sigma=2.728
0.49985727200612584
sigma=2.829
0.49759666097140326
sigma=2.93
0.4946737127150221
sigma=3.031
0.4858205991185451
sigma=3.132
0.5026161344380523
sigma=3.233
0.4947108223870816
sigma=3.334
0.4937753625759865
sigma=3.435
0.4919751763942455
sigma=3.536
0.4825654064867528
sigma=3.637
0.49093043522872976
sigma=3.738
0.4785916272120756
sigma=3.839
0.47518815541560977
sigma=3.94
0.4907569794983474
sigma=4.041
0.48524289277584387
sigma=4.142
0.4776079281515903
sigma=4.243
0.4577921650858599
sigma=4.344
0.46603659073488674
sigma=4.445
0.4698341200343603
sigma=4.546
0.46995600504016255
sigma=4.647
0.483790269223068
sigma=4.748
0.4678537569690274
sigma=4.849000000000001
0.4726486848893166
sigma=4.950000000000001
0.4685051264552338
sigma=5.051000000000001
0.46413845280437116
sigma=5.152000000000001
0.45721909153273566
sigma=5.253000000000001
0.46102841550257984
sigma=5.354000000000001
0.46042927726004407
sigma=5.455000000000001
0.44698567078528034
sigma=5.556000000000001
0.4616682312644827
sigma=5.657000000000001
0.4538655239776723
sigma=5.758000000000001
0.4615090491622766
sigma=5.859000000000001
0.45122819881440707
sigma=5.960000000000001
0.45640778370672924
sigma=6.061000000000001
0.45177871233548794
sigma=6.162000000000001
0.4597604542434455
sigma=6.263000000000001
0.4578204882968548
sigma=6.364000000000001
0.45322377280387227
sigma=6.465000000000001
0.4590266889629889
sigma=6.566000000000001
0.43835756199780107
sigma=6.667000000000001
0.45051610011048254
sigma=6.768000000000001
0.4607907356030438
sigma=6.869000000000001
0.44170416716483446
sigma=6.970000000000001
0.4521121593343285
sigma=7.071000000000001
0.4578809219650193
sigma=7.172000000000001
0.44216027255505125
sigma=7.273000000000001
0.453364852075058
sigma=7.3740000000000006
0.449856270638663
sigma=7.4750000000000005
0.44590591412685926
sigma=7.5760000000000005
0.4503235554318454
sigma=7.6770000000000005
0.4420076425376162
sigma=7.7780000000000005
0.44607139015156944
sigma=7.8790000000000004
0.44266639192325
sigma=7.98
0.439797674204536
sigma=8.081
0.4472898298414794
sigma=8.182
0.4419553525999793
sigma=8.283
0.4418565502512343
sigma=8.384
0.43640181263683053
sigma=8.485
0.44541862570110413
sigma=8.586
0.43994341747246396
sigma=8.687
0.4495840130842753
sigma=8.788
0.43577437139602876
sigma=8.889
0.43630995911737513
sigma=8.99
0.4372040178411394
sigma=9.091
0.4406425383547377
sigma=9.192
0.43353202456473056
sigma=9.293
0.4268571786490846
sigma=9.394
0.4360827264545225
sigma=9.495
0.43589258352818255
sigma=9.596
0.4443835211335307
sigma=9.697000000000001
0.4231452826342278
sigma=9.798
0.4308816335238992
sigma=9.899000000000001
0.433153131308074
sigma=10.0
0.44551819112756036
