sigma=1e-05
0.10870635973309366
sigma=1.0781106013205947e-05
0.11858578451652145
sigma=1.1623224686798518e-05
0.12828850874340814
sigma=1.2531121756368731e-05
0.14420556572154522
sigma=1.3509935211980278e-05
0.14991296388991193
sigma=1.4565204375190305e-05
0.16794063760231784
sigma=1.5702901247293774e-05
0.18085645629055797
sigma=1.692946430619781e-05
0.19303087011869788
sigma=1.8251834943190425e-05
0.21659013855584286
sigma=1.967749674580727e-05
0.2452389263109481
sigma=2.121451784910632e-05
0.25563723694650653
sigma=2.2871596595026458e-05
0.2811630701298128
sigma=2.465811075822604e-05
0.31482923020843046
sigma=2.6584170616980845e-05
0.3474547975908941
sigma=2.8660676169482503e-05
0.36387500967268743
sigma=3.089937881933562e-05
0.38006370135180245
sigma=3.33129478793467e-05
0.41588082114439406
sigma=3.59150422699641e-05
0.44300489821228006
sigma=3.872038781812557e-05
0.47458066645796076
sigma=4.17448605939659e-05
0.4852180285299362
sigma=4.5005576757004976e-05
0.5238949455259921
sigma=4.852098942027481e-05
0.523535865853527
sigma=5.231099308056258e-05
0.5154963175987598
sigma=5.639703620576279e-05
0.5263048657196466
sigma=6.080224261649427e-05
0.5316468354806134
sigma=6.555154234890919e-05
0.5233480921518362
sigma=7.067181273927492e-05
0.5214623556652315
sigma=7.619203052875614e-05
0.5330500144005305
sigma=8.214343584919422e-05
0.5118876960525757
sigma=8.855970901791447e-05
0.505337369490482
sigma=9.547716114208066e-05
0.4781161290248006
sigma=0.00010293493961127168
0.48450367573539294
sigma=0.00011097524964120722
0.4592094643566373
sigma=0.00011964359312238502
0.46209221034026715
sigma=0.0001289890261253308
0.44619022343987996
sigma=0.0001390644365197383
0.43849026340020814
sigma=0.00014992684327860457
0.4115141105805325
sigma=0.00016163771916119475
0.42840474072290985
sigma=0.00017426333860096508
0.4168953695549766
sigma=0.00018787515276722067
0.4150634049949567
sigma=0.00020255019392306664
0.42506302409300384
sigma=0.00021837151136800043
0.41199290200634064
sigma=0.00023542864143224178
0.39542933725869356
sigma=0.0002538181141826046
0.3951526790579157
sigma=0.0002736439997074672
0.4003858926633933
sigma=0.0002950184970723898
0.38729939466934493
sigma=0.0003180625692794119
0.37518340451064225
sigma=0.00034290662782340007
0.3905015084567119
sigma=0.0003696912707195028
0.39028839693244566
sigma=0.00039856807817837753
0.39572174578911007
sigma=0.0004297004704320844
0.39020715415504603
sigma=0.00046326463256527643
0.38144637513266927
sigma=0.000499450511585514
0.3885829978852981
sigma=0.0005384628913753371
0.3966715226254637
sigma=0.0005805225516094902
0.38116068731669905
sigma=0.0006258675171958727
0.4047098501078476
sigma=0.0006747544053110699
0.39575645506364954
sigma=0.0007274598776536371
0.37632567774165543
sigma=0.0007842822061337682
0.3970548165182108
sigma=0.0008455429608599194
0.405144343775645
sigma=0.0009115888299750828
0.3926229111184473
sigma=0.0009827935816415728
0.38321493611918284
sigma=0.001059560179277616
0.3736345934507347
sigma=0.0011423230620163476
0.38129572889362695
sigma=0.0012315506032928262
0.3929821689876931
sigma=0.0013277477614727685
0.39309520070805815
sigma=0.0014314589375234801
0.3989738189789611
sigma=0.001543271055899177
0.39522361496916436
sigma=0.001663816886076129
0.3910342621882997
sigma=0.001793778623534895
0.3793048331804145
sigma=0.0019338917504552321
0.3978507869458146
sigma=0.0020849491979722254
0.3865487750207045
sigma=0.002247805833548725
0.3842489194439408
sigma=0.002423383298859157
0.3957448660092052
sigma=0.002612675225563329
0.37826193394924484
sigma=0.002816752858487498
0.3977800050386319
sigma=0.0030367711180354605
0.3998639924317008
sigma=0.0032739751361382215
0.3869082608837679
sigma=0.00352970730273065
0.3869261408077464
sigma=0.0038054148626326355
0.37797125868809517
sigma=0.004102658105827195
0.3965058939525043
sigma=0.004423119197486164
0.3937843890421874
sigma=0.004768611697714475
0.3958600661667399
sigma=0.0051410908248873686
0.3878847842168344
sigma=0.005542664520663107
0.3926847578668111
sigma=0.005975605379290428
0.40850176245223224
sigma=0.006442363508721377
0.3840437298768586
sigma=0.006945580396313452
0.3875450282524296
sigma=0.0074881038575900305
0.37758975063212025
sigma=0.008073004152657444
0.3867544944938157
sigma=0.008703591361485167
0.39677997472591375
sigma=0.009383434116379496
0.37669121543873546
sigma=0.01011637979766208
0.3942173626550028
sigma=0.01090657630684497
0.39003877603246423
sigma=0.01175849554052157
0.3762669146693636
sigma=0.01267695869781724
0.3913285248521113
sigma=0.013667163564620072
0.37356897442477294
sigma=0.014734713928999454
0.38361838458760555
sigma=0.015885651294280545
0.41005223759501963
sigma=0.017126489069246062
0.3851496167559925
sigma=0.018464249428955443
0.3811393694780547
sigma=0.0199065030547846
0.3743497778502425
sigma=0.021461411978584057
0.3891159170745536
sigma=0.023137775773420247
0.4037417712496209
sigma=0.024945081352303167
0.38993821094158226
sigma=0.026893556656722717
0.371075267434933
sigma=0.02899422853882878
0.3891546927346587
sigma=0.031258985164823415
0.3963364057100153
sigma=0.033700643292719316
0.4062386978648235
sigma=0.03633302080520445
0.3822378082908493
sigma=0.039171014908092605
0.3847970912782735
sigma=0.0422306864369017
0.40404933682609484
sigma=0.045529350748669525
0.3747609914823575
sigma=0.04908567571338432
0.37289796834877575
sigma=0.052919787359584476
0.37485498028069203
sigma=0.05705338377199956
0.39076857380331426
sigma=0.06150985788580504
0.3895135131373882
sigma=0.0663144298724096
0.3948440293450282
sigma=0.07149428986597584
0.38352837889331476
sigma=0.07707875183839603
0.391024054087758
sigma=0.08309941949353404
0.39157962668976876
sigma=0.08959036511956624
0.3804845002677112
sigma=0.09658832241158709
0.3824951651809944
sigma=0.10413289435570362
0.3938202752323327
sigma=0.11226677735108136
0.39777336640879823
sigma=0.12103600283829964
0.3876978271114563
sigma=0.13049019780144042
0.40222482652718955
sigma=0.140682865618154
0.3843514407565083
sigma=0.1516716888470924
0.3826041714863578
sigma=0.16351885566624894
0.38005173487016286
sigma=0.1762914118095948
0.39764190355457657
sigma=0.19006163999369882
0.3951374188408331
sigma=0.20490746898158502
0.39367546514002666
sigma=0.2209129145988173
0.3891926627363521
sigma=0.23816855519761607
0.38849505700897624
sigma=0.2567720442597591
0.3851096471817382
sigma=0.27682866303920667
0.3947124859302097
sigma=0.2984519163719754
0.3886928207631471
sigma=0.3217641750250742
0.37401838421450156
sigma=0.34689736821970707
0.3809531645407389
sigma=0.3739937302478802
0.3953416356598031
sigma=0.40320660540767433
0.3828300661423036
sigma=0.43470131581250265
0.38335936255909103
sigma=0.46865609698547095
0.38942011875871274
sigma=0.505263106533568
0.37744557220906116
sigma=0.5447295116100166
0.3997674203429901
sigma=0.5872786613189489
0.38168711782672204
sigma=0.6331513506973245
0.387744400548667
sigma=0.6826071834272393
0.3840282697224803
sigma=0.7359260409904984
0.3942767675839787
sigma=0.7934096665797492
0.37870313792326715
sigma=0.8553833727298659
0.3883428582229376
sigma=0.9221978823334341
0.40049040150438947
sigma=0.9942313134590756
0.4029334763447512
sigma=1.0718913192051287
0.3830072141862534
sigma=1.1556173946985666
0.3935529385810893
sigma=1.2458833642950082
0.3963291255147332
sigma=1.3432000630554168
0.38716285622773156
sigma=1.448118227674536
0.39754198695906146
sigma=1.5612316132215045
0.38975170163354317
sigma=1.6831803533309584
0.39162400579480583
sigma=1.8146545828606506
0.38661180829040565
sigma=1.9563983435170649
0.3824559759621178
sigma=2.109213794551798
0.4008702117765565
sigma=2.273965752357932
0.4002180654203858
sigma=2.4515865846570435
0.39082915132040275
sigma=2.643081486974108
0.38203659287027375
sigma=2.8495341712609874
0.402197395100998
sigma=3.0721129988617593
0.37736935186706094
sigma=3.3120775925276664
0.4020131558643249
sigma=3.57078596490047
0.3936656928031808
sigma=3.8497022038059776
0.3922370770101547
sigma=4.150404757850481
0.3878189610597278
sigma=4.474595369210039
0.3757968142986969
sigma=4.824108704165374
0.3973950433620833
sigma=5.200922735883646
0.36960422849184343
sigma=5.60716993820547
0.379274686901879
sigma=6.045149353785448
0.37505263133286737
sigma=6.517339604882434
0.39255037907707374
sigma=7.026412920430313
0.37882437221838605
sigma=7.57525025877192
0.38012943376701236
sigma=8.166957611638585
0.392717724942462
sigma=8.804883581643464
0.39341329606277176
sigma=9.492638332763466
0.39022949440207255
sigma=10.234114021054548
0.39026155694689213
sigma=11.033506821222625
0.3915820543901285
sigma=11.895340673703208
0.39746629607617123
sigma=12.824492886639492
0.381028354994104
sigma=13.826221737646565
0.3948832187417863
sigma=14.906196231566014
0.39842337485028395
sigma=16.070528182616417
0.3887257234693678
sigma=17.325806802500114
0.3761878719363299
sigma=18.679135990207847
0.3978272515141514
sigma=20.138174534552142
0.3820622235103814
sigma=21.711179456945054
0.3777433304783559
sigma=23.407052739706373
0.3926045766488716
sigma=25.23539170434771
0.3884272906059586
sigma=27.206543324935
0.393139713214528
sigma=29.331662783900484
0.3906998650050301
sigma=31.622776601683793
0.3801832112689032
