sigma=1e-05
0.09268850066468647
sigma=1.0781106013205947e-05
0.09585528933462616
sigma=1.1623224686798518e-05
0.10509566746107207
sigma=1.2531121756368731e-05
0.11799987599507823
sigma=1.3509935211980278e-05
0.12356010229593058
sigma=1.4565204375190305e-05
0.13399324229674547
sigma=1.5702901247293774e-05
0.1391838217946654
sigma=1.692946430619781e-05
0.16217496202787612
sigma=1.8251834943190425e-05
0.16989950447903956
sigma=1.967749674580727e-05
0.1990969378012362
sigma=2.121451784910632e-05
0.20758391324730557
sigma=2.2871596595026458e-05
0.22283816443945983
sigma=2.465811075822604e-05
0.25936439080500495
sigma=2.6584170616980845e-05
0.29562737004284995
sigma=2.8660676169482503e-05
0.29926282818313044
sigma=3.089937881933562e-05
0.33732336645120964
sigma=3.33129478793467e-05
0.35173721697041294
sigma=3.59150422699641e-05
0.37607457284132095
sigma=3.872038781812557e-05
0.420370170613361
sigma=4.17448605939659e-05
0.43641868930265654
sigma=4.5005576757004976e-05
0.47692606383883596
sigma=4.852098942027481e-05
0.4991041926984319
sigma=5.231099308056258e-05
0.5138037630133567
sigma=5.639703620576279e-05
0.5345727318504736
sigma=6.080224261649427e-05
0.5362786614372819
sigma=6.555154234890919e-05
0.5458100508048022
sigma=7.067181273927492e-05
0.5404029729506067
sigma=7.619203052875614e-05
0.5364752267044193
sigma=8.214343584919422e-05
0.5322708625265793
sigma=8.855970901791447e-05
0.5265019697094883
sigma=9.547716114208066e-05
0.5268507520502284
sigma=0.00010293493961127168
0.4920943205379011
sigma=0.00011097524964120722
0.49050580005372596
sigma=0.00011964359312238502
0.46815041529528945
sigma=0.0001289890261253308
0.4767468860105374
sigma=0.0001390644365197383
0.45799863057211626
sigma=0.00014992684327860457
0.4428294379686705
sigma=0.00016163771916119475
0.4365438262704732
sigma=0.00017426333860096508
0.4294277356358952
sigma=0.00018787515276722067
0.4150045696535615
sigma=0.00020255019392306664
0.4098645987697566
sigma=0.00021837151136800043
0.410290314744886
sigma=0.00023542864143224178
0.40058332102267585
sigma=0.0002538181141826046
0.40228048478801376
sigma=0.0002736439997074672
0.4064485142547729
sigma=0.0002950184970723898
0.4059453730204395
sigma=0.0003180625692794119
0.3922666189803126
sigma=0.00034290662782340007
0.39927363554582157
sigma=0.0003696912707195028
0.3860169282600545
sigma=0.00039856807817837753
0.38740818676716243
sigma=0.0004297004704320844
0.39047481320402166
sigma=0.00046326463256527643
0.3989595748276226
sigma=0.000499450511585514
0.3757217530231049
sigma=0.0005384628913753371
0.3801355166265155
sigma=0.0005805225516094902
0.39411295417841946
sigma=0.0006258675171958727
0.3961740634312533
sigma=0.0006747544053110699
0.38434426064865035
sigma=0.0007274598776536371
0.38125532704614984
sigma=0.0007842822061337681
0.3845507136495173
sigma=0.0008455429608599194
0.38293682206958946
sigma=0.0009115888299750828
0.3821456494561891
sigma=0.0009827935816415728
0.3951223835993868
sigma=0.001059560179277616
0.3774338584099387
sigma=0.0011423230620163476
0.3919846127661798
sigma=0.0012315506032928262
0.37315593497682525
sigma=0.0013277477614727685
0.3886384893779265
sigma=0.0014314589375234801
0.3967040464095498
sigma=0.001543271055899177
0.38524469132410516
sigma=0.001663816886076129
0.38658766246743664
sigma=0.001793778623534895
0.38851683781580465
sigma=0.0019338917504552321
0.3968701909048716
sigma=0.0020849491979722254
0.38930986389691363
sigma=0.002247805833548725
0.3790107218743086
sigma=0.002423383298859157
0.3994157797957953
sigma=0.002612675225563329
0.3979042364646315
sigma=0.002816752858487498
0.3918855053625471
sigma=0.0030367711180354605
0.37338596078147024
sigma=0.0032739751361382215
0.3970999021463887
sigma=0.00352970730273065
0.3627646961087817
sigma=0.0038054148626326355
0.3829140442208981
sigma=0.004102658105827195
0.38934159645268274
sigma=0.004423119197486164
0.38395397937536585
sigma=0.004768611697714475
0.3849206589445334
sigma=0.0051410908248873686
0.3964986327610626
sigma=0.005542664520663107
0.38939067538115785
sigma=0.005975605379290428
0.3973657804829243
sigma=0.006442363508721377
0.3765070016747568
sigma=0.006945580396313452
0.3725202279651827
sigma=0.0074881038575900305
0.3857780318023535
sigma=0.008073004152657444
0.3884334289312587
sigma=0.008703591361485167
0.38260322457446055
sigma=0.009383434116379496
0.3857299676045801
sigma=0.01011637979766208
0.37524660593351
sigma=0.01090657630684497
0.39638242451532607
sigma=0.01175849554052157
0.39252123615171075
sigma=0.01267695869781724
0.38471775179901424
sigma=0.013667163564620072
0.39791910308033457
sigma=0.014734713928999454
0.39354453806124773
sigma=0.015885651294280545
0.39415171445706554
sigma=0.017126489069246062
0.38649437988503416
sigma=0.018464249428955443
0.3998583184181236
sigma=0.0199065030547846
0.4002313603771915
sigma=0.021461411978584057
0.387368206384419
sigma=0.023137775773420247
0.3862452219611844
sigma=0.024945081352303167
0.39457189347165406
sigma=0.026893556656722717
0.39409370000743044
sigma=0.02899422853882878
0.3974484817151236
sigma=0.031258985164823415
0.3889910816518656
sigma=0.033700643292719316
0.39803897377973246
sigma=0.03633302080520445
0.40257640384121257
sigma=0.039171014908092605
0.40009378191650796
sigma=0.0422306864369017
0.39053801510214103
sigma=0.045529350748669525
0.3807225374261772
sigma=0.04908567571338432
0.3869148547141671
sigma=0.052919787359584476
0.3988081033289182
sigma=0.05705338377199956
0.3996244395941134
sigma=0.06150985788580504
0.38592416696705845
sigma=0.0663144298724096
0.3887747607060036
sigma=0.07149428986597584
0.40459396520177393
sigma=0.07707875183839603
0.4000617647990108
sigma=0.08309941949353404
0.41066892132497984
sigma=0.08959036511956624
0.41259927414177255
sigma=0.09658832241158709
0.3977816826486095
sigma=0.10413289435570362
0.40624211391461423
sigma=0.11226677735108136
0.4100917204328131
sigma=0.12103600283829964
0.41583178499937135
sigma=0.13049019780144042
0.422168339146865
sigma=0.140682865618154
0.4068551323450132
sigma=0.1516716888470924
0.41666079720194954
sigma=0.16351885566624894
0.39923736477977284
sigma=0.1762914118095948
0.42361136131312005
sigma=0.19006163999369882
0.4188204406661804
sigma=0.20490746898158502
0.41747849336332715
sigma=0.2209129145988173
0.4351249885855232
sigma=0.23816855519761607
0.4246403617213565
sigma=0.2567720442597591
0.43613810512317863
sigma=0.27682866303920667
0.4552193581812482
sigma=0.2984519163719754
0.4364964251043322
sigma=0.3217641750250742
0.4367285791658208
sigma=0.34689736821970707
0.4523234271839925
sigma=0.3739937302478802
0.4597789727756182
sigma=0.40320660540767433
0.45105354414915
sigma=0.43470131581250265
0.459040955880152
sigma=0.46865609698547095
0.47467237529604894
sigma=0.505263106533568
0.4601455187945004
sigma=0.5447295116100166
0.4741178195939128
sigma=0.5872786613189489
0.48268286433609187
sigma=0.6331513506973245
0.49800512843360073
sigma=0.6826071834272393
0.5087314786648841
sigma=0.7359260409904984
0.4950698915030905
sigma=0.7934096665797492
0.5003583117945363
sigma=0.8553833727298659
0.5320477721504314
sigma=0.9221978823334341
0.5104561116151384
sigma=0.9942313134590756
0.5190313927837898
sigma=1.0718913192051287
0.5225667889438276
sigma=1.1556173946985666
0.5264723357004107
sigma=1.2458833642950082
0.5301935712438398
sigma=1.3432000630554168
0.5228813131963552
sigma=1.448118227674536
0.5208713730367592
sigma=1.5612316132215045
0.5230376331423217
sigma=1.6831803533309584
0.5410131948498644
sigma=1.8146545828606506
0.5529960316380431
sigma=1.9563983435170649
0.5285217687776631
sigma=2.109213794551798
0.531377817661847
sigma=2.273965752357932
0.5244249797028221
sigma=2.4515865846570435
0.520127674441233
sigma=2.643081486974108
0.5474980047200864
sigma=2.8495341712609874
0.5233873907450219
sigma=3.0721129988617593
0.5080882916927467
sigma=3.3120775925276664
0.5199245251897123
sigma=3.57078596490047
0.5201235240478406
sigma=3.8497022038059776
0.5124876052078784
sigma=4.150404757850481
0.5126171426065412
sigma=4.474595369210039
0.49898247846728344
sigma=4.824108704165374
0.508649119861944
sigma=5.200922735883646
0.5085806517598898
sigma=5.60716993820547
0.5035457875471602
sigma=6.045149353785448
0.5018130442480895
sigma=6.517339604882434
0.48777145760856117
sigma=7.026412920430313
0.49820798074734207
sigma=7.57525025877192
0.48209077863602057
sigma=8.166957611638585
0.474159989163341
sigma=8.804883581643464
0.4664877213064184
sigma=9.492638332763466
0.4800665434426276
sigma=10.234114021054548
0.4802690913672652
sigma=11.033506821222625
0.46998725404563313
sigma=11.895340673703208
0.45227319749635875
sigma=12.824492886639492
0.44862922129894556
sigma=13.826221737646565
0.4492991479885424
sigma=14.906196231566014
0.44804914544321217
sigma=16.070528182616417
0.4384810326092348
sigma=17.325806802500114
0.42084466952751143
sigma=18.679135990207847
0.42962882264500074
sigma=20.138174534552142
0.4213113368107252
sigma=21.711179456945054
0.42210490127451383
sigma=23.407052739706373
0.41299567090116795
sigma=25.23539170434771
0.40617832950701466
sigma=27.206543324935
0.40659065638984376
sigma=29.331662783900484
0.3896316428965262
sigma=31.622776601683793
0.3955028187944565
