sigma=0.001
0.4042550220366832
sigma=0.203010101010101
0.46052291224475306
sigma=0.405020202020202
0.5211023533575974
sigma=0.607030303030303
0.5260651890176552
sigma=0.809040404040404
0.5307128149738425
sigma=1.011050505050505
0.5189856345632256
sigma=1.213060606060606
0.5310335932553717
sigma=1.415070707070707
0.5115898571083025
sigma=1.617080808080808
0.5056286849664614
sigma=1.8190909090909089
0.49419229937595377
sigma=2.02110101010101
0.4932360284097915
sigma=2.223111111111111
0.4644824710594667
sigma=2.425121212121212
0.4890730692419437
sigma=2.6271313131313128
0.4913098711992842
sigma=2.829141414141414
0.48621754056975447
sigma=3.0311515151515147
0.4952713737819924
sigma=3.233161616161616
0.4856753791831789
sigma=3.435171717171717
0.4914409102436756
sigma=3.637181818181818
0.4978084240347508
sigma=3.839191919191919
0.4835122644957731
sigma=4.041202020202021
0.4790519181657551
sigma=4.243212121212121
0.4604467577529829
sigma=4.445222222222222
0.45761202012188307
sigma=4.647232323232323
0.46263797608013996
sigma=4.849242424242425
0.47408698407482336
sigma=5.051252525252526
0.47513148127501603
sigma=5.253262626262626
0.4705603245446345
sigma=5.455272727272727
0.45724368797419535
sigma=5.6572828282828285
0.4659103165480076
sigma=5.85929292929293
0.4641248855576796
sigma=6.06130303030303
0.4602454265676073
sigma=6.263313131313131
0.4585412869778385
sigma=6.465323232323232
0.469539857985949
sigma=6.667333333333334
0.42379945617415427
sigma=6.869343434343435
0.4407695227407588
sigma=7.071353535353535
0.4363673628311425
sigma=7.273363636363636
0.4311367673141465
sigma=7.4753737373737374
0.44788524748981723
sigma=7.677383838383839
0.44409931721479146
sigma=7.879393939393939
0.4403885302670301
sigma=8.08140404040404
0.44113101282129696
sigma=8.283414141414141
0.43795525941615193
sigma=8.48542424242424
0.43789912594841257
sigma=8.687434343434342
0.43426964546743074
sigma=8.889444444444443
0.4486144543039277
sigma=9.091454545454544
0.4284024686852197
sigma=9.293464646464646
0.4339149065934739
sigma=9.495474747474747
0.444204646483088
sigma=9.697484848484848
0.4504263935891717
sigma=9.89949494949495
0.4257373781888645
sigma=10.10150505050505
0.41523237535360485
sigma=10.30351515151515
0.43912414107354464
sigma=10.505525252525251
0.4573843150046125
sigma=10.707535353535352
0.415236928124141
sigma=10.909545454545453
0.4244218144603435
sigma=11.111555555555555
0.44174625583142263
sigma=11.313565656565656
0.43166057693188636
sigma=11.515575757575757
0.4243956743504991
sigma=11.717585858585858
0.4155792067878051
sigma=11.91959595959596
0.4279918640746133
sigma=12.121606060606059
0.4303174247418574
sigma=12.32361616161616
0.42715188404515364
sigma=12.525626262626261
0.42474704426671855
sigma=12.727636363636362
0.4143746577648627
sigma=12.929646464646463
0.44026881121622796
sigma=13.131656565656565
0.42575572756122976
sigma=13.333666666666666
0.4121076128205403
sigma=13.535676767676767
0.4252500300345451
sigma=13.737686868686868
0.41480277135033977
sigma=13.939696969696968
0.431585140246933
sigma=14.141707070707069
0.41706227923057415
sigma=14.34371717171717
0.4246615702575127
sigma=14.545727272727271
0.4257343627137595
sigma=14.747737373737372
0.40693043474146967
sigma=14.949747474747474
0.40815928298848697
sigma=15.151757575757575
0.4082066893522468
sigma=15.353767676767676
0.39924361049513274
sigma=15.555777777777777
0.4023659735073438
sigma=15.757787878787877
0.4076897438502759
sigma=15.959797979797978
0.4114986054637331
sigma=16.161808080808083
0.428821789057413
sigma=16.363818181818182
0.4245240866910831
sigma=16.565828282828285
0.4074968439086576
sigma=16.767838383838384
0.3952915086468822
sigma=16.969848484848484
0.40975119805362237
sigma=17.171858585858587
0.3971654217790035
sigma=17.373868686868686
0.4162950082677745
sigma=17.57587878787879
0.39486354375511346
sigma=17.77788888888889
0.3865453375786359
sigma=17.97989898989899
0.405519195863389
sigma=18.18190909090909
0.4167702308250455
sigma=18.383919191919194
0.399880976059674
sigma=18.585929292929293
0.3877727723382341
sigma=18.787939393939393
0.4009100813419731
sigma=18.989949494949496
0.39033364504751344
sigma=19.191959595959595
0.39990408463333227
sigma=19.393969696969698
0.3975544209950653
sigma=19.595979797979798
0.39760831877009506
sigma=19.7979898989899
0.41103628285366944
sigma=20.0
0.39810439167247275
