sigma=4.0
0.5046078251812719
sigma=4.206896551724138
0.5126065837495395
sigma=4.413793103448276
0.5205924319693869
sigma=4.620689655172414
0.5058898121967792
sigma=4.827586206896552
0.5240837245160638
sigma=5.0344827586206895
0.4872513307782306
sigma=5.241379310344827
0.4941061086440069
sigma=5.448275862068965
0.5227238717025317
sigma=5.655172413793103
0.4995769763759624
sigma=5.862068965517241
0.5119030358942067
sigma=6.068965517241379
0.47699674045946383
sigma=6.275862068965518
0.500640973115451
sigma=6.482758620689655
0.4855917255110921
sigma=6.689655172413794
0.47275960877714657
sigma=6.896551724137931
0.46251784497809545
sigma=7.103448275862069
0.48040293019000496
sigma=7.310344827586206
0.49651644204089573
sigma=7.517241379310345
0.49264673030087514
sigma=7.724137931034482
0.48321490270371426
sigma=7.931034482758621
0.47188003072347906
sigma=8.137931034482758
0.488669631177218
sigma=8.344827586206897
0.48698536921795066
sigma=8.551724137931036
0.474858721039397
sigma=8.758620689655173
0.48199366571742336
sigma=8.96551724137931
0.4684416206655568
sigma=9.172413793103448
0.4572389147634734
sigma=9.379310344827587
0.46364051393623223
sigma=9.586206896551724
0.4491149707092198
sigma=9.793103448275861
0.47334148836663487
sigma=10.0
0.4664138609516705
