sigma=2.5
0.4776835037923911
sigma=2.5517241379310347
0.471074680783462
sigma=2.603448275862069
0.48427558923628167
sigma=2.6551724137931036
0.46462295295863065
sigma=2.706896551724138
0.46200742953869056
sigma=2.7586206896551726
0.4607584192753535
sigma=2.810344827586207
0.475284916485134
sigma=2.8620689655172415
0.46295846222819276
sigma=2.913793103448276
0.46610470513586055
sigma=2.9655172413793105
0.4608990805120531
sigma=3.0172413793103448
0.4702127979782019
sigma=3.0689655172413794
0.4624332741677023
sigma=3.1206896551724137
0.4485128774338166
sigma=3.1724137931034484
0.4662142461808922
sigma=3.2241379310344827
0.4552589954542956
sigma=3.2758620689655173
0.4481246157780169
sigma=3.3275862068965516
0.46738269601366245
sigma=3.3793103448275863
0.4351561712406079
sigma=3.4310344827586206
0.4469646849093415
sigma=3.4827586206896552
0.4405235521465478
sigma=3.5344827586206895
0.44781321923785394
sigma=3.586206896551724
0.4337246257081868
sigma=3.637931034482759
0.44816365404107633
sigma=3.689655172413793
0.4394722957798679
sigma=3.7413793103448274
0.44577242957301044
sigma=3.793103448275862
0.4367996150677794
sigma=3.844827586206897
0.43691469086632395
sigma=3.896551724137931
0.4627691735479279
sigma=3.9482758620689653
0.4499600177398892
sigma=4.0
0.4118094328446382
